[0.049s] Invoking command in '/home/user/ros2_ws/build/robot_control': CMAKE_PREFIX_PATH=${CMAKE_PREFIX_PATH}:/home/user/ros2_ws/install/robot_python:/opt/ros/iron _=/usr/bin/env /usr/bin/cmake --build /home/user/ros2_ws/build/robot_control -- -j8 -l8
[0.487s] [ 50%] Built target listener
[0.488s] [100%] Built target publisher_member_function.cpp
[0.496s] Invoked command in '/home/user/ros2_ws/build/robot_control' returned '0': CMAKE_PREFIX_PATH=${CMAKE_PREFIX_PATH}:/home/user/ros2_ws/install/robot_python:/opt/ros/iron _=/usr/bin/env /usr/bin/cmake --build /home/user/ros2_ws/build/robot_control -- -j8 -l8
[0.659s] Invoking command in '/home/user/ros2_ws/build/robot_control': CMAKE_PREFIX_PATH=${CMAKE_PREFIX_PATH}:/home/user/ros2_ws/install/robot_python:/opt/ros/iron _=/usr/bin/env /usr/bin/cmake --install /home/user/ros2_ws/build/robot_control
[0.742s] -- Install configuration: ""
[0.743s] -- Up-to-date: /home/user/ros2_ws/install/robot_control/lib/robot_control/publisher_member_function.cpp
[0.743s] -- Up-to-date: /home/user/ros2_ws/install/robot_control/lib/robot_control/listener
[0.743s] -- Up-to-date: /home/user/ros2_ws/install/robot_control/share/ament_index/resource_index/package_run_dependencies/robot_control
[0.748s] -- Up-to-date: /home/user/ros2_ws/install/robot_control/share/ament_index/resource_index/parent_prefix_path/robot_control
[0.748s] -- Up-to-date: /home/user/ros2_ws/install/robot_control/share/robot_control/environment/ament_prefix_path.sh
[0.748s] -- Up-to-date: /home/user/ros2_ws/install/robot_control/share/robot_control/environment/ament_prefix_path.dsv
[0.749s] -- Up-to-date: /home/user/ros2_ws/install/robot_control/share/robot_control/environment/path.sh
[0.749s] -- Up-to-date: /home/user/ros2_ws/install/robot_control/share/robot_control/environment/path.dsv
[0.749s] -- Up-to-date: /home/user/ros2_ws/install/robot_control/share/robot_control/local_setup.bash
[0.749s] -- Up-to-date: /home/user/ros2_ws/install/robot_control/share/robot_control/local_setup.sh
[0.749s] -- Up-to-date: /home/user/ros2_ws/install/robot_control/share/robot_control/local_setup.zsh
[0.749s] -- Up-to-date: /home/user/ros2_ws/install/robot_control/share/robot_control/local_setup.dsv
[0.750s] -- Installing: /home/user/ros2_ws/install/robot_control/share/robot_control/package.dsv
[0.750s] -- Up-to-date: /home/user/ros2_ws/install/robot_control/share/ament_index/resource_index/packages/robot_control
[0.751s] -- Up-to-date: /home/user/ros2_ws/install/robot_control/share/robot_control/cmake/robot_controlConfig.cmake
[0.751s] -- Up-to-date: /home/user/ros2_ws/install/robot_control/share/robot_control/cmake/robot_controlConfig-version.cmake
[0.752s] -- Up-to-date: /home/user/ros2_ws/install/robot_control/share/robot_control/package.xml
[0.752s] Invoked command in '/home/user/ros2_ws/build/robot_control' returned '0': CMAKE_PREFIX_PATH=${CMAKE_PREFIX_PATH}:/home/user/ros2_ws/install/robot_python:/opt/ros/iron _=/usr/bin/env /usr/bin/cmake --install /home/user/ros2_ws/build/robot_control
