/home/user/ros2_ws/install/robot_python/lib/python3.10/site-packages/robot_python/my_service.py
/home/user/ros2_ws/install/robot_python/lib/python3.10/site-packages/robot_python/my_subtest.py
/home/user/ros2_ws/install/robot_python/lib/python3.10/site-packages/robot_python/turtlesim_go.py
/home/user/ros2_ws/install/robot_python/lib/python3.10/site-packages/robot_python/my_subscriber.py
/home/user/ros2_ws/install/robot_python/lib/python3.10/site-packages/robot_python/__init__.py
/home/user/ros2_ws/install/robot_python/lib/python3.10/site-packages/robot_python/my_first_node.py
/home/user/ros2_ws/install/robot_python/lib/python3.10/site-packages/robot_python/my_publisher.py
/home/user/ros2_ws/install/robot_python/lib/python3.10/site-packages/robot_python/__pycache__/my_service.cpython-310.pyc
/home/user/ros2_ws/install/robot_python/lib/python3.10/site-packages/robot_python/__pycache__/my_subtest.cpython-310.pyc
/home/user/ros2_ws/install/robot_python/lib/python3.10/site-packages/robot_python/__pycache__/turtlesim_go.cpython-310.pyc
/home/user/ros2_ws/install/robot_python/lib/python3.10/site-packages/robot_python/__pycache__/my_subscriber.cpython-310.pyc
/home/user/ros2_ws/install/robot_python/lib/python3.10/site-packages/robot_python/__pycache__/__init__.cpython-310.pyc
/home/user/ros2_ws/install/robot_python/lib/python3.10/site-packages/robot_python/__pycache__/my_first_node.cpython-310.pyc
/home/user/ros2_ws/install/robot_python/lib/python3.10/site-packages/robot_python/__pycache__/my_publisher.cpython-310.pyc
/home/user/ros2_ws/install/robot_python/share/ament_index/resource_index/packages/robot_python
/home/user/ros2_ws/install/robot_python/share/robot_python/package.xml
/home/user/ros2_ws/install/robot_python/share/robot_python/robot_python.launch.py
/home/user/ros2_ws/install/robot_python/lib/python3.10/site-packages/robot_python-0.0.0-py3.10.egg-info/PKG-INFO
/home/user/ros2_ws/install/robot_python/lib/python3.10/site-packages/robot_python-0.0.0-py3.10.egg-info/zip-safe
/home/user/ros2_ws/install/robot_python/lib/python3.10/site-packages/robot_python-0.0.0-py3.10.egg-info/top_level.txt
/home/user/ros2_ws/install/robot_python/lib/python3.10/site-packages/robot_python-0.0.0-py3.10.egg-info/requires.txt
/home/user/ros2_ws/install/robot_python/lib/python3.10/site-packages/robot_python-0.0.0-py3.10.egg-info/entry_points.txt
/home/user/ros2_ws/install/robot_python/lib/python3.10/site-packages/robot_python-0.0.0-py3.10.egg-info/SOURCES.txt
/home/user/ros2_ws/install/robot_python/lib/python3.10/site-packages/robot_python-0.0.0-py3.10.egg-info/dependency_links.txt
/home/user/ros2_ws/install/robot_python/lib/robot_python/my_publisher
/home/user/ros2_ws/install/robot_python/lib/robot_python/my_service
/home/user/ros2_ws/install/robot_python/lib/robot_python/my_subscriber
/home/user/ros2_ws/install/robot_python/lib/robot_python/my_subtest
/home/user/ros2_ws/install/robot_python/lib/robot_python/test_node
/home/user/ros2_ws/install/robot_python/lib/robot_python/turtlesim_go
