[2.391s] Invoking command in '/home/user/ros2_ws/src/robot_python': PYTHONPATH=/home/user/ros2_ws/build/robot_python/prefix_override:/home/user/ros2_ws/install/robot_python/lib/python3.10/site-packages:${PYTHONPATH} _=/usr/bin/env /usr/bin/python3 setup.py egg_info --egg-base ../../build/robot_python build --build-base /home/user/ros2_ws/build/robot_python/build install --record /home/user/ros2_ws/build/robot_python/install.log --single-version-externally-managed
[2.871s] running egg_info
[2.872s] writing ../../build/robot_python/robot_python.egg-info/PKG-INFO
[2.873s] writing dependency_links to ../../build/robot_python/robot_python.egg-info/dependency_links.txt
[2.874s] writing entry points to ../../build/robot_python/robot_python.egg-info/entry_points.txt
[2.874s] writing requirements to ../../build/robot_python/robot_python.egg-info/requires.txt
[2.874s] writing top-level names to ../../build/robot_python/robot_python.egg-info/top_level.txt
[2.878s] reading manifest file '../../build/robot_python/robot_python.egg-info/SOURCES.txt'
[2.879s] writing manifest file '../../build/robot_python/robot_python.egg-info/SOURCES.txt'
[2.880s] running build
[2.880s] running build_py
[2.880s] copying robot_python/turtlesim_go.py -> /home/user/ros2_ws/build/robot_python/build/lib/robot_python
[2.881s] running install
[2.881s] /usr/lib/python3/dist-packages/setuptools/command/install.py:34: SetuptoolsDeprecationWarning: setup.py install is deprecated. Use build and pip and other standards-based tools.
[2.881s]   warnings.warn(
[2.882s] running install_lib
[2.883s] copying /home/user/ros2_ws/build/robot_python/build/lib/robot_python/turtlesim_go.py -> /home/user/ros2_ws/install/robot_python/lib/python3.10/site-packages/robot_python
[2.884s] byte-compiling /home/user/ros2_ws/install/robot_python/lib/python3.10/site-packages/robot_python/turtlesim_go.py to turtlesim_go.cpython-310.pyc
[2.886s] running install_data
[2.887s] running install_egg_info
[2.890s] removing '/home/user/ros2_ws/install/robot_python/lib/python3.10/site-packages/robot_python-0.0.0-py3.10.egg-info' (and everything under it)
[2.891s] Copying ../../build/robot_python/robot_python.egg-info to /home/user/ros2_ws/install/robot_python/lib/python3.10/site-packages/robot_python-0.0.0-py3.10.egg-info
[2.892s] running install_scripts
[2.923s] Installing my_publisher script to /home/user/ros2_ws/install/robot_python/lib/robot_python
[2.924s] Installing my_service script to /home/user/ros2_ws/install/robot_python/lib/robot_python
[2.924s] Installing my_subscriber script to /home/user/ros2_ws/install/robot_python/lib/robot_python
[2.924s] Installing my_subtest script to /home/user/ros2_ws/install/robot_python/lib/robot_python
[2.924s] Installing test_node script to /home/user/ros2_ws/install/robot_python/lib/robot_python
[2.925s] Installing turtlesim_go script to /home/user/ros2_ws/install/robot_python/lib/robot_python
[2.925s] writing list of installed files to '/home/user/ros2_ws/build/robot_python/install.log'
[2.965s] Invoked command in '/home/user/ros2_ws/src/robot_python' returned '0': PYTHONPATH=/home/user/ros2_ws/build/robot_python/prefix_override:/home/user/ros2_ws/install/robot_python/lib/python3.10/site-packages:${PYTHONPATH} _=/usr/bin/env /usr/bin/python3 setup.py egg_info --egg-base ../../build/robot_python build --build-base /home/user/ros2_ws/build/robot_python/build install --record /home/user/ros2_ws/build/robot_python/install.log --single-version-externally-managed
