[2.177s] Invoking command in '/home/user/ros2_ws/src/robot_python': PYTHONPATH=/home/user/ros2_ws/build/robot_python/prefix_override:/home/user/ros2_ws/install/robot_python/lib/python3.10/site-packages:${PYTHONPATH} _=/usr/bin/env /usr/bin/python3 setup.py egg_info --egg-base ../../build/robot_python build --build-base /home/user/ros2_ws/build/robot_python/build install --record /home/user/ros2_ws/build/robot_python/install.log --single-version-externally-managed
[2.674s] running egg_info
[2.675s] writing ../../build/robot_python/robot_python.egg-info/PKG-INFO
[2.676s] writing dependency_links to ../../build/robot_python/robot_python.egg-info/dependency_links.txt
[2.676s] writing entry points to ../../build/robot_python/robot_python.egg-info/entry_points.txt
[2.676s] writing requirements to ../../build/robot_python/robot_python.egg-info/requires.txt
[2.676s] writing top-level names to ../../build/robot_python/robot_python.egg-info/top_level.txt
[2.679s] reading manifest file '../../build/robot_python/robot_python.egg-info/SOURCES.txt'
[2.680s] writing manifest file '../../build/robot_python/robot_python.egg-info/SOURCES.txt'
[2.680s] running build
[2.680s] running build_py
[2.681s] running install
[2.681s] /usr/lib/python3/dist-packages/setuptools/command/install.py:34: SetuptoolsDeprecationWarning: setup.py install is deprecated. Use build and pip and other standards-based tools.
[2.682s]   warnings.warn(
[2.682s] running install_lib
[2.683s] running install_data
[2.684s] running install_egg_info
[2.686s] removing '/home/user/ros2_ws/install/robot_python/lib/python3.10/site-packages/robot_python-0.0.0-py3.10.egg-info' (and everything under it)
[2.687s] Copying ../../build/robot_python/robot_python.egg-info to /home/user/ros2_ws/install/robot_python/lib/python3.10/site-packages/robot_python-0.0.0-py3.10.egg-info
[2.689s] running install_scripts
[2.716s] Installing my_publisher script to /home/user/ros2_ws/install/robot_python/lib/robot_python
[2.716s] Installing my_subscriber script to /home/user/ros2_ws/install/robot_python/lib/robot_python
[2.717s] Installing test_node script to /home/user/ros2_ws/install/robot_python/lib/robot_python
[2.717s] writing list of installed files to '/home/user/ros2_ws/build/robot_python/install.log'
[2.752s] Invoked command in '/home/user/ros2_ws/src/robot_python' returned '0': PYTHONPATH=/home/user/ros2_ws/build/robot_python/prefix_override:/home/user/ros2_ws/install/robot_python/lib/python3.10/site-packages:${PYTHONPATH} _=/usr/bin/env /usr/bin/python3 setup.py egg_info --egg-base ../../build/robot_python build --build-base /home/user/ros2_ws/build/robot_python/build install --record /home/user/ros2_ws/build/robot_python/install.log --single-version-externally-managed
