[0.174s] Invoking command in '/home/user/ros2_ws/build/my_interface': CMAKE_PREFIX_PATH=${CMAKE_PREFIX_PATH}:/home/user/ros2_ws/install/robot_python:/opt/ros/iron _=/usr/bin/env /usr/bin/cmake --build /home/user/ros2_ws/build/my_interface -- -j8 -l8
[3.906s] [  2%] [34m[1mGenerating type hashes for ROS interfaces[0m
[3.918s] [  2%] Built target ament_cmake_python_copy_my_interface
[4.727s] Traceback (most recent call last):
[4.727s]   File "/opt/ros/iron/lib/rosidl_generator_type_description/rosidl_generator_type_description", line 50, in <module>
[4.727s]     sys.exit(main())
[4.728s]   File "/opt/ros/iron/lib/rosidl_generator_type_description/rosidl_generator_type_description", line 46, in main
[4.728s]     generate_type_hash(args.generator_arguments_file)
[4.728s]   File "/opt/ros/iron/lib/python3.10/site-packages/rosidl_generator_type_description/__init__.py", line 160, in generate_type_hash
[4.728s]     pkg_dir = include_map[pkg]
[4.728s] KeyError: 'geometry_msgs'
[4.742s] gmake[2]: *** [CMakeFiles/my_interface__rosidl_generator_type_description.dir/build.make:75: rosidl_generator_type_description/my_interface/msg/Targetcoordinate.json] Error 1
[4.799s] gmake[1]: *** [CMakeFiles/Makefile2:215: CMakeFiles/my_interface__rosidl_generator_type_description.dir/all] Error 2
[4.799s] gmake[1]: *** Waiting for unfinished jobs....
[5.122s] running egg_info
[5.126s] writing my_interface.egg-info/PKG-INFO
[5.127s] writing dependency_links to my_interface.egg-info/dependency_links.txt
[5.127s] writing top-level names to my_interface.egg-info/top_level.txt
[5.127s] reading manifest file 'my_interface.egg-info/SOURCES.txt'
[5.127s] writing manifest file 'my_interface.egg-info/SOURCES.txt'
[5.231s] [  2%] Built target ament_cmake_python_build_my_interface_egg
[5.232s] gmake: *** [Makefile:146: all] Error 2
[5.234s] Invoked command in '/home/user/ros2_ws/build/my_interface' returned '2': CMAKE_PREFIX_PATH=${CMAKE_PREFIX_PATH}:/home/user/ros2_ws/install/robot_python:/opt/ros/iron _=/usr/bin/env /usr/bin/cmake --build /home/user/ros2_ws/build/my_interface -- -j8 -l8
