[0.062s] Invoking command in '/home/user/ros2_ws/build/robot_control': CMAKE_PREFIX_PATH=${CMAKE_PREFIX_PATH}:/home/user/ros2_ws/install/robot_python:/opt/ros/iron _=/usr/bin/env /usr/bin/cmake --build /home/user/ros2_ws/build/robot_control -- -j8 -l8
[0.859s] [ 50%] Built target listener
[0.860s] [100%] Built target publisher_member_function.cpp
[0.873s] Invoked command in '/home/user/ros2_ws/build/robot_control' returned '0': CMAKE_PREFIX_PATH=${CMAKE_PREFIX_PATH}:/home/user/ros2_ws/install/robot_python:/opt/ros/iron _=/usr/bin/env /usr/bin/cmake --build /home/user/ros2_ws/build/robot_control -- -j8 -l8
[1.249s] Invoking command in '/home/user/ros2_ws/build/robot_control': CMAKE_PREFIX_PATH=${CMAKE_PREFIX_PATH}:/home/user/ros2_ws/install/robot_python:/opt/ros/iron _=/usr/bin/env /usr/bin/cmake --install /home/user/ros2_ws/build/robot_control
[1.261s] -- Install configuration: ""
[1.261s] -- Up-to-date: /home/user/ros2_ws/install/robot_control/lib/robot_control/publisher_member_function.cpp
[1.261s] -- Up-to-date: /home/user/ros2_ws/install/robot_control/lib/robot_control/listener
[1.262s] -- Up-to-date: /home/user/ros2_ws/install/robot_control/share/ament_index/resource_index/package_run_dependencies/robot_control
[1.262s] -- Up-to-date: /home/user/ros2_ws/install/robot_control/share/ament_index/resource_index/parent_prefix_path/robot_control
[1.264s] -- Up-to-date: /home/user/ros2_ws/install/robot_control/share/robot_control/environment/ament_prefix_path.sh
[1.264s] -- Up-to-date: /home/user/ros2_ws/install/robot_control/share/robot_control/environment/ament_prefix_path.dsv
[1.266s] -- Up-to-date: /home/user/ros2_ws/install/robot_control/share/robot_control/environment/path.sh
[1.267s] -- Up-to-date: /home/user/ros2_ws/install/robot_control/share/robot_control/environment/path.dsv
[1.267s] -- Up-to-date: /home/user/ros2_ws/install/robot_control/share/robot_control/local_setup.bash
[1.267s] -- Up-to-date: /home/user/ros2_ws/install/robot_control/share/robot_control/local_setup.sh
[1.268s] -- Up-to-date: /home/user/ros2_ws/install/robot_control/share/robot_control/local_setup.zsh
[1.269s] -- Up-to-date: /home/user/ros2_ws/install/robot_control/share/robot_control/local_setup.dsv
[1.269s] -- Installing: /home/user/ros2_ws/install/robot_control/share/robot_control/package.dsv
[1.269s] -- Up-to-date: /home/user/ros2_ws/install/robot_control/share/ament_index/resource_index/packages/robot_control
[1.270s] -- Up-to-date: /home/user/ros2_ws/install/robot_control/share/robot_control/cmake/robot_controlConfig.cmake
[1.270s] -- Up-to-date: /home/user/ros2_ws/install/robot_control/share/robot_control/cmake/robot_controlConfig-version.cmake
[1.270s] -- Up-to-date: /home/user/ros2_ws/install/robot_control/share/robot_control/package.xml
[1.270s] Invoked command in '/home/user/ros2_ws/build/robot_control' returned '0': CMAKE_PREFIX_PATH=${CMAKE_PREFIX_PATH}:/home/user/ros2_ws/install/robot_python:/opt/ros/iron _=/usr/bin/env /usr/bin/cmake --install /home/user/ros2_ws/build/robot_control
