[0.059s] Invoking command in '/home/user/ros2_ws/build/navigation_tb3': CMAKE_PREFIX_PATH=${CMAKE_PREFIX_PATH}:/home/user/ros2_ws/install/robot_python:/opt/ros/iron _=/usr/bin/env /usr/bin/cmake --build /home/user/ros2_ws/build/navigation_tb3 -- -j8 -l8
[0.516s] [100%] Built target pub_occupancy_grid
[0.517s] [100%] Built target ament_cmake_python_copy_navigation_tb3
[0.574s] running egg_info
[0.575s] writing navigation_tb3.egg-info/PKG-INFO
[0.576s] writing dependency_links to navigation_tb3.egg-info/dependency_links.txt
[0.577s] writing top-level names to navigation_tb3.egg-info/top_level.txt
[0.579s] reading manifest file 'navigation_tb3.egg-info/SOURCES.txt'
[0.580s] writing manifest file 'navigation_tb3.egg-info/SOURCES.txt'
[0.680s] [100%] Built target ament_cmake_python_build_navigation_tb3_egg
[0.773s] Invoked command in '/home/user/ros2_ws/build/navigation_tb3' returned '0': CMAKE_PREFIX_PATH=${CMAKE_PREFIX_PATH}:/home/user/ros2_ws/install/robot_python:/opt/ros/iron _=/usr/bin/env /usr/bin/cmake --build /home/user/ros2_ws/build/navigation_tb3 -- -j8 -l8
[0.895s] Invoking command in '/home/user/ros2_ws/build/navigation_tb3': CMAKE_PREFIX_PATH=${CMAKE_PREFIX_PATH}:/home/user/ros2_ws/install/robot_python:/opt/ros/iron _=/usr/bin/env /usr/bin/cmake --install /home/user/ros2_ws/build/navigation_tb3
[0.904s] -- Install configuration: ""
[0.905s] -- Up-to-date: /home/user/ros2_ws/install/navigation_tb3/lib/navigation_tb3/pub_occupancy_grid
[0.905s] -- Up-to-date: /home/user/ros2_ws/install/navigation_tb3/share/navigation_tb3/launch
[0.906s] -- Up-to-date: /home/user/ros2_ws/install/navigation_tb3/share/navigation_tb3/launch/mapping2.launch.py
[0.906s] -- Up-to-date: /home/user/ros2_ws/install/navigation_tb3/share/navigation_tb3/launch/navigation.launch.py
[0.906s] -- Up-to-date: /home/user/ros2_ws/install/navigation_tb3/share/navigation_tb3/launch/navigation2.launch.py
[0.962s] -- Up-to-date: /home/user/ros2_ws/install/navigation_tb3/share/navigation_tb3/launch/mapping.launch.py
[0.962s] -- Up-to-date: /home/user/ros2_ws/install/navigation_tb3/share/navigation_tb3/config
[0.962s] -- Up-to-date: /home/user/ros2_ws/install/navigation_tb3/share/navigation_tb3/config/tb3_map.pgm
[0.963s] -- Up-to-date: /home/user/ros2_ws/install/navigation_tb3/share/navigation_tb3/config/test.yaml
[0.963s] -- Up-to-date: /home/user/ros2_ws/install/navigation_tb3/share/navigation_tb3/config/navigation.rviz
[0.963s] -- Up-to-date: /home/user/ros2_ws/install/navigation_tb3/share/navigation_tb3/config/mapping.rviz
[0.964s] -- Up-to-date: /home/user/ros2_ws/install/navigation_tb3/share/navigation_tb3/config/test.pgm
[0.964s] -- Up-to-date: /home/user/ros2_ws/install/navigation_tb3/share/navigation_tb3/config/tb3_nav2_params.yaml
[0.964s] -- Up-to-date: /home/user/ros2_ws/install/navigation_tb3/share/navigation_tb3/config/tb3_map.yaml
[0.964s] -- Up-to-date: /home/user/ros2_ws/install/navigation_tb3/share/navigation_tb3/config/turtlebot3_lds_2d.lua
[0.964s] -- Up-to-date: /home/user/ros2_ws/install/navigation_tb3/share/navigation_tb3/config/mapping2.rviz
[0.965s] -- Up-to-date: /home/user/ros2_ws/install/navigation_tb3/share/navigation_tb3/environment/pythonpath.sh
[0.965s] -- Up-to-date: /home/user/ros2_ws/install/navigation_tb3/share/navigation_tb3/environment/pythonpath.dsv
[0.965s] -- Up-to-date: /home/user/ros2_ws/install/navigation_tb3/lib/python3.10/site-packages/navigation_tb3-0.0.0-py3.10.egg-info
[0.966s] -- Installing: /home/user/ros2_ws/install/navigation_tb3/lib/python3.10/site-packages/navigation_tb3-0.0.0-py3.10.egg-info/PKG-INFO
[0.966s] -- Installing: /home/user/ros2_ws/install/navigation_tb3/lib/python3.10/site-packages/navigation_tb3-0.0.0-py3.10.egg-info/top_level.txt
[0.966s] -- Installing: /home/user/ros2_ws/install/navigation_tb3/lib/python3.10/site-packages/navigation_tb3-0.0.0-py3.10.egg-info/SOURCES.txt
[0.966s] -- Installing: /home/user/ros2_ws/install/navigation_tb3/lib/python3.10/site-packages/navigation_tb3-0.0.0-py3.10.egg-info/dependency_links.txt
[0.967s] -- Up-to-date: /home/user/ros2_ws/install/navigation_tb3/lib/python3.10/site-packages/navigation_tb3
[0.967s] -- Up-to-date: /home/user/ros2_ws/install/navigation_tb3/lib/python3.10/site-packages/navigation_tb3/__init__.py
[1.062s] Listing '/home/user/ros2_ws/install/navigation_tb3/lib/python3.10/site-packages/navigation_tb3'...
[1.067s] -- Up-to-date: /home/user/ros2_ws/install/navigation_tb3/lib/navigation_tb3/single_goal_nav.py
[1.067s] -- Up-to-date: /home/user/ros2_ws/install/navigation_tb3/lib/navigation_tb3/multi_waypoints.py
[1.067s] -- Up-to-date: /home/user/ros2_ws/install/navigation_tb3/share/ament_index/resource_index/package_run_dependencies/navigation_tb3
[1.067s] -- Up-to-date: /home/user/ros2_ws/install/navigation_tb3/share/ament_index/resource_index/parent_prefix_path/navigation_tb3
[1.067s] -- Up-to-date: /home/user/ros2_ws/install/navigation_tb3/share/navigation_tb3/environment/ament_prefix_path.sh
[1.067s] -- Up-to-date: /home/user/ros2_ws/install/navigation_tb3/share/navigation_tb3/environment/ament_prefix_path.dsv
[1.067s] -- Up-to-date: /home/user/ros2_ws/install/navigation_tb3/share/navigation_tb3/environment/path.sh
[1.068s] -- Up-to-date: /home/user/ros2_ws/install/navigation_tb3/share/navigation_tb3/environment/path.dsv
[1.068s] -- Up-to-date: /home/user/ros2_ws/install/navigation_tb3/share/navigation_tb3/local_setup.bash
[1.071s] -- Up-to-date: /home/user/ros2_ws/install/navigation_tb3/share/navigation_tb3/local_setup.sh
[1.072s] -- Up-to-date: /home/user/ros2_ws/install/navigation_tb3/share/navigation_tb3/local_setup.zsh
[1.072s] -- Up-to-date: /home/user/ros2_ws/install/navigation_tb3/share/navigation_tb3/local_setup.dsv
[1.073s] -- Installing: /home/user/ros2_ws/install/navigation_tb3/share/navigation_tb3/package.dsv
[1.073s] -- Up-to-date: /home/user/ros2_ws/install/navigation_tb3/share/ament_index/resource_index/packages/navigation_tb3
[1.073s] -- Up-to-date: /home/user/ros2_ws/install/navigation_tb3/share/navigation_tb3/cmake/navigation_tb3Config.cmake
[1.074s] -- Up-to-date: /home/user/ros2_ws/install/navigation_tb3/share/navigation_tb3/cmake/navigation_tb3Config-version.cmake
[1.074s] -- Up-to-date: /home/user/ros2_ws/install/navigation_tb3/share/navigation_tb3/package.xml
[1.074s] Invoked command in '/home/user/ros2_ws/build/navigation_tb3' returned '0': CMAKE_PREFIX_PATH=${CMAKE_PREFIX_PATH}:/home/user/ros2_ws/install/robot_python:/opt/ros/iron _=/usr/bin/env /usr/bin/cmake --install /home/user/ros2_ws/build/navigation_tb3
