[1.995s] Invoking command in '/home/user/ros2_ws/src/robot_python': PYTHONPATH=/home/user/ros2_ws/build/robot_python/prefix_override:/home/user/ros2_ws/install/robot_python/lib/python3.10/site-packages:${PYTHONPATH} _=/usr/bin/env /usr/bin/python3 setup.py egg_info --egg-base ../../build/robot_python build --build-base /home/user/ros2_ws/build/robot_python/build install --record /home/user/ros2_ws/build/robot_python/install.log --single-version-externally-managed
[2.386s] running egg_info
[2.387s] writing ../../build/robot_python/robot_python.egg-info/PKG-INFO
[2.387s] writing dependency_links to ../../build/robot_python/robot_python.egg-info/dependency_links.txt
[2.388s] writing entry points to ../../build/robot_python/robot_python.egg-info/entry_points.txt
[2.388s] writing requirements to ../../build/robot_python/robot_python.egg-info/requires.txt
[2.388s] writing top-level names to ../../build/robot_python/robot_python.egg-info/top_level.txt
[2.390s] reading manifest file '../../build/robot_python/robot_python.egg-info/SOURCES.txt'
[2.391s] writing manifest file '../../build/robot_python/robot_python.egg-info/SOURCES.txt'
[2.391s] running build
[2.391s] running build_py
[2.392s] copying robot_python/my_subtest.py -> /home/user/ros2_ws/build/robot_python/build/lib/robot_python
[2.392s] running install
[2.392s] /usr/lib/python3/dist-packages/setuptools/command/install.py:34: SetuptoolsDeprecationWarning: setup.py install is deprecated. Use build and pip and other standards-based tools.
[2.392s]   warnings.warn(
[2.393s] running install_lib
[2.394s] copying /home/user/ros2_ws/build/robot_python/build/lib/robot_python/my_subtest.py -> /home/user/ros2_ws/install/robot_python/lib/python3.10/site-packages/robot_python
[2.395s] byte-compiling /home/user/ros2_ws/install/robot_python/lib/python3.10/site-packages/robot_python/my_subtest.py to my_subtest.cpython-310.pyc
[2.395s] running install_data
[2.396s] running install_egg_info
[2.398s] removing '/home/user/ros2_ws/install/robot_python/lib/python3.10/site-packages/robot_python-0.0.0-py3.10.egg-info' (and everything under it)
[2.398s] Copying ../../build/robot_python/robot_python.egg-info to /home/user/ros2_ws/install/robot_python/lib/python3.10/site-packages/robot_python-0.0.0-py3.10.egg-info
[2.399s] running install_scripts
[2.424s] Installing my_publisher script to /home/user/ros2_ws/install/robot_python/lib/robot_python
[2.424s] Installing my_service script to /home/user/ros2_ws/install/robot_python/lib/robot_python
[2.424s] Installing my_subscriber script to /home/user/ros2_ws/install/robot_python/lib/robot_python
[2.425s] Installing my_subtest script to /home/user/ros2_ws/install/robot_python/lib/robot_python
[2.425s] Installing test_node script to /home/user/ros2_ws/install/robot_python/lib/robot_python
[2.425s] writing list of installed files to '/home/user/ros2_ws/build/robot_python/install.log'
[2.453s] Invoked command in '/home/user/ros2_ws/src/robot_python' returned '0': PYTHONPATH=/home/user/ros2_ws/build/robot_python/prefix_override:/home/user/ros2_ws/install/robot_python/lib/python3.10/site-packages:${PYTHONPATH} _=/usr/bin/env /usr/bin/python3 setup.py egg_info --egg-base ../../build/robot_python build --build-base /home/user/ros2_ws/build/robot_python/build install --record /home/user/ros2_ws/build/robot_python/install.log --single-version-externally-managed
