[2.159s] Invoking command in '/home/user/ros2_ws/src/robot_python': PYTHONPATH=/home/user/ros2_ws/build/robot_python/prefix_override:/home/user/ros2_ws/install/robot_python/lib/python3.10/site-packages:${PYTHONPATH} _=/usr/bin/env /usr/bin/python3 setup.py egg_info --egg-base ../../build/robot_python build --build-base /home/user/ros2_ws/build/robot_python/build install --record /home/user/ros2_ws/build/robot_python/install.log --single-version-externally-managed
[2.594s] running egg_info
[2.595s] writing ../../build/robot_python/robot_python.egg-info/PKG-INFO
[2.595s] writing dependency_links to ../../build/robot_python/robot_python.egg-info/dependency_links.txt
[2.596s] writing entry points to ../../build/robot_python/robot_python.egg-info/entry_points.txt
[2.596s] writing requirements to ../../build/robot_python/robot_python.egg-info/requires.txt
[2.596s] writing top-level names to ../../build/robot_python/robot_python.egg-info/top_level.txt
[2.598s] reading manifest file '../../build/robot_python/robot_python.egg-info/SOURCES.txt'
[2.599s] writing manifest file '../../build/robot_python/robot_python.egg-info/SOURCES.txt'
[2.599s] running build
[2.600s] running build_py
[2.600s] copying robot_python/my_subtest.py -> /home/user/ros2_ws/build/robot_python/build/lib/robot_python
[2.600s] running install
[2.600s] /usr/lib/python3/dist-packages/setuptools/command/install.py:34: SetuptoolsDeprecationWarning: setup.py install is deprecated. Use build and pip and other standards-based tools.
[2.600s]   warnings.warn(
[2.601s] running install_lib
[2.601s] copying /home/user/ros2_ws/build/robot_python/build/lib/robot_python/my_subtest.py -> /home/user/ros2_ws/install/robot_python/lib/python3.10/site-packages/robot_python
[2.602s] byte-compiling /home/user/ros2_ws/install/robot_python/lib/python3.10/site-packages/robot_python/my_subtest.py to my_subtest.cpython-310.pyc
[2.603s] running install_data
[2.604s] running install_egg_info
[2.605s] removing '/home/user/ros2_ws/install/robot_python/lib/python3.10/site-packages/robot_python-0.0.0-py3.10.egg-info' (and everything under it)
[2.606s] Copying ../../build/robot_python/robot_python.egg-info to /home/user/ros2_ws/install/robot_python/lib/python3.10/site-packages/robot_python-0.0.0-py3.10.egg-info
[2.607s] running install_scripts
[2.632s] Installing my_publisher script to /home/user/ros2_ws/install/robot_python/lib/robot_python
[2.632s] Installing my_service script to /home/user/ros2_ws/install/robot_python/lib/robot_python
[2.633s] Installing my_subscriber script to /home/user/ros2_ws/install/robot_python/lib/robot_python
[2.633s] Installing my_subtest script to /home/user/ros2_ws/install/robot_python/lib/robot_python
[2.633s] Installing test_node script to /home/user/ros2_ws/install/robot_python/lib/robot_python
[2.634s] writing list of installed files to '/home/user/ros2_ws/build/robot_python/install.log'
[2.662s] Invoked command in '/home/user/ros2_ws/src/robot_python' returned '0': PYTHONPATH=/home/user/ros2_ws/build/robot_python/prefix_override:/home/user/ros2_ws/install/robot_python/lib/python3.10/site-packages:${PYTHONPATH} _=/usr/bin/env /usr/bin/python3 setup.py egg_info --egg-base ../../build/robot_python build --build-base /home/user/ros2_ws/build/robot_python/build install --record /home/user/ros2_ws/build/robot_python/install.log --single-version-externally-managed
