[0.088s] Invoking command in '/home/user/ros2_ws/build/navigation_tb3': CMAKE_PREFIX_PATH=${CMAKE_PREFIX_PATH}:/home/user/ros2_ws/install/robot_python:/opt/ros/iron _=/usr/bin/env /usr/bin/cmake --build /home/user/ros2_ws/build/navigation_tb3 -- -j8 -l8
[1.229s] [100%] Built target pub_occupancy_grid
[1.229s] [100%] Built target ament_cmake_python_copy_navigation_tb3
[1.246s] running egg_info
[1.247s] writing navigation_tb3.egg-info/PKG-INFO
[1.247s] writing dependency_links to navigation_tb3.egg-info/dependency_links.txt
[1.248s] writing top-level names to navigation_tb3.egg-info/top_level.txt
[1.251s] reading manifest file 'navigation_tb3.egg-info/SOURCES.txt'
[1.252s] writing manifest file 'navigation_tb3.egg-info/SOURCES.txt'
[1.346s] [100%] Built target ament_cmake_python_build_navigation_tb3_egg
[1.420s] Invoked command in '/home/user/ros2_ws/build/navigation_tb3' returned '0': CMAKE_PREFIX_PATH=${CMAKE_PREFIX_PATH}:/home/user/ros2_ws/install/robot_python:/opt/ros/iron _=/usr/bin/env /usr/bin/cmake --build /home/user/ros2_ws/build/navigation_tb3 -- -j8 -l8
[1.736s] Invoking command in '/home/user/ros2_ws/build/navigation_tb3': CMAKE_PREFIX_PATH=${CMAKE_PREFIX_PATH}:/home/user/ros2_ws/install/robot_python:/opt/ros/iron _=/usr/bin/env /usr/bin/cmake --install /home/user/ros2_ws/build/navigation_tb3
[1.756s] -- Install configuration: ""
[1.827s] -- Up-to-date: /home/user/ros2_ws/install/navigation_tb3/lib/navigation_tb3/pub_occupancy_grid
[1.827s] -- Up-to-date: /home/user/ros2_ws/install/navigation_tb3/share/navigation_tb3/launch
[1.828s] -- Up-to-date: /home/user/ros2_ws/install/navigation_tb3/share/navigation_tb3/launch/mapping2.launch.py
[1.828s] -- Up-to-date: /home/user/ros2_ws/install/navigation_tb3/share/navigation_tb3/launch/navigation.launch.py
[1.828s] -- Up-to-date: /home/user/ros2_ws/install/navigation_tb3/share/navigation_tb3/launch/navigation2.launch.py
[1.828s] -- Up-to-date: /home/user/ros2_ws/install/navigation_tb3/share/navigation_tb3/launch/mapping.launch.py
[1.828s] -- Up-to-date: /home/user/ros2_ws/install/navigation_tb3/share/navigation_tb3/config
[1.828s] -- Up-to-date: /home/user/ros2_ws/install/navigation_tb3/share/navigation_tb3/config/tb3_map.pgm
[1.829s] -- Up-to-date: /home/user/ros2_ws/install/navigation_tb3/share/navigation_tb3/config/test.yaml
[1.829s] -- Up-to-date: /home/user/ros2_ws/install/navigation_tb3/share/navigation_tb3/config/navigation.rviz
[1.829s] -- Up-to-date: /home/user/ros2_ws/install/navigation_tb3/share/navigation_tb3/config/mapping.rviz
[1.830s] -- Up-to-date: /home/user/ros2_ws/install/navigation_tb3/share/navigation_tb3/config/test.pgm
[1.830s] -- Up-to-date: /home/user/ros2_ws/install/navigation_tb3/share/navigation_tb3/config/tb3_nav2_params.yaml
[1.830s] -- Up-to-date: /home/user/ros2_ws/install/navigation_tb3/share/navigation_tb3/config/tb3_map.yaml
[1.831s] -- Up-to-date: /home/user/ros2_ws/install/navigation_tb3/share/navigation_tb3/config/turtlebot3_lds_2d.lua
[1.831s] -- Up-to-date: /home/user/ros2_ws/install/navigation_tb3/share/navigation_tb3/config/mapping2.rviz
[1.831s] -- Up-to-date: /home/user/ros2_ws/install/navigation_tb3/share/navigation_tb3/environment/pythonpath.sh
[1.832s] -- Up-to-date: /home/user/ros2_ws/install/navigation_tb3/share/navigation_tb3/environment/pythonpath.dsv
[1.832s] -- Up-to-date: /home/user/ros2_ws/install/navigation_tb3/lib/python3.10/site-packages/navigation_tb3-0.0.0-py3.10.egg-info
[1.832s] -- Installing: /home/user/ros2_ws/install/navigation_tb3/lib/python3.10/site-packages/navigation_tb3-0.0.0-py3.10.egg-info/PKG-INFO
[1.832s] -- Installing: /home/user/ros2_ws/install/navigation_tb3/lib/python3.10/site-packages/navigation_tb3-0.0.0-py3.10.egg-info/top_level.txt
[1.832s] -- Installing: /home/user/ros2_ws/install/navigation_tb3/lib/python3.10/site-packages/navigation_tb3-0.0.0-py3.10.egg-info/SOURCES.txt
[1.833s] -- Installing: /home/user/ros2_ws/install/navigation_tb3/lib/python3.10/site-packages/navigation_tb3-0.0.0-py3.10.egg-info/dependency_links.txt
[1.833s] -- Up-to-date: /home/user/ros2_ws/install/navigation_tb3/lib/python3.10/site-packages/navigation_tb3
[1.833s] -- Up-to-date: /home/user/ros2_ws/install/navigation_tb3/lib/python3.10/site-packages/navigation_tb3/__init__.py
[1.928s] Listing '/home/user/ros2_ws/install/navigation_tb3/lib/python3.10/site-packages/navigation_tb3'...
[1.935s] -- Up-to-date: /home/user/ros2_ws/install/navigation_tb3/lib/navigation_tb3/single_goal_nav.py
[1.936s] -- Up-to-date: /home/user/ros2_ws/install/navigation_tb3/lib/navigation_tb3/multi_waypoints.py
[1.936s] -- Up-to-date: /home/user/ros2_ws/install/navigation_tb3/share/ament_index/resource_index/package_run_dependencies/navigation_tb3
[1.937s] -- Up-to-date: /home/user/ros2_ws/install/navigation_tb3/share/ament_index/resource_index/parent_prefix_path/navigation_tb3
[1.937s] -- Up-to-date: /home/user/ros2_ws/install/navigation_tb3/share/navigation_tb3/environment/ament_prefix_path.sh
[1.937s] -- Up-to-date: /home/user/ros2_ws/install/navigation_tb3/share/navigation_tb3/environment/ament_prefix_path.dsv
[1.938s] -- Up-to-date: /home/user/ros2_ws/install/navigation_tb3/share/navigation_tb3/environment/path.sh
[1.938s] -- Up-to-date: /home/user/ros2_ws/install/navigation_tb3/share/navigation_tb3/environment/path.dsv
[1.938s] -- Up-to-date: /home/user/ros2_ws/install/navigation_tb3/share/navigation_tb3/local_setup.bash
[1.938s] -- Up-to-date: /home/user/ros2_ws/install/navigation_tb3/share/navigation_tb3/local_setup.sh
[1.938s] -- Up-to-date: /home/user/ros2_ws/install/navigation_tb3/share/navigation_tb3/local_setup.zsh
[1.939s] -- Up-to-date: /home/user/ros2_ws/install/navigation_tb3/share/navigation_tb3/local_setup.dsv
[1.939s] -- Installing: /home/user/ros2_ws/install/navigation_tb3/share/navigation_tb3/package.dsv
[1.939s] -- Up-to-date: /home/user/ros2_ws/install/navigation_tb3/share/ament_index/resource_index/packages/navigation_tb3
[1.940s] -- Up-to-date: /home/user/ros2_ws/install/navigation_tb3/share/navigation_tb3/cmake/navigation_tb3Config.cmake
[1.946s] -- Up-to-date: /home/user/ros2_ws/install/navigation_tb3/share/navigation_tb3/cmake/navigation_tb3Config-version.cmake
[1.948s] -- Up-to-date: /home/user/ros2_ws/install/navigation_tb3/share/navigation_tb3/package.xml
[1.948s] Invoked command in '/home/user/ros2_ws/build/navigation_tb3' returned '0': CMAKE_PREFIX_PATH=${CMAKE_PREFIX_PATH}:/home/user/ros2_ws/install/robot_python:/opt/ros/iron _=/usr/bin/env /usr/bin/cmake --install /home/user/ros2_ws/build/navigation_tb3
