[3.579s] Invoking command in '/home/user/ros2_ws/src/robot_python': PYTHONPATH=/home/user/ros2_ws/build/robot_python/prefix_override:/home/user/ros2_ws/install/robot_python/lib/python3.10/site-packages:${PYTHONPATH} _=/usr/bin/env /usr/bin/python3 setup.py egg_info --egg-base ../../build/robot_python build --build-base /home/user/ros2_ws/build/robot_python/build install --record /home/user/ros2_ws/build/robot_python/install.log --single-version-externally-managed
[4.228s] running egg_info
[4.228s] writing ../../build/robot_python/robot_python.egg-info/PKG-INFO
[4.228s] writing dependency_links to ../../build/robot_python/robot_python.egg-info/dependency_links.txt
[4.228s] writing entry points to ../../build/robot_python/robot_python.egg-info/entry_points.txt
[4.228s] writing requirements to ../../build/robot_python/robot_python.egg-info/requires.txt
[4.229s] writing top-level names to ../../build/robot_python/robot_python.egg-info/top_level.txt
[4.229s] reading manifest file '../../build/robot_python/robot_python.egg-info/SOURCES.txt'
[4.229s] writing manifest file '../../build/robot_python/robot_python.egg-info/SOURCES.txt'
[4.229s] running build
[4.229s] running build_py
[4.230s] running install
[4.230s] running install_lib
[4.230s] running install_data
[4.230s] running install_egg_info
[4.230s] removing '/home/user/ros2_ws/install/robot_python/lib/python3.10/site-packages/robot_python-0.0.0-py3.10.egg-info' (and everything under it)
[4.230s] Copying ../../build/robot_python/robot_python.egg-info to /home/user/ros2_ws/install/robot_python/lib/python3.10/site-packages/robot_python-0.0.0-py3.10.egg-info
[4.230s] running install_scripts
[4.230s] Installing my_publisher script to /home/user/ros2_ws/install/robot_python/lib/robot_python
[4.230s] Installing my_subscriber script to /home/user/ros2_ws/install/robot_python/lib/robot_python
[4.231s] Installing test_node script to /home/user/ros2_ws/install/robot_python/lib/robot_python
[4.231s] writing list of installed files to '/home/user/ros2_ws/build/robot_python/install.log'
[4.273s] /usr/lib/python3/dist-packages/setuptools/command/install.py:34: SetuptoolsDeprecationWarning: setup.py install is deprecated. Use build and pip and other standards-based tools.
[4.273s]   warnings.warn(
[4.276s] Invoked command in '/home/user/ros2_ws/src/robot_python' returned '0': PYTHONPATH=/home/user/ros2_ws/build/robot_python/prefix_override:/home/user/ros2_ws/install/robot_python/lib/python3.10/site-packages:${PYTHONPATH} _=/usr/bin/env /usr/bin/python3 setup.py egg_info --egg-base ../../build/robot_python build --build-base /home/user/ros2_ws/build/robot_python/build install --record /home/user/ros2_ws/build/robot_python/install.log --single-version-externally-managed
