[0.155s] Invoking command in '/home/user/ros2_ws/build/robot_cpp': CMAKE_PREFIX_PATH=${CMAKE_PREFIX_PATH}:/home/user/ros2_ws/install/robot_python:/opt/ros/iron _=/usr/bin/env /usr/bin/cmake /home/user/ros2_ws/src/robot_cpp -DCMAKE_INSTALL_PREFIX=/home/user/ros2_ws/install/robot_cpp
[8.985s] -- The C compiler identification is GNU 11.3.0
[11.789s] -- The CXX compiler identification is GNU 11.3.0
[11.859s] -- Detecting C compiler ABI info
[12.027s] -- Detecting C compiler ABI info - done
[12.037s] -- Check for working C compiler: /usr/bin/cc - skipped
[12.037s] -- Detecting C compile features
[12.038s] -- Detecting C compile features - done
[12.043s] -- Detecting CXX compiler ABI info
[12.215s] -- Detecting CXX compiler ABI info - done
[12.225s] -- Check for working CXX compiler: /usr/bin/c++ - skipped
[12.225s] -- Detecting CXX compile features
[12.225s] -- Detecting CXX compile features - done
[12.234s] -- Found ament_cmake: 2.0.2 (/opt/ros/iron/share/ament_cmake/cmake)
[12.957s] -- Found Python3: /usr/bin/python3.10 (found version "3.10.6") found components: Interpreter 
[13.175s] [31mCMake Error at CMakeLists.txt:10 (find_package):
[13.175s]   By not providing "Findrlcpp.cmake" in CMAKE_MODULE_PATH this project has
[13.175s]   asked CMake to find a package configuration file provided by "rlcpp", but
[13.175s]   CMake did not find one.
[13.176s] 
[13.176s]   Could not find a package configuration file provided by "rlcpp" with any of
[13.176s]   the following names:
[13.176s] 
[13.176s]     rlcppConfig.cmake
[13.176s]     rlcpp-config.cmake
[13.177s] 
[13.177s]   Add the installation prefix of "rlcpp" to CMAKE_PREFIX_PATH or set
[13.177s]   "rlcpp_DIR" to a directory containing one of the above files.  If "rlcpp"
[13.177s]   provides a separate development package or SDK, be sure it has been
[13.177s]   installed.
[13.177s] 
[13.177s] [0m
[13.177s] -- Configuring incomplete, errors occurred!
[13.177s] See also "/home/user/ros2_ws/build/robot_cpp/CMakeFiles/CMakeOutput.log".
