[0.184s] Invoking command in '/home/user/ros2_ws/build/navigation_tb3': CMAKE_PREFIX_PATH=${CMAKE_PREFIX_PATH}:/home/user/ros2_ws/install/robot_test:/home/user/ros2_ws/install/robot_python:/home/user/ros2_ws/install/my_cpp_py_pkg:/opt/ros/iron _=/usr/bin/env /usr/bin/cmake --build /home/user/ros2_ws/build/navigation_tb3 -- -j8 -l8
[4.345s] [  0%] Built target ament_cmake_python_copy_navigation_tb3
[5.088s] running egg_info
[5.089s] writing navigation_tb3.egg-info/PKG-INFO
[5.090s] writing dependency_links to navigation_tb3.egg-info/dependency_links.txt
[5.090s] writing top-level names to navigation_tb3.egg-info/top_level.txt
[5.093s] reading manifest file 'navigation_tb3.egg-info/SOURCES.txt'
[5.093s] writing manifest file 'navigation_tb3.egg-info/SOURCES.txt'
[5.129s] [  0%] Built target ament_cmake_python_build_navigation_tb3_egg
[5.267s] [100%] Built target pub_occupancy_grid
[5.286s] Invoked command in '/home/user/ros2_ws/build/navigation_tb3' returned '0': CMAKE_PREFIX_PATH=${CMAKE_PREFIX_PATH}:/home/user/ros2_ws/install/robot_test:/home/user/ros2_ws/install/robot_python:/home/user/ros2_ws/install/my_cpp_py_pkg:/opt/ros/iron _=/usr/bin/env /usr/bin/cmake --build /home/user/ros2_ws/build/navigation_tb3 -- -j8 -l8
[5.359s] Invoking command in '/home/user/ros2_ws/build/navigation_tb3': CMAKE_PREFIX_PATH=${CMAKE_PREFIX_PATH}:/home/user/ros2_ws/install/robot_test:/home/user/ros2_ws/install/robot_python:/home/user/ros2_ws/install/my_cpp_py_pkg:/opt/ros/iron _=/usr/bin/env /usr/bin/cmake --install /home/user/ros2_ws/build/navigation_tb3
[5.416s] -- Install configuration: ""
[5.417s] -- Up-to-date: /home/user/ros2_ws/install/navigation_tb3/lib/navigation_tb3/pub_occupancy_grid
[5.418s] -- Up-to-date: /home/user/ros2_ws/install/navigation_tb3/share/navigation_tb3/launch
[5.418s] -- Up-to-date: /home/user/ros2_ws/install/navigation_tb3/share/navigation_tb3/launch/mapping2.launch.py
[5.418s] -- Up-to-date: /home/user/ros2_ws/install/navigation_tb3/share/navigation_tb3/launch/navigation.launch.py
[5.418s] -- Up-to-date: /home/user/ros2_ws/install/navigation_tb3/share/navigation_tb3/launch/navigation2.launch.py
[5.419s] -- Up-to-date: /home/user/ros2_ws/install/navigation_tb3/share/navigation_tb3/launch/mapping.launch.py
[5.420s] -- Up-to-date: /home/user/ros2_ws/install/navigation_tb3/share/navigation_tb3/config
[5.420s] -- Up-to-date: /home/user/ros2_ws/install/navigation_tb3/share/navigation_tb3/config/tb3_map.pgm
[5.421s] -- Up-to-date: /home/user/ros2_ws/install/navigation_tb3/share/navigation_tb3/config/test.yaml
[5.421s] -- Up-to-date: /home/user/ros2_ws/install/navigation_tb3/share/navigation_tb3/config/navigation.rviz
[5.421s] -- Up-to-date: /home/user/ros2_ws/install/navigation_tb3/share/navigation_tb3/config/mapping.rviz
[5.421s] -- Up-to-date: /home/user/ros2_ws/install/navigation_tb3/share/navigation_tb3/config/test.pgm
[5.430s] -- Up-to-date: /home/user/ros2_ws/install/navigation_tb3/share/navigation_tb3/config/tb3_nav2_params.yaml
[5.431s] -- Up-to-date: /home/user/ros2_ws/install/navigation_tb3/share/navigation_tb3/config/tb3_map.yaml
[5.431s] -- Up-to-date: /home/user/ros2_ws/install/navigation_tb3/share/navigation_tb3/config/turtlebot3_lds_2d.lua
[5.431s] -- Up-to-date: /home/user/ros2_ws/install/navigation_tb3/share/navigation_tb3/config/mapping2.rviz
[5.431s] -- Up-to-date: /home/user/ros2_ws/install/navigation_tb3/share/navigation_tb3/environment/pythonpath.sh
[5.432s] -- Up-to-date: /home/user/ros2_ws/install/navigation_tb3/share/navigation_tb3/environment/pythonpath.dsv
[5.432s] -- Up-to-date: /home/user/ros2_ws/install/navigation_tb3/lib/python3.10/site-packages/navigation_tb3-0.0.0-py3.10.egg-info
[5.432s] -- Installing: /home/user/ros2_ws/install/navigation_tb3/lib/python3.10/site-packages/navigation_tb3-0.0.0-py3.10.egg-info/PKG-INFO
[5.433s] -- Installing: /home/user/ros2_ws/install/navigation_tb3/lib/python3.10/site-packages/navigation_tb3-0.0.0-py3.10.egg-info/top_level.txt
[5.433s] -- Installing: /home/user/ros2_ws/install/navigation_tb3/lib/python3.10/site-packages/navigation_tb3-0.0.0-py3.10.egg-info/SOURCES.txt
[5.434s] -- Installing: /home/user/ros2_ws/install/navigation_tb3/lib/python3.10/site-packages/navigation_tb3-0.0.0-py3.10.egg-info/dependency_links.txt
[5.436s] -- Up-to-date: /home/user/ros2_ws/install/navigation_tb3/lib/python3.10/site-packages/navigation_tb3
[5.436s] -- Up-to-date: /home/user/ros2_ws/install/navigation_tb3/lib/python3.10/site-packages/navigation_tb3/__init__.py
[5.465s] Listing '/home/user/ros2_ws/install/navigation_tb3/lib/python3.10/site-packages/navigation_tb3'...
[5.468s] -- Up-to-date: /home/user/ros2_ws/install/navigation_tb3/lib/navigation_tb3/single_goal_nav.py
[5.516s] -- Up-to-date: /home/user/ros2_ws/install/navigation_tb3/lib/navigation_tb3/multi_waypoints.py
[5.518s] -- Up-to-date: /home/user/ros2_ws/install/navigation_tb3/share/ament_index/resource_index/package_run_dependencies/navigation_tb3
[5.518s] -- Up-to-date: /home/user/ros2_ws/install/navigation_tb3/share/ament_index/resource_index/parent_prefix_path/navigation_tb3
[5.518s] -- Up-to-date: /home/user/ros2_ws/install/navigation_tb3/share/navigation_tb3/environment/ament_prefix_path.sh
[5.518s] -- Up-to-date: /home/user/ros2_ws/install/navigation_tb3/share/navigation_tb3/environment/ament_prefix_path.dsv
[5.519s] -- Up-to-date: /home/user/ros2_ws/install/navigation_tb3/share/navigation_tb3/environment/path.sh
[5.519s] -- Up-to-date: /home/user/ros2_ws/install/navigation_tb3/share/navigation_tb3/environment/path.dsv
[5.520s] -- Up-to-date: /home/user/ros2_ws/install/navigation_tb3/share/navigation_tb3/local_setup.bash
[5.520s] -- Up-to-date: /home/user/ros2_ws/install/navigation_tb3/share/navigation_tb3/local_setup.sh
[5.520s] -- Up-to-date: /home/user/ros2_ws/install/navigation_tb3/share/navigation_tb3/local_setup.zsh
[5.520s] -- Up-to-date: /home/user/ros2_ws/install/navigation_tb3/share/navigation_tb3/local_setup.dsv
[5.521s] -- Installing: /home/user/ros2_ws/install/navigation_tb3/share/navigation_tb3/package.dsv
[5.521s] -- Up-to-date: /home/user/ros2_ws/install/navigation_tb3/share/ament_index/resource_index/packages/navigation_tb3
[5.521s] -- Up-to-date: /home/user/ros2_ws/install/navigation_tb3/share/navigation_tb3/cmake/navigation_tb3Config.cmake
[5.521s] -- Up-to-date: /home/user/ros2_ws/install/navigation_tb3/share/navigation_tb3/cmake/navigation_tb3Config-version.cmake
[5.521s] -- Up-to-date: /home/user/ros2_ws/install/navigation_tb3/share/navigation_tb3/package.xml
[5.544s] Invoked command in '/home/user/ros2_ws/build/navigation_tb3' returned '0': CMAKE_PREFIX_PATH=${CMAKE_PREFIX_PATH}:/home/user/ros2_ws/install/robot_test:/home/user/ros2_ws/install/robot_python:/home/user/ros2_ws/install/my_cpp_py_pkg:/opt/ros/iron _=/usr/bin/env /usr/bin/cmake --install /home/user/ros2_ws/build/navigation_tb3
