[2.450s] Invoking command in '/home/user/ros2_ws/src/robot_python': PYTHONPATH=/home/user/ros2_ws/build/robot_python/prefix_override:/home/user/ros2_ws/install/robot_python/lib/python3.10/site-packages:${PYTHONPATH} _=/usr/bin/env /usr/bin/python3 setup.py egg_info --egg-base ../../build/robot_python build --build-base /home/user/ros2_ws/build/robot_python/build install --record /home/user/ros2_ws/build/robot_python/install.log --single-version-externally-managed
[2.935s] running egg_info
[2.936s] writing ../../build/robot_python/robot_python.egg-info/PKG-INFO
[2.937s] writing dependency_links to ../../build/robot_python/robot_python.egg-info/dependency_links.txt
[2.937s] writing entry points to ../../build/robot_python/robot_python.egg-info/entry_points.txt
[2.937s] writing requirements to ../../build/robot_python/robot_python.egg-info/requires.txt
[2.937s] writing top-level names to ../../build/robot_python/robot_python.egg-info/top_level.txt
[2.940s] reading manifest file '../../build/robot_python/robot_python.egg-info/SOURCES.txt'
[2.942s] writing manifest file '../../build/robot_python/robot_python.egg-info/SOURCES.txt'
[2.942s] running build
[2.942s] running build_py
[2.942s] copying robot_python/my_subscriber.py -> /home/user/ros2_ws/build/robot_python/build/lib/robot_python
[2.943s] copying robot_python/my_publisher.py -> /home/user/ros2_ws/build/robot_python/build/lib/robot_python
[2.943s] running install
[2.943s] /usr/lib/python3/dist-packages/setuptools/command/install.py:34: SetuptoolsDeprecationWarning: setup.py install is deprecated. Use build and pip and other standards-based tools.
[2.943s]   warnings.warn(
[2.944s] running install_lib
[2.946s] copying /home/user/ros2_ws/build/robot_python/build/lib/robot_python/my_subscriber.py -> /home/user/ros2_ws/install/robot_python/lib/python3.10/site-packages/robot_python
[2.946s] copying /home/user/ros2_ws/build/robot_python/build/lib/robot_python/my_publisher.py -> /home/user/ros2_ws/install/robot_python/lib/python3.10/site-packages/robot_python
[2.947s] byte-compiling /home/user/ros2_ws/install/robot_python/lib/python3.10/site-packages/robot_python/my_subscriber.py to my_subscriber.cpython-310.pyc
[2.948s] byte-compiling /home/user/ros2_ws/install/robot_python/lib/python3.10/site-packages/robot_python/my_publisher.py to my_publisher.cpython-310.pyc
[2.948s] running install_data
[2.949s] running install_egg_info
[2.951s] removing '/home/user/ros2_ws/install/robot_python/lib/python3.10/site-packages/robot_python-0.0.0-py3.10.egg-info' (and everything under it)
[2.952s] Copying ../../build/robot_python/robot_python.egg-info to /home/user/ros2_ws/install/robot_python/lib/python3.10/site-packages/robot_python-0.0.0-py3.10.egg-info
[2.958s] running install_scripts
[2.989s] Installing my_publisher script to /home/user/ros2_ws/install/robot_python/lib/robot_python
[2.990s] Installing my_subscriber script to /home/user/ros2_ws/install/robot_python/lib/robot_python
[2.991s] Installing test_node script to /home/user/ros2_ws/install/robot_python/lib/robot_python
[2.991s] writing list of installed files to '/home/user/ros2_ws/build/robot_python/install.log'
[3.028s] Invoked command in '/home/user/ros2_ws/src/robot_python' returned '0': PYTHONPATH=/home/user/ros2_ws/build/robot_python/prefix_override:/home/user/ros2_ws/install/robot_python/lib/python3.10/site-packages:${PYTHONPATH} _=/usr/bin/env /usr/bin/python3 setup.py egg_info --egg-base ../../build/robot_python build --build-base /home/user/ros2_ws/build/robot_python/build install --record /home/user/ros2_ws/build/robot_python/install.log --single-version-externally-managed
