-- The C compiler identification is GNU 11.3.0
-- The CXX compiler identification is GNU 11.3.0
-- Detecting C compiler ABI info
-- Detecting C compiler ABI info - done
-- Check for working C compiler: /usr/bin/cc - skipped
-- Detecting C compile features
-- Detecting C compile features - done
-- Detecting CXX compiler ABI info
-- Detecting CXX compiler ABI info - done
-- Check for working CXX compiler: /usr/bin/c++ - skipped
-- Detecting CXX compile features
-- Detecting CXX compile features - done
-- Found ament_cmake: 2.0.2 (/opt/ros/iron/share/ament_cmake/cmake)
-- Found Python3: /usr/bin/python3.10 (found version "3.10.6") found components: Interpreter 
-- Found rclcpp: 21.0.1 (/opt/ros/iron/share/rclcpp/cmake)
-- Found rosidl_generator_c: 4.0.0 (/opt/ros/iron/share/rosidl_generator_c/cmake)
-- Found rosidl_generator_cpp: 4.0.0 (/opt/ros/iron/share/rosidl_generator_cpp/cmake)
-- Using all available rosidl_typesupport_c: rosidl_typesupport_fastrtps_c;rosidl_typesupport_introspection_c
-- Using all available rosidl_typesupport_cpp: rosidl_typesupport_fastrtps_cpp;rosidl_typesupport_introspection_cpp
-- Found rmw_implementation_cmake: 7.1.0 (/opt/ros/iron/share/rmw_implementation_cmake/cmake)
-- Found rmw_fastrtps_cpp: 7.1.1 (/opt/ros/iron/share/rmw_fastrtps_cpp/cmake)
-- Found OpenSSL: /usr/lib/x86_64-linux-gnu/libcrypto.so (found version "3.0.2")  
-- Found FastRTPS: /opt/ros/iron/include  
-- Using RMW implementation 'rmw_fastrtps_cpp' as default
-- Found nav_msgs: 5.0.0 (/opt/ros/iron/share/nav_msgs/cmake)
-- Found rclpy: 4.1.1 (/opt/ros/iron/share/rclpy/cmake)
-- Configuring done
-- Generating done
-- Build files have been written to: /home/user/ros2_ws/build/navigation_tb3
[ 50%] [32mBuilding CXX object CMakeFiles/pub_occupancy_grid.dir/src/pub_occupancy_grid.cpp.o[0m
[ 50%] Built target ament_cmake_python_copy_navigation_tb3
running egg_info
creating navigation_tb3.egg-info
writing navigation_tb3.egg-info/PKG-INFO
writing dependency_links to navigation_tb3.egg-info/dependency_links.txt
writing top-level names to navigation_tb3.egg-info/top_level.txt
writing manifest file 'navigation_tb3.egg-info/SOURCES.txt'
reading manifest file 'navigation_tb3.egg-info/SOURCES.txt'
writing manifest file 'navigation_tb3.egg-info/SOURCES.txt'
[ 50%] Built target ament_cmake_python_build_navigation_tb3_egg
[100%] [32m[1mLinking CXX executable pub_occupancy_grid[0m
[100%] Built target pub_occupancy_grid
-- Install configuration: ""
-- Installing: /home/user/ros2_ws/install/navigation_tb3/lib/navigation_tb3/pub_occupancy_grid
-- Set runtime path of "/home/user/ros2_ws/install/navigation_tb3/lib/navigation_tb3/pub_occupancy_grid" to ""
-- Installing: /home/user/ros2_ws/install/navigation_tb3/share/navigation_tb3/launch
-- Installing: /home/user/ros2_ws/install/navigation_tb3/share/navigation_tb3/launch/navigation.launch.py
-- Installing: /home/user/ros2_ws/install/navigation_tb3/share/navigation_tb3/launch/mapping.launch.py
-- Installing: /home/user/ros2_ws/install/navigation_tb3/share/navigation_tb3/config
-- Installing: /home/user/ros2_ws/install/navigation_tb3/share/navigation_tb3/config/tb3_map.pgm
-- Installing: /home/user/ros2_ws/install/navigation_tb3/share/navigation_tb3/config/navigation.rviz
-- Installing: /home/user/ros2_ws/install/navigation_tb3/share/navigation_tb3/config/mapping.rviz
-- Installing: /home/user/ros2_ws/install/navigation_tb3/share/navigation_tb3/config/tb3_nav2_params.yaml
-- Installing: /home/user/ros2_ws/install/navigation_tb3/share/navigation_tb3/config/tb3_map.yaml
-- Installing: /home/user/ros2_ws/install/navigation_tb3/share/navigation_tb3/config/turtlebot3_lds_2d.lua
-- Installing: /home/user/ros2_ws/install/navigation_tb3/share/navigation_tb3/environment/pythonpath.sh
-- Installing: /home/user/ros2_ws/install/navigation_tb3/share/navigation_tb3/environment/pythonpath.dsv
-- Installing: /home/user/ros2_ws/install/navigation_tb3/lib/python3.10/site-packages/navigation_tb3-0.0.0-py3.10.egg-info
-- Installing: /home/user/ros2_ws/install/navigation_tb3/lib/python3.10/site-packages/navigation_tb3-0.0.0-py3.10.egg-info/PKG-INFO
-- Installing: /home/user/ros2_ws/install/navigation_tb3/lib/python3.10/site-packages/navigation_tb3-0.0.0-py3.10.egg-info/top_level.txt
-- Installing: /home/user/ros2_ws/install/navigation_tb3/lib/python3.10/site-packages/navigation_tb3-0.0.0-py3.10.egg-info/SOURCES.txt
-- Installing: /home/user/ros2_ws/install/navigation_tb3/lib/python3.10/site-packages/navigation_tb3-0.0.0-py3.10.egg-info/dependency_links.txt
-- Installing: /home/user/ros2_ws/install/navigation_tb3/lib/python3.10/site-packages/navigation_tb3
-- Installing: /home/user/ros2_ws/install/navigation_tb3/lib/python3.10/site-packages/navigation_tb3/__init__.py
Listing '/home/user/ros2_ws/install/navigation_tb3/lib/python3.10/site-packages/navigation_tb3'...
Compiling '/home/user/ros2_ws/install/navigation_tb3/lib/python3.10/site-packages/navigation_tb3/__init__.py'...
-- Installing: /home/user/ros2_ws/install/navigation_tb3/lib/navigation_tb3/single_goal_nav.py
-- Installing: /home/user/ros2_ws/install/navigation_tb3/lib/navigation_tb3/multi_waypoints.py
-- Installing: /home/user/ros2_ws/install/navigation_tb3/share/ament_index/resource_index/package_run_dependencies/navigation_tb3
-- Installing: /home/user/ros2_ws/install/navigation_tb3/share/ament_index/resource_index/parent_prefix_path/navigation_tb3
-- Installing: /home/user/ros2_ws/install/navigation_tb3/share/navigation_tb3/environment/ament_prefix_path.sh
-- Installing: /home/user/ros2_ws/install/navigation_tb3/share/navigation_tb3/environment/ament_prefix_path.dsv
-- Installing: /home/user/ros2_ws/install/navigation_tb3/share/navigation_tb3/environment/path.sh
-- Installing: /home/user/ros2_ws/install/navigation_tb3/share/navigation_tb3/environment/path.dsv
-- Installing: /home/user/ros2_ws/install/navigation_tb3/share/navigation_tb3/local_setup.bash
-- Installing: /home/user/ros2_ws/install/navigation_tb3/share/navigation_tb3/local_setup.sh
-- Installing: /home/user/ros2_ws/install/navigation_tb3/share/navigation_tb3/local_setup.zsh
-- Installing: /home/user/ros2_ws/install/navigation_tb3/share/navigation_tb3/local_setup.dsv
-- Installing: /home/user/ros2_ws/install/navigation_tb3/share/navigation_tb3/package.dsv
-- Installing: /home/user/ros2_ws/install/navigation_tb3/share/ament_index/resource_index/packages/navigation_tb3
-- Installing: /home/user/ros2_ws/install/navigation_tb3/share/navigation_tb3/cmake/navigation_tb3Config.cmake
-- Installing: /home/user/ros2_ws/install/navigation_tb3/share/navigation_tb3/cmake/navigation_tb3Config-version.cmake
-- Installing: /home/user/ros2_ws/install/navigation_tb3/share/navigation_tb3/package.xml
