[2.211s] Invoking command in '/home/user/ros2_ws/src/robot_python': PYTHONPATH=/home/user/ros2_ws/build/robot_python/prefix_override:/home/user/ros2_ws/install/robot_python/lib/python3.10/site-packages:${PYTHONPATH} _=/usr/bin/env /usr/bin/python3 setup.py egg_info --egg-base ../../build/robot_python build --build-base /home/user/ros2_ws/build/robot_python/build install --record /home/user/ros2_ws/build/robot_python/install.log --single-version-externally-managed
[2.669s] running egg_info
[2.670s] writing ../../build/robot_python/robot_python.egg-info/PKG-INFO
[2.671s] writing dependency_links to ../../build/robot_python/robot_python.egg-info/dependency_links.txt
[2.672s] writing entry points to ../../build/robot_python/robot_python.egg-info/entry_points.txt
[2.672s] writing requirements to ../../build/robot_python/robot_python.egg-info/requires.txt
[2.672s] writing top-level names to ../../build/robot_python/robot_python.egg-info/top_level.txt
[2.675s] reading manifest file '../../build/robot_python/robot_python.egg-info/SOURCES.txt'
[2.676s] writing manifest file '../../build/robot_python/robot_python.egg-info/SOURCES.txt'
[2.676s] running build
[2.676s] running build_py
[2.677s] running install
[2.677s] /usr/lib/python3/dist-packages/setuptools/command/install.py:34: SetuptoolsDeprecationWarning: setup.py install is deprecated. Use build and pip and other standards-based tools.
[2.677s]   warnings.warn(
[2.677s] running install_lib
[2.679s] running install_data
[2.680s] copying launch/robot_python.launch.py -> /home/user/ros2_ws/install/robot_python/share/robot_python
[2.680s] running install_egg_info
[2.683s] removing '/home/user/ros2_ws/install/robot_python/lib/python3.10/site-packages/robot_python-0.0.0-py3.10.egg-info' (and everything under it)
[2.683s] Copying ../../build/robot_python/robot_python.egg-info to /home/user/ros2_ws/install/robot_python/lib/python3.10/site-packages/robot_python-0.0.0-py3.10.egg-info
[2.685s] running install_scripts
[2.713s] Installing my_publisher script to /home/user/ros2_ws/install/robot_python/lib/robot_python
[2.714s] Installing my_subscriber script to /home/user/ros2_ws/install/robot_python/lib/robot_python
[2.714s] Installing test_node script to /home/user/ros2_ws/install/robot_python/lib/robot_python
[2.714s] writing list of installed files to '/home/user/ros2_ws/build/robot_python/install.log'
[2.745s] Invoked command in '/home/user/ros2_ws/src/robot_python' returned '0': PYTHONPATH=/home/user/ros2_ws/build/robot_python/prefix_override:/home/user/ros2_ws/install/robot_python/lib/python3.10/site-packages:${PYTHONPATH} _=/usr/bin/env /usr/bin/python3 setup.py egg_info --egg-base ../../build/robot_python build --build-base /home/user/ros2_ws/build/robot_python/build install --record /home/user/ros2_ws/build/robot_python/install.log --single-version-externally-managed
