[2.442s] Invoking command in '/home/user/ros2_ws/src/robot_python': PYTHONPATH=/home/user/ros2_ws/build/robot_python/prefix_override:/home/user/ros2_ws/install/robot_python/lib/python3.10/site-packages:${PYTHONPATH} _=/usr/bin/env /usr/bin/python3 setup.py egg_info --egg-base ../../build/robot_python build --build-base /home/user/ros2_ws/build/robot_python/build install --record /home/user/ros2_ws/build/robot_python/install.log --single-version-externally-managed
[2.909s] running egg_info
[2.911s] writing ../../build/robot_python/robot_python.egg-info/PKG-INFO
[2.911s] writing dependency_links to ../../build/robot_python/robot_python.egg-info/dependency_links.txt
[2.912s] writing entry points to ../../build/robot_python/robot_python.egg-info/entry_points.txt
[2.912s] writing requirements to ../../build/robot_python/robot_python.egg-info/requires.txt
[2.912s] writing top-level names to ../../build/robot_python/robot_python.egg-info/top_level.txt
[2.915s] reading manifest file '../../build/robot_python/robot_python.egg-info/SOURCES.txt'
[2.916s] writing manifest file '../../build/robot_python/robot_python.egg-info/SOURCES.txt'
[2.916s] running build
[2.916s] running build_py
[2.917s] copying robot_python/turtlesim_go.py -> /home/user/ros2_ws/build/robot_python/build/lib/robot_python
[2.917s] running install
[2.918s] /usr/lib/python3/dist-packages/setuptools/command/install.py:34: SetuptoolsDeprecationWarning: setup.py install is deprecated. Use build and pip and other standards-based tools.
[2.918s]   warnings.warn(
[2.918s] running install_lib
[2.919s] copying /home/user/ros2_ws/build/robot_python/build/lib/robot_python/turtlesim_go.py -> /home/user/ros2_ws/install/robot_python/lib/python3.10/site-packages/robot_python
[2.920s] byte-compiling /home/user/ros2_ws/install/robot_python/lib/python3.10/site-packages/robot_python/turtlesim_go.py to turtlesim_go.cpython-310.pyc
[2.921s] running install_data
[2.922s] running install_egg_info
[2.924s] removing '/home/user/ros2_ws/install/robot_python/lib/python3.10/site-packages/robot_python-0.0.0-py3.10.egg-info' (and everything under it)
[2.925s] Copying ../../build/robot_python/robot_python.egg-info to /home/user/ros2_ws/install/robot_python/lib/python3.10/site-packages/robot_python-0.0.0-py3.10.egg-info
[2.926s] running install_scripts
[2.960s] Installing my_publisher script to /home/user/ros2_ws/install/robot_python/lib/robot_python
[2.960s] Installing my_service script to /home/user/ros2_ws/install/robot_python/lib/robot_python
[2.961s] Installing my_subscriber script to /home/user/ros2_ws/install/robot_python/lib/robot_python
[2.961s] Installing my_subtest script to /home/user/ros2_ws/install/robot_python/lib/robot_python
[2.961s] Installing test_node script to /home/user/ros2_ws/install/robot_python/lib/robot_python
[2.962s] Installing turtlesim_go script to /home/user/ros2_ws/install/robot_python/lib/robot_python
[2.962s] writing list of installed files to '/home/user/ros2_ws/build/robot_python/install.log'
[2.995s] Invoked command in '/home/user/ros2_ws/src/robot_python' returned '0': PYTHONPATH=/home/user/ros2_ws/build/robot_python/prefix_override:/home/user/ros2_ws/install/robot_python/lib/python3.10/site-packages:${PYTHONPATH} _=/usr/bin/env /usr/bin/python3 setup.py egg_info --egg-base ../../build/robot_python build --build-base /home/user/ros2_ws/build/robot_python/build install --record /home/user/ros2_ws/build/robot_python/install.log --single-version-externally-managed
