[1.585s] Invoking command in '/home/user/ros2_ws/src/robot_python': PYTHONPATH=/home/user/ros2_ws/build/robot_python/prefix_override:/home/user/ros2_ws/install/robot_python/lib/python3.10/site-packages:${PYTHONPATH} _=/usr/bin/env /usr/bin/python3 setup.py egg_info --egg-base ../../build/robot_python build --build-base /home/user/ros2_ws/build/robot_python/build install --record /home/user/ros2_ws/build/robot_python/install.log --single-version-externally-managed
[1.992s] running egg_info
[1.993s] writing ../../build/robot_python/robot_python.egg-info/PKG-INFO
[1.994s] writing dependency_links to ../../build/robot_python/robot_python.egg-info/dependency_links.txt
[1.994s] writing entry points to ../../build/robot_python/robot_python.egg-info/entry_points.txt
[1.994s] writing requirements to ../../build/robot_python/robot_python.egg-info/requires.txt
[1.994s] writing top-level names to ../../build/robot_python/robot_python.egg-info/top_level.txt
[1.997s] reading manifest file '../../build/robot_python/robot_python.egg-info/SOURCES.txt'
[1.998s] writing manifest file '../../build/robot_python/robot_python.egg-info/SOURCES.txt'
[1.998s] running build
[1.998s] running build_py
[1.999s] copying robot_python/my_first_node.py -> /home/user/ros2_ws/build/robot_python/build/lib/robot_python
[1.999s] running install
[1.999s] /usr/lib/python3/dist-packages/setuptools/command/install.py:34: SetuptoolsDeprecationWarning: setup.py install is deprecated. Use build and pip and other standards-based tools.
[1.999s]   warnings.warn(
[2.000s] running install_lib
[2.000s] copying /home/user/ros2_ws/build/robot_python/build/lib/robot_python/my_first_node.py -> /home/user/ros2_ws/install/robot_python/lib/python3.10/site-packages/robot_python
[2.001s] byte-compiling /home/user/ros2_ws/install/robot_python/lib/python3.10/site-packages/robot_python/my_first_node.py to my_first_node.cpython-310.pyc
[2.002s] running install_data
[2.003s] running install_egg_info
[2.005s] removing '/home/user/ros2_ws/install/robot_python/lib/python3.10/site-packages/robot_python-0.0.0-py3.10.egg-info' (and everything under it)
[2.006s] Copying ../../build/robot_python/robot_python.egg-info to /home/user/ros2_ws/install/robot_python/lib/python3.10/site-packages/robot_python-0.0.0-py3.10.egg-info
[2.007s] running install_scripts
[2.035s] Installing test_node script to /home/user/ros2_ws/install/robot_python/lib/robot_python
[2.035s] writing list of installed files to '/home/user/ros2_ws/build/robot_python/install.log'
[2.069s] Invoked command in '/home/user/ros2_ws/src/robot_python' returned '0': PYTHONPATH=/home/user/ros2_ws/build/robot_python/prefix_override:/home/user/ros2_ws/install/robot_python/lib/python3.10/site-packages:${PYTHONPATH} _=/usr/bin/env /usr/bin/python3 setup.py egg_info --egg-base ../../build/robot_python build --build-base /home/user/ros2_ws/build/robot_python/build install --record /home/user/ros2_ws/build/robot_python/install.log --single-version-externally-managed
