-- Found ament_cmake: 2.0.2 (/opt/ros/iron/share/ament_cmake/cmake)
-- Found rclcpp: 21.0.1 (/opt/ros/iron/share/rclcpp/cmake)
-- Found rosidl_generator_c: 4.0.0 (/opt/ros/iron/share/rosidl_generator_c/cmake)
-- Found rosidl_generator_cpp: 4.0.0 (/opt/ros/iron/share/rosidl_generator_cpp/cmake)
-- Using all available rosidl_typesupport_c: rosidl_typesupport_fastrtps_c;rosidl_typesupport_introspection_c
-- Using all available rosidl_typesupport_cpp: rosidl_typesupport_fastrtps_cpp;rosidl_typesupport_introspection_cpp
-- Found rmw_implementation_cmake: 7.1.0 (/opt/ros/iron/share/rmw_implementation_cmake/cmake)
-- Found rmw_fastrtps_cpp: 7.1.1 (/opt/ros/iron/share/rmw_fastrtps_cpp/cmake)
-- Using RMW implementation 'rmw_fastrtps_cpp' as default
-- Found std_msgs: 5.0.0 (/opt/ros/iron/share/std_msgs/cmake)
-- Found sensor_msgs: 5.0.0 (/opt/ros/iron/share/sensor_msgs/cmake)
-- Found ament_lint_auto: 0.14.1 (/opt/ros/iron/share/ament_lint_auto/cmake)
-- Added test 'cppcheck' to perform static code analysis on C / C++ code
-- Configured cppcheck include dirs: 
-- Configured cppcheck exclude dirs and/or files: 
-- Added test 'lint_cmake' to check CMake code style
-- Added test 'uncrustify' to check C / C++ code style
-- Configured uncrustify additional arguments: 
-- Added test 'xmllint' to check XML markup files
-- Configuring done
-- Generating done
-- Build files have been written to: /home/user/ros2_ws/build/robot_cpp
[35m[1mConsolidate compiler generated dependencies of target publisher[0m
[ 25%] [32mBuilding CXX object CMakeFiles/LaserScan.dir/src/laserscan.cpp.o[0m
[ 75%] Built target publisher
[01m[K/home/user/ros2_ws/src/robot_cpp/src/laserscan.cpp:[m[K In constructor '[01m[KLaserScan::LaserScan()[m[K':
[01m[K/home/user/ros2_ws/src/robot_cpp/src/laserscan.cpp:21:27:[m[K [01;31m[Kerror: [m[Kclass '[01m[KLaserScan[m[K' does not have any field named '[01m[Kcount_[m[K'
   21 |     : Node("Laser_scan"), [01;31m[Kcount_[m[K(0)
      |                           [01;31m[K^~~~~~[m[K
[01m[K/home/user/ros2_ws/src/robot_cpp/src/laserscan.cpp:25:37:[m[K [01;31m[Kerror: [m[Kwrong type argument to bit-complement
   25 |       500ms, std::bind(&~[01;31m[KLaserScan::timer_callback[m[K, this));
      |                          [01;31m[K~~~~~~~~~~~^~~~~~~~~~~~~~[m[K
[01m[K/home/user/ros2_ws/src/robot_cpp/src/laserscan.cpp:[m[K In member function '[01m[Kvoid LaserScan::timer_callback()[m[K':
[01m[K/home/user/ros2_ws/src/robot_cpp/src/laserscan.cpp:35:53:[m[K [01;31m[Kerror: [m[K'[01m[Kcount_[m[K' was not declared in this scope
   35 |       message.data = "Laser data " + std::to_string([01;31m[Kcount_[m[K++);
      |                                                     [01;31m[K^~~~~~[m[K
[01m[K/home/user/ros2_ws/src/robot_cpp/src/laserscan.cpp:[m[K In member function '[01m[Kvoid LaserScan::timer_callback2()[m[K':
[01m[K/home/user/ros2_ws/src/robot_cpp/src/laserscan.cpp:43:16:[m[K [01;31m[Kerror: [m[Kbase operand of '[01m[K->[m[K' has non-pointer type '[01m[Ksensor_msgs::msg::LaserScan_<std::allocator<void> >[m[K'
   43 |       laser_msg[01;31m[K->[m[Kheader.frame_id = "laser_frame";
      |                [01;31m[K^~[m[K
[01m[K/home/user/ros2_ws/src/robot_cpp/src/laserscan.cpp:44:16:[m[K [01;31m[Kerror: [m[Kbase operand of '[01m[K->[m[K' has non-pointer type '[01m[Ksensor_msgs::msg::LaserScan_<std::allocator<void> >[m[K'
   44 |       laser_msg[01;31m[K->[m[Kheader.stamp = this->now();
      |                [01;31m[K^~[m[K
[01m[K/home/user/ros2_ws/src/robot_cpp/src/laserscan.cpp:45:16:[m[K [01;31m[Kerror: [m[Kbase operand of '[01m[K->[m[K' has non-pointer type '[01m[Ksensor_msgs::msg::LaserScan_<std::allocator<void> >[m[K'
   45 |       laser_msg[01;31m[K->[m[Kangle_min = 0.0;
      |                [01;31m[K^~[m[K
[01m[K/home/user/ros2_ws/src/robot_cpp/src/laserscan.cpp:46:16:[m[K [01;31m[Kerror: [m[Kbase operand of '[01m[K->[m[K' has non-pointer type '[01m[Ksensor_msgs::msg::LaserScan_<std::allocator<void> >[m[K'
   46 |       laser_msg[01;31m[K->[m[Kangle_max = 2.0 * M_PI;
      |                [01;31m[K^~[m[K
[01m[K/home/user/ros2_ws/src/robot_cpp/src/laserscan.cpp:47:16:[m[K [01;31m[Kerror: [m[Kbase operand of '[01m[K->[m[K' has non-pointer type '[01m[Ksensor_msgs::msg::LaserScan_<std::allocator<void> >[m[K'
   47 |       laser_msg[01;31m[K->[m[Kangle_increment = 0.1;
      |                [01;31m[K^~[m[K
[01m[K/home/user/ros2_ws/src/robot_cpp/src/laserscan.cpp:48:16:[m[K [01;31m[Kerror: [m[Kbase operand of '[01m[K->[m[K' has non-pointer type '[01m[Ksensor_msgs::msg::LaserScan_<std::allocator<void> >[m[K'
   48 |       laser_msg[01;31m[K->[m[Ktime_increment = 0.001;
      |                [01;31m[K^~[m[K
[01m[K/home/user/ros2_ws/src/robot_cpp/src/laserscan.cpp:49:16:[m[K [01;31m[Kerror: [m[Kbase operand of '[01m[K->[m[K' has non-pointer type '[01m[Ksensor_msgs::msg::LaserScan_<std::allocator<void> >[m[K'
   49 |       laser_msg[01;31m[K->[m[Kscan_time = 0.1;
      |                [01;31m[K^~[m[K
[01m[K/home/user/ros2_ws/src/robot_cpp/src/laserscan.cpp:50:16:[m[K [01;31m[Kerror: [m[Kbase operand of '[01m[K->[m[K' has non-pointer type '[01m[Ksensor_msgs::msg::LaserScan_<std::allocator<void> >[m[K'
   50 |       laser_msg[01;31m[K->[m[Krange_min = 0.0;
      |                [01;31m[K^~[m[K
[01m[K/home/user/ros2_ws/src/robot_cpp/src/laserscan.cpp:51:16:[m[K [01;31m[Kerror: [m[Kbase operand of '[01m[K->[m[K' has non-pointer type '[01m[Ksensor_msgs::msg::LaserScan_<std::allocator<void> >[m[K'
   51 |       laser_msg[01;31m[K->[m[Krange_max = 10.0;
      |                [01;31m[K^~[m[K
[01m[K/home/user/ros2_ws/src/robot_cpp/src/laserscan.cpp:52:36:[m[K [01;31m[Kerror: [m[Kbase operand of '[01m[K->[m[K' has non-pointer type '[01m[Ksensor_msgs::msg::LaserScan_<std::allocator<void> >[m[K'
   52 |       for (double angle = laser_msg[01;31m[K->[m[Kangle_min; angle <= laser_msg->angle_max; angle += laser_msg->angle_increment)
      |                                    [01;31m[K^~[m[K
[01m[K/home/user/ros2_ws/src/robot_cpp/src/laserscan.cpp:52:67:[m[K [01;31m[Kerror: [m[Kbase operand of '[01m[K->[m[K' has non-pointer type '[01m[Ksensor_msgs::msg::LaserScan_<std::allocator<void> >[m[K'
   52 |       for (double angle = laser_msg->angle_min; angle <= laser_msg[01;31m[K->[m[Kangle_max; angle += laser_msg->angle_increment)
      |                                                                   [01;31m[K^~[m[K
[01m[K/home/user/ros2_ws/src/robot_cpp/src/laserscan.cpp:52:98:[m[K [01;31m[Kerror: [m[Kbase operand of '[01m[K->[m[K' has non-pointer type '[01m[Ksensor_msgs::msg::LaserScan_<std::allocator<void> >[m[K'
   52 |       for (double angle = laser_msg->angle_min; angle <= laser_msg->angle_max; angle += laser_msg[01;31m[K->[m[Kangle_increment)
      |                                                                                                  [01;31m[K^~[m[K
[01m[K/home/user/ros2_ws/src/robot_cpp/src/laserscan.cpp:54:17:[m[K [01;31m[Kerror: [m[Kbase operand of '[01m[K->[m[K' has non-pointer type '[01m[Ksensor_msgs::msg::LaserScan_<std::allocator<void> >[m[K'
   54 |        laser_msg[01;31m[K->[m[Kranges.push_back(5.0 + 3.0 * std::sin(angle));
      |                 [01;31m[K^~[m[K
gmake[2]: *** [CMakeFiles/LaserScan.dir/build.make:76: CMakeFiles/LaserScan.dir/src/laserscan.cpp.o] Error 1
gmake[1]: *** [CMakeFiles/Makefile2:165: CMakeFiles/LaserScan.dir/all] Error 2
gmake: *** [Makefile:146: all] Error 2
