[0.086s] Invoking command in '/home/user/ros2_ws/build/my_interface': CMAKE_PREFIX_PATH=${CMAKE_PREFIX_PATH}:/home/user/ros2_ws/install/robot_python:/opt/ros/iron _=/usr/bin/env /usr/bin/cmake /home/user/ros2_ws/src/my_interface -DCMAKE_INSTALL_PREFIX=/home/user/ros2_ws/install/my_interface
[1.534s] -- Found ament_cmake: 2.0.2 (/opt/ros/iron/share/ament_cmake/cmake)
[1.535s] -- Found geometry_msgs: 5.0.0 (/opt/ros/iron/share/geometry_msgs/cmake)
[1.535s] -- Found rosidl_generator_c: 4.0.0 (/opt/ros/iron/share/rosidl_generator_c/cmake)
[1.536s] -- Found rosidl_generator_cpp: 4.0.0 (/opt/ros/iron/share/rosidl_generator_cpp/cmake)
[1.537s] -- Using all available rosidl_typesupport_c: rosidl_typesupport_fastrtps_c;rosidl_typesupport_introspection_c
[1.537s] -- Using all available rosidl_typesupport_cpp: rosidl_typesupport_fastrtps_cpp;rosidl_typesupport_introspection_cpp
[1.537s] -- Found rosidl_default_generators: 1.5.0 (/opt/ros/iron/share/rosidl_default_generators/cmake)
[1.538s] -- Found rosidl_adapter: 4.0.0 (/opt/ros/iron/share/rosidl_adapter/cmake)
[2.564s] -- Found ament_cmake_ros: 0.11.2 (/opt/ros/iron/share/ament_cmake_ros/cmake)
[3.272s] -- Using all available rosidl_typesupport_c: rosidl_typesupport_fastrtps_c;rosidl_typesupport_introspection_c
[3.457s] -- Using all available rosidl_typesupport_cpp: rosidl_typesupport_fastrtps_cpp;rosidl_typesupport_introspection_cpp
[3.494s] -- Found PythonInterp: /usr/bin/python3 (found suitable version "3.10.6", minimum required is "3.6") 
[3.501s] -- Found python_cmake_module: 0.10.2 (/opt/ros/iron/share/python_cmake_module/cmake)
[3.552s] -- Found PythonLibs: /usr/lib/x86_64-linux-gnu/libpython3.10.so (found suitable version "3.10.6", minimum required is "3.5") 
[3.553s] -- Using PYTHON_EXECUTABLE: /usr/bin/python3
[3.553s] -- Using PYTHON_INCLUDE_DIRS: /usr/include/python3.10
[3.553s] -- Using PYTHON_LIBRARIES: /usr/lib/x86_64-linux-gnu/libpython3.10.so
[3.598s] -- Found PythonExtra: .so  
[3.662s] -- Found ament_lint_auto: 0.14.1 (/opt/ros/iron/share/ament_lint_auto/cmake)
[3.754s] -- Added test 'lint_cmake' to check CMake code style
[3.757s] -- Added test 'xmllint' to check XML markup files
[3.762s] -- Configuring done
[3.811s] -- Generating done
[3.814s] -- Build files have been written to: /home/user/ros2_ws/build/my_interface
[3.823s] Invoked command in '/home/user/ros2_ws/build/my_interface' returned '0': CMAKE_PREFIX_PATH=${CMAKE_PREFIX_PATH}:/home/user/ros2_ws/install/robot_python:/opt/ros/iron _=/usr/bin/env /usr/bin/cmake /home/user/ros2_ws/src/my_interface -DCMAKE_INSTALL_PREFIX=/home/user/ros2_ws/install/my_interface
[3.826s] Invoking command in '/home/user/ros2_ws/build/my_interface': CMAKE_PREFIX_PATH=${CMAKE_PREFIX_PATH}:/home/user/ros2_ws/install/robot_python:/opt/ros/iron _=/usr/bin/env /usr/bin/cmake --build /home/user/ros2_ws/build/my_interface -- -j8 -l8
[3.890s] [  2%] [34m[1mGenerating type hashes for ROS interfaces[0m
[3.904s] [  2%] Built target ament_cmake_python_copy_my_interface
[4.167s] Traceback (most recent call last):
[4.168s]   File "/opt/ros/iron/lib/rosidl_generator_type_description/rosidl_generator_type_description", line 50, in <module>
[4.168s]     sys.exit(main())
[4.168s]   File "/opt/ros/iron/lib/rosidl_generator_type_description/rosidl_generator_type_description", line 46, in main
[4.168s]     generate_type_hash(args.generator_arguments_file)
[4.169s]   File "/opt/ros/iron/lib/python3.10/site-packages/rosidl_generator_type_description/__init__.py", line 160, in generate_type_hash
[4.169s]     pkg_dir = include_map[pkg]
[4.169s] KeyError: 'geometry_msgs'
[4.188s] gmake[2]: *** [CMakeFiles/my_interface__rosidl_generator_type_description.dir/build.make:75: rosidl_generator_type_description/my_interface/msg/Targetcoordinate.json] Error 1
[4.188s] gmake[1]: *** [CMakeFiles/Makefile2:215: CMakeFiles/my_interface__rosidl_generator_type_description.dir/all] Error 2
[4.188s] gmake[1]: *** Waiting for unfinished jobs....
[4.388s] running egg_info
[4.389s] creating my_interface.egg-info
[4.389s] writing my_interface.egg-info/PKG-INFO
[4.389s] writing dependency_links to my_interface.egg-info/dependency_links.txt
[4.390s] writing top-level names to my_interface.egg-info/top_level.txt
[4.390s] writing manifest file 'my_interface.egg-info/SOURCES.txt'
[4.393s] reading manifest file 'my_interface.egg-info/SOURCES.txt'
[4.393s] writing manifest file 'my_interface.egg-info/SOURCES.txt'
[4.426s] [  2%] Built target ament_cmake_python_build_my_interface_egg
[4.427s] gmake: *** [Makefile:146: all] Error 2
[4.429s] Invoked command in '/home/user/ros2_ws/build/my_interface' returned '2': CMAKE_PREFIX_PATH=${CMAKE_PREFIX_PATH}:/home/user/ros2_ws/install/robot_python:/opt/ros/iron _=/usr/bin/env /usr/bin/cmake --build /home/user/ros2_ws/build/my_interface -- -j8 -l8
