[3.000s] Invoking command in '/home/user/ros2_ws/src/robot_python': PYTHONPATH=/home/user/ros2_ws/build/robot_python/prefix_override:/home/user/ros2_ws/install/robot_python/lib/python3.10/site-packages:${PYTHONPATH} _=/usr/bin/env /usr/bin/python3 setup.py egg_info --egg-base ../../build/robot_python build --build-base /home/user/ros2_ws/build/robot_python/build install --record /home/user/ros2_ws/build/robot_python/install.log --single-version-externally-managed
[3.360s] running egg_info
[3.361s] writing ../../build/robot_python/robot_python.egg-info/PKG-INFO
[3.361s] writing dependency_links to ../../build/robot_python/robot_python.egg-info/dependency_links.txt
[3.362s] writing entry points to ../../build/robot_python/robot_python.egg-info/entry_points.txt
[3.362s] writing requirements to ../../build/robot_python/robot_python.egg-info/requires.txt
[3.363s] writing top-level names to ../../build/robot_python/robot_python.egg-info/top_level.txt
[3.364s] reading manifest file '../../build/robot_python/robot_python.egg-info/SOURCES.txt'
[3.365s] writing manifest file '../../build/robot_python/robot_python.egg-info/SOURCES.txt'
[3.366s] running build
[3.366s] running build_py
[3.366s] running install
[3.366s] /usr/lib/python3/dist-packages/setuptools/command/install.py:34: SetuptoolsDeprecationWarning: setup.py install is deprecated. Use build and pip and other standards-based tools.
[3.367s]   warnings.warn(
[3.367s] running install_lib
[3.368s] running install_data
[3.369s] running install_egg_info
[3.371s] removing '/home/user/ros2_ws/install/robot_python/lib/python3.10/site-packages/robot_python-0.0.0-py3.10.egg-info' (and everything under it)
[3.371s] Copying ../../build/robot_python/robot_python.egg-info to /home/user/ros2_ws/install/robot_python/lib/python3.10/site-packages/robot_python-0.0.0-py3.10.egg-info
[3.373s] running install_scripts
[3.402s] Installing my_publisher script to /home/user/ros2_ws/install/robot_python/lib/robot_python
[3.402s] Installing my_subscriber script to /home/user/ros2_ws/install/robot_python/lib/robot_python
[3.402s] Installing test_node script to /home/user/ros2_ws/install/robot_python/lib/robot_python
[3.402s] writing list of installed files to '/home/user/ros2_ws/build/robot_python/install.log'
[3.432s] Invoked command in '/home/user/ros2_ws/src/robot_python' returned '0': PYTHONPATH=/home/user/ros2_ws/build/robot_python/prefix_override:/home/user/ros2_ws/install/robot_python/lib/python3.10/site-packages:${PYTHONPATH} _=/usr/bin/env /usr/bin/python3 setup.py egg_info --egg-base ../../build/robot_python build --build-base /home/user/ros2_ws/build/robot_python/build install --record /home/user/ros2_ws/build/robot_python/install.log --single-version-externally-managed
