[0.082s] Invoking command in '/home/user/ros2_ws/build/robot_cpp': CMAKE_PREFIX_PATH=${CMAKE_PREFIX_PATH}:/home/user/ros2_ws/install/robot_test:/home/user/ros2_ws/install/robot_python:/home/user/ros2_ws/install/my_cpp_py_pkg:/opt/ros/iron _=/usr/bin/env /usr/bin/cmake --build /home/user/ros2_ws/build/robot_cpp -- -j8 -l8
[1.456s] [35m[1mConsolidate compiler generated dependencies of target LaserScan[0m
[1.457s] [ 50%] Built target publisher
[1.457s] [ 75%] [32mBuilding CXX object CMakeFiles/LaserScan.dir/src/laserscan.cpp.o[0m
[9.232s] [100%] [32m[1mLinking CXX executable LaserScan[0m
[11.757s] [100%] Built target LaserScan
[11.767s] Invoked command in '/home/user/ros2_ws/build/robot_cpp' returned '0': CMAKE_PREFIX_PATH=${CMAKE_PREFIX_PATH}:/home/user/ros2_ws/install/robot_test:/home/user/ros2_ws/install/robot_python:/home/user/ros2_ws/install/my_cpp_py_pkg:/opt/ros/iron _=/usr/bin/env /usr/bin/cmake --build /home/user/ros2_ws/build/robot_cpp -- -j8 -l8
[11.813s] Invoking command in '/home/user/ros2_ws/build/robot_cpp': CMAKE_PREFIX_PATH=${CMAKE_PREFIX_PATH}:/home/user/ros2_ws/install/robot_test:/home/user/ros2_ws/install/robot_python:/home/user/ros2_ws/install/my_cpp_py_pkg:/opt/ros/iron _=/usr/bin/env /usr/bin/cmake --install /home/user/ros2_ws/build/robot_cpp
[11.819s] -- Install configuration: ""
[11.820s] -- Up-to-date: /home/user/ros2_ws/install/robot_cpp/lib/robot_cpp/publisher
[11.820s] -- Installing: /home/user/ros2_ws/install/robot_cpp/lib/robot_cpp/LaserScan
[11.822s] -- Set runtime path of "/home/user/ros2_ws/install/robot_cpp/lib/robot_cpp/LaserScan" to ""
[11.822s] -- Installing: /home/user/ros2_ws/install/robot_cpp/share/ament_index/resource_index/package_run_dependencies/robot_cpp
[11.822s] -- Installing: /home/user/ros2_ws/install/robot_cpp/share/ament_index/resource_index/parent_prefix_path/robot_cpp
[11.823s] -- Up-to-date: /home/user/ros2_ws/install/robot_cpp/share/robot_cpp/environment/ament_prefix_path.sh
[11.823s] -- Up-to-date: /home/user/ros2_ws/install/robot_cpp/share/robot_cpp/environment/ament_prefix_path.dsv
[11.823s] -- Up-to-date: /home/user/ros2_ws/install/robot_cpp/share/robot_cpp/environment/path.sh
[11.824s] -- Up-to-date: /home/user/ros2_ws/install/robot_cpp/share/robot_cpp/environment/path.dsv
[11.824s] -- Up-to-date: /home/user/ros2_ws/install/robot_cpp/share/robot_cpp/local_setup.bash
[11.824s] -- Up-to-date: /home/user/ros2_ws/install/robot_cpp/share/robot_cpp/local_setup.sh
[11.824s] -- Up-to-date: /home/user/ros2_ws/install/robot_cpp/share/robot_cpp/local_setup.zsh
[11.825s] -- Up-to-date: /home/user/ros2_ws/install/robot_cpp/share/robot_cpp/local_setup.dsv
[11.830s] -- Installing: /home/user/ros2_ws/install/robot_cpp/share/robot_cpp/package.dsv
[11.831s] -- Up-to-date: /home/user/ros2_ws/install/robot_cpp/share/ament_index/resource_index/packages/robot_cpp
[11.832s] -- Up-to-date: /home/user/ros2_ws/install/robot_cpp/share/robot_cpp/cmake/robot_cppConfig.cmake
[11.832s] -- Up-to-date: /home/user/ros2_ws/install/robot_cpp/share/robot_cpp/cmake/robot_cppConfig-version.cmake
[11.832s] -- Installing: /home/user/ros2_ws/install/robot_cpp/share/robot_cpp/package.xml
[11.833s] Invoked command in '/home/user/ros2_ws/build/robot_cpp' returned '0': CMAKE_PREFIX_PATH=${CMAKE_PREFIX_PATH}:/home/user/ros2_ws/install/robot_test:/home/user/ros2_ws/install/robot_python:/home/user/ros2_ws/install/my_cpp_py_pkg:/opt/ros/iron _=/usr/bin/env /usr/bin/cmake --install /home/user/ros2_ws/build/robot_cpp
