[0.577s] Invoking command in '/home/user/ros2_ws/build/turtlebot3_gazebo': CMAKE_PREFIX_PATH=${CMAKE_PREFIX_PATH}:/home/user/ros2_ws/install/robot_test:/home/user/ros2_ws/install/robot_python:/home/user/ros2_ws/install/my_cpp_py_pkg:/opt/ros/iron _=/usr/bin/env /usr/bin/cmake --build /home/user/ros2_ws/build/turtlebot3_gazebo -- -j8 -l8
[5.196s] [ 25%] Built target turtlebot3_drive
[7.214s] [ 50%] Built target obstacle2
[7.216s] [100%] Built target obstacle1
[7.217s] [100%] Built target obstacles
[7.227s] Invoked command in '/home/user/ros2_ws/build/turtlebot3_gazebo' returned '0': CMAKE_PREFIX_PATH=${CMAKE_PREFIX_PATH}:/home/user/ros2_ws/install/robot_test:/home/user/ros2_ws/install/robot_python:/home/user/ros2_ws/install/my_cpp_py_pkg:/opt/ros/iron _=/usr/bin/env /usr/bin/cmake --build /home/user/ros2_ws/build/turtlebot3_gazebo -- -j8 -l8
[7.276s] Invoking command in '/home/user/ros2_ws/build/turtlebot3_gazebo': CMAKE_PREFIX_PATH=${CMAKE_PREFIX_PATH}:/home/user/ros2_ws/install/robot_test:/home/user/ros2_ws/install/robot_python:/home/user/ros2_ws/install/my_cpp_py_pkg:/opt/ros/iron _=/usr/bin/env /usr/bin/cmake --install /home/user/ros2_ws/build/turtlebot3_gazebo
[7.282s] -- Install configuration: ""
[7.283s] -- Up-to-date: /home/user/ros2_ws/install/turtlebot3_gazebo/lib/turtlebot3_gazebo/turtlebot3_drive
[7.283s] -- Up-to-date: /home/user/ros2_ws/install/turtlebot3_gazebo/share/turtlebot3_gazebo//launch
[7.283s] -- Up-to-date: /home/user/ros2_ws/install/turtlebot3_gazebo/share/turtlebot3_gazebo//launch/turtlebot3_dqn_stage2.launch.py
[7.284s] -- Up-to-date: /home/user/ros2_ws/install/turtlebot3_gazebo/share/turtlebot3_gazebo//launch/turtlebot3_house.launch.py
[7.284s] -- Up-to-date: /home/user/ros2_ws/install/turtlebot3_gazebo/share/turtlebot3_gazebo//launch/empty_world.launch.py
[7.284s] -- Up-to-date: /home/user/ros2_ws/install/turtlebot3_gazebo/share/turtlebot3_gazebo//launch/turtlebot3_dqn_stage1.launch.py
[7.285s] -- Up-to-date: /home/user/ros2_ws/install/turtlebot3_gazebo/share/turtlebot3_gazebo//launch/spawn_turtlebot3.launch.py
[7.285s] -- Up-to-date: /home/user/ros2_ws/install/turtlebot3_gazebo/share/turtlebot3_gazebo//launch/robot_state_publisher.launch.py
[7.286s] -- Up-to-date: /home/user/ros2_ws/install/turtlebot3_gazebo/share/turtlebot3_gazebo//launch/turtlebot3_dqn_stage4.launch.py
[7.286s] -- Up-to-date: /home/user/ros2_ws/install/turtlebot3_gazebo/share/turtlebot3_gazebo//launch/turtlebot3_world.launch.py
[7.286s] -- Up-to-date: /home/user/ros2_ws/install/turtlebot3_gazebo/share/turtlebot3_gazebo//launch/turtlebot3_dqn_stage3.launch.py
[7.287s] -- Up-to-date: /home/user/ros2_ws/install/turtlebot3_gazebo/share/turtlebot3_gazebo//models
[7.287s] -- Up-to-date: /home/user/ros2_ws/install/turtlebot3_gazebo/share/turtlebot3_gazebo//models/turtlebot3_dqn_world
[7.287s] -- Up-to-date: /home/user/ros2_ws/install/turtlebot3_gazebo/share/turtlebot3_gazebo//models/turtlebot3_dqn_world/goal_box
[7.287s] -- Up-to-date: /home/user/ros2_ws/install/turtlebot3_gazebo/share/turtlebot3_gazebo//models/turtlebot3_dqn_world/goal_box/model.sdf
[7.288s] -- Up-to-date: /home/user/ros2_ws/install/turtlebot3_gazebo/share/turtlebot3_gazebo//models/turtlebot3_dqn_world/goal_box/model.config
[7.288s] -- Up-to-date: /home/user/ros2_ws/install/turtlebot3_gazebo/share/turtlebot3_gazebo//models/turtlebot3_dqn_world/model.sdf
[7.288s] -- Up-to-date: /home/user/ros2_ws/install/turtlebot3_gazebo/share/turtlebot3_gazebo//models/turtlebot3_dqn_world/obstacle2
[7.288s] -- Up-to-date: /home/user/ros2_ws/install/turtlebot3_gazebo/share/turtlebot3_gazebo//models/turtlebot3_dqn_world/obstacle2/model.sdf
[7.289s] -- Up-to-date: /home/user/ros2_ws/install/turtlebot3_gazebo/share/turtlebot3_gazebo//models/turtlebot3_dqn_world/obstacle2/model.config
[7.289s] -- Up-to-date: /home/user/ros2_ws/install/turtlebot3_gazebo/share/turtlebot3_gazebo//models/turtlebot3_dqn_world/inner_walls
[7.289s] -- Up-to-date: /home/user/ros2_ws/install/turtlebot3_gazebo/share/turtlebot3_gazebo//models/turtlebot3_dqn_world/inner_walls/model.sdf
[7.290s] -- Up-to-date: /home/user/ros2_ws/install/turtlebot3_gazebo/share/turtlebot3_gazebo//models/turtlebot3_dqn_world/inner_walls/model.config
[7.293s] -- Up-to-date: /home/user/ros2_ws/install/turtlebot3_gazebo/share/turtlebot3_gazebo//models/turtlebot3_dqn_world/obstacle_plugin
[7.293s] -- Up-to-date: /home/user/ros2_ws/install/turtlebot3_gazebo/share/turtlebot3_gazebo//models/turtlebot3_dqn_world/obstacle_plugin/obstacle2.cc
[7.293s] -- Up-to-date: /home/user/ros2_ws/install/turtlebot3_gazebo/share/turtlebot3_gazebo//models/turtlebot3_dqn_world/obstacle_plugin/obstacles.cc
[7.294s] -- Up-to-date: /home/user/ros2_ws/install/turtlebot3_gazebo/share/turtlebot3_gazebo//models/turtlebot3_dqn_world/obstacle_plugin/obstacle1.cc
[7.294s] -- Up-to-date: /home/user/ros2_ws/install/turtlebot3_gazebo/share/turtlebot3_gazebo//models/turtlebot3_dqn_world/obstacle_plugin/CMakeLists.txt
[7.295s] -- Up-to-date: /home/user/ros2_ws/install/turtlebot3_gazebo/share/turtlebot3_gazebo//models/turtlebot3_dqn_world/obstacle1
[7.295s] -- Up-to-date: /home/user/ros2_ws/install/turtlebot3_gazebo/share/turtlebot3_gazebo//models/turtlebot3_dqn_world/obstacle1/model.sdf
[7.295s] -- Up-to-date: /home/user/ros2_ws/install/turtlebot3_gazebo/share/turtlebot3_gazebo//models/turtlebot3_dqn_world/obstacle1/model.config
[7.295s] -- Up-to-date: /home/user/ros2_ws/install/turtlebot3_gazebo/share/turtlebot3_gazebo//models/turtlebot3_dqn_world/model.config
[7.296s] -- Up-to-date: /home/user/ros2_ws/install/turtlebot3_gazebo/share/turtlebot3_gazebo//models/turtlebot3_dqn_world/obstacles
[7.296s] -- Up-to-date: /home/user/ros2_ws/install/turtlebot3_gazebo/share/turtlebot3_gazebo//models/turtlebot3_dqn_world/obstacles/model.sdf
[7.296s] -- Up-to-date: /home/user/ros2_ws/install/turtlebot3_gazebo/share/turtlebot3_gazebo//models/turtlebot3_dqn_world/obstacles/model.config
[7.296s] -- Up-to-date: /home/user/ros2_ws/install/turtlebot3_gazebo/share/turtlebot3_gazebo//models/turtlebot3_house
[7.297s] -- Up-to-date: /home/user/ros2_ws/install/turtlebot3_gazebo/share/turtlebot3_gazebo//models/turtlebot3_house/model.sdf
[7.297s] -- Up-to-date: /home/user/ros2_ws/install/turtlebot3_gazebo/share/turtlebot3_gazebo//models/turtlebot3_house/model.config
[7.299s] -- Up-to-date: /home/user/ros2_ws/install/turtlebot3_gazebo/share/turtlebot3_gazebo//models/turtlebot3_common
[7.299s] -- Up-to-date: /home/user/ros2_ws/install/turtlebot3_gazebo/share/turtlebot3_gazebo//models/turtlebot3_common/meshes
[7.300s] -- Up-to-date: /home/user/ros2_ws/install/turtlebot3_gazebo/share/turtlebot3_gazebo//models/turtlebot3_common/meshes/tire.dae
[7.300s] -- Up-to-date: /home/user/ros2_ws/install/turtlebot3_gazebo/share/turtlebot3_gazebo//models/turtlebot3_common/meshes/waffle_base.dae
[7.301s] -- Up-to-date: /home/user/ros2_ws/install/turtlebot3_gazebo/share/turtlebot3_gazebo//models/turtlebot3_common/meshes/r200.dae
[7.301s] -- Up-to-date: /home/user/ros2_ws/install/turtlebot3_gazebo/share/turtlebot3_gazebo//models/turtlebot3_common/meshes/lds.dae
[7.302s] -- Up-to-date: /home/user/ros2_ws/install/turtlebot3_gazebo/share/turtlebot3_gazebo//models/turtlebot3_common/meshes/waffle_pi_base.dae
[7.302s] -- Up-to-date: /home/user/ros2_ws/install/turtlebot3_gazebo/share/turtlebot3_gazebo//models/turtlebot3_common/meshes/burger_base.dae
[7.303s] -- Up-to-date: /home/user/ros2_ws/install/turtlebot3_gazebo/share/turtlebot3_gazebo//models/turtlebot3_common/model.config
[7.305s] -- Up-to-date: /home/user/ros2_ws/install/turtlebot3_gazebo/share/turtlebot3_gazebo//models/turtlebot3_world
[7.305s] -- Up-to-date: /home/user/ros2_ws/install/turtlebot3_gazebo/share/turtlebot3_gazebo//models/turtlebot3_world/model.sdf
[7.305s] -- Up-to-date: /home/user/ros2_ws/install/turtlebot3_gazebo/share/turtlebot3_gazebo//models/turtlebot3_world/meshes
[7.306s] -- Up-to-date: /home/user/ros2_ws/install/turtlebot3_gazebo/share/turtlebot3_gazebo//models/turtlebot3_world/meshes/wall.dae
[7.306s] -- Up-to-date: /home/user/ros2_ws/install/turtlebot3_gazebo/share/turtlebot3_gazebo//models/turtlebot3_world/meshes/hexagon.dae
[7.307s] -- Up-to-date: /home/user/ros2_ws/install/turtlebot3_gazebo/share/turtlebot3_gazebo//models/turtlebot3_world/model-1_4.sdf
[7.308s] -- Up-to-date: /home/user/ros2_ws/install/turtlebot3_gazebo/share/turtlebot3_gazebo//models/turtlebot3_world/model.config
[7.308s] -- Up-to-date: /home/user/ros2_ws/install/turtlebot3_gazebo/share/turtlebot3_gazebo//models/turtlebot3_waffle
[7.308s] -- Up-to-date: /home/user/ros2_ws/install/turtlebot3_gazebo/share/turtlebot3_gazebo//models/turtlebot3_waffle/model.sdf
[7.309s] -- Up-to-date: /home/user/ros2_ws/install/turtlebot3_gazebo/share/turtlebot3_gazebo//models/turtlebot3_waffle/model-1_4.sdf
[7.309s] -- Up-to-date: /home/user/ros2_ws/install/turtlebot3_gazebo/share/turtlebot3_gazebo//models/turtlebot3_waffle/model.config
[7.310s] -- Up-to-date: /home/user/ros2_ws/install/turtlebot3_gazebo/share/turtlebot3_gazebo//rviz
[7.310s] -- Up-to-date: /home/user/ros2_ws/install/turtlebot3_gazebo/share/turtlebot3_gazebo//rviz/tb3_gazebo.rviz
[7.312s] -- Up-to-date: /home/user/ros2_ws/install/turtlebot3_gazebo/share/turtlebot3_gazebo//urdf
[7.312s] -- Up-to-date: /home/user/ros2_ws/install/turtlebot3_gazebo/share/turtlebot3_gazebo//urdf/turtlebot3_waffle.urdf
[7.312s] -- Up-to-date: /home/user/ros2_ws/install/turtlebot3_gazebo/share/turtlebot3_gazebo//urdf/turtlebot3_waffle_pi.urdf
[7.312s] -- Up-to-date: /home/user/ros2_ws/install/turtlebot3_gazebo/share/turtlebot3_gazebo//urdf/common_properties.urdf
[7.312s] -- Up-to-date: /home/user/ros2_ws/install/turtlebot3_gazebo/share/turtlebot3_gazebo//urdf/turtlebot3_burger.urdf
[7.312s] -- Up-to-date: /home/user/ros2_ws/install/turtlebot3_gazebo/share/turtlebot3_gazebo//worlds
[7.313s] -- Up-to-date: /home/user/ros2_ws/install/turtlebot3_gazebo/share/turtlebot3_gazebo//worlds/turtlebot3_dqn_stage2.world
[7.313s] -- Up-to-date: /home/user/ros2_ws/install/turtlebot3_gazebo/share/turtlebot3_gazebo//worlds/turtlebot3_dqn_stage3.world
[7.313s] -- Up-to-date: /home/user/ros2_ws/install/turtlebot3_gazebo/share/turtlebot3_gazebo//worlds/turtlebot3_dqn_stage1.world
[7.313s] -- Up-to-date: /home/user/ros2_ws/install/turtlebot3_gazebo/share/turtlebot3_gazebo//worlds/turtlebot3_house.world
[7.313s] -- Up-to-date: /home/user/ros2_ws/install/turtlebot3_gazebo/share/turtlebot3_gazebo//worlds/turtlebot3_dqn_stage4.world
[7.314s] -- Up-to-date: /home/user/ros2_ws/install/turtlebot3_gazebo/share/turtlebot3_gazebo//worlds/turtlebot3_world.world
[7.314s] -- Up-to-date: /home/user/ros2_ws/install/turtlebot3_gazebo/share/turtlebot3_gazebo//worlds/empty_world.world
[7.314s] -- Up-to-date: /home/user/ros2_ws/install/turtlebot3_gazebo/include/
[7.314s] -- Up-to-date: /home/user/ros2_ws/install/turtlebot3_gazebo/include//turtlebot3_gazebo
[7.314s] -- Up-to-date: /home/user/ros2_ws/install/turtlebot3_gazebo/include//turtlebot3_gazebo/turtlebot3_drive.hpp
[7.314s] -- Up-to-date: /home/user/ros2_ws/install/turtlebot3_gazebo/share/ament_index/resource_index/package_run_dependencies/turtlebot3_gazebo
[7.315s] -- Up-to-date: /home/user/ros2_ws/install/turtlebot3_gazebo/share/ament_index/resource_index/parent_prefix_path/turtlebot3_gazebo
[7.315s] -- Up-to-date: /home/user/ros2_ws/install/turtlebot3_gazebo/share/turtlebot3_gazebo/environment/ament_prefix_path.sh
[7.315s] -- Up-to-date: /home/user/ros2_ws/install/turtlebot3_gazebo/share/turtlebot3_gazebo/environment/ament_prefix_path.dsv
[7.315s] -- Up-to-date: /home/user/ros2_ws/install/turtlebot3_gazebo/share/turtlebot3_gazebo/environment/path.sh
[7.315s] -- Up-to-date: /home/user/ros2_ws/install/turtlebot3_gazebo/share/turtlebot3_gazebo/environment/path.dsv
[7.316s] -- Up-to-date: /home/user/ros2_ws/install/turtlebot3_gazebo/share/turtlebot3_gazebo/local_setup.bash
[7.316s] -- Up-to-date: /home/user/ros2_ws/install/turtlebot3_gazebo/share/turtlebot3_gazebo/local_setup.sh
[7.316s] -- Up-to-date: /home/user/ros2_ws/install/turtlebot3_gazebo/share/turtlebot3_gazebo/local_setup.zsh
[7.316s] -- Up-to-date: /home/user/ros2_ws/install/turtlebot3_gazebo/share/turtlebot3_gazebo/local_setup.dsv
[7.316s] -- Installing: /home/user/ros2_ws/install/turtlebot3_gazebo/share/turtlebot3_gazebo/package.dsv
[7.317s] -- Up-to-date: /home/user/ros2_ws/install/turtlebot3_gazebo/share/ament_index/resource_index/packages/turtlebot3_gazebo
[7.317s] -- Up-to-date: /home/user/ros2_ws/install/turtlebot3_gazebo/share/turtlebot3_gazebo/cmake/ament_cmake_export_include_directories-extras.cmake
[7.317s] -- Up-to-date: /home/user/ros2_ws/install/turtlebot3_gazebo/share/turtlebot3_gazebo/cmake/ament_cmake_export_dependencies-extras.cmake
[7.317s] -- Up-to-date: /home/user/ros2_ws/install/turtlebot3_gazebo/share/turtlebot3_gazebo/cmake/turtlebot3_gazeboConfig.cmake
[7.317s] -- Up-to-date: /home/user/ros2_ws/install/turtlebot3_gazebo/share/turtlebot3_gazebo/cmake/turtlebot3_gazeboConfig-version.cmake
[7.317s] -- Up-to-date: /home/user/ros2_ws/install/turtlebot3_gazebo/share/turtlebot3_gazebo/package.xml
[7.318s] Invoked command in '/home/user/ros2_ws/build/turtlebot3_gazebo' returned '0': CMAKE_PREFIX_PATH=${CMAKE_PREFIX_PATH}:/home/user/ros2_ws/install/robot_test:/home/user/ros2_ws/install/robot_python:/home/user/ros2_ws/install/my_cpp_py_pkg:/opt/ros/iron _=/usr/bin/env /usr/bin/cmake --install /home/user/ros2_ws/build/turtlebot3_gazebo
