[0.089s] Invoking command in '/home/user/ros2_ws/build/robot_control': CMAKE_PREFIX_PATH=${CMAKE_PREFIX_PATH}:/home/user/ros2_ws/install/robot_python:/opt/ros/iron _=/usr/bin/env /usr/bin/cmake --build /home/user/ros2_ws/build/robot_control -- -j8 -l8
[1.105s] [ 50%] Built target publisher_member_function.cpp
[1.105s] [100%] Built target listener
[1.113s] Invoked command in '/home/user/ros2_ws/build/robot_control' returned '0': CMAKE_PREFIX_PATH=${CMAKE_PREFIX_PATH}:/home/user/ros2_ws/install/robot_python:/opt/ros/iron _=/usr/bin/env /usr/bin/cmake --build /home/user/ros2_ws/build/robot_control -- -j8 -l8
[1.472s] Invoking command in '/home/user/ros2_ws/build/robot_control': CMAKE_PREFIX_PATH=${CMAKE_PREFIX_PATH}:/home/user/ros2_ws/install/robot_python:/opt/ros/iron _=/usr/bin/env /usr/bin/cmake --install /home/user/ros2_ws/build/robot_control
[1.499s] -- Install configuration: ""
[1.499s] -- Up-to-date: /home/user/ros2_ws/install/robot_control/lib/robot_control/publisher_member_function.cpp
[1.501s] -- Up-to-date: /home/user/ros2_ws/install/robot_control/lib/robot_control/listener
[1.502s] -- Up-to-date: /home/user/ros2_ws/install/robot_control/share/ament_index/resource_index/package_run_dependencies/robot_control
[1.502s] -- Up-to-date: /home/user/ros2_ws/install/robot_control/share/ament_index/resource_index/parent_prefix_path/robot_control
[1.502s] -- Up-to-date: /home/user/ros2_ws/install/robot_control/share/robot_control/environment/ament_prefix_path.sh
[1.502s] -- Up-to-date: /home/user/ros2_ws/install/robot_control/share/robot_control/environment/ament_prefix_path.dsv
[1.502s] -- Up-to-date: /home/user/ros2_ws/install/robot_control/share/robot_control/environment/path.sh
[1.503s] -- Up-to-date: /home/user/ros2_ws/install/robot_control/share/robot_control/environment/path.dsv
[1.504s] -- Up-to-date: /home/user/ros2_ws/install/robot_control/share/robot_control/local_setup.bash
[1.504s] -- Up-to-date: /home/user/ros2_ws/install/robot_control/share/robot_control/local_setup.sh
[1.511s] -- Up-to-date: /home/user/ros2_ws/install/robot_control/share/robot_control/local_setup.zsh
[1.511s] -- Up-to-date: /home/user/ros2_ws/install/robot_control/share/robot_control/local_setup.dsv
[1.513s] -- Installing: /home/user/ros2_ws/install/robot_control/share/robot_control/package.dsv
[1.529s] -- Up-to-date: /home/user/ros2_ws/install/robot_control/share/ament_index/resource_index/packages/robot_control
[1.529s] -- Up-to-date: /home/user/ros2_ws/install/robot_control/share/robot_control/cmake/robot_controlConfig.cmake
[1.529s] -- Up-to-date: /home/user/ros2_ws/install/robot_control/share/robot_control/cmake/robot_controlConfig-version.cmake
[1.529s] -- Up-to-date: /home/user/ros2_ws/install/robot_control/share/robot_control/package.xml
[1.530s] Invoked command in '/home/user/ros2_ws/build/robot_control' returned '0': CMAKE_PREFIX_PATH=${CMAKE_PREFIX_PATH}:/home/user/ros2_ws/install/robot_python:/opt/ros/iron _=/usr/bin/env /usr/bin/cmake --install /home/user/ros2_ws/build/robot_control
