[0.043s] Invoking command in '/home/user/ros2_ws/build/robot_control': CMAKE_PREFIX_PATH=${CMAKE_PREFIX_PATH}:/opt/ros/iron _=/usr/bin/env /usr/bin/cmake --build /home/user/ros2_ws/build/robot_control -- -j8 -l8
[0.283s] -- Found ament_cmake: 2.0.2 (/opt/ros/iron/share/ament_cmake/cmake)
[0.974s] -- Found rclcpp: 21.0.1 (/opt/ros/iron/share/rclcpp/cmake)
[1.076s] -- Found rosidl_generator_c: 4.0.0 (/opt/ros/iron/share/rosidl_generator_c/cmake)
[1.107s] -- Found rosidl_generator_cpp: 4.0.0 (/opt/ros/iron/share/rosidl_generator_cpp/cmake)
[1.145s] -- Using all available rosidl_typesupport_c: rosidl_typesupport_fastrtps_c;rosidl_typesupport_introspection_c
[1.193s] -- Using all available rosidl_typesupport_cpp: rosidl_typesupport_fastrtps_cpp;rosidl_typesupport_introspection_cpp
[1.516s] -- Found rmw_implementation_cmake: 7.1.0 (/opt/ros/iron/share/rmw_implementation_cmake/cmake)
[1.521s] -- Found rmw_fastrtps_cpp: 7.1.1 (/opt/ros/iron/share/rmw_fastrtps_cpp/cmake)
[1.862s] -- Using RMW implementation 'rmw_fastrtps_cpp' as default
[2.143s] -- Found std_msgs: 5.0.0 (/opt/ros/iron/share/std_msgs/cmake)
[2.204s] [31mCMake Error at /opt/ros/iron/share/ament_cmake_target_dependencies/cmake/ament_target_dependencies.cmake:42 (message):
[2.205s]   ament_target_dependencies() the first argument must be a valid target name
[2.205s] Call Stack (most recent call first):
[2.205s]   CMakeLists.txt:17 (ament_target_dependencies)
[2.205s] 
[2.205s] [0m
[2.205s] -- Configuring incomplete, errors occurred!
[2.205s] See also "/home/user/ros2_ws/build/robot_control/CMakeFiles/CMakeOutput.log".
[2.213s] gmake: *** [Makefile:308: cmake_check_build_system] Error 1
[2.215s] Invoked command in '/home/user/ros2_ws/build/robot_control' returned '2': CMAKE_PREFIX_PATH=${CMAKE_PREFIX_PATH}:/opt/ros/iron _=/usr/bin/env /usr/bin/cmake --build /home/user/ros2_ws/build/robot_control -- -j8 -l8
