[0.062s] Invoking command in '/home/user/ros2_ws/build/navigation_tb3': CMAKE_PREFIX_PATH=${CMAKE_PREFIX_PATH}:/opt/ros/iron _=/usr/bin/env /usr/bin/cmake --build /home/user/ros2_ws/build/navigation_tb3 -- -j8 -l8
[0.243s] [100%] Built target pub_occupancy_grid
[0.358s] [100%] Built target ament_cmake_python_copy_navigation_tb3
[1.507s] running egg_info
[1.507s] writing navigation_tb3.egg-info/PKG-INFO
[1.507s] writing dependency_links to navigation_tb3.egg-info/dependency_links.txt
[1.508s] writing top-level names to navigation_tb3.egg-info/top_level.txt
[1.508s] reading manifest file 'navigation_tb3.egg-info/SOURCES.txt'
[1.509s] writing manifest file 'navigation_tb3.egg-info/SOURCES.txt'
[1.605s] [100%] Built target ament_cmake_python_build_navigation_tb3_egg
[1.641s] Invoked command in '/home/user/ros2_ws/build/navigation_tb3' returned '0': CMAKE_PREFIX_PATH=${CMAKE_PREFIX_PATH}:/opt/ros/iron _=/usr/bin/env /usr/bin/cmake --build /home/user/ros2_ws/build/navigation_tb3 -- -j8 -l8
[1.762s] Invoking command in '/home/user/ros2_ws/build/navigation_tb3': CMAKE_PREFIX_PATH=${CMAKE_PREFIX_PATH}:/opt/ros/iron _=/usr/bin/env /usr/bin/cmake --install /home/user/ros2_ws/build/navigation_tb3
[1.778s] -- Install configuration: ""
[1.779s] -- Up-to-date: /home/user/ros2_ws/install/navigation_tb3/lib/navigation_tb3/pub_occupancy_grid
[1.781s] -- Up-to-date: /home/user/ros2_ws/install/navigation_tb3/share/navigation_tb3/launch
[1.781s] -- Up-to-date: /home/user/ros2_ws/install/navigation_tb3/share/navigation_tb3/launch/mapping2.launch.py
[1.781s] -- Up-to-date: /home/user/ros2_ws/install/navigation_tb3/share/navigation_tb3/launch/navigation.launch.py
[1.782s] -- Up-to-date: /home/user/ros2_ws/install/navigation_tb3/share/navigation_tb3/launch/navigation2.launch.py
[1.782s] -- Up-to-date: /home/user/ros2_ws/install/navigation_tb3/share/navigation_tb3/launch/mapping.launch.py
[1.783s] -- Up-to-date: /home/user/ros2_ws/install/navigation_tb3/share/navigation_tb3/config
[1.783s] -- Up-to-date: /home/user/ros2_ws/install/navigation_tb3/share/navigation_tb3/config/tb3_map.pgm
[1.783s] -- Up-to-date: /home/user/ros2_ws/install/navigation_tb3/share/navigation_tb3/config/test.yaml
[1.784s] -- Up-to-date: /home/user/ros2_ws/install/navigation_tb3/share/navigation_tb3/config/navigation.rviz
[1.784s] -- Up-to-date: /home/user/ros2_ws/install/navigation_tb3/share/navigation_tb3/config/mapping.rviz
[1.784s] -- Up-to-date: /home/user/ros2_ws/install/navigation_tb3/share/navigation_tb3/config/test.pgm
[1.787s] -- Up-to-date: /home/user/ros2_ws/install/navigation_tb3/share/navigation_tb3/config/tb3_nav2_params.yaml
[1.787s] -- Up-to-date: /home/user/ros2_ws/install/navigation_tb3/share/navigation_tb3/config/tb3_map.yaml
[1.787s] -- Up-to-date: /home/user/ros2_ws/install/navigation_tb3/share/navigation_tb3/config/turtlebot3_lds_2d.lua
[1.788s] -- Up-to-date: /home/user/ros2_ws/install/navigation_tb3/share/navigation_tb3/config/mapping2.rviz
[1.788s] -- Up-to-date: /home/user/ros2_ws/install/navigation_tb3/share/navigation_tb3/environment/pythonpath.sh
[1.789s] -- Up-to-date: /home/user/ros2_ws/install/navigation_tb3/share/navigation_tb3/environment/pythonpath.dsv
[1.789s] -- Up-to-date: /home/user/ros2_ws/install/navigation_tb3/lib/python3.10/site-packages/navigation_tb3-0.0.0-py3.10.egg-info
[1.790s] -- Installing: /home/user/ros2_ws/install/navigation_tb3/lib/python3.10/site-packages/navigation_tb3-0.0.0-py3.10.egg-info/PKG-INFO
[1.791s] -- Installing: /home/user/ros2_ws/install/navigation_tb3/lib/python3.10/site-packages/navigation_tb3-0.0.0-py3.10.egg-info/top_level.txt
[1.792s] -- Installing: /home/user/ros2_ws/install/navigation_tb3/lib/python3.10/site-packages/navigation_tb3-0.0.0-py3.10.egg-info/SOURCES.txt
[1.793s] -- Installing: /home/user/ros2_ws/install/navigation_tb3/lib/python3.10/site-packages/navigation_tb3-0.0.0-py3.10.egg-info/dependency_links.txt
[1.793s] -- Up-to-date: /home/user/ros2_ws/install/navigation_tb3/lib/python3.10/site-packages/navigation_tb3
[1.794s] -- Up-to-date: /home/user/ros2_ws/install/navigation_tb3/lib/python3.10/site-packages/navigation_tb3/__init__.py
[1.891s] Listing '/home/user/ros2_ws/install/navigation_tb3/lib/python3.10/site-packages/navigation_tb3'...
[1.892s] -- Up-to-date: /home/user/ros2_ws/install/navigation_tb3/lib/navigation_tb3/single_goal_nav.py
[1.892s] -- Up-to-date: /home/user/ros2_ws/install/navigation_tb3/lib/navigation_tb3/multi_waypoints.py
[1.892s] -- Up-to-date: /home/user/ros2_ws/install/navigation_tb3/share/ament_index/resource_index/package_run_dependencies/navigation_tb3
[1.892s] -- Up-to-date: /home/user/ros2_ws/install/navigation_tb3/share/ament_index/resource_index/parent_prefix_path/navigation_tb3
[1.892s] -- Up-to-date: /home/user/ros2_ws/install/navigation_tb3/share/navigation_tb3/environment/ament_prefix_path.sh
[1.893s] -- Up-to-date: /home/user/ros2_ws/install/navigation_tb3/share/navigation_tb3/environment/ament_prefix_path.dsv
[1.893s] -- Up-to-date: /home/user/ros2_ws/install/navigation_tb3/share/navigation_tb3/environment/path.sh
[1.893s] -- Up-to-date: /home/user/ros2_ws/install/navigation_tb3/share/navigation_tb3/environment/path.dsv
[1.893s] -- Up-to-date: /home/user/ros2_ws/install/navigation_tb3/share/navigation_tb3/local_setup.bash
[1.893s] -- Up-to-date: /home/user/ros2_ws/install/navigation_tb3/share/navigation_tb3/local_setup.sh
[1.893s] -- Up-to-date: /home/user/ros2_ws/install/navigation_tb3/share/navigation_tb3/local_setup.zsh
[1.894s] -- Up-to-date: /home/user/ros2_ws/install/navigation_tb3/share/navigation_tb3/local_setup.dsv
[1.894s] -- Installing: /home/user/ros2_ws/install/navigation_tb3/share/navigation_tb3/package.dsv
[1.894s] -- Up-to-date: /home/user/ros2_ws/install/navigation_tb3/share/ament_index/resource_index/packages/navigation_tb3
[1.894s] -- Up-to-date: /home/user/ros2_ws/install/navigation_tb3/share/navigation_tb3/cmake/navigation_tb3Config.cmake
[1.894s] -- Up-to-date: /home/user/ros2_ws/install/navigation_tb3/share/navigation_tb3/cmake/navigation_tb3Config-version.cmake
[1.895s] -- Up-to-date: /home/user/ros2_ws/install/navigation_tb3/share/navigation_tb3/package.xml
[1.905s] Invoked command in '/home/user/ros2_ws/build/navigation_tb3' returned '0': CMAKE_PREFIX_PATH=${CMAKE_PREFIX_PATH}:/opt/ros/iron _=/usr/bin/env /usr/bin/cmake --install /home/user/ros2_ws/build/navigation_tb3
