[0.042s] Invoking command in '/home/user/ros2_ws/build/robot_control': CMAKE_PREFIX_PATH=${CMAKE_PREFIX_PATH}:/opt/ros/iron _=/usr/bin/env /usr/bin/cmake --build /home/user/ros2_ws/build/robot_control -- -j8 -l8
[0.086s] -- Found ament_cmake: 2.0.2 (/opt/ros/iron/share/ament_cmake/cmake)
[0.573s] -- Found rclcpp: 21.0.1 (/opt/ros/iron/share/rclcpp/cmake)
[0.659s] -- Found rosidl_generator_c: 4.0.0 (/opt/ros/iron/share/rosidl_generator_c/cmake)
[0.663s] -- Found rosidl_generator_cpp: 4.0.0 (/opt/ros/iron/share/rosidl_generator_cpp/cmake)
[0.726s] -- Using all available rosidl_typesupport_c: rosidl_typesupport_fastrtps_c;rosidl_typesupport_introspection_c
[0.751s] -- Using all available rosidl_typesupport_cpp: rosidl_typesupport_fastrtps_cpp;rosidl_typesupport_introspection_cpp
[1.074s] -- Found rmw_implementation_cmake: 7.1.0 (/opt/ros/iron/share/rmw_implementation_cmake/cmake)
[1.077s] -- Found rmw_fastrtps_cpp: 7.1.1 (/opt/ros/iron/share/rmw_fastrtps_cpp/cmake)
[1.298s] -- Using RMW implementation 'rmw_fastrtps_cpp' as default
[1.530s] -- Found std_msgs: 5.0.0 (/opt/ros/iron/share/std_msgs/cmake)
[1.573s] [31mCMake Error at CMakeLists.txt:23 (install):
[1.574s]   install TARGETS given target "talker" which does not exist.
[1.574s] 
[1.574s] [0m
[1.574s] -- Found ament_lint_auto: 0.14.1 (/opt/ros/iron/share/ament_lint_auto/cmake)
[1.677s] -- Added test 'cppcheck' to perform static code analysis on C / C++ code
[1.677s] -- Configured cppcheck include dirs: 
[1.678s] -- Configured cppcheck exclude dirs and/or files: 
[1.679s] -- Added test 'lint_cmake' to check CMake code style
[1.681s] -- Added test 'uncrustify' to check C / C++ code style
[1.681s] -- Configured uncrustify additional arguments: 
[1.682s] -- Added test 'xmllint' to check XML markup files
[1.684s] -- Configuring incomplete, errors occurred!
[1.684s] See also "/home/user/ros2_ws/build/robot_control/CMakeFiles/CMakeOutput.log".
[1.693s] gmake: *** [Makefile:308: cmake_check_build_system] Error 1
[1.695s] Invoked command in '/home/user/ros2_ws/build/robot_control' returned '2': CMAKE_PREFIX_PATH=${CMAKE_PREFIX_PATH}:/opt/ros/iron _=/usr/bin/env /usr/bin/cmake --build /home/user/ros2_ws/build/robot_control -- -j8 -l8
