-- Found ament_cmake: 2.0.2 (/opt/ros/iron/share/ament_cmake/cmake)
-- Found rclcpp: 21.0.1 (/opt/ros/iron/share/rclcpp/cmake)
-- Found rosidl_generator_c: 4.0.0 (/opt/ros/iron/share/rosidl_generator_c/cmake)
-- Found rosidl_generator_cpp: 4.0.0 (/opt/ros/iron/share/rosidl_generator_cpp/cmake)
-- Using all available rosidl_typesupport_c: rosidl_typesupport_fastrtps_c;rosidl_typesupport_introspection_c
-- Using all available rosidl_typesupport_cpp: rosidl_typesupport_fastrtps_cpp;rosidl_typesupport_introspection_cpp
-- Found rmw_implementation_cmake: 7.1.0 (/opt/ros/iron/share/rmw_implementation_cmake/cmake)
-- Found rmw_fastrtps_cpp: 7.1.1 (/opt/ros/iron/share/rmw_fastrtps_cpp/cmake)
-- Found OpenSSL: /usr/lib/x86_64-linux-gnu/libcrypto.so (found version "3.0.2")  
-- Found FastRTPS: /opt/ros/iron/include  
-- Using RMW implementation 'rmw_fastrtps_cpp' as default
-- Found std_msgs: 5.0.0 (/opt/ros/iron/share/std_msgs/cmake)
-- Found ament_lint_auto: 0.14.1 (/opt/ros/iron/share/ament_lint_auto/cmake)
-- Added test 'cppcheck' to perform static code analysis on C / C++ code
-- Configured cppcheck include dirs: 
-- Configured cppcheck exclude dirs and/or files: 
-- Added test 'lint_cmake' to check CMake code style
-- Added test 'uncrustify' to check C / C++ code style
-- Configured uncrustify additional arguments: 
-- Added test 'xmllint' to check XML markup files
-- Configuring done
-- Generating done
-- Build files have been written to: /home/user/ros2_ws/build/robot_cpp
[ 50%] [32mBuilding CXX object CMakeFiles/publisher.dir/src/publisher.cpp.o[0m
[100%] [32m[1mLinking CXX executable publisher[0m
[100%] Built target publisher
-- Install configuration: ""
-- Installing: /home/user/ros2_ws/install/robot_cpp/lib/robot_cpp/publisher
-- Set runtime path of "/home/user/ros2_ws/install/robot_cpp/lib/robot_cpp/publisher" to ""
-- Installing: /home/user/ros2_ws/install/robot_cpp/share/ament_index/resource_index/package_run_dependencies/robot_cpp
-- Installing: /home/user/ros2_ws/install/robot_cpp/share/ament_index/resource_index/parent_prefix_path/robot_cpp
-- Installing: /home/user/ros2_ws/install/robot_cpp/share/robot_cpp/environment/ament_prefix_path.sh
-- Installing: /home/user/ros2_ws/install/robot_cpp/share/robot_cpp/environment/ament_prefix_path.dsv
-- Installing: /home/user/ros2_ws/install/robot_cpp/share/robot_cpp/environment/path.sh
-- Installing: /home/user/ros2_ws/install/robot_cpp/share/robot_cpp/environment/path.dsv
-- Installing: /home/user/ros2_ws/install/robot_cpp/share/robot_cpp/local_setup.bash
-- Installing: /home/user/ros2_ws/install/robot_cpp/share/robot_cpp/local_setup.sh
-- Installing: /home/user/ros2_ws/install/robot_cpp/share/robot_cpp/local_setup.zsh
-- Installing: /home/user/ros2_ws/install/robot_cpp/share/robot_cpp/local_setup.dsv
-- Installing: /home/user/ros2_ws/install/robot_cpp/share/robot_cpp/package.dsv
-- Installing: /home/user/ros2_ws/install/robot_cpp/share/ament_index/resource_index/packages/robot_cpp
-- Installing: /home/user/ros2_ws/install/robot_cpp/share/robot_cpp/cmake/robot_cppConfig.cmake
-- Installing: /home/user/ros2_ws/install/robot_cpp/share/robot_cpp/cmake/robot_cppConfig-version.cmake
-- Installing: /home/user/ros2_ws/install/robot_cpp/share/robot_cpp/package.xml
