[0.525s] DEBUG:colcon:Command line arguments: ['/usr/bin/colcon', 'build']
[0.525s] DEBUG:colcon:Parsed command line arguments: Namespace(log_base=None, log_level=None, verb_name='build', build_base='build', install_base='install', merge_install=False, symlink_install=False, test_result_base=None, continue_on_error=False, executor='parallel', parallel_workers=8, event_handlers=None, ignore_user_meta=False, metas=['./colcon.meta'], base_paths=['.'], packages_ignore=None, packages_ignore_regex=None, paths=None, packages_up_to=None, packages_up_to_regex=None, packages_above=None, packages_above_and_dependencies=None, packages_above_depth=None, packages_select_by_dep=None, packages_skip_by_dep=None, packages_skip_up_to=None, packages_select_build_failed=False, packages_skip_build_finished=False, packages_select_test_failures=False, packages_skip_test_passed=False, packages_select=None, packages_skip=None, packages_select_regex=None, packages_skip_regex=None, packages_start=None, packages_end=None, cmake_args=None, cmake_target=None, cmake_target_skip_unavailable=False, cmake_clean_cache=False, cmake_clean_first=False, cmake_force_configure=False, ament_cmake_args=None, catkin_cmake_args=None, catkin_skip_building_tests=False, mixin_files=None, mixin=None, verb_parser=<colcon_mixin.mixin.mixin_argument.MixinArgumentDecorator object at 0x7f251e7acee0>, verb_extension=<colcon_core.verb.build.BuildVerb object at 0x7f251f101180>, main=<bound method BuildVerb.main of <colcon_core.verb.build.BuildVerb object at 0x7f251f101180>>, mixin_verb=('build',))
[0.559s] Level 1:colcon.colcon_core.package_discovery:discover_packages(colcon_meta) check parameters
[0.559s] Level 1:colcon.colcon_core.package_discovery:discover_packages(recursive) check parameters
[0.559s] Level 1:colcon.colcon_core.package_discovery:discover_packages(ignore) check parameters
[0.559s] Level 1:colcon.colcon_core.package_discovery:discover_packages(path) check parameters
[0.559s] Level 1:colcon.colcon_core.package_discovery:discover_packages(colcon_meta) discover
[0.559s] Level 1:colcon.colcon_core.package_discovery:discover_packages(recursive) discover
[0.559s] INFO:colcon.colcon_core.package_discovery:Crawling recursively for packages in '/home/user/ros2_ws'
[0.559s] Level 1:colcon.colcon_core.package_identification:_identify(.) by extensions ['ignore', 'ignore_ament_install']
[0.559s] Level 1:colcon.colcon_core.package_identification:_identify(.) by extension 'ignore'
[0.559s] Level 1:colcon.colcon_core.package_identification:_identify(.) by extension 'ignore_ament_install'
[0.560s] Level 1:colcon.colcon_core.package_identification:_identify(.) by extensions ['colcon_pkg']
[0.560s] Level 1:colcon.colcon_core.package_identification:_identify(.) by extension 'colcon_pkg'
[0.560s] Level 1:colcon.colcon_core.package_identification:_identify(.) by extensions ['colcon_meta']
[0.560s] Level 1:colcon.colcon_core.package_identification:_identify(.) by extension 'colcon_meta'
[0.560s] Level 1:colcon.colcon_core.package_identification:_identify(.) by extensions ['ros']
[0.560s] Level 1:colcon.colcon_core.package_identification:_identify(.) by extension 'ros'
[0.575s] Level 1:colcon.colcon_core.package_identification:_identify(.) by extensions ['cmake', 'python']
[0.575s] Level 1:colcon.colcon_core.package_identification:_identify(.) by extension 'cmake'
[0.575s] Level 1:colcon.colcon_core.package_identification:_identify(.) by extension 'python'
[0.575s] Level 1:colcon.colcon_core.package_identification:_identify(.) by extensions ['python_setup_py']
[0.575s] Level 1:colcon.colcon_core.package_identification:_identify(.) by extension 'python_setup_py'
[0.575s] Level 1:colcon.colcon_core.package_identification:_identify(build) by extensions ['ignore', 'ignore_ament_install']
[0.575s] Level 1:colcon.colcon_core.package_identification:_identify(build) by extension 'ignore'
[0.575s] Level 1:colcon.colcon_core.package_identification:_identify(build) ignored
[0.576s] Level 1:colcon.colcon_core.package_identification:_identify(install) by extensions ['ignore', 'ignore_ament_install']
[0.576s] Level 1:colcon.colcon_core.package_identification:_identify(install) by extension 'ignore'
[0.576s] Level 1:colcon.colcon_core.package_identification:_identify(install) ignored
[0.576s] Level 1:colcon.colcon_core.package_identification:_identify(log) by extensions ['ignore', 'ignore_ament_install']
[0.576s] Level 1:colcon.colcon_core.package_identification:_identify(log) by extension 'ignore'
[0.576s] Level 1:colcon.colcon_core.package_identification:_identify(log) ignored
[0.576s] Level 1:colcon.colcon_core.package_identification:_identify(src) by extensions ['ignore', 'ignore_ament_install']
[0.576s] Level 1:colcon.colcon_core.package_identification:_identify(src) by extension 'ignore'
[0.577s] Level 1:colcon.colcon_core.package_identification:_identify(src) by extension 'ignore_ament_install'
[0.577s] Level 1:colcon.colcon_core.package_identification:_identify(src) by extensions ['colcon_pkg']
[0.577s] Level 1:colcon.colcon_core.package_identification:_identify(src) by extension 'colcon_pkg'
[0.577s] Level 1:colcon.colcon_core.package_identification:_identify(src) by extensions ['colcon_meta']
[0.577s] Level 1:colcon.colcon_core.package_identification:_identify(src) by extension 'colcon_meta'
[0.577s] Level 1:colcon.colcon_core.package_identification:_identify(src) by extensions ['ros']
[0.577s] Level 1:colcon.colcon_core.package_identification:_identify(src) by extension 'ros'
[0.577s] Level 1:colcon.colcon_core.package_identification:_identify(src) by extensions ['cmake', 'python']
[0.577s] Level 1:colcon.colcon_core.package_identification:_identify(src) by extension 'cmake'
[0.577s] Level 1:colcon.colcon_core.package_identification:_identify(src) by extension 'python'
[0.577s] Level 1:colcon.colcon_core.package_identification:_identify(src) by extensions ['python_setup_py']
[0.577s] Level 1:colcon.colcon_core.package_identification:_identify(src) by extension 'python_setup_py'
[0.578s] Level 1:colcon.colcon_core.package_identification:_identify(src/navigation_tb3) by extensions ['ignore', 'ignore_ament_install']
[0.578s] Level 1:colcon.colcon_core.package_identification:_identify(src/navigation_tb3) by extension 'ignore'
[0.578s] Level 1:colcon.colcon_core.package_identification:_identify(src/navigation_tb3) by extension 'ignore_ament_install'
[0.578s] Level 1:colcon.colcon_core.package_identification:_identify(src/navigation_tb3) by extensions ['colcon_pkg']
[0.578s] Level 1:colcon.colcon_core.package_identification:_identify(src/navigation_tb3) by extension 'colcon_pkg'
[0.578s] Level 1:colcon.colcon_core.package_identification:_identify(src/navigation_tb3) by extensions ['colcon_meta']
[0.578s] Level 1:colcon.colcon_core.package_identification:_identify(src/navigation_tb3) by extension 'colcon_meta'
[0.578s] Level 1:colcon.colcon_core.package_identification:_identify(src/navigation_tb3) by extensions ['ros']
[0.578s] Level 1:colcon.colcon_core.package_identification:_identify(src/navigation_tb3) by extension 'ros'
[0.581s] DEBUG:colcon.colcon_core.package_identification:Package 'src/navigation_tb3' with type 'ros.ament_cmake' and name 'navigation_tb3'
[0.582s] Level 1:colcon.colcon_core.package_identification:_identify(src/robot_control) by extensions ['ignore', 'ignore_ament_install']
[0.582s] Level 1:colcon.colcon_core.package_identification:_identify(src/robot_control) by extension 'ignore'
[0.582s] Level 1:colcon.colcon_core.package_identification:_identify(src/robot_control) by extension 'ignore_ament_install'
[0.582s] Level 1:colcon.colcon_core.package_identification:_identify(src/robot_control) by extensions ['colcon_pkg']
[0.582s] Level 1:colcon.colcon_core.package_identification:_identify(src/robot_control) by extension 'colcon_pkg'
[0.582s] Level 1:colcon.colcon_core.package_identification:_identify(src/robot_control) by extensions ['colcon_meta']
[0.582s] Level 1:colcon.colcon_core.package_identification:_identify(src/robot_control) by extension 'colcon_meta'
[0.582s] Level 1:colcon.colcon_core.package_identification:_identify(src/robot_control) by extensions ['ros']
[0.582s] Level 1:colcon.colcon_core.package_identification:_identify(src/robot_control) by extension 'ros'
[0.583s] DEBUG:colcon.colcon_core.package_identification:Package 'src/robot_control' with type 'ros.ament_cmake' and name 'robot_control'
[0.583s] Level 1:colcon.colcon_core.package_identification:_identify(src/robot_python) by extensions ['ignore', 'ignore_ament_install']
[0.583s] Level 1:colcon.colcon_core.package_identification:_identify(src/robot_python) by extension 'ignore'
[0.583s] Level 1:colcon.colcon_core.package_identification:_identify(src/robot_python) by extension 'ignore_ament_install'
[0.583s] Level 1:colcon.colcon_core.package_identification:_identify(src/robot_python) by extensions ['colcon_pkg']
[0.583s] Level 1:colcon.colcon_core.package_identification:_identify(src/robot_python) by extension 'colcon_pkg'
[0.584s] Level 1:colcon.colcon_core.package_identification:_identify(src/robot_python) by extensions ['colcon_meta']
[0.584s] Level 1:colcon.colcon_core.package_identification:_identify(src/robot_python) by extension 'colcon_meta'
[0.584s] Level 1:colcon.colcon_core.package_identification:_identify(src/robot_python) by extensions ['ros']
[0.584s] Level 1:colcon.colcon_core.package_identification:_identify(src/robot_python) by extension 'ros'
[0.584s] DEBUG:colcon.colcon_core.package_identification:Package 'src/robot_python' with type 'ros.ament_python' and name 'robot_python'
[0.584s] Level 1:colcon.colcon_core.package_identification:_identify(src/robot_test) by extensions ['ignore', 'ignore_ament_install']
[0.585s] Level 1:colcon.colcon_core.package_identification:_identify(src/robot_test) by extension 'ignore'
[0.585s] Level 1:colcon.colcon_core.package_identification:_identify(src/robot_test) by extension 'ignore_ament_install'
[0.585s] Level 1:colcon.colcon_core.package_identification:_identify(src/robot_test) by extensions ['colcon_pkg']
[0.585s] Level 1:colcon.colcon_core.package_identification:_identify(src/robot_test) by extension 'colcon_pkg'
[0.585s] Level 1:colcon.colcon_core.package_identification:_identify(src/robot_test) by extensions ['colcon_meta']
[0.585s] Level 1:colcon.colcon_core.package_identification:_identify(src/robot_test) by extension 'colcon_meta'
[0.585s] Level 1:colcon.colcon_core.package_identification:_identify(src/robot_test) by extensions ['ros']
[0.585s] Level 1:colcon.colcon_core.package_identification:_identify(src/robot_test) by extension 'ros'
[0.586s] DEBUG:colcon.colcon_core.package_identification:Package 'src/robot_test' with type 'ros.ament_cmake' and name 'robot_test'
[0.586s] Level 1:colcon.colcon_core.package_identification:_identify(src/turtlebot3_gazebo) by extensions ['ignore', 'ignore_ament_install']
[0.586s] Level 1:colcon.colcon_core.package_identification:_identify(src/turtlebot3_gazebo) by extension 'ignore'
[0.586s] Level 1:colcon.colcon_core.package_identification:_identify(src/turtlebot3_gazebo) by extension 'ignore_ament_install'
[0.586s] Level 1:colcon.colcon_core.package_identification:_identify(src/turtlebot3_gazebo) by extensions ['colcon_pkg']
[0.586s] Level 1:colcon.colcon_core.package_identification:_identify(src/turtlebot3_gazebo) by extension 'colcon_pkg'
[0.586s] Level 1:colcon.colcon_core.package_identification:_identify(src/turtlebot3_gazebo) by extensions ['colcon_meta']
[0.587s] Level 1:colcon.colcon_core.package_identification:_identify(src/turtlebot3_gazebo) by extension 'colcon_meta'
[0.587s] Level 1:colcon.colcon_core.package_identification:_identify(src/turtlebot3_gazebo) by extensions ['ros']
[0.587s] Level 1:colcon.colcon_core.package_identification:_identify(src/turtlebot3_gazebo) by extension 'ros'
[0.588s] DEBUG:colcon.colcon_core.package_identification:Package 'src/turtlebot3_gazebo' with type 'ros.ament_cmake' and name 'turtlebot3_gazebo'
[0.588s] Level 1:colcon.colcon_core.package_discovery:discover_packages(recursive) using defaults
[0.588s] Level 1:colcon.colcon_core.package_discovery:discover_packages(ignore) discover
[0.588s] Level 1:colcon.colcon_core.package_discovery:discover_packages(ignore) using defaults
[0.588s] Level 1:colcon.colcon_core.package_discovery:discover_packages(path) discover
[0.588s] Level 1:colcon.colcon_core.package_discovery:discover_packages(path) using defaults
[0.617s] Level 5:colcon.colcon_core.verb:set package 'navigation_tb3' build argument 'cmake_args' from command line to 'None'
[0.617s] Level 5:colcon.colcon_core.verb:set package 'navigation_tb3' build argument 'cmake_target' from command line to 'None'
[0.618s] Level 5:colcon.colcon_core.verb:set package 'navigation_tb3' build argument 'cmake_target_skip_unavailable' from command line to 'False'
[0.618s] Level 5:colcon.colcon_core.verb:set package 'navigation_tb3' build argument 'cmake_clean_cache' from command line to 'False'
[0.618s] Level 5:colcon.colcon_core.verb:set package 'navigation_tb3' build argument 'cmake_clean_first' from command line to 'False'
[0.618s] Level 5:colcon.colcon_core.verb:set package 'navigation_tb3' build argument 'cmake_force_configure' from command line to 'False'
[0.618s] Level 5:colcon.colcon_core.verb:set package 'navigation_tb3' build argument 'ament_cmake_args' from command line to 'None'
[0.618s] Level 5:colcon.colcon_core.verb:set package 'navigation_tb3' build argument 'catkin_cmake_args' from command line to 'None'
[0.618s] Level 5:colcon.colcon_core.verb:set package 'navigation_tb3' build argument 'catkin_skip_building_tests' from command line to 'False'
[0.618s] DEBUG:colcon.colcon_core.verb:Building package 'navigation_tb3' with the following arguments: {'ament_cmake_args': None, 'build_base': '/home/user/ros2_ws/build/navigation_tb3', 'catkin_cmake_args': None, 'catkin_skip_building_tests': False, 'cmake_args': None, 'cmake_clean_cache': False, 'cmake_clean_first': False, 'cmake_force_configure': False, 'cmake_target': None, 'cmake_target_skip_unavailable': False, 'install_base': '/home/user/ros2_ws/install/navigation_tb3', 'merge_install': False, 'path': '/home/user/ros2_ws/src/navigation_tb3', 'symlink_install': False, 'test_result_base': None}
[0.619s] Level 5:colcon.colcon_core.verb:set package 'robot_control' build argument 'cmake_args' from command line to 'None'
[0.619s] Level 5:colcon.colcon_core.verb:set package 'robot_control' build argument 'cmake_target' from command line to 'None'
[0.619s] Level 5:colcon.colcon_core.verb:set package 'robot_control' build argument 'cmake_target_skip_unavailable' from command line to 'False'
[0.619s] Level 5:colcon.colcon_core.verb:set package 'robot_control' build argument 'cmake_clean_cache' from command line to 'False'
[0.619s] Level 5:colcon.colcon_core.verb:set package 'robot_control' build argument 'cmake_clean_first' from command line to 'False'
[0.619s] Level 5:colcon.colcon_core.verb:set package 'robot_control' build argument 'cmake_force_configure' from command line to 'False'
[0.620s] Level 5:colcon.colcon_core.verb:set package 'robot_control' build argument 'ament_cmake_args' from command line to 'None'
[0.620s] Level 5:colcon.colcon_core.verb:set package 'robot_control' build argument 'catkin_cmake_args' from command line to 'None'
[0.620s] Level 5:colcon.colcon_core.verb:set package 'robot_control' build argument 'catkin_skip_building_tests' from command line to 'False'
[0.620s] DEBUG:colcon.colcon_core.verb:Building package 'robot_control' with the following arguments: {'ament_cmake_args': None, 'build_base': '/home/user/ros2_ws/build/robot_control', 'catkin_cmake_args': None, 'catkin_skip_building_tests': False, 'cmake_args': None, 'cmake_clean_cache': False, 'cmake_clean_first': False, 'cmake_force_configure': False, 'cmake_target': None, 'cmake_target_skip_unavailable': False, 'install_base': '/home/user/ros2_ws/install/robot_control', 'merge_install': False, 'path': '/home/user/ros2_ws/src/robot_control', 'symlink_install': False, 'test_result_base': None}
[0.621s] Level 5:colcon.colcon_core.verb:set package 'robot_python' build argument 'cmake_args' from command line to 'None'
[0.621s] Level 5:colcon.colcon_core.verb:set package 'robot_python' build argument 'cmake_target' from command line to 'None'
[0.621s] Level 5:colcon.colcon_core.verb:set package 'robot_python' build argument 'cmake_target_skip_unavailable' from command line to 'False'
[0.621s] Level 5:colcon.colcon_core.verb:set package 'robot_python' build argument 'cmake_clean_cache' from command line to 'False'
[0.621s] Level 5:colcon.colcon_core.verb:set package 'robot_python' build argument 'cmake_clean_first' from command line to 'False'
[0.621s] Level 5:colcon.colcon_core.verb:set package 'robot_python' build argument 'cmake_force_configure' from command line to 'False'
[0.622s] Level 5:colcon.colcon_core.verb:set package 'robot_python' build argument 'ament_cmake_args' from command line to 'None'
[0.622s] Level 5:colcon.colcon_core.verb:set package 'robot_python' build argument 'catkin_cmake_args' from command line to 'None'
[0.622s] Level 5:colcon.colcon_core.verb:set package 'robot_python' build argument 'catkin_skip_building_tests' from command line to 'False'
[0.622s] DEBUG:colcon.colcon_core.verb:Building package 'robot_python' with the following arguments: {'ament_cmake_args': None, 'build_base': '/home/user/ros2_ws/build/robot_python', 'catkin_cmake_args': None, 'catkin_skip_building_tests': False, 'cmake_args': None, 'cmake_clean_cache': False, 'cmake_clean_first': False, 'cmake_force_configure': False, 'cmake_target': None, 'cmake_target_skip_unavailable': False, 'install_base': '/home/user/ros2_ws/install/robot_python', 'merge_install': False, 'path': '/home/user/ros2_ws/src/robot_python', 'symlink_install': False, 'test_result_base': None}
[0.623s] Level 5:colcon.colcon_core.verb:set package 'robot_test' build argument 'cmake_args' from command line to 'None'
[0.623s] Level 5:colcon.colcon_core.verb:set package 'robot_test' build argument 'cmake_target' from command line to 'None'
[0.623s] Level 5:colcon.colcon_core.verb:set package 'robot_test' build argument 'cmake_target_skip_unavailable' from command line to 'False'
[0.623s] Level 5:colcon.colcon_core.verb:set package 'robot_test' build argument 'cmake_clean_cache' from command line to 'False'
[0.623s] Level 5:colcon.colcon_core.verb:set package 'robot_test' build argument 'cmake_clean_first' from command line to 'False'
[0.623s] Level 5:colcon.colcon_core.verb:set package 'robot_test' build argument 'cmake_force_configure' from command line to 'False'
[0.623s] Level 5:colcon.colcon_core.verb:set package 'robot_test' build argument 'ament_cmake_args' from command line to 'None'
[0.623s] Level 5:colcon.colcon_core.verb:set package 'robot_test' build argument 'catkin_cmake_args' from command line to 'None'
[0.623s] Level 5:colcon.colcon_core.verb:set package 'robot_test' build argument 'catkin_skip_building_tests' from command line to 'False'
[0.623s] DEBUG:colcon.colcon_core.verb:Building package 'robot_test' with the following arguments: {'ament_cmake_args': None, 'build_base': '/home/user/ros2_ws/build/robot_test', 'catkin_cmake_args': None, 'catkin_skip_building_tests': False, 'cmake_args': None, 'cmake_clean_cache': False, 'cmake_clean_first': False, 'cmake_force_configure': False, 'cmake_target': None, 'cmake_target_skip_unavailable': False, 'install_base': '/home/user/ros2_ws/install/robot_test', 'merge_install': False, 'path': '/home/user/ros2_ws/src/robot_test', 'symlink_install': False, 'test_result_base': None}
[0.625s] Level 5:colcon.colcon_core.verb:set package 'turtlebot3_gazebo' build argument 'cmake_args' from command line to 'None'
[0.625s] Level 5:colcon.colcon_core.verb:set package 'turtlebot3_gazebo' build argument 'cmake_target' from command line to 'None'
[0.625s] Level 5:colcon.colcon_core.verb:set package 'turtlebot3_gazebo' build argument 'cmake_target_skip_unavailable' from command line to 'False'
[0.625s] Level 5:colcon.colcon_core.verb:set package 'turtlebot3_gazebo' build argument 'cmake_clean_cache' from command line to 'False'
[0.625s] Level 5:colcon.colcon_core.verb:set package 'turtlebot3_gazebo' build argument 'cmake_clean_first' from command line to 'False'
[0.625s] Level 5:colcon.colcon_core.verb:set package 'turtlebot3_gazebo' build argument 'cmake_force_configure' from command line to 'False'
[0.625s] Level 5:colcon.colcon_core.verb:set package 'turtlebot3_gazebo' build argument 'ament_cmake_args' from command line to 'None'
[0.625s] Level 5:colcon.colcon_core.verb:set package 'turtlebot3_gazebo' build argument 'catkin_cmake_args' from command line to 'None'
[0.625s] Level 5:colcon.colcon_core.verb:set package 'turtlebot3_gazebo' build argument 'catkin_skip_building_tests' from command line to 'False'
[0.626s] DEBUG:colcon.colcon_core.verb:Building package 'turtlebot3_gazebo' with the following arguments: {'ament_cmake_args': None, 'build_base': '/home/user/ros2_ws/build/turtlebot3_gazebo', 'catkin_cmake_args': None, 'catkin_skip_building_tests': False, 'cmake_args': None, 'cmake_clean_cache': False, 'cmake_clean_first': False, 'cmake_force_configure': False, 'cmake_target': None, 'cmake_target_skip_unavailable': False, 'install_base': '/home/user/ros2_ws/install/turtlebot3_gazebo', 'merge_install': False, 'path': '/home/user/ros2_ws/src/turtlebot3_gazebo', 'symlink_install': False, 'test_result_base': None}
[0.627s] INFO:colcon.colcon_core.executor:Executing jobs using 'parallel' executor
[0.631s] DEBUG:colcon.colcon_parallel_executor.executor.parallel:run_until_complete
[0.632s] INFO:colcon.colcon_ros.task.ament_cmake.build:Building ROS package in '/home/user/ros2_ws/src/navigation_tb3' with build type 'ament_cmake'
[0.632s] INFO:colcon.colcon_cmake.task.cmake.build:Building CMake package in '/home/user/ros2_ws/src/navigation_tb3'
[0.638s] INFO:colcon.colcon_core.plugin_system:Skipping extension 'colcon_core.shell.bat': Not used on non-Windows systems
[0.639s] INFO:colcon.colcon_core.shell:Skip shell extension 'powershell' for command environment: Not usable outside of PowerShell
[0.639s] DEBUG:colcon.colcon_core.shell:Skip shell extension 'dsv' for command environment
[0.650s] INFO:colcon.colcon_ros.task.ament_cmake.build:Building ROS package in '/home/user/ros2_ws/src/robot_control' with build type 'ament_cmake'
[0.650s] INFO:colcon.colcon_cmake.task.cmake.build:Building CMake package in '/home/user/ros2_ws/src/robot_control'
[0.652s] INFO:colcon.colcon_core.shell:Skip shell extension 'powershell' for command environment: Not usable outside of PowerShell
[0.652s] DEBUG:colcon.colcon_core.shell:Skip shell extension 'dsv' for command environment
[0.661s] INFO:colcon.colcon_ros.task.ament_python.build:Building ROS package in '/home/user/ros2_ws/src/robot_python' with build type 'ament_python'
[0.661s] Level 1:colcon.colcon_core.shell:create_environment_hook('robot_python', 'ament_prefix_path')
[0.663s] INFO:colcon.colcon_core.shell:Creating environment hook '/home/user/ros2_ws/install/robot_python/share/robot_python/hook/ament_prefix_path.ps1'
[0.664s] INFO:colcon.colcon_core.shell:Creating environment descriptor '/home/user/ros2_ws/install/robot_python/share/robot_python/hook/ament_prefix_path.dsv'
[0.664s] INFO:colcon.colcon_core.shell:Creating environment hook '/home/user/ros2_ws/install/robot_python/share/robot_python/hook/ament_prefix_path.sh'
[0.666s] INFO:colcon.colcon_core.shell:Skip shell extension 'powershell' for command environment: Not usable outside of PowerShell
[0.666s] DEBUG:colcon.colcon_core.shell:Skip shell extension 'dsv' for command environment
[0.674s] INFO:colcon.colcon_ros.task.ament_cmake.build:Building ROS package in '/home/user/ros2_ws/src/robot_test' with build type 'ament_cmake'
[0.675s] INFO:colcon.colcon_cmake.task.cmake.build:Building CMake package in '/home/user/ros2_ws/src/robot_test'
[0.676s] INFO:colcon.colcon_core.shell:Skip shell extension 'powershell' for command environment: Not usable outside of PowerShell
[0.676s] DEBUG:colcon.colcon_core.shell:Skip shell extension 'dsv' for command environment
[0.684s] INFO:colcon.colcon_ros.task.ament_cmake.build:Building ROS package in '/home/user/ros2_ws/src/turtlebot3_gazebo' with build type 'ament_cmake'
[0.684s] INFO:colcon.colcon_cmake.task.cmake.build:Building CMake package in '/home/user/ros2_ws/src/turtlebot3_gazebo'
[0.686s] INFO:colcon.colcon_core.shell:Skip shell extension 'powershell' for command environment: Not usable outside of PowerShell
[0.686s] DEBUG:colcon.colcon_core.shell:Skip shell extension 'dsv' for command environment
[0.700s] DEBUG:colcon.colcon_core.event_handler.log_command:Invoking command in '/home/user/ros2_ws/build/navigation_tb3': CMAKE_PREFIX_PATH=${CMAKE_PREFIX_PATH}:/home/user/ros2_ws/install/robot_python:/opt/ros/iron _=/usr/bin/env /usr/bin/cmake --build /home/user/ros2_ws/build/navigation_tb3 -- -j8 -l8
[0.713s] DEBUG:colcon.colcon_core.event_handler.log_command:Invoking command in '/home/user/ros2_ws/build/robot_control': CMAKE_PREFIX_PATH=${CMAKE_PREFIX_PATH}:/home/user/ros2_ws/install/robot_python:/opt/ros/iron _=/usr/bin/env /usr/bin/cmake --build /home/user/ros2_ws/build/robot_control -- -j8 -l8
[1.200s] INFO:colcon.colcon_core.task.python.build:Building Python package in '/home/user/ros2_ws/src/robot_python'
[1.202s] INFO:colcon.colcon_core.shell:Skip shell extension 'powershell' for command environment: Not usable outside of PowerShell
[1.202s] DEBUG:colcon.colcon_core.shell:Skip shell extension 'dsv' for command environment
[1.220s] DEBUG:colcon.colcon_core.event_handler.log_command:Invoking command in '/home/user/ros2_ws/build/robot_test': CMAKE_PREFIX_PATH=${CMAKE_PREFIX_PATH}:/home/user/ros2_ws/install/robot_python:/opt/ros/iron _=/usr/bin/env /usr/bin/cmake --build /home/user/ros2_ws/build/robot_test -- -j8 -l8
[1.234s] DEBUG:colcon.colcon_core.event_handler.log_command:Invoking command in '/home/user/ros2_ws/build/turtlebot3_gazebo': CMAKE_PREFIX_PATH=${CMAKE_PREFIX_PATH}:/home/user/ros2_ws/install/robot_python:/opt/ros/iron _=/usr/bin/env /usr/bin/cmake --build /home/user/ros2_ws/build/turtlebot3_gazebo -- -j8 -l8
[1.236s] DEBUG:colcon.colcon_core.event_handler.log_command:Invoked command in '/home/user/ros2_ws/build/robot_control' returned '0': CMAKE_PREFIX_PATH=${CMAKE_PREFIX_PATH}:/home/user/ros2_ws/install/robot_python:/opt/ros/iron _=/usr/bin/env /usr/bin/cmake --build /home/user/ros2_ws/build/robot_control -- -j8 -l8
[1.294s] DEBUG:colcon.colcon_core.event_handler.log_command:Invoked command in '/home/user/ros2_ws/build/robot_test' returned '0': CMAKE_PREFIX_PATH=${CMAKE_PREFIX_PATH}:/home/user/ros2_ws/install/robot_python:/opt/ros/iron _=/usr/bin/env /usr/bin/cmake --build /home/user/ros2_ws/build/robot_test -- -j8 -l8
[1.409s] DEBUG:colcon.colcon_core.event_handler.log_command:Invoking command in '/home/user/ros2_ws/build/robot_control': CMAKE_PREFIX_PATH=${CMAKE_PREFIX_PATH}:/home/user/ros2_ws/install/robot_python:/opt/ros/iron _=/usr/bin/env /usr/bin/cmake --install /home/user/ros2_ws/build/robot_control
[1.478s] DEBUG:colcon.colcon_core.event_handler.log_command:Invoked command in '/home/user/ros2_ws/build/navigation_tb3' returned '0': CMAKE_PREFIX_PATH=${CMAKE_PREFIX_PATH}:/home/user/ros2_ws/install/robot_python:/opt/ros/iron _=/usr/bin/env /usr/bin/cmake --build /home/user/ros2_ws/build/navigation_tb3 -- -j8 -l8
[1.484s] Level 1:colcon.colcon_core.environment:create_environment_scripts_only(robot_control)
[1.488s] DEBUG:colcon.colcon_core.event_handler.log_command:Invoked command in '/home/user/ros2_ws/build/robot_control' returned '0': CMAKE_PREFIX_PATH=${CMAKE_PREFIX_PATH}:/home/user/ros2_ws/install/robot_python:/opt/ros/iron _=/usr/bin/env /usr/bin/cmake --install /home/user/ros2_ws/build/robot_control
[1.494s] Level 1:colcon.colcon_core.environment:checking '/home/user/ros2_ws/install/robot_control' for CMake module files
[1.495s] Level 1:colcon.colcon_core.environment:checking '/home/user/ros2_ws/install/robot_control' for CMake config files
[1.495s] Level 1:colcon.colcon_core.shell:create_environment_hook('robot_control', 'cmake_prefix_path')
[1.499s] INFO:colcon.colcon_core.shell:Creating environment hook '/home/user/ros2_ws/install/robot_control/share/robot_control/hook/cmake_prefix_path.ps1'
[1.500s] INFO:colcon.colcon_core.shell:Creating environment descriptor '/home/user/ros2_ws/install/robot_control/share/robot_control/hook/cmake_prefix_path.dsv'
[1.501s] INFO:colcon.colcon_core.shell:Creating environment hook '/home/user/ros2_ws/install/robot_control/share/robot_control/hook/cmake_prefix_path.sh'
[1.502s] Level 1:colcon.colcon_core.environment:checking '/home/user/ros2_ws/install/robot_control/lib'
[1.502s] Level 1:colcon.colcon_core.environment:checking '/home/user/ros2_ws/install/robot_control/bin'
[1.503s] Level 1:colcon.colcon_core.environment:checking '/home/user/ros2_ws/install/robot_control/lib/pkgconfig/robot_control.pc'
[1.503s] Level 1:colcon.colcon_core.environment:checking '/home/user/ros2_ws/install/robot_control/lib/python3.10/site-packages'
[1.504s] Level 1:colcon.colcon_core.environment:checking '/home/user/ros2_ws/install/robot_control/bin'
[1.507s] INFO:colcon.colcon_core.shell:Creating package script '/home/user/ros2_ws/install/robot_control/share/robot_control/package.ps1'
[1.509s] INFO:colcon.colcon_core.shell:Creating package descriptor '/home/user/ros2_ws/install/robot_control/share/robot_control/package.dsv'
[1.511s] INFO:colcon.colcon_core.shell:Creating package script '/home/user/ros2_ws/install/robot_control/share/robot_control/package.sh'
[1.513s] INFO:colcon.colcon_core.shell:Creating package script '/home/user/ros2_ws/install/robot_control/share/robot_control/package.bash'
[1.514s] INFO:colcon.colcon_core.shell:Creating package script '/home/user/ros2_ws/install/robot_control/share/robot_control/package.zsh'
[1.515s] Level 1:colcon.colcon_core.environment:create_file_with_runtime_dependencies(/home/user/ros2_ws/install/robot_control/share/colcon-core/packages/robot_control)
[1.584s] DEBUG:colcon.colcon_core.event_handler.log_command:Invoking command in '/home/user/ros2_ws/build/robot_test': CMAKE_PREFIX_PATH=${CMAKE_PREFIX_PATH}:/home/user/ros2_ws/install/robot_python:/opt/ros/iron _=/usr/bin/env /usr/bin/cmake --install /home/user/ros2_ws/build/robot_test
[1.598s] Level 1:colcon.colcon_core.environment:create_environment_scripts_only(robot_test)
[1.603s] Level 1:colcon.colcon_core.environment:checking '/home/user/ros2_ws/install/robot_test' for CMake module files
[1.605s] DEBUG:colcon.colcon_core.event_handler.log_command:Invoked command in '/home/user/ros2_ws/build/robot_test' returned '0': CMAKE_PREFIX_PATH=${CMAKE_PREFIX_PATH}:/home/user/ros2_ws/install/robot_python:/opt/ros/iron _=/usr/bin/env /usr/bin/cmake --install /home/user/ros2_ws/build/robot_test
[1.606s] Level 1:colcon.colcon_core.environment:checking '/home/user/ros2_ws/install/robot_test' for CMake config files
[1.606s] Level 1:colcon.colcon_core.shell:create_environment_hook('robot_test', 'cmake_prefix_path')
[1.609s] INFO:colcon.colcon_core.shell:Creating environment hook '/home/user/ros2_ws/install/robot_test/share/robot_test/hook/cmake_prefix_path.ps1'
[1.610s] INFO:colcon.colcon_core.shell:Creating environment descriptor '/home/user/ros2_ws/install/robot_test/share/robot_test/hook/cmake_prefix_path.dsv'
[1.611s] INFO:colcon.colcon_core.shell:Creating environment hook '/home/user/ros2_ws/install/robot_test/share/robot_test/hook/cmake_prefix_path.sh'
[1.612s] Level 1:colcon.colcon_core.environment:checking '/home/user/ros2_ws/install/robot_test/bin'
[1.612s] Level 1:colcon.colcon_core.environment:checking '/home/user/ros2_ws/install/robot_test/lib/pkgconfig/robot_test.pc'
[1.612s] Level 1:colcon.colcon_core.environment:checking '/home/user/ros2_ws/install/robot_test/lib/python3.10/site-packages'
[1.613s] Level 1:colcon.colcon_core.environment:checking '/home/user/ros2_ws/install/robot_test/bin'
[1.616s] INFO:colcon.colcon_core.shell:Creating package script '/home/user/ros2_ws/install/robot_test/share/robot_test/package.ps1'
[1.617s] INFO:colcon.colcon_core.shell:Creating package descriptor '/home/user/ros2_ws/install/robot_test/share/robot_test/package.dsv'
[1.617s] INFO:colcon.colcon_core.shell:Creating package script '/home/user/ros2_ws/install/robot_test/share/robot_test/package.sh'
[1.618s] INFO:colcon.colcon_core.shell:Creating package script '/home/user/ros2_ws/install/robot_test/share/robot_test/package.bash'
[1.619s] INFO:colcon.colcon_core.shell:Creating package script '/home/user/ros2_ws/install/robot_test/share/robot_test/package.zsh'
[1.619s] Level 1:colcon.colcon_core.environment:create_file_with_runtime_dependencies(/home/user/ros2_ws/install/robot_test/share/colcon-core/packages/robot_test)
[1.682s] DEBUG:colcon.colcon_core.event_handler.log_command:Invoking command in '/home/user/ros2_ws/build/navigation_tb3': CMAKE_PREFIX_PATH=${CMAKE_PREFIX_PATH}:/home/user/ros2_ws/install/robot_python:/opt/ros/iron _=/usr/bin/env /usr/bin/cmake --install /home/user/ros2_ws/build/navigation_tb3
[1.684s] DEBUG:colcon.colcon_core.event_handler.log_command:Invoked command in '/home/user/ros2_ws/build/turtlebot3_gazebo' returned '0': CMAKE_PREFIX_PATH=${CMAKE_PREFIX_PATH}:/home/user/ros2_ws/install/robot_python:/opt/ros/iron _=/usr/bin/env /usr/bin/cmake --build /home/user/ros2_ws/build/turtlebot3_gazebo -- -j8 -l8
[1.689s] Level 1:colcon.colcon_core.environment:create_environment_scripts_only(robot_control)
[1.693s] Level 1:colcon.colcon_core.environment:checking '/home/user/ros2_ws/install/robot_control' for CMake module files
[1.695s] Level 1:colcon.colcon_core.environment:checking '/home/user/ros2_ws/install/robot_control' for CMake config files
[1.696s] Level 1:colcon.colcon_core.shell:create_environment_hook('robot_control', 'cmake_prefix_path')
[1.698s] INFO:colcon.colcon_core.shell:Creating environment hook '/home/user/ros2_ws/install/robot_control/share/robot_control/hook/cmake_prefix_path.ps1'
[1.700s] INFO:colcon.colcon_core.shell:Creating environment descriptor '/home/user/ros2_ws/install/robot_control/share/robot_control/hook/cmake_prefix_path.dsv'
[1.701s] INFO:colcon.colcon_core.shell:Creating environment hook '/home/user/ros2_ws/install/robot_control/share/robot_control/hook/cmake_prefix_path.sh'
[1.705s] Level 1:colcon.colcon_core.environment:checking '/home/user/ros2_ws/install/robot_control/lib'
[1.705s] Level 1:colcon.colcon_core.environment:checking '/home/user/ros2_ws/install/robot_control/bin'
[1.705s] Level 1:colcon.colcon_core.environment:checking '/home/user/ros2_ws/install/robot_control/lib/pkgconfig/robot_control.pc'
[1.705s] Level 1:colcon.colcon_core.environment:checking '/home/user/ros2_ws/install/robot_control/lib/python3.10/site-packages'
[1.706s] Level 1:colcon.colcon_core.environment:checking '/home/user/ros2_ws/install/robot_control/bin'
[1.708s] INFO:colcon.colcon_core.shell:Creating package script '/home/user/ros2_ws/install/robot_control/share/robot_control/package.ps1'
[1.709s] INFO:colcon.colcon_core.shell:Creating package descriptor '/home/user/ros2_ws/install/robot_control/share/robot_control/package.dsv'
[1.709s] INFO:colcon.colcon_core.shell:Creating package script '/home/user/ros2_ws/install/robot_control/share/robot_control/package.sh'
[1.710s] INFO:colcon.colcon_core.shell:Creating package script '/home/user/ros2_ws/install/robot_control/share/robot_control/package.bash'
[1.710s] INFO:colcon.colcon_core.shell:Creating package script '/home/user/ros2_ws/install/robot_control/share/robot_control/package.zsh'
[1.711s] Level 1:colcon.colcon_core.environment:create_file_with_runtime_dependencies(/home/user/ros2_ws/install/robot_control/share/colcon-core/packages/robot_control)
[1.781s] Level 1:colcon.colcon_core.environment:create_environment_scripts_only(robot_test)
[1.785s] Level 1:colcon.colcon_core.environment:checking '/home/user/ros2_ws/install/robot_test' for CMake module files
[1.787s] Level 1:colcon.colcon_core.environment:checking '/home/user/ros2_ws/install/robot_test' for CMake config files
[1.787s] Level 1:colcon.colcon_core.shell:create_environment_hook('robot_test', 'cmake_prefix_path')
[1.789s] INFO:colcon.colcon_core.shell:Creating environment hook '/home/user/ros2_ws/install/robot_test/share/robot_test/hook/cmake_prefix_path.ps1'
[1.791s] INFO:colcon.colcon_core.shell:Creating environment descriptor '/home/user/ros2_ws/install/robot_test/share/robot_test/hook/cmake_prefix_path.dsv'
[1.792s] INFO:colcon.colcon_core.shell:Creating environment hook '/home/user/ros2_ws/install/robot_test/share/robot_test/hook/cmake_prefix_path.sh'
[1.795s] Level 1:colcon.colcon_core.environment:checking '/home/user/ros2_ws/install/robot_test/bin'
[1.795s] Level 1:colcon.colcon_core.environment:checking '/home/user/ros2_ws/install/robot_test/lib/pkgconfig/robot_test.pc'
[1.796s] Level 1:colcon.colcon_core.environment:checking '/home/user/ros2_ws/install/robot_test/lib/python3.10/site-packages'
[1.797s] Level 1:colcon.colcon_core.environment:checking '/home/user/ros2_ws/install/robot_test/bin'
[1.798s] INFO:colcon.colcon_core.shell:Creating package script '/home/user/ros2_ws/install/robot_test/share/robot_test/package.ps1'
[1.799s] INFO:colcon.colcon_core.shell:Creating package descriptor '/home/user/ros2_ws/install/robot_test/share/robot_test/package.dsv'
[1.800s] INFO:colcon.colcon_core.shell:Creating package script '/home/user/ros2_ws/install/robot_test/share/robot_test/package.sh'
[1.800s] INFO:colcon.colcon_core.shell:Creating package script '/home/user/ros2_ws/install/robot_test/share/robot_test/package.bash'
[1.801s] INFO:colcon.colcon_core.shell:Creating package script '/home/user/ros2_ws/install/robot_test/share/robot_test/package.zsh'
[1.802s] Level 1:colcon.colcon_core.environment:create_file_with_runtime_dependencies(/home/user/ros2_ws/install/robot_test/share/colcon-core/packages/robot_test)
[1.803s] Level 1:colcon.colcon_core.environment:create_environment_scripts_only(navigation_tb3)
[1.806s] Level 1:colcon.colcon_core.environment:checking '/home/user/ros2_ws/install/navigation_tb3' for CMake module files
[1.807s] DEBUG:colcon.colcon_core.event_handler.log_command:Invoked command in '/home/user/ros2_ws/build/navigation_tb3' returned '0': CMAKE_PREFIX_PATH=${CMAKE_PREFIX_PATH}:/home/user/ros2_ws/install/robot_python:/opt/ros/iron _=/usr/bin/env /usr/bin/cmake --install /home/user/ros2_ws/build/navigation_tb3
[1.808s] Level 1:colcon.colcon_core.environment:checking '/home/user/ros2_ws/install/navigation_tb3' for CMake config files
[1.808s] Level 1:colcon.colcon_core.shell:create_environment_hook('navigation_tb3', 'cmake_prefix_path')
[1.810s] INFO:colcon.colcon_core.shell:Creating environment hook '/home/user/ros2_ws/install/navigation_tb3/share/navigation_tb3/hook/cmake_prefix_path.ps1'
[1.811s] INFO:colcon.colcon_core.shell:Creating environment descriptor '/home/user/ros2_ws/install/navigation_tb3/share/navigation_tb3/hook/cmake_prefix_path.dsv'
[1.811s] INFO:colcon.colcon_core.shell:Creating environment hook '/home/user/ros2_ws/install/navigation_tb3/share/navigation_tb3/hook/cmake_prefix_path.sh'
[1.812s] Level 1:colcon.colcon_core.environment:checking '/home/user/ros2_ws/install/navigation_tb3/lib'
[1.813s] Level 1:colcon.colcon_core.environment:checking '/home/user/ros2_ws/install/navigation_tb3/bin'
[1.813s] Level 1:colcon.colcon_core.environment:checking '/home/user/ros2_ws/install/navigation_tb3/lib/pkgconfig/navigation_tb3.pc'
[1.813s] Level 1:colcon.colcon_core.environment:checking '/home/user/ros2_ws/install/navigation_tb3/lib/python3.10/site-packages'
[1.813s] Level 1:colcon.colcon_core.shell:create_environment_hook('navigation_tb3', 'pythonpath')
[1.815s] INFO:colcon.colcon_core.shell:Creating environment hook '/home/user/ros2_ws/install/navigation_tb3/share/navigation_tb3/hook/pythonpath.ps1'
[1.815s] INFO:colcon.colcon_core.shell:Creating environment descriptor '/home/user/ros2_ws/install/navigation_tb3/share/navigation_tb3/hook/pythonpath.dsv'
[1.816s] INFO:colcon.colcon_core.shell:Creating environment hook '/home/user/ros2_ws/install/navigation_tb3/share/navigation_tb3/hook/pythonpath.sh'
[1.816s] Level 1:colcon.colcon_core.environment:checking '/home/user/ros2_ws/install/navigation_tb3/bin'
[1.818s] INFO:colcon.colcon_core.shell:Creating package script '/home/user/ros2_ws/install/navigation_tb3/share/navigation_tb3/package.ps1'
[1.819s] INFO:colcon.colcon_core.shell:Creating package descriptor '/home/user/ros2_ws/install/navigation_tb3/share/navigation_tb3/package.dsv'
[1.820s] INFO:colcon.colcon_core.shell:Creating package script '/home/user/ros2_ws/install/navigation_tb3/share/navigation_tb3/package.sh'
[1.820s] INFO:colcon.colcon_core.shell:Creating package script '/home/user/ros2_ws/install/navigation_tb3/share/navigation_tb3/package.bash'
[1.821s] INFO:colcon.colcon_core.shell:Creating package script '/home/user/ros2_ws/install/navigation_tb3/share/navigation_tb3/package.zsh'
[1.821s] Level 1:colcon.colcon_core.environment:create_file_with_runtime_dependencies(/home/user/ros2_ws/install/navigation_tb3/share/colcon-core/packages/navigation_tb3)
[1.825s] DEBUG:colcon.colcon_core.event_handler.log_command:Invoking command in '/home/user/ros2_ws/build/turtlebot3_gazebo': CMAKE_PREFIX_PATH=${CMAKE_PREFIX_PATH}:/home/user/ros2_ws/install/robot_python:/opt/ros/iron _=/usr/bin/env /usr/bin/cmake --install /home/user/ros2_ws/build/turtlebot3_gazebo
[1.879s] Level 1:colcon.colcon_core.environment:create_environment_scripts_only(turtlebot3_gazebo)
[1.882s] Level 1:colcon.colcon_core.environment:checking '/home/user/ros2_ws/install/turtlebot3_gazebo' for CMake module files
[1.886s] Level 1:colcon.colcon_core.environment:checking '/home/user/ros2_ws/install/turtlebot3_gazebo' for CMake config files
[1.896s] DEBUG:colcon.colcon_core.event_handler.log_command:Invoked command in '/home/user/ros2_ws/build/turtlebot3_gazebo' returned '0': CMAKE_PREFIX_PATH=${CMAKE_PREFIX_PATH}:/home/user/ros2_ws/install/robot_python:/opt/ros/iron _=/usr/bin/env /usr/bin/cmake --install /home/user/ros2_ws/build/turtlebot3_gazebo
[1.897s] Level 1:colcon.colcon_core.shell:create_environment_hook('turtlebot3_gazebo', 'cmake_prefix_path')
[1.898s] INFO:colcon.colcon_core.shell:Creating environment hook '/home/user/ros2_ws/install/turtlebot3_gazebo/share/turtlebot3_gazebo/hook/cmake_prefix_path.ps1'
[1.899s] INFO:colcon.colcon_core.shell:Creating environment descriptor '/home/user/ros2_ws/install/turtlebot3_gazebo/share/turtlebot3_gazebo/hook/cmake_prefix_path.dsv'
[1.900s] INFO:colcon.colcon_core.shell:Creating environment hook '/home/user/ros2_ws/install/turtlebot3_gazebo/share/turtlebot3_gazebo/hook/cmake_prefix_path.sh'
[1.900s] Level 1:colcon.colcon_core.environment:checking '/home/user/ros2_ws/install/turtlebot3_gazebo/lib'
[1.901s] Level 1:colcon.colcon_core.environment:checking '/home/user/ros2_ws/install/turtlebot3_gazebo/bin'
[1.901s] Level 1:colcon.colcon_core.environment:checking '/home/user/ros2_ws/install/turtlebot3_gazebo/lib/pkgconfig/turtlebot3_gazebo.pc'
[1.901s] Level 1:colcon.colcon_core.environment:checking '/home/user/ros2_ws/install/turtlebot3_gazebo/lib/python3.10/site-packages'
[1.902s] Level 1:colcon.colcon_core.environment:checking '/home/user/ros2_ws/install/turtlebot3_gazebo/bin'
[1.903s] INFO:colcon.colcon_core.shell:Creating package script '/home/user/ros2_ws/install/turtlebot3_gazebo/share/turtlebot3_gazebo/package.ps1'
[1.904s] INFO:colcon.colcon_core.shell:Creating package descriptor '/home/user/ros2_ws/install/turtlebot3_gazebo/share/turtlebot3_gazebo/package.dsv'
[1.905s] INFO:colcon.colcon_core.shell:Creating package script '/home/user/ros2_ws/install/turtlebot3_gazebo/share/turtlebot3_gazebo/package.sh'
[1.905s] INFO:colcon.colcon_core.shell:Creating package script '/home/user/ros2_ws/install/turtlebot3_gazebo/share/turtlebot3_gazebo/package.bash'
[1.906s] INFO:colcon.colcon_core.shell:Creating package script '/home/user/ros2_ws/install/turtlebot3_gazebo/share/turtlebot3_gazebo/package.zsh'
[1.906s] Level 1:colcon.colcon_core.environment:create_file_with_runtime_dependencies(/home/user/ros2_ws/install/turtlebot3_gazebo/share/colcon-core/packages/turtlebot3_gazebo)
[1.909s] Level 1:colcon.colcon_core.environment:create_environment_scripts_only(navigation_tb3)
[1.912s] Level 1:colcon.colcon_core.environment:checking '/home/user/ros2_ws/install/navigation_tb3' for CMake module files
[1.913s] Level 1:colcon.colcon_core.environment:checking '/home/user/ros2_ws/install/navigation_tb3' for CMake config files
[1.913s] Level 1:colcon.colcon_core.shell:create_environment_hook('navigation_tb3', 'cmake_prefix_path')
[1.915s] INFO:colcon.colcon_core.shell:Creating environment hook '/home/user/ros2_ws/install/navigation_tb3/share/navigation_tb3/hook/cmake_prefix_path.ps1'
[1.916s] INFO:colcon.colcon_core.shell:Creating environment descriptor '/home/user/ros2_ws/install/navigation_tb3/share/navigation_tb3/hook/cmake_prefix_path.dsv'
[1.916s] INFO:colcon.colcon_core.shell:Creating environment hook '/home/user/ros2_ws/install/navigation_tb3/share/navigation_tb3/hook/cmake_prefix_path.sh'
[1.917s] Level 1:colcon.colcon_core.environment:checking '/home/user/ros2_ws/install/navigation_tb3/lib'
[1.917s] Level 1:colcon.colcon_core.environment:checking '/home/user/ros2_ws/install/navigation_tb3/bin'
[1.917s] Level 1:colcon.colcon_core.environment:checking '/home/user/ros2_ws/install/navigation_tb3/lib/pkgconfig/navigation_tb3.pc'
[1.917s] Level 1:colcon.colcon_core.environment:checking '/home/user/ros2_ws/install/navigation_tb3/lib/python3.10/site-packages'
[1.918s] Level 1:colcon.colcon_core.shell:create_environment_hook('navigation_tb3', 'pythonpath')
[1.919s] INFO:colcon.colcon_core.shell:Creating environment hook '/home/user/ros2_ws/install/navigation_tb3/share/navigation_tb3/hook/pythonpath.ps1'
[1.920s] INFO:colcon.colcon_core.shell:Creating environment descriptor '/home/user/ros2_ws/install/navigation_tb3/share/navigation_tb3/hook/pythonpath.dsv'
[1.920s] INFO:colcon.colcon_core.shell:Creating environment hook '/home/user/ros2_ws/install/navigation_tb3/share/navigation_tb3/hook/pythonpath.sh'
[1.921s] Level 1:colcon.colcon_core.environment:checking '/home/user/ros2_ws/install/navigation_tb3/bin'
[1.923s] INFO:colcon.colcon_core.shell:Creating package script '/home/user/ros2_ws/install/navigation_tb3/share/navigation_tb3/package.ps1'
[1.924s] INFO:colcon.colcon_core.shell:Creating package descriptor '/home/user/ros2_ws/install/navigation_tb3/share/navigation_tb3/package.dsv'
[1.924s] INFO:colcon.colcon_core.shell:Creating package script '/home/user/ros2_ws/install/navigation_tb3/share/navigation_tb3/package.sh'
[1.925s] INFO:colcon.colcon_core.shell:Creating package script '/home/user/ros2_ws/install/navigation_tb3/share/navigation_tb3/package.bash'
[1.926s] INFO:colcon.colcon_core.shell:Creating package script '/home/user/ros2_ws/install/navigation_tb3/share/navigation_tb3/package.zsh'
[1.926s] Level 1:colcon.colcon_core.environment:create_file_with_runtime_dependencies(/home/user/ros2_ws/install/navigation_tb3/share/colcon-core/packages/navigation_tb3)
[2.001s] Level 1:colcon.colcon_core.environment:create_environment_scripts_only(turtlebot3_gazebo)
[2.004s] Level 1:colcon.colcon_core.environment:checking '/home/user/ros2_ws/install/turtlebot3_gazebo' for CMake module files
[2.005s] Level 1:colcon.colcon_core.environment:checking '/home/user/ros2_ws/install/turtlebot3_gazebo' for CMake config files
[2.005s] Level 1:colcon.colcon_core.shell:create_environment_hook('turtlebot3_gazebo', 'cmake_prefix_path')
[2.007s] INFO:colcon.colcon_core.shell:Creating environment hook '/home/user/ros2_ws/install/turtlebot3_gazebo/share/turtlebot3_gazebo/hook/cmake_prefix_path.ps1'
[2.007s] INFO:colcon.colcon_core.shell:Creating environment descriptor '/home/user/ros2_ws/install/turtlebot3_gazebo/share/turtlebot3_gazebo/hook/cmake_prefix_path.dsv'
[2.008s] INFO:colcon.colcon_core.shell:Creating environment hook '/home/user/ros2_ws/install/turtlebot3_gazebo/share/turtlebot3_gazebo/hook/cmake_prefix_path.sh'
[2.009s] Level 1:colcon.colcon_core.environment:checking '/home/user/ros2_ws/install/turtlebot3_gazebo/lib'
[2.009s] Level 1:colcon.colcon_core.environment:checking '/home/user/ros2_ws/install/turtlebot3_gazebo/bin'
[2.009s] Level 1:colcon.colcon_core.environment:checking '/home/user/ros2_ws/install/turtlebot3_gazebo/lib/pkgconfig/turtlebot3_gazebo.pc'
[2.009s] Level 1:colcon.colcon_core.environment:checking '/home/user/ros2_ws/install/turtlebot3_gazebo/lib/python3.10/site-packages'
[2.010s] Level 1:colcon.colcon_core.environment:checking '/home/user/ros2_ws/install/turtlebot3_gazebo/bin'
[2.012s] INFO:colcon.colcon_core.shell:Creating package script '/home/user/ros2_ws/install/turtlebot3_gazebo/share/turtlebot3_gazebo/package.ps1'
[2.012s] INFO:colcon.colcon_core.shell:Creating package descriptor '/home/user/ros2_ws/install/turtlebot3_gazebo/share/turtlebot3_gazebo/package.dsv'
[2.013s] INFO:colcon.colcon_core.shell:Creating package script '/home/user/ros2_ws/install/turtlebot3_gazebo/share/turtlebot3_gazebo/package.sh'
[2.014s] INFO:colcon.colcon_core.shell:Creating package script '/home/user/ros2_ws/install/turtlebot3_gazebo/share/turtlebot3_gazebo/package.bash'
[2.014s] INFO:colcon.colcon_core.shell:Creating package script '/home/user/ros2_ws/install/turtlebot3_gazebo/share/turtlebot3_gazebo/package.zsh'
[2.015s] Level 1:colcon.colcon_core.environment:create_file_with_runtime_dependencies(/home/user/ros2_ws/install/turtlebot3_gazebo/share/colcon-core/packages/turtlebot3_gazebo)
[2.246s] DEBUG:colcon.colcon_core.event_handler.log_command:Invoking command in '/home/user/ros2_ws/src/robot_python': PYTHONPATH=/home/user/ros2_ws/build/robot_python/prefix_override:/home/user/ros2_ws/install/robot_python/lib/python3.10/site-packages:${PYTHONPATH} _=/usr/bin/env /usr/bin/python3 setup.py egg_info --egg-base ../../build/robot_python build --build-base /home/user/ros2_ws/build/robot_python/build install --record /home/user/ros2_ws/build/robot_python/install.log --single-version-externally-managed
[2.729s] Level 1:colcon.colcon_core.environment:checking '/home/user/ros2_ws/install/robot_python' for CMake module files
[2.730s] DEBUG:colcon.colcon_core.event_handler.log_command:Invoked command in '/home/user/ros2_ws/src/robot_python' returned '0': PYTHONPATH=/home/user/ros2_ws/build/robot_python/prefix_override:/home/user/ros2_ws/install/robot_python/lib/python3.10/site-packages:${PYTHONPATH} _=/usr/bin/env /usr/bin/python3 setup.py egg_info --egg-base ../../build/robot_python build --build-base /home/user/ros2_ws/build/robot_python/build install --record /home/user/ros2_ws/build/robot_python/install.log --single-version-externally-managed
[2.730s] Level 1:colcon.colcon_core.environment:checking '/home/user/ros2_ws/install/robot_python' for CMake config files
[2.731s] Level 1:colcon.colcon_core.environment:checking '/home/user/ros2_ws/install/robot_python/lib'
[2.731s] Level 1:colcon.colcon_core.environment:checking '/home/user/ros2_ws/install/robot_python/bin'
[2.731s] Level 1:colcon.colcon_core.environment:checking '/home/user/ros2_ws/install/robot_python/lib/pkgconfig/robot_python.pc'
[2.732s] Level 1:colcon.colcon_core.environment:checking '/home/user/ros2_ws/install/robot_python/lib/python3.10/site-packages'
[2.732s] Level 1:colcon.colcon_core.shell:create_environment_hook('robot_python', 'pythonpath')
[2.733s] INFO:colcon.colcon_core.shell:Creating environment hook '/home/user/ros2_ws/install/robot_python/share/robot_python/hook/pythonpath.ps1'
[2.734s] INFO:colcon.colcon_core.shell:Creating environment descriptor '/home/user/ros2_ws/install/robot_python/share/robot_python/hook/pythonpath.dsv'
[2.734s] INFO:colcon.colcon_core.shell:Creating environment hook '/home/user/ros2_ws/install/robot_python/share/robot_python/hook/pythonpath.sh'
[2.735s] Level 1:colcon.colcon_core.environment:checking '/home/user/ros2_ws/install/robot_python/bin'
[2.735s] Level 1:colcon.colcon_core.environment:create_environment_scripts_only(robot_python)
[2.737s] INFO:colcon.colcon_core.shell:Creating package script '/home/user/ros2_ws/install/robot_python/share/robot_python/package.ps1'
[2.738s] INFO:colcon.colcon_core.shell:Creating package descriptor '/home/user/ros2_ws/install/robot_python/share/robot_python/package.dsv'
[2.738s] INFO:colcon.colcon_core.shell:Creating package script '/home/user/ros2_ws/install/robot_python/share/robot_python/package.sh'
[2.739s] INFO:colcon.colcon_core.shell:Creating package script '/home/user/ros2_ws/install/robot_python/share/robot_python/package.bash'
[2.739s] INFO:colcon.colcon_core.shell:Creating package script '/home/user/ros2_ws/install/robot_python/share/robot_python/package.zsh'
[2.740s] Level 1:colcon.colcon_core.environment:create_file_with_runtime_dependencies(/home/user/ros2_ws/install/robot_python/share/colcon-core/packages/robot_python)
[2.740s] DEBUG:colcon.colcon_parallel_executor.executor.parallel:closing loop
[2.740s] DEBUG:colcon.colcon_parallel_executor.executor.parallel:loop closed
[2.740s] DEBUG:colcon.colcon_parallel_executor.executor.parallel:run_until_complete finished with '0'
[2.741s] DEBUG:colcon.colcon_core.event_reactor:joining thread
[2.749s] INFO:colcon.colcon_core.plugin_system:Skipping extension 'colcon_notification.desktop_notification.notify_send': Could not find 'notify-send'
[2.749s] INFO:colcon.colcon_core.plugin_system:Skipping extension 'colcon_notification.desktop_notification.terminal_notifier': Not used on non-Darwin systems
[2.749s] INFO:colcon.colcon_core.plugin_system:Skipping extension 'colcon_notification.desktop_notification.win32': Not used on non-Windows systems
[2.749s] INFO:colcon.colcon_notification.desktop_notification:Sending desktop notification using 'notify2'
[2.751s] DEBUG:colcon.colcon_notification.desktop_notification.notify2:Failed to initialize notify2: org.freedesktop.DBus.Error.Spawn.ExecFailed: /usr/bin/dbus-launch terminated abnormally without any error message
[2.751s] DEBUG:colcon.colcon_core.event_reactor:joined thread
[2.755s] INFO:colcon.colcon_core.shell:Creating prefix script '/home/user/ros2_ws/install/local_setup.ps1'
[2.757s] INFO:colcon.colcon_core.shell:Creating prefix util module '/home/user/ros2_ws/install/_local_setup_util_ps1.py'
[2.758s] INFO:colcon.colcon_core.shell:Creating prefix chain script '/home/user/ros2_ws/install/setup.ps1'
[2.761s] INFO:colcon.colcon_core.shell:Creating prefix script '/home/user/ros2_ws/install/local_setup.sh'
[2.762s] INFO:colcon.colcon_core.shell:Creating prefix util module '/home/user/ros2_ws/install/_local_setup_util_sh.py'
[2.762s] INFO:colcon.colcon_core.shell:Creating prefix chain script '/home/user/ros2_ws/install/setup.sh'
[2.765s] INFO:colcon.colcon_core.shell:Creating prefix script '/home/user/ros2_ws/install/local_setup.bash'
[2.766s] INFO:colcon.colcon_core.shell:Creating prefix chain script '/home/user/ros2_ws/install/setup.bash'
[2.769s] INFO:colcon.colcon_core.shell:Creating prefix script '/home/user/ros2_ws/install/local_setup.zsh'
[2.769s] INFO:colcon.colcon_core.shell:Creating prefix chain script '/home/user/ros2_ws/install/setup.zsh'
