[0.493s] DEBUG:colcon:Command line arguments: ['/usr/bin/colcon', 'build']
[0.493s] DEBUG:colcon:Parsed command line arguments: Namespace(log_base=None, log_level=None, verb_name='build', build_base='build', install_base='install', merge_install=False, symlink_install=False, test_result_base=None, continue_on_error=False, executor='parallel', parallel_workers=8, event_handlers=None, ignore_user_meta=False, metas=['./colcon.meta'], base_paths=['.'], packages_ignore=None, packages_ignore_regex=None, paths=None, packages_up_to=None, packages_up_to_regex=None, packages_above=None, packages_above_and_dependencies=None, packages_above_depth=None, packages_select_by_dep=None, packages_skip_by_dep=None, packages_skip_up_to=None, packages_select_build_failed=False, packages_skip_build_finished=False, packages_select_test_failures=False, packages_skip_test_passed=False, packages_select=None, packages_skip=None, packages_select_regex=None, packages_skip_regex=None, packages_start=None, packages_end=None, cmake_args=None, cmake_target=None, cmake_target_skip_unavailable=False, cmake_clean_cache=False, cmake_clean_first=False, cmake_force_configure=False, ament_cmake_args=None, catkin_cmake_args=None, catkin_skip_building_tests=False, mixin_files=None, mixin=None, verb_parser=<colcon_mixin.mixin.mixin_argument.MixinArgumentDecorator object at 0x7ff2a2de4ac0>, verb_extension=<colcon_core.verb.build.BuildVerb object at 0x7ff2a3748d60>, main=<bound method BuildVerb.main of <colcon_core.verb.build.BuildVerb object at 0x7ff2a3748d60>>, mixin_verb=('build',))
[0.526s] Level 1:colcon.colcon_core.package_discovery:discover_packages(colcon_meta) check parameters
[0.526s] Level 1:colcon.colcon_core.package_discovery:discover_packages(recursive) check parameters
[0.526s] Level 1:colcon.colcon_core.package_discovery:discover_packages(ignore) check parameters
[0.526s] Level 1:colcon.colcon_core.package_discovery:discover_packages(path) check parameters
[0.526s] Level 1:colcon.colcon_core.package_discovery:discover_packages(colcon_meta) discover
[0.526s] Level 1:colcon.colcon_core.package_discovery:discover_packages(recursive) discover
[0.526s] INFO:colcon.colcon_core.package_discovery:Crawling recursively for packages in '/home/user/ros2_ws'
[0.526s] Level 1:colcon.colcon_core.package_identification:_identify(.) by extensions ['ignore', 'ignore_ament_install']
[0.526s] Level 1:colcon.colcon_core.package_identification:_identify(.) by extension 'ignore'
[0.527s] Level 1:colcon.colcon_core.package_identification:_identify(.) by extension 'ignore_ament_install'
[0.527s] Level 1:colcon.colcon_core.package_identification:_identify(.) by extensions ['colcon_pkg']
[0.527s] Level 1:colcon.colcon_core.package_identification:_identify(.) by extension 'colcon_pkg'
[0.527s] Level 1:colcon.colcon_core.package_identification:_identify(.) by extensions ['colcon_meta']
[0.527s] Level 1:colcon.colcon_core.package_identification:_identify(.) by extension 'colcon_meta'
[0.527s] Level 1:colcon.colcon_core.package_identification:_identify(.) by extensions ['ros']
[0.527s] Level 1:colcon.colcon_core.package_identification:_identify(.) by extension 'ros'
[0.546s] Level 1:colcon.colcon_core.package_identification:_identify(.) by extensions ['cmake', 'python']
[0.546s] Level 1:colcon.colcon_core.package_identification:_identify(.) by extension 'cmake'
[0.546s] Level 1:colcon.colcon_core.package_identification:_identify(.) by extension 'python'
[0.547s] Level 1:colcon.colcon_core.package_identification:_identify(.) by extensions ['python_setup_py']
[0.547s] Level 1:colcon.colcon_core.package_identification:_identify(.) by extension 'python_setup_py'
[0.547s] Level 1:colcon.colcon_core.package_identification:_identify(build) by extensions ['ignore', 'ignore_ament_install']
[0.547s] Level 1:colcon.colcon_core.package_identification:_identify(build) by extension 'ignore'
[0.547s] Level 1:colcon.colcon_core.package_identification:_identify(build) ignored
[0.547s] Level 1:colcon.colcon_core.package_identification:_identify(install) by extensions ['ignore', 'ignore_ament_install']
[0.548s] Level 1:colcon.colcon_core.package_identification:_identify(install) by extension 'ignore'
[0.548s] Level 1:colcon.colcon_core.package_identification:_identify(install) ignored
[0.548s] Level 1:colcon.colcon_core.package_identification:_identify(log) by extensions ['ignore', 'ignore_ament_install']
[0.548s] Level 1:colcon.colcon_core.package_identification:_identify(log) by extension 'ignore'
[0.548s] Level 1:colcon.colcon_core.package_identification:_identify(log) ignored
[0.548s] Level 1:colcon.colcon_core.package_identification:_identify(src) by extensions ['ignore', 'ignore_ament_install']
[0.549s] Level 1:colcon.colcon_core.package_identification:_identify(src) by extension 'ignore'
[0.549s] Level 1:colcon.colcon_core.package_identification:_identify(src) by extension 'ignore_ament_install'
[0.549s] Level 1:colcon.colcon_core.package_identification:_identify(src) by extensions ['colcon_pkg']
[0.549s] Level 1:colcon.colcon_core.package_identification:_identify(src) by extension 'colcon_pkg'
[0.549s] Level 1:colcon.colcon_core.package_identification:_identify(src) by extensions ['colcon_meta']
[0.549s] Level 1:colcon.colcon_core.package_identification:_identify(src) by extension 'colcon_meta'
[0.549s] Level 1:colcon.colcon_core.package_identification:_identify(src) by extensions ['ros']
[0.549s] Level 1:colcon.colcon_core.package_identification:_identify(src) by extension 'ros'
[0.550s] Level 1:colcon.colcon_core.package_identification:_identify(src) by extensions ['cmake', 'python']
[0.550s] Level 1:colcon.colcon_core.package_identification:_identify(src) by extension 'cmake'
[0.550s] Level 1:colcon.colcon_core.package_identification:_identify(src) by extension 'python'
[0.550s] Level 1:colcon.colcon_core.package_identification:_identify(src) by extensions ['python_setup_py']
[0.550s] Level 1:colcon.colcon_core.package_identification:_identify(src) by extension 'python_setup_py'
[0.550s] Level 1:colcon.colcon_core.package_identification:_identify(src/my_cpp_py_pkg) by extensions ['ignore', 'ignore_ament_install']
[0.550s] Level 1:colcon.colcon_core.package_identification:_identify(src/my_cpp_py_pkg) by extension 'ignore'
[0.551s] Level 1:colcon.colcon_core.package_identification:_identify(src/my_cpp_py_pkg) by extension 'ignore_ament_install'
[0.551s] Level 1:colcon.colcon_core.package_identification:_identify(src/my_cpp_py_pkg) by extensions ['colcon_pkg']
[0.551s] Level 1:colcon.colcon_core.package_identification:_identify(src/my_cpp_py_pkg) by extension 'colcon_pkg'
[0.551s] Level 1:colcon.colcon_core.package_identification:_identify(src/my_cpp_py_pkg) by extensions ['colcon_meta']
[0.551s] Level 1:colcon.colcon_core.package_identification:_identify(src/my_cpp_py_pkg) by extension 'colcon_meta'
[0.551s] Level 1:colcon.colcon_core.package_identification:_identify(src/my_cpp_py_pkg) by extensions ['ros']
[0.551s] Level 1:colcon.colcon_core.package_identification:_identify(src/my_cpp_py_pkg) by extension 'ros'
[0.554s] DEBUG:colcon.colcon_core.package_identification:Package 'src/my_cpp_py_pkg' with type 'ros.ament_cmake' and name 'my_cpp_py_pkg'
[0.555s] Level 1:colcon.colcon_core.package_identification:_identify(src/navigation_tb3) by extensions ['ignore', 'ignore_ament_install']
[0.555s] Level 1:colcon.colcon_core.package_identification:_identify(src/navigation_tb3) by extension 'ignore'
[0.555s] Level 1:colcon.colcon_core.package_identification:_identify(src/navigation_tb3) by extension 'ignore_ament_install'
[0.555s] Level 1:colcon.colcon_core.package_identification:_identify(src/navigation_tb3) by extensions ['colcon_pkg']
[0.555s] Level 1:colcon.colcon_core.package_identification:_identify(src/navigation_tb3) by extension 'colcon_pkg'
[0.555s] Level 1:colcon.colcon_core.package_identification:_identify(src/navigation_tb3) by extensions ['colcon_meta']
[0.555s] Level 1:colcon.colcon_core.package_identification:_identify(src/navigation_tb3) by extension 'colcon_meta'
[0.555s] Level 1:colcon.colcon_core.package_identification:_identify(src/navigation_tb3) by extensions ['ros']
[0.555s] Level 1:colcon.colcon_core.package_identification:_identify(src/navigation_tb3) by extension 'ros'
[0.556s] DEBUG:colcon.colcon_core.package_identification:Package 'src/navigation_tb3' with type 'ros.ament_cmake' and name 'navigation_tb3'
[0.556s] Level 1:colcon.colcon_core.package_identification:_identify(src/robot_control) by extensions ['ignore', 'ignore_ament_install']
[0.556s] Level 1:colcon.colcon_core.package_identification:_identify(src/robot_control) by extension 'ignore'
[0.556s] Level 1:colcon.colcon_core.package_identification:_identify(src/robot_control) by extension 'ignore_ament_install'
[0.557s] Level 1:colcon.colcon_core.package_identification:_identify(src/robot_control) by extensions ['colcon_pkg']
[0.557s] Level 1:colcon.colcon_core.package_identification:_identify(src/robot_control) by extension 'colcon_pkg'
[0.557s] Level 1:colcon.colcon_core.package_identification:_identify(src/robot_control) by extensions ['colcon_meta']
[0.557s] Level 1:colcon.colcon_core.package_identification:_identify(src/robot_control) by extension 'colcon_meta'
[0.557s] Level 1:colcon.colcon_core.package_identification:_identify(src/robot_control) by extensions ['ros']
[0.557s] Level 1:colcon.colcon_core.package_identification:_identify(src/robot_control) by extension 'ros'
[0.558s] DEBUG:colcon.colcon_core.package_identification:Package 'src/robot_control' with type 'ros.ament_cmake' and name 'robot_control'
[0.558s] Level 1:colcon.colcon_core.package_identification:_identify(src/robot_cpp) by extensions ['ignore', 'ignore_ament_install']
[0.558s] Level 1:colcon.colcon_core.package_identification:_identify(src/robot_cpp) by extension 'ignore'
[0.558s] Level 1:colcon.colcon_core.package_identification:_identify(src/robot_cpp) by extension 'ignore_ament_install'
[0.558s] Level 1:colcon.colcon_core.package_identification:_identify(src/robot_cpp) by extensions ['colcon_pkg']
[0.558s] Level 1:colcon.colcon_core.package_identification:_identify(src/robot_cpp) by extension 'colcon_pkg'
[0.558s] Level 1:colcon.colcon_core.package_identification:_identify(src/robot_cpp) by extensions ['colcon_meta']
[0.558s] Level 1:colcon.colcon_core.package_identification:_identify(src/robot_cpp) by extension 'colcon_meta'
[0.558s] Level 1:colcon.colcon_core.package_identification:_identify(src/robot_cpp) by extensions ['ros']
[0.558s] Level 1:colcon.colcon_core.package_identification:_identify(src/robot_cpp) by extension 'ros'
[0.559s] DEBUG:colcon.colcon_core.package_identification:Package 'src/robot_cpp' with type 'ros.ament_cmake' and name 'robot_cpp'
[0.559s] Level 1:colcon.colcon_core.package_identification:_identify(src/robot_python) by extensions ['ignore', 'ignore_ament_install']
[0.560s] Level 1:colcon.colcon_core.package_identification:_identify(src/robot_python) by extension 'ignore'
[0.560s] Level 1:colcon.colcon_core.package_identification:_identify(src/robot_python) by extension 'ignore_ament_install'
[0.560s] Level 1:colcon.colcon_core.package_identification:_identify(src/robot_python) by extensions ['colcon_pkg']
[0.560s] Level 1:colcon.colcon_core.package_identification:_identify(src/robot_python) by extension 'colcon_pkg'
[0.560s] Level 1:colcon.colcon_core.package_identification:_identify(src/robot_python) by extensions ['colcon_meta']
[0.560s] Level 1:colcon.colcon_core.package_identification:_identify(src/robot_python) by extension 'colcon_meta'
[0.560s] Level 1:colcon.colcon_core.package_identification:_identify(src/robot_python) by extensions ['ros']
[0.560s] Level 1:colcon.colcon_core.package_identification:_identify(src/robot_python) by extension 'ros'
[0.561s] DEBUG:colcon.colcon_core.package_identification:Package 'src/robot_python' with type 'ros.ament_python' and name 'robot_python'
[0.561s] Level 1:colcon.colcon_core.package_identification:_identify(src/robot_test) by extensions ['ignore', 'ignore_ament_install']
[0.561s] Level 1:colcon.colcon_core.package_identification:_identify(src/robot_test) by extension 'ignore'
[0.561s] Level 1:colcon.colcon_core.package_identification:_identify(src/robot_test) by extension 'ignore_ament_install'
[0.561s] Level 1:colcon.colcon_core.package_identification:_identify(src/robot_test) by extensions ['colcon_pkg']
[0.561s] Level 1:colcon.colcon_core.package_identification:_identify(src/robot_test) by extension 'colcon_pkg'
[0.561s] Level 1:colcon.colcon_core.package_identification:_identify(src/robot_test) by extensions ['colcon_meta']
[0.561s] Level 1:colcon.colcon_core.package_identification:_identify(src/robot_test) by extension 'colcon_meta'
[0.562s] Level 1:colcon.colcon_core.package_identification:_identify(src/robot_test) by extensions ['ros']
[0.562s] Level 1:colcon.colcon_core.package_identification:_identify(src/robot_test) by extension 'ros'
[0.562s] DEBUG:colcon.colcon_core.package_identification:Package 'src/robot_test' with type 'ros.ament_cmake' and name 'robot_test'
[0.563s] Level 1:colcon.colcon_core.package_identification:_identify(src/turtlebot3_gazebo) by extensions ['ignore', 'ignore_ament_install']
[0.563s] Level 1:colcon.colcon_core.package_identification:_identify(src/turtlebot3_gazebo) by extension 'ignore'
[0.563s] Level 1:colcon.colcon_core.package_identification:_identify(src/turtlebot3_gazebo) by extension 'ignore_ament_install'
[0.563s] Level 1:colcon.colcon_core.package_identification:_identify(src/turtlebot3_gazebo) by extensions ['colcon_pkg']
[0.563s] Level 1:colcon.colcon_core.package_identification:_identify(src/turtlebot3_gazebo) by extension 'colcon_pkg'
[0.563s] Level 1:colcon.colcon_core.package_identification:_identify(src/turtlebot3_gazebo) by extensions ['colcon_meta']
[0.563s] Level 1:colcon.colcon_core.package_identification:_identify(src/turtlebot3_gazebo) by extension 'colcon_meta'
[0.564s] Level 1:colcon.colcon_core.package_identification:_identify(src/turtlebot3_gazebo) by extensions ['ros']
[0.564s] Level 1:colcon.colcon_core.package_identification:_identify(src/turtlebot3_gazebo) by extension 'ros'
[0.565s] DEBUG:colcon.colcon_core.package_identification:Package 'src/turtlebot3_gazebo' with type 'ros.ament_cmake' and name 'turtlebot3_gazebo'
[0.565s] Level 1:colcon.colcon_core.package_discovery:discover_packages(recursive) using defaults
[0.565s] Level 1:colcon.colcon_core.package_discovery:discover_packages(ignore) discover
[0.565s] Level 1:colcon.colcon_core.package_discovery:discover_packages(ignore) using defaults
[0.565s] Level 1:colcon.colcon_core.package_discovery:discover_packages(path) discover
[0.565s] Level 1:colcon.colcon_core.package_discovery:discover_packages(path) using defaults
[0.602s] Level 5:colcon.colcon_core.verb:set package 'my_cpp_py_pkg' build argument 'cmake_args' from command line to 'None'
[0.602s] Level 5:colcon.colcon_core.verb:set package 'my_cpp_py_pkg' build argument 'cmake_target' from command line to 'None'
[0.602s] Level 5:colcon.colcon_core.verb:set package 'my_cpp_py_pkg' build argument 'cmake_target_skip_unavailable' from command line to 'False'
[0.603s] Level 5:colcon.colcon_core.verb:set package 'my_cpp_py_pkg' build argument 'cmake_clean_cache' from command line to 'False'
[0.603s] Level 5:colcon.colcon_core.verb:set package 'my_cpp_py_pkg' build argument 'cmake_clean_first' from command line to 'False'
[0.603s] Level 5:colcon.colcon_core.verb:set package 'my_cpp_py_pkg' build argument 'cmake_force_configure' from command line to 'False'
[0.603s] Level 5:colcon.colcon_core.verb:set package 'my_cpp_py_pkg' build argument 'ament_cmake_args' from command line to 'None'
[0.603s] Level 5:colcon.colcon_core.verb:set package 'my_cpp_py_pkg' build argument 'catkin_cmake_args' from command line to 'None'
[0.603s] Level 5:colcon.colcon_core.verb:set package 'my_cpp_py_pkg' build argument 'catkin_skip_building_tests' from command line to 'False'
[0.603s] DEBUG:colcon.colcon_core.verb:Building package 'my_cpp_py_pkg' with the following arguments: {'ament_cmake_args': None, 'build_base': '/home/user/ros2_ws/build/my_cpp_py_pkg', 'catkin_cmake_args': None, 'catkin_skip_building_tests': False, 'cmake_args': None, 'cmake_clean_cache': False, 'cmake_clean_first': False, 'cmake_force_configure': False, 'cmake_target': None, 'cmake_target_skip_unavailable': False, 'install_base': '/home/user/ros2_ws/install/my_cpp_py_pkg', 'merge_install': False, 'path': '/home/user/ros2_ws/src/my_cpp_py_pkg', 'symlink_install': False, 'test_result_base': None}
[0.605s] Level 5:colcon.colcon_core.verb:set package 'navigation_tb3' build argument 'cmake_args' from command line to 'None'
[0.606s] Level 5:colcon.colcon_core.verb:set package 'navigation_tb3' build argument 'cmake_target' from command line to 'None'
[0.606s] Level 5:colcon.colcon_core.verb:set package 'navigation_tb3' build argument 'cmake_target_skip_unavailable' from command line to 'False'
[0.606s] Level 5:colcon.colcon_core.verb:set package 'navigation_tb3' build argument 'cmake_clean_cache' from command line to 'False'
[0.606s] Level 5:colcon.colcon_core.verb:set package 'navigation_tb3' build argument 'cmake_clean_first' from command line to 'False'
[0.606s] Level 5:colcon.colcon_core.verb:set package 'navigation_tb3' build argument 'cmake_force_configure' from command line to 'False'
[0.606s] Level 5:colcon.colcon_core.verb:set package 'navigation_tb3' build argument 'ament_cmake_args' from command line to 'None'
[0.606s] Level 5:colcon.colcon_core.verb:set package 'navigation_tb3' build argument 'catkin_cmake_args' from command line to 'None'
[0.606s] Level 5:colcon.colcon_core.verb:set package 'navigation_tb3' build argument 'catkin_skip_building_tests' from command line to 'False'
[0.606s] DEBUG:colcon.colcon_core.verb:Building package 'navigation_tb3' with the following arguments: {'ament_cmake_args': None, 'build_base': '/home/user/ros2_ws/build/navigation_tb3', 'catkin_cmake_args': None, 'catkin_skip_building_tests': False, 'cmake_args': None, 'cmake_clean_cache': False, 'cmake_clean_first': False, 'cmake_force_configure': False, 'cmake_target': None, 'cmake_target_skip_unavailable': False, 'install_base': '/home/user/ros2_ws/install/navigation_tb3', 'merge_install': False, 'path': '/home/user/ros2_ws/src/navigation_tb3', 'symlink_install': False, 'test_result_base': None}
[0.608s] Level 5:colcon.colcon_core.verb:set package 'robot_control' build argument 'cmake_args' from command line to 'None'
[0.609s] Level 5:colcon.colcon_core.verb:set package 'robot_control' build argument 'cmake_target' from command line to 'None'
[0.609s] Level 5:colcon.colcon_core.verb:set package 'robot_control' build argument 'cmake_target_skip_unavailable' from command line to 'False'
[0.609s] Level 5:colcon.colcon_core.verb:set package 'robot_control' build argument 'cmake_clean_cache' from command line to 'False'
[0.609s] Level 5:colcon.colcon_core.verb:set package 'robot_control' build argument 'cmake_clean_first' from command line to 'False'
[0.609s] Level 5:colcon.colcon_core.verb:set package 'robot_control' build argument 'cmake_force_configure' from command line to 'False'
[0.609s] Level 5:colcon.colcon_core.verb:set package 'robot_control' build argument 'ament_cmake_args' from command line to 'None'
[0.609s] Level 5:colcon.colcon_core.verb:set package 'robot_control' build argument 'catkin_cmake_args' from command line to 'None'
[0.609s] Level 5:colcon.colcon_core.verb:set package 'robot_control' build argument 'catkin_skip_building_tests' from command line to 'False'
[0.609s] DEBUG:colcon.colcon_core.verb:Building package 'robot_control' with the following arguments: {'ament_cmake_args': None, 'build_base': '/home/user/ros2_ws/build/robot_control', 'catkin_cmake_args': None, 'catkin_skip_building_tests': False, 'cmake_args': None, 'cmake_clean_cache': False, 'cmake_clean_first': False, 'cmake_force_configure': False, 'cmake_target': None, 'cmake_target_skip_unavailable': False, 'install_base': '/home/user/ros2_ws/install/robot_control', 'merge_install': False, 'path': '/home/user/ros2_ws/src/robot_control', 'symlink_install': False, 'test_result_base': None}
[0.611s] Level 5:colcon.colcon_core.verb:set package 'robot_cpp' build argument 'cmake_args' from command line to 'None'
[0.611s] Level 5:colcon.colcon_core.verb:set package 'robot_cpp' build argument 'cmake_target' from command line to 'None'
[0.611s] Level 5:colcon.colcon_core.verb:set package 'robot_cpp' build argument 'cmake_target_skip_unavailable' from command line to 'False'
[0.612s] Level 5:colcon.colcon_core.verb:set package 'robot_cpp' build argument 'cmake_clean_cache' from command line to 'False'
[0.612s] Level 5:colcon.colcon_core.verb:set package 'robot_cpp' build argument 'cmake_clean_first' from command line to 'False'
[0.612s] Level 5:colcon.colcon_core.verb:set package 'robot_cpp' build argument 'cmake_force_configure' from command line to 'False'
[0.612s] Level 5:colcon.colcon_core.verb:set package 'robot_cpp' build argument 'ament_cmake_args' from command line to 'None'
[0.612s] Level 5:colcon.colcon_core.verb:set package 'robot_cpp' build argument 'catkin_cmake_args' from command line to 'None'
[0.612s] Level 5:colcon.colcon_core.verb:set package 'robot_cpp' build argument 'catkin_skip_building_tests' from command line to 'False'
[0.612s] DEBUG:colcon.colcon_core.verb:Building package 'robot_cpp' with the following arguments: {'ament_cmake_args': None, 'build_base': '/home/user/ros2_ws/build/robot_cpp', 'catkin_cmake_args': None, 'catkin_skip_building_tests': False, 'cmake_args': None, 'cmake_clean_cache': False, 'cmake_clean_first': False, 'cmake_force_configure': False, 'cmake_target': None, 'cmake_target_skip_unavailable': False, 'install_base': '/home/user/ros2_ws/install/robot_cpp', 'merge_install': False, 'path': '/home/user/ros2_ws/src/robot_cpp', 'symlink_install': False, 'test_result_base': None}
[0.614s] Level 5:colcon.colcon_core.verb:set package 'robot_python' build argument 'cmake_args' from command line to 'None'
[0.614s] Level 5:colcon.colcon_core.verb:set package 'robot_python' build argument 'cmake_target' from command line to 'None'
[0.614s] Level 5:colcon.colcon_core.verb:set package 'robot_python' build argument 'cmake_target_skip_unavailable' from command line to 'False'
[0.614s] Level 5:colcon.colcon_core.verb:set package 'robot_python' build argument 'cmake_clean_cache' from command line to 'False'
[0.614s] Level 5:colcon.colcon_core.verb:set package 'robot_python' build argument 'cmake_clean_first' from command line to 'False'
[0.614s] Level 5:colcon.colcon_core.verb:set package 'robot_python' build argument 'cmake_force_configure' from command line to 'False'
[0.615s] Level 5:colcon.colcon_core.verb:set package 'robot_python' build argument 'ament_cmake_args' from command line to 'None'
[0.615s] Level 5:colcon.colcon_core.verb:set package 'robot_python' build argument 'catkin_cmake_args' from command line to 'None'
[0.615s] Level 5:colcon.colcon_core.verb:set package 'robot_python' build argument 'catkin_skip_building_tests' from command line to 'False'
[0.615s] DEBUG:colcon.colcon_core.verb:Building package 'robot_python' with the following arguments: {'ament_cmake_args': None, 'build_base': '/home/user/ros2_ws/build/robot_python', 'catkin_cmake_args': None, 'catkin_skip_building_tests': False, 'cmake_args': None, 'cmake_clean_cache': False, 'cmake_clean_first': False, 'cmake_force_configure': False, 'cmake_target': None, 'cmake_target_skip_unavailable': False, 'install_base': '/home/user/ros2_ws/install/robot_python', 'merge_install': False, 'path': '/home/user/ros2_ws/src/robot_python', 'symlink_install': False, 'test_result_base': None}
[0.617s] Level 5:colcon.colcon_core.verb:set package 'robot_test' build argument 'cmake_args' from command line to 'None'
[0.617s] Level 5:colcon.colcon_core.verb:set package 'robot_test' build argument 'cmake_target' from command line to 'None'
[0.617s] Level 5:colcon.colcon_core.verb:set package 'robot_test' build argument 'cmake_target_skip_unavailable' from command line to 'False'
[0.617s] Level 5:colcon.colcon_core.verb:set package 'robot_test' build argument 'cmake_clean_cache' from command line to 'False'
[0.617s] Level 5:colcon.colcon_core.verb:set package 'robot_test' build argument 'cmake_clean_first' from command line to 'False'
[0.617s] Level 5:colcon.colcon_core.verb:set package 'robot_test' build argument 'cmake_force_configure' from command line to 'False'
[0.617s] Level 5:colcon.colcon_core.verb:set package 'robot_test' build argument 'ament_cmake_args' from command line to 'None'
[0.617s] Level 5:colcon.colcon_core.verb:set package 'robot_test' build argument 'catkin_cmake_args' from command line to 'None'
[0.617s] Level 5:colcon.colcon_core.verb:set package 'robot_test' build argument 'catkin_skip_building_tests' from command line to 'False'
[0.618s] DEBUG:colcon.colcon_core.verb:Building package 'robot_test' with the following arguments: {'ament_cmake_args': None, 'build_base': '/home/user/ros2_ws/build/robot_test', 'catkin_cmake_args': None, 'catkin_skip_building_tests': False, 'cmake_args': None, 'cmake_clean_cache': False, 'cmake_clean_first': False, 'cmake_force_configure': False, 'cmake_target': None, 'cmake_target_skip_unavailable': False, 'install_base': '/home/user/ros2_ws/install/robot_test', 'merge_install': False, 'path': '/home/user/ros2_ws/src/robot_test', 'symlink_install': False, 'test_result_base': None}
[0.620s] Level 5:colcon.colcon_core.verb:set package 'turtlebot3_gazebo' build argument 'cmake_args' from command line to 'None'
[0.620s] Level 5:colcon.colcon_core.verb:set package 'turtlebot3_gazebo' build argument 'cmake_target' from command line to 'None'
[0.620s] Level 5:colcon.colcon_core.verb:set package 'turtlebot3_gazebo' build argument 'cmake_target_skip_unavailable' from command line to 'False'
[0.620s] Level 5:colcon.colcon_core.verb:set package 'turtlebot3_gazebo' build argument 'cmake_clean_cache' from command line to 'False'
[0.620s] Level 5:colcon.colcon_core.verb:set package 'turtlebot3_gazebo' build argument 'cmake_clean_first' from command line to 'False'
[0.620s] Level 5:colcon.colcon_core.verb:set package 'turtlebot3_gazebo' build argument 'cmake_force_configure' from command line to 'False'
[0.620s] Level 5:colcon.colcon_core.verb:set package 'turtlebot3_gazebo' build argument 'ament_cmake_args' from command line to 'None'
[0.620s] Level 5:colcon.colcon_core.verb:set package 'turtlebot3_gazebo' build argument 'catkin_cmake_args' from command line to 'None'
[0.621s] Level 5:colcon.colcon_core.verb:set package 'turtlebot3_gazebo' build argument 'catkin_skip_building_tests' from command line to 'False'
[0.621s] DEBUG:colcon.colcon_core.verb:Building package 'turtlebot3_gazebo' with the following arguments: {'ament_cmake_args': None, 'build_base': '/home/user/ros2_ws/build/turtlebot3_gazebo', 'catkin_cmake_args': None, 'catkin_skip_building_tests': False, 'cmake_args': None, 'cmake_clean_cache': False, 'cmake_clean_first': False, 'cmake_force_configure': False, 'cmake_target': None, 'cmake_target_skip_unavailable': False, 'install_base': '/home/user/ros2_ws/install/turtlebot3_gazebo', 'merge_install': False, 'path': '/home/user/ros2_ws/src/turtlebot3_gazebo', 'symlink_install': False, 'test_result_base': None}
[0.622s] INFO:colcon.colcon_core.executor:Executing jobs using 'parallel' executor
[0.629s] DEBUG:colcon.colcon_parallel_executor.executor.parallel:run_until_complete
[0.630s] INFO:colcon.colcon_ros.task.ament_cmake.build:Building ROS package in '/home/user/ros2_ws/src/my_cpp_py_pkg' with build type 'ament_cmake'
[0.630s] INFO:colcon.colcon_cmake.task.cmake.build:Building CMake package in '/home/user/ros2_ws/src/my_cpp_py_pkg'
[0.638s] INFO:colcon.colcon_core.plugin_system:Skipping extension 'colcon_core.shell.bat': Not used on non-Windows systems
[0.639s] INFO:colcon.colcon_core.shell:Skip shell extension 'powershell' for command environment: Not usable outside of PowerShell
[0.639s] DEBUG:colcon.colcon_core.shell:Skip shell extension 'dsv' for command environment
[0.649s] INFO:colcon.colcon_ros.task.ament_cmake.build:Building ROS package in '/home/user/ros2_ws/src/navigation_tb3' with build type 'ament_cmake'
[0.649s] INFO:colcon.colcon_cmake.task.cmake.build:Building CMake package in '/home/user/ros2_ws/src/navigation_tb3'
[0.651s] INFO:colcon.colcon_core.shell:Skip shell extension 'powershell' for command environment: Not usable outside of PowerShell
[0.652s] DEBUG:colcon.colcon_core.shell:Skip shell extension 'dsv' for command environment
[0.659s] INFO:colcon.colcon_ros.task.ament_cmake.build:Building ROS package in '/home/user/ros2_ws/src/robot_control' with build type 'ament_cmake'
[0.660s] INFO:colcon.colcon_cmake.task.cmake.build:Building CMake package in '/home/user/ros2_ws/src/robot_control'
[0.663s] INFO:colcon.colcon_core.shell:Skip shell extension 'powershell' for command environment: Not usable outside of PowerShell
[0.663s] DEBUG:colcon.colcon_core.shell:Skip shell extension 'dsv' for command environment
[0.676s] INFO:colcon.colcon_ros.task.ament_cmake.build:Building ROS package in '/home/user/ros2_ws/src/robot_cpp' with build type 'ament_cmake'
[0.676s] INFO:colcon.colcon_cmake.task.cmake.build:Building CMake package in '/home/user/ros2_ws/src/robot_cpp'
[0.679s] INFO:colcon.colcon_core.shell:Skip shell extension 'powershell' for command environment: Not usable outside of PowerShell
[0.679s] DEBUG:colcon.colcon_core.shell:Skip shell extension 'dsv' for command environment
[0.693s] INFO:colcon.colcon_ros.task.ament_python.build:Building ROS package in '/home/user/ros2_ws/src/robot_python' with build type 'ament_python'
[0.693s] Level 1:colcon.colcon_core.shell:create_environment_hook('robot_python', 'ament_prefix_path')
[0.696s] INFO:colcon.colcon_core.shell:Creating environment hook '/home/user/ros2_ws/install/robot_python/share/robot_python/hook/ament_prefix_path.ps1'
[0.697s] INFO:colcon.colcon_core.shell:Creating environment descriptor '/home/user/ros2_ws/install/robot_python/share/robot_python/hook/ament_prefix_path.dsv'
[0.698s] INFO:colcon.colcon_core.shell:Creating environment hook '/home/user/ros2_ws/install/robot_python/share/robot_python/hook/ament_prefix_path.sh'
[0.701s] INFO:colcon.colcon_core.shell:Skip shell extension 'powershell' for command environment: Not usable outside of PowerShell
[0.702s] DEBUG:colcon.colcon_core.shell:Skip shell extension 'dsv' for command environment
[0.715s] INFO:colcon.colcon_ros.task.ament_cmake.build:Building ROS package in '/home/user/ros2_ws/src/robot_test' with build type 'ament_cmake'
[0.715s] INFO:colcon.colcon_cmake.task.cmake.build:Building CMake package in '/home/user/ros2_ws/src/robot_test'
[0.718s] INFO:colcon.colcon_core.shell:Skip shell extension 'powershell' for command environment: Not usable outside of PowerShell
[0.718s] DEBUG:colcon.colcon_core.shell:Skip shell extension 'dsv' for command environment
[0.731s] INFO:colcon.colcon_ros.task.ament_cmake.build:Building ROS package in '/home/user/ros2_ws/src/turtlebot3_gazebo' with build type 'ament_cmake'
[0.732s] INFO:colcon.colcon_cmake.task.cmake.build:Building CMake package in '/home/user/ros2_ws/src/turtlebot3_gazebo'
[0.734s] INFO:colcon.colcon_core.shell:Skip shell extension 'powershell' for command environment: Not usable outside of PowerShell
[0.735s] DEBUG:colcon.colcon_core.shell:Skip shell extension 'dsv' for command environment
[0.759s] DEBUG:colcon.colcon_core.event_handler.log_command:Invoking command in '/home/user/ros2_ws/build/my_cpp_py_pkg': CMAKE_PREFIX_PATH=${CMAKE_PREFIX_PATH}:/home/user/ros2_ws/install/robot_test:/home/user/ros2_ws/install/robot_python:/home/user/ros2_ws/install/my_cpp_py_pkg:/opt/ros/iron _=/usr/bin/env /usr/bin/cmake --build /home/user/ros2_ws/build/my_cpp_py_pkg -- -j8 -l8
[0.764s] DEBUG:colcon.colcon_core.event_handler.log_command:Invoking command in '/home/user/ros2_ws/build/navigation_tb3': CMAKE_PREFIX_PATH=${CMAKE_PREFIX_PATH}:/home/user/ros2_ws/install/robot_test:/home/user/ros2_ws/install/robot_python:/home/user/ros2_ws/install/my_cpp_py_pkg:/opt/ros/iron _=/usr/bin/env /usr/bin/cmake --build /home/user/ros2_ws/build/navigation_tb3 -- -j8 -l8
[0.767s] DEBUG:colcon.colcon_core.event_handler.log_command:Invoking command in '/home/user/ros2_ws/build/robot_control': CMAKE_PREFIX_PATH=${CMAKE_PREFIX_PATH}:/home/user/ros2_ws/install/robot_test:/home/user/ros2_ws/install/robot_python:/home/user/ros2_ws/install/my_cpp_py_pkg:/opt/ros/iron _=/usr/bin/env /usr/bin/cmake --build /home/user/ros2_ws/build/robot_control -- -j8 -l8
[0.783s] DEBUG:colcon.colcon_core.event_handler.log_command:Invoking command in '/home/user/ros2_ws/build/robot_cpp': CMAKE_PREFIX_PATH=${CMAKE_PREFIX_PATH}:/home/user/ros2_ws/install/robot_test:/home/user/ros2_ws/install/robot_python:/home/user/ros2_ws/install/my_cpp_py_pkg:/opt/ros/iron _=/usr/bin/env /usr/bin/cmake --build /home/user/ros2_ws/build/robot_cpp -- -j8 -l8
[2.004s] INFO:colcon.colcon_core.task.python.build:Building Python package in '/home/user/ros2_ws/src/robot_python'
[2.007s] INFO:colcon.colcon_core.shell:Skip shell extension 'powershell' for command environment: Not usable outside of PowerShell
[2.007s] DEBUG:colcon.colcon_core.shell:Skip shell extension 'dsv' for command environment
[2.079s] DEBUG:colcon.colcon_core.event_handler.log_command:Invoking command in '/home/user/ros2_ws/build/robot_test': CMAKE_PREFIX_PATH=${CMAKE_PREFIX_PATH}:/home/user/ros2_ws/install/robot_test:/home/user/ros2_ws/install/robot_python:/home/user/ros2_ws/install/my_cpp_py_pkg:/opt/ros/iron _=/usr/bin/env /usr/bin/cmake --build /home/user/ros2_ws/build/robot_test -- -j8 -l8
[2.088s] DEBUG:colcon.colcon_core.event_handler.log_command:Invoking command in '/home/user/ros2_ws/build/turtlebot3_gazebo': CMAKE_PREFIX_PATH=${CMAKE_PREFIX_PATH}:/home/user/ros2_ws/install/robot_test:/home/user/ros2_ws/install/robot_python:/home/user/ros2_ws/install/my_cpp_py_pkg:/opt/ros/iron _=/usr/bin/env /usr/bin/cmake --build /home/user/ros2_ws/build/turtlebot3_gazebo -- -j8 -l8
[2.187s] DEBUG:colcon.colcon_core.event_handler.log_command:Invoked command in '/home/user/ros2_ws/build/robot_control' returned '0': CMAKE_PREFIX_PATH=${CMAKE_PREFIX_PATH}:/home/user/ros2_ws/install/robot_test:/home/user/ros2_ws/install/robot_python:/home/user/ros2_ws/install/my_cpp_py_pkg:/opt/ros/iron _=/usr/bin/env /usr/bin/cmake --build /home/user/ros2_ws/build/robot_control -- -j8 -l8
[2.281s] DEBUG:colcon.colcon_core.event_handler.log_command:Invoked command in '/home/user/ros2_ws/build/robot_test' returned '0': CMAKE_PREFIX_PATH=${CMAKE_PREFIX_PATH}:/home/user/ros2_ws/install/robot_test:/home/user/ros2_ws/install/robot_python:/home/user/ros2_ws/install/my_cpp_py_pkg:/opt/ros/iron _=/usr/bin/env /usr/bin/cmake --build /home/user/ros2_ws/build/robot_test -- -j8 -l8
[2.575s] DEBUG:colcon.colcon_core.event_handler.log_command:Invoked command in '/home/user/ros2_ws/build/my_cpp_py_pkg' returned '0': CMAKE_PREFIX_PATH=${CMAKE_PREFIX_PATH}:/home/user/ros2_ws/install/robot_test:/home/user/ros2_ws/install/robot_python:/home/user/ros2_ws/install/my_cpp_py_pkg:/opt/ros/iron _=/usr/bin/env /usr/bin/cmake --build /home/user/ros2_ws/build/my_cpp_py_pkg -- -j8 -l8
[2.611s] DEBUG:colcon.colcon_core.event_handler.log_command:Invoking command in '/home/user/ros2_ws/build/robot_test': CMAKE_PREFIX_PATH=${CMAKE_PREFIX_PATH}:/home/user/ros2_ws/install/robot_test:/home/user/ros2_ws/install/robot_python:/home/user/ros2_ws/install/my_cpp_py_pkg:/opt/ros/iron _=/usr/bin/env /usr/bin/cmake --install /home/user/ros2_ws/build/robot_test
[2.677s] DEBUG:colcon.colcon_core.event_handler.log_command:Invoking command in '/home/user/ros2_ws/build/robot_control': CMAKE_PREFIX_PATH=${CMAKE_PREFIX_PATH}:/home/user/ros2_ws/install/robot_test:/home/user/ros2_ws/install/robot_python:/home/user/ros2_ws/install/my_cpp_py_pkg:/opt/ros/iron _=/usr/bin/env /usr/bin/cmake --install /home/user/ros2_ws/build/robot_control
[2.694s] DEBUG:colcon.colcon_core.event_handler.log_command:Invoked command in '/home/user/ros2_ws/build/navigation_tb3' returned '0': CMAKE_PREFIX_PATH=${CMAKE_PREFIX_PATH}:/home/user/ros2_ws/install/robot_test:/home/user/ros2_ws/install/robot_python:/home/user/ros2_ws/install/my_cpp_py_pkg:/opt/ros/iron _=/usr/bin/env /usr/bin/cmake --build /home/user/ros2_ws/build/navigation_tb3 -- -j8 -l8
[2.697s] Level 1:colcon.colcon_core.environment:create_environment_scripts_only(robot_test)
[2.699s] DEBUG:colcon.colcon_core.event_handler.log_command:Invoked command in '/home/user/ros2_ws/build/robot_test' returned '0': CMAKE_PREFIX_PATH=${CMAKE_PREFIX_PATH}:/home/user/ros2_ws/install/robot_test:/home/user/ros2_ws/install/robot_python:/home/user/ros2_ws/install/my_cpp_py_pkg:/opt/ros/iron _=/usr/bin/env /usr/bin/cmake --install /home/user/ros2_ws/build/robot_test
[2.714s] Level 1:colcon.colcon_core.environment:checking '/home/user/ros2_ws/install/robot_test' for CMake module files
[2.715s] Level 1:colcon.colcon_core.environment:checking '/home/user/ros2_ws/install/robot_test' for CMake config files
[2.715s] Level 1:colcon.colcon_core.shell:create_environment_hook('robot_test', 'cmake_prefix_path')
[2.777s] INFO:colcon.colcon_core.shell:Creating environment hook '/home/user/ros2_ws/install/robot_test/share/robot_test/hook/cmake_prefix_path.ps1'
[2.778s] INFO:colcon.colcon_core.shell:Creating environment descriptor '/home/user/ros2_ws/install/robot_test/share/robot_test/hook/cmake_prefix_path.dsv'
[2.779s] INFO:colcon.colcon_core.shell:Creating environment hook '/home/user/ros2_ws/install/robot_test/share/robot_test/hook/cmake_prefix_path.sh'
[2.780s] Level 1:colcon.colcon_core.environment:checking '/home/user/ros2_ws/install/robot_test/bin'
[2.780s] Level 1:colcon.colcon_core.environment:checking '/home/user/ros2_ws/install/robot_test/lib/pkgconfig/robot_test.pc'
[2.781s] Level 1:colcon.colcon_core.environment:checking '/home/user/ros2_ws/install/robot_test/lib/python3.10/site-packages'
[2.781s] Level 1:colcon.colcon_core.environment:checking '/home/user/ros2_ws/install/robot_test/bin'
[2.784s] INFO:colcon.colcon_core.shell:Creating package script '/home/user/ros2_ws/install/robot_test/share/robot_test/package.ps1'
[2.786s] INFO:colcon.colcon_core.shell:Creating package descriptor '/home/user/ros2_ws/install/robot_test/share/robot_test/package.dsv'
[2.787s] INFO:colcon.colcon_core.shell:Creating package script '/home/user/ros2_ws/install/robot_test/share/robot_test/package.sh'
[2.788s] INFO:colcon.colcon_core.shell:Creating package script '/home/user/ros2_ws/install/robot_test/share/robot_test/package.bash'
[2.789s] INFO:colcon.colcon_core.shell:Creating package script '/home/user/ros2_ws/install/robot_test/share/robot_test/package.zsh'
[2.790s] Level 1:colcon.colcon_core.environment:create_file_with_runtime_dependencies(/home/user/ros2_ws/install/robot_test/share/colcon-core/packages/robot_test)
[2.795s] Level 1:colcon.colcon_core.environment:create_environment_scripts_only(robot_control)
[2.796s] DEBUG:colcon.colcon_core.event_handler.log_command:Invoked command in '/home/user/ros2_ws/build/robot_control' returned '0': CMAKE_PREFIX_PATH=${CMAKE_PREFIX_PATH}:/home/user/ros2_ws/install/robot_test:/home/user/ros2_ws/install/robot_python:/home/user/ros2_ws/install/my_cpp_py_pkg:/opt/ros/iron _=/usr/bin/env /usr/bin/cmake --install /home/user/ros2_ws/build/robot_control
[2.800s] Level 1:colcon.colcon_core.environment:checking '/home/user/ros2_ws/install/robot_control' for CMake module files
[2.801s] Level 1:colcon.colcon_core.environment:checking '/home/user/ros2_ws/install/robot_control' for CMake config files
[2.802s] Level 1:colcon.colcon_core.shell:create_environment_hook('robot_control', 'cmake_prefix_path')
[2.804s] INFO:colcon.colcon_core.shell:Creating environment hook '/home/user/ros2_ws/install/robot_control/share/robot_control/hook/cmake_prefix_path.ps1'
[2.805s] INFO:colcon.colcon_core.shell:Creating environment descriptor '/home/user/ros2_ws/install/robot_control/share/robot_control/hook/cmake_prefix_path.dsv'
[2.806s] INFO:colcon.colcon_core.shell:Creating environment hook '/home/user/ros2_ws/install/robot_control/share/robot_control/hook/cmake_prefix_path.sh'
[2.807s] Level 1:colcon.colcon_core.environment:checking '/home/user/ros2_ws/install/robot_control/lib'
[2.807s] Level 1:colcon.colcon_core.environment:checking '/home/user/ros2_ws/install/robot_control/bin'
[2.807s] Level 1:colcon.colcon_core.environment:checking '/home/user/ros2_ws/install/robot_control/lib/pkgconfig/robot_control.pc'
[2.808s] Level 1:colcon.colcon_core.environment:checking '/home/user/ros2_ws/install/robot_control/lib/python3.10/site-packages'
[2.808s] Level 1:colcon.colcon_core.environment:checking '/home/user/ros2_ws/install/robot_control/bin'
[2.811s] INFO:colcon.colcon_core.shell:Creating package script '/home/user/ros2_ws/install/robot_control/share/robot_control/package.ps1'
[2.812s] INFO:colcon.colcon_core.shell:Creating package descriptor '/home/user/ros2_ws/install/robot_control/share/robot_control/package.dsv'
[2.813s] INFO:colcon.colcon_core.shell:Creating package script '/home/user/ros2_ws/install/robot_control/share/robot_control/package.sh'
[2.815s] INFO:colcon.colcon_core.shell:Creating package script '/home/user/ros2_ws/install/robot_control/share/robot_control/package.bash'
[2.816s] INFO:colcon.colcon_core.shell:Creating package script '/home/user/ros2_ws/install/robot_control/share/robot_control/package.zsh'
[2.816s] Level 1:colcon.colcon_core.environment:create_file_with_runtime_dependencies(/home/user/ros2_ws/install/robot_control/share/colcon-core/packages/robot_control)
[2.874s] DEBUG:colcon.colcon_core.event_handler.log_command:Invoked command in '/home/user/ros2_ws/build/turtlebot3_gazebo' returned '0': CMAKE_PREFIX_PATH=${CMAKE_PREFIX_PATH}:/home/user/ros2_ws/install/robot_test:/home/user/ros2_ws/install/robot_python:/home/user/ros2_ws/install/my_cpp_py_pkg:/opt/ros/iron _=/usr/bin/env /usr/bin/cmake --build /home/user/ros2_ws/build/turtlebot3_gazebo -- -j8 -l8
[2.882s] DEBUG:colcon.colcon_core.event_handler.log_command:Invoking command in '/home/user/ros2_ws/build/navigation_tb3': CMAKE_PREFIX_PATH=${CMAKE_PREFIX_PATH}:/home/user/ros2_ws/install/robot_test:/home/user/ros2_ws/install/robot_python:/home/user/ros2_ws/install/my_cpp_py_pkg:/opt/ros/iron _=/usr/bin/env /usr/bin/cmake --install /home/user/ros2_ws/build/navigation_tb3
[2.889s] DEBUG:colcon.colcon_core.event_handler.log_command:Invoking command in '/home/user/ros2_ws/build/my_cpp_py_pkg': CMAKE_PREFIX_PATH=${CMAKE_PREFIX_PATH}:/home/user/ros2_ws/install/robot_test:/home/user/ros2_ws/install/robot_python:/home/user/ros2_ws/install/my_cpp_py_pkg:/opt/ros/iron _=/usr/bin/env /usr/bin/cmake --install /home/user/ros2_ws/build/my_cpp_py_pkg
[2.975s] Level 1:colcon.colcon_core.environment:create_environment_scripts_only(robot_test)
[2.979s] Level 1:colcon.colcon_core.environment:checking '/home/user/ros2_ws/install/robot_test' for CMake module files
[2.980s] Level 1:colcon.colcon_core.environment:checking '/home/user/ros2_ws/install/robot_test' for CMake config files
[2.981s] Level 1:colcon.colcon_core.shell:create_environment_hook('robot_test', 'cmake_prefix_path')
[2.984s] INFO:colcon.colcon_core.shell:Creating environment hook '/home/user/ros2_ws/install/robot_test/share/robot_test/hook/cmake_prefix_path.ps1'
[2.985s] INFO:colcon.colcon_core.shell:Creating environment descriptor '/home/user/ros2_ws/install/robot_test/share/robot_test/hook/cmake_prefix_path.dsv'
[2.986s] INFO:colcon.colcon_core.shell:Creating environment hook '/home/user/ros2_ws/install/robot_test/share/robot_test/hook/cmake_prefix_path.sh'
[2.987s] Level 1:colcon.colcon_core.environment:checking '/home/user/ros2_ws/install/robot_test/bin'
[2.987s] Level 1:colcon.colcon_core.environment:checking '/home/user/ros2_ws/install/robot_test/lib/pkgconfig/robot_test.pc'
[2.987s] Level 1:colcon.colcon_core.environment:checking '/home/user/ros2_ws/install/robot_test/lib/python3.10/site-packages'
[2.988s] Level 1:colcon.colcon_core.environment:checking '/home/user/ros2_ws/install/robot_test/bin'
[2.991s] INFO:colcon.colcon_core.shell:Creating package script '/home/user/ros2_ws/install/robot_test/share/robot_test/package.ps1'
[2.993s] INFO:colcon.colcon_core.shell:Creating package descriptor '/home/user/ros2_ws/install/robot_test/share/robot_test/package.dsv'
[2.996s] INFO:colcon.colcon_core.shell:Creating package script '/home/user/ros2_ws/install/robot_test/share/robot_test/package.sh'
[2.997s] INFO:colcon.colcon_core.shell:Creating package script '/home/user/ros2_ws/install/robot_test/share/robot_test/package.bash'
[2.998s] INFO:colcon.colcon_core.shell:Creating package script '/home/user/ros2_ws/install/robot_test/share/robot_test/package.zsh'
[2.998s] Level 1:colcon.colcon_core.environment:create_file_with_runtime_dependencies(/home/user/ros2_ws/install/robot_test/share/colcon-core/packages/robot_test)
[3.111s] Level 1:colcon.colcon_core.environment:create_environment_scripts_only(my_cpp_py_pkg)
[3.116s] Level 1:colcon.colcon_core.environment:checking '/home/user/ros2_ws/install/my_cpp_py_pkg' for CMake module files
[3.118s] DEBUG:colcon.colcon_core.event_handler.log_command:Invoked command in '/home/user/ros2_ws/build/my_cpp_py_pkg' returned '0': CMAKE_PREFIX_PATH=${CMAKE_PREFIX_PATH}:/home/user/ros2_ws/install/robot_test:/home/user/ros2_ws/install/robot_python:/home/user/ros2_ws/install/my_cpp_py_pkg:/opt/ros/iron _=/usr/bin/env /usr/bin/cmake --install /home/user/ros2_ws/build/my_cpp_py_pkg
[3.118s] Level 1:colcon.colcon_core.environment:checking '/home/user/ros2_ws/install/my_cpp_py_pkg' for CMake config files
[3.121s] Level 1:colcon.colcon_core.shell:create_environment_hook('my_cpp_py_pkg', 'cmake_prefix_path')
[3.123s] INFO:colcon.colcon_core.shell:Creating environment hook '/home/user/ros2_ws/install/my_cpp_py_pkg/share/my_cpp_py_pkg/hook/cmake_prefix_path.ps1'
[3.124s] INFO:colcon.colcon_core.shell:Creating environment descriptor '/home/user/ros2_ws/install/my_cpp_py_pkg/share/my_cpp_py_pkg/hook/cmake_prefix_path.dsv'
[3.125s] INFO:colcon.colcon_core.shell:Creating environment hook '/home/user/ros2_ws/install/my_cpp_py_pkg/share/my_cpp_py_pkg/hook/cmake_prefix_path.sh'
[3.126s] Level 1:colcon.colcon_core.environment:checking '/home/user/ros2_ws/install/my_cpp_py_pkg/lib'
[3.126s] Level 1:colcon.colcon_core.environment:checking '/home/user/ros2_ws/install/my_cpp_py_pkg/bin'
[3.126s] Level 1:colcon.colcon_core.environment:checking '/home/user/ros2_ws/install/my_cpp_py_pkg/lib/pkgconfig/my_cpp_py_pkg.pc'
[3.127s] Level 1:colcon.colcon_core.environment:checking '/home/user/ros2_ws/install/my_cpp_py_pkg/lib/python3.10/site-packages'
[3.127s] Level 1:colcon.colcon_core.shell:create_environment_hook('my_cpp_py_pkg', 'pythonpath')
[3.174s] INFO:colcon.colcon_core.shell:Creating environment hook '/home/user/ros2_ws/install/my_cpp_py_pkg/share/my_cpp_py_pkg/hook/pythonpath.ps1'
[3.175s] INFO:colcon.colcon_core.shell:Creating environment descriptor '/home/user/ros2_ws/install/my_cpp_py_pkg/share/my_cpp_py_pkg/hook/pythonpath.dsv'
[3.176s] INFO:colcon.colcon_core.shell:Creating environment hook '/home/user/ros2_ws/install/my_cpp_py_pkg/share/my_cpp_py_pkg/hook/pythonpath.sh'
[3.177s] Level 1:colcon.colcon_core.environment:checking '/home/user/ros2_ws/install/my_cpp_py_pkg/bin'
[3.180s] INFO:colcon.colcon_core.shell:Creating package script '/home/user/ros2_ws/install/my_cpp_py_pkg/share/my_cpp_py_pkg/package.ps1'
[3.181s] INFO:colcon.colcon_core.shell:Creating package descriptor '/home/user/ros2_ws/install/my_cpp_py_pkg/share/my_cpp_py_pkg/package.dsv'
[3.182s] INFO:colcon.colcon_core.shell:Creating package script '/home/user/ros2_ws/install/my_cpp_py_pkg/share/my_cpp_py_pkg/package.sh'
[3.183s] INFO:colcon.colcon_core.shell:Creating package script '/home/user/ros2_ws/install/my_cpp_py_pkg/share/my_cpp_py_pkg/package.bash'
[3.183s] INFO:colcon.colcon_core.shell:Creating package script '/home/user/ros2_ws/install/my_cpp_py_pkg/share/my_cpp_py_pkg/package.zsh'
[3.184s] Level 1:colcon.colcon_core.environment:create_file_with_runtime_dependencies(/home/user/ros2_ws/install/my_cpp_py_pkg/share/colcon-core/packages/my_cpp_py_pkg)
[3.190s] Level 1:colcon.colcon_core.environment:create_environment_scripts_only(navigation_tb3)
[3.190s] DEBUG:colcon.colcon_core.event_handler.log_command:Invoked command in '/home/user/ros2_ws/build/navigation_tb3' returned '0': CMAKE_PREFIX_PATH=${CMAKE_PREFIX_PATH}:/home/user/ros2_ws/install/robot_test:/home/user/ros2_ws/install/robot_python:/home/user/ros2_ws/install/my_cpp_py_pkg:/opt/ros/iron _=/usr/bin/env /usr/bin/cmake --install /home/user/ros2_ws/build/navigation_tb3
[3.195s] Level 1:colcon.colcon_core.environment:checking '/home/user/ros2_ws/install/navigation_tb3' for CMake module files
[3.196s] Level 1:colcon.colcon_core.environment:checking '/home/user/ros2_ws/install/navigation_tb3' for CMake config files
[3.197s] Level 1:colcon.colcon_core.shell:create_environment_hook('navigation_tb3', 'cmake_prefix_path')
[3.200s] INFO:colcon.colcon_core.shell:Creating environment hook '/home/user/ros2_ws/install/navigation_tb3/share/navigation_tb3/hook/cmake_prefix_path.ps1'
[3.201s] INFO:colcon.colcon_core.shell:Creating environment descriptor '/home/user/ros2_ws/install/navigation_tb3/share/navigation_tb3/hook/cmake_prefix_path.dsv'
[3.202s] INFO:colcon.colcon_core.shell:Creating environment hook '/home/user/ros2_ws/install/navigation_tb3/share/navigation_tb3/hook/cmake_prefix_path.sh'
[3.203s] Level 1:colcon.colcon_core.environment:checking '/home/user/ros2_ws/install/navigation_tb3/lib'
[3.203s] Level 1:colcon.colcon_core.environment:checking '/home/user/ros2_ws/install/navigation_tb3/bin'
[3.203s] Level 1:colcon.colcon_core.environment:checking '/home/user/ros2_ws/install/navigation_tb3/lib/pkgconfig/navigation_tb3.pc'
[3.204s] Level 1:colcon.colcon_core.environment:checking '/home/user/ros2_ws/install/navigation_tb3/lib/python3.10/site-packages'
[3.204s] Level 1:colcon.colcon_core.shell:create_environment_hook('navigation_tb3', 'pythonpath')
[3.207s] INFO:colcon.colcon_core.shell:Creating environment hook '/home/user/ros2_ws/install/navigation_tb3/share/navigation_tb3/hook/pythonpath.ps1'
[3.209s] INFO:colcon.colcon_core.shell:Creating environment descriptor '/home/user/ros2_ws/install/navigation_tb3/share/navigation_tb3/hook/pythonpath.dsv'
[3.210s] INFO:colcon.colcon_core.shell:Creating environment hook '/home/user/ros2_ws/install/navigation_tb3/share/navigation_tb3/hook/pythonpath.sh'
[3.211s] Level 1:colcon.colcon_core.environment:checking '/home/user/ros2_ws/install/navigation_tb3/bin'
[3.213s] INFO:colcon.colcon_core.shell:Creating package script '/home/user/ros2_ws/install/navigation_tb3/share/navigation_tb3/package.ps1'
[3.214s] INFO:colcon.colcon_core.shell:Creating package descriptor '/home/user/ros2_ws/install/navigation_tb3/share/navigation_tb3/package.dsv'
[3.215s] INFO:colcon.colcon_core.shell:Creating package script '/home/user/ros2_ws/install/navigation_tb3/share/navigation_tb3/package.sh'
[3.216s] INFO:colcon.colcon_core.shell:Creating package script '/home/user/ros2_ws/install/navigation_tb3/share/navigation_tb3/package.bash'
[3.216s] INFO:colcon.colcon_core.shell:Creating package script '/home/user/ros2_ws/install/navigation_tb3/share/navigation_tb3/package.zsh'
[3.217s] Level 1:colcon.colcon_core.environment:create_file_with_runtime_dependencies(/home/user/ros2_ws/install/navigation_tb3/share/colcon-core/packages/navigation_tb3)
[3.277s] Level 1:colcon.colcon_core.environment:create_environment_scripts_only(robot_control)
[3.282s] Level 1:colcon.colcon_core.environment:checking '/home/user/ros2_ws/install/robot_control' for CMake module files
[3.283s] Level 1:colcon.colcon_core.environment:checking '/home/user/ros2_ws/install/robot_control' for CMake config files
[3.283s] Level 1:colcon.colcon_core.shell:create_environment_hook('robot_control', 'cmake_prefix_path')
[3.287s] INFO:colcon.colcon_core.shell:Creating environment hook '/home/user/ros2_ws/install/robot_control/share/robot_control/hook/cmake_prefix_path.ps1'
[3.288s] INFO:colcon.colcon_core.shell:Creating environment descriptor '/home/user/ros2_ws/install/robot_control/share/robot_control/hook/cmake_prefix_path.dsv'
[3.288s] INFO:colcon.colcon_core.shell:Creating environment hook '/home/user/ros2_ws/install/robot_control/share/robot_control/hook/cmake_prefix_path.sh'
[3.290s] Level 1:colcon.colcon_core.environment:checking '/home/user/ros2_ws/install/robot_control/lib'
[3.290s] Level 1:colcon.colcon_core.environment:checking '/home/user/ros2_ws/install/robot_control/bin'
[3.290s] Level 1:colcon.colcon_core.environment:checking '/home/user/ros2_ws/install/robot_control/lib/pkgconfig/robot_control.pc'
[3.290s] Level 1:colcon.colcon_core.environment:checking '/home/user/ros2_ws/install/robot_control/lib/python3.10/site-packages'
[3.291s] Level 1:colcon.colcon_core.environment:checking '/home/user/ros2_ws/install/robot_control/bin'
[3.294s] INFO:colcon.colcon_core.shell:Creating package script '/home/user/ros2_ws/install/robot_control/share/robot_control/package.ps1'
[3.294s] INFO:colcon.colcon_core.shell:Creating package descriptor '/home/user/ros2_ws/install/robot_control/share/robot_control/package.dsv'
[3.295s] INFO:colcon.colcon_core.shell:Creating package script '/home/user/ros2_ws/install/robot_control/share/robot_control/package.sh'
[3.296s] INFO:colcon.colcon_core.shell:Creating package script '/home/user/ros2_ws/install/robot_control/share/robot_control/package.bash'
[3.298s] INFO:colcon.colcon_core.shell:Creating package script '/home/user/ros2_ws/install/robot_control/share/robot_control/package.zsh'
[3.299s] Level 1:colcon.colcon_core.environment:create_file_with_runtime_dependencies(/home/user/ros2_ws/install/robot_control/share/colcon-core/packages/robot_control)
[3.301s] DEBUG:colcon.colcon_core.event_handler.log_command:Invoking command in '/home/user/ros2_ws/build/turtlebot3_gazebo': CMAKE_PREFIX_PATH=${CMAKE_PREFIX_PATH}:/home/user/ros2_ws/install/robot_test:/home/user/ros2_ws/install/robot_python:/home/user/ros2_ws/install/my_cpp_py_pkg:/opt/ros/iron _=/usr/bin/env /usr/bin/cmake --install /home/user/ros2_ws/build/turtlebot3_gazebo
[3.383s] Level 1:colcon.colcon_core.environment:create_environment_scripts_only(my_cpp_py_pkg)
[3.387s] Level 1:colcon.colcon_core.environment:checking '/home/user/ros2_ws/install/my_cpp_py_pkg' for CMake module files
[3.401s] Level 1:colcon.colcon_core.environment:checking '/home/user/ros2_ws/install/my_cpp_py_pkg' for CMake config files
[3.402s] Level 1:colcon.colcon_core.shell:create_environment_hook('my_cpp_py_pkg', 'cmake_prefix_path')
[3.405s] INFO:colcon.colcon_core.shell:Creating environment hook '/home/user/ros2_ws/install/my_cpp_py_pkg/share/my_cpp_py_pkg/hook/cmake_prefix_path.ps1'
[3.406s] INFO:colcon.colcon_core.shell:Creating environment descriptor '/home/user/ros2_ws/install/my_cpp_py_pkg/share/my_cpp_py_pkg/hook/cmake_prefix_path.dsv'
[3.406s] INFO:colcon.colcon_core.shell:Creating environment hook '/home/user/ros2_ws/install/my_cpp_py_pkg/share/my_cpp_py_pkg/hook/cmake_prefix_path.sh'
[3.407s] Level 1:colcon.colcon_core.environment:checking '/home/user/ros2_ws/install/my_cpp_py_pkg/lib'
[3.407s] Level 1:colcon.colcon_core.environment:checking '/home/user/ros2_ws/install/my_cpp_py_pkg/bin'
[3.407s] Level 1:colcon.colcon_core.environment:checking '/home/user/ros2_ws/install/my_cpp_py_pkg/lib/pkgconfig/my_cpp_py_pkg.pc'
[3.408s] Level 1:colcon.colcon_core.environment:checking '/home/user/ros2_ws/install/my_cpp_py_pkg/lib/python3.10/site-packages'
[3.408s] Level 1:colcon.colcon_core.shell:create_environment_hook('my_cpp_py_pkg', 'pythonpath')
[3.411s] INFO:colcon.colcon_core.shell:Creating environment hook '/home/user/ros2_ws/install/my_cpp_py_pkg/share/my_cpp_py_pkg/hook/pythonpath.ps1'
[3.412s] INFO:colcon.colcon_core.shell:Creating environment descriptor '/home/user/ros2_ws/install/my_cpp_py_pkg/share/my_cpp_py_pkg/hook/pythonpath.dsv'
[3.412s] INFO:colcon.colcon_core.shell:Creating environment hook '/home/user/ros2_ws/install/my_cpp_py_pkg/share/my_cpp_py_pkg/hook/pythonpath.sh'
[3.413s] Level 1:colcon.colcon_core.environment:checking '/home/user/ros2_ws/install/my_cpp_py_pkg/bin'
[3.416s] INFO:colcon.colcon_core.shell:Creating package script '/home/user/ros2_ws/install/my_cpp_py_pkg/share/my_cpp_py_pkg/package.ps1'
[3.417s] INFO:colcon.colcon_core.shell:Creating package descriptor '/home/user/ros2_ws/install/my_cpp_py_pkg/share/my_cpp_py_pkg/package.dsv'
[3.418s] INFO:colcon.colcon_core.shell:Creating package script '/home/user/ros2_ws/install/my_cpp_py_pkg/share/my_cpp_py_pkg/package.sh'
[3.419s] INFO:colcon.colcon_core.shell:Creating package script '/home/user/ros2_ws/install/my_cpp_py_pkg/share/my_cpp_py_pkg/package.bash'
[3.420s] INFO:colcon.colcon_core.shell:Creating package script '/home/user/ros2_ws/install/my_cpp_py_pkg/share/my_cpp_py_pkg/package.zsh'
[3.421s] Level 1:colcon.colcon_core.environment:create_file_with_runtime_dependencies(/home/user/ros2_ws/install/my_cpp_py_pkg/share/colcon-core/packages/my_cpp_py_pkg)
[3.423s] Level 1:colcon.colcon_core.environment:create_environment_scripts_only(turtlebot3_gazebo)
[3.423s] DEBUG:colcon.colcon_core.event_handler.log_command:Invoked command in '/home/user/ros2_ws/build/turtlebot3_gazebo' returned '0': CMAKE_PREFIX_PATH=${CMAKE_PREFIX_PATH}:/home/user/ros2_ws/install/robot_test:/home/user/ros2_ws/install/robot_python:/home/user/ros2_ws/install/my_cpp_py_pkg:/opt/ros/iron _=/usr/bin/env /usr/bin/cmake --install /home/user/ros2_ws/build/turtlebot3_gazebo
[3.428s] Level 1:colcon.colcon_core.environment:checking '/home/user/ros2_ws/install/turtlebot3_gazebo' for CMake module files
[3.429s] Level 1:colcon.colcon_core.environment:checking '/home/user/ros2_ws/install/turtlebot3_gazebo' for CMake config files
[3.430s] Level 1:colcon.colcon_core.shell:create_environment_hook('turtlebot3_gazebo', 'cmake_prefix_path')
[3.432s] INFO:colcon.colcon_core.shell:Creating environment hook '/home/user/ros2_ws/install/turtlebot3_gazebo/share/turtlebot3_gazebo/hook/cmake_prefix_path.ps1'
[3.473s] INFO:colcon.colcon_core.shell:Creating environment descriptor '/home/user/ros2_ws/install/turtlebot3_gazebo/share/turtlebot3_gazebo/hook/cmake_prefix_path.dsv'
[3.474s] INFO:colcon.colcon_core.shell:Creating environment hook '/home/user/ros2_ws/install/turtlebot3_gazebo/share/turtlebot3_gazebo/hook/cmake_prefix_path.sh'
[3.475s] Level 1:colcon.colcon_core.environment:checking '/home/user/ros2_ws/install/turtlebot3_gazebo/lib'
[3.475s] Level 1:colcon.colcon_core.environment:checking '/home/user/ros2_ws/install/turtlebot3_gazebo/bin'
[3.476s] Level 1:colcon.colcon_core.environment:checking '/home/user/ros2_ws/install/turtlebot3_gazebo/lib/pkgconfig/turtlebot3_gazebo.pc'
[3.476s] Level 1:colcon.colcon_core.environment:checking '/home/user/ros2_ws/install/turtlebot3_gazebo/lib/python3.10/site-packages'
[3.476s] Level 1:colcon.colcon_core.environment:checking '/home/user/ros2_ws/install/turtlebot3_gazebo/bin'
[3.480s] INFO:colcon.colcon_core.shell:Creating package script '/home/user/ros2_ws/install/turtlebot3_gazebo/share/turtlebot3_gazebo/package.ps1'
[3.480s] INFO:colcon.colcon_core.shell:Creating package descriptor '/home/user/ros2_ws/install/turtlebot3_gazebo/share/turtlebot3_gazebo/package.dsv'
[3.481s] INFO:colcon.colcon_core.shell:Creating package script '/home/user/ros2_ws/install/turtlebot3_gazebo/share/turtlebot3_gazebo/package.sh'
[3.482s] INFO:colcon.colcon_core.shell:Creating package script '/home/user/ros2_ws/install/turtlebot3_gazebo/share/turtlebot3_gazebo/package.bash'
[3.482s] INFO:colcon.colcon_core.shell:Creating package script '/home/user/ros2_ws/install/turtlebot3_gazebo/share/turtlebot3_gazebo/package.zsh'
[3.483s] Level 1:colcon.colcon_core.environment:create_file_with_runtime_dependencies(/home/user/ros2_ws/install/turtlebot3_gazebo/share/colcon-core/packages/turtlebot3_gazebo)
[3.503s] Level 1:colcon.colcon_core.environment:create_environment_scripts_only(navigation_tb3)
[3.508s] Level 1:colcon.colcon_core.environment:checking '/home/user/ros2_ws/install/navigation_tb3' for CMake module files
[3.509s] Level 1:colcon.colcon_core.environment:checking '/home/user/ros2_ws/install/navigation_tb3' for CMake config files
[3.510s] Level 1:colcon.colcon_core.shell:create_environment_hook('navigation_tb3', 'cmake_prefix_path')
[3.513s] INFO:colcon.colcon_core.shell:Creating environment hook '/home/user/ros2_ws/install/navigation_tb3/share/navigation_tb3/hook/cmake_prefix_path.ps1'
[3.514s] INFO:colcon.colcon_core.shell:Creating environment descriptor '/home/user/ros2_ws/install/navigation_tb3/share/navigation_tb3/hook/cmake_prefix_path.dsv'
[3.515s] INFO:colcon.colcon_core.shell:Creating environment hook '/home/user/ros2_ws/install/navigation_tb3/share/navigation_tb3/hook/cmake_prefix_path.sh'
[3.516s] Level 1:colcon.colcon_core.environment:checking '/home/user/ros2_ws/install/navigation_tb3/lib'
[3.516s] Level 1:colcon.colcon_core.environment:checking '/home/user/ros2_ws/install/navigation_tb3/bin'
[3.516s] Level 1:colcon.colcon_core.environment:checking '/home/user/ros2_ws/install/navigation_tb3/lib/pkgconfig/navigation_tb3.pc'
[3.517s] Level 1:colcon.colcon_core.environment:checking '/home/user/ros2_ws/install/navigation_tb3/lib/python3.10/site-packages'
[3.517s] Level 1:colcon.colcon_core.shell:create_environment_hook('navigation_tb3', 'pythonpath')
[3.520s] INFO:colcon.colcon_core.shell:Creating environment hook '/home/user/ros2_ws/install/navigation_tb3/share/navigation_tb3/hook/pythonpath.ps1'
[3.520s] INFO:colcon.colcon_core.shell:Creating environment descriptor '/home/user/ros2_ws/install/navigation_tb3/share/navigation_tb3/hook/pythonpath.dsv'
[3.521s] INFO:colcon.colcon_core.shell:Creating environment hook '/home/user/ros2_ws/install/navigation_tb3/share/navigation_tb3/hook/pythonpath.sh'
[3.522s] Level 1:colcon.colcon_core.environment:checking '/home/user/ros2_ws/install/navigation_tb3/bin'
[3.526s] INFO:colcon.colcon_core.shell:Creating package script '/home/user/ros2_ws/install/navigation_tb3/share/navigation_tb3/package.ps1'
[3.528s] INFO:colcon.colcon_core.shell:Creating package descriptor '/home/user/ros2_ws/install/navigation_tb3/share/navigation_tb3/package.dsv'
[3.529s] INFO:colcon.colcon_core.shell:Creating package script '/home/user/ros2_ws/install/navigation_tb3/share/navigation_tb3/package.sh'
[3.530s] INFO:colcon.colcon_core.shell:Creating package script '/home/user/ros2_ws/install/navigation_tb3/share/navigation_tb3/package.bash'
[3.531s] INFO:colcon.colcon_core.shell:Creating package script '/home/user/ros2_ws/install/navigation_tb3/share/navigation_tb3/package.zsh'
[3.532s] Level 1:colcon.colcon_core.environment:create_file_with_runtime_dependencies(/home/user/ros2_ws/install/navigation_tb3/share/colcon-core/packages/navigation_tb3)
[3.622s] Level 1:colcon.colcon_core.environment:create_environment_scripts_only(turtlebot3_gazebo)
[3.626s] Level 1:colcon.colcon_core.environment:checking '/home/user/ros2_ws/install/turtlebot3_gazebo' for CMake module files
[3.627s] Level 1:colcon.colcon_core.environment:checking '/home/user/ros2_ws/install/turtlebot3_gazebo' for CMake config files
[3.627s] Level 1:colcon.colcon_core.shell:create_environment_hook('turtlebot3_gazebo', 'cmake_prefix_path')
[3.631s] INFO:colcon.colcon_core.shell:Creating environment hook '/home/user/ros2_ws/install/turtlebot3_gazebo/share/turtlebot3_gazebo/hook/cmake_prefix_path.ps1'
[3.631s] INFO:colcon.colcon_core.shell:Creating environment descriptor '/home/user/ros2_ws/install/turtlebot3_gazebo/share/turtlebot3_gazebo/hook/cmake_prefix_path.dsv'
[3.632s] INFO:colcon.colcon_core.shell:Creating environment hook '/home/user/ros2_ws/install/turtlebot3_gazebo/share/turtlebot3_gazebo/hook/cmake_prefix_path.sh'
[3.633s] Level 1:colcon.colcon_core.environment:checking '/home/user/ros2_ws/install/turtlebot3_gazebo/lib'
[3.633s] Level 1:colcon.colcon_core.environment:checking '/home/user/ros2_ws/install/turtlebot3_gazebo/bin'
[3.633s] Level 1:colcon.colcon_core.environment:checking '/home/user/ros2_ws/install/turtlebot3_gazebo/lib/pkgconfig/turtlebot3_gazebo.pc'
[3.633s] Level 1:colcon.colcon_core.environment:checking '/home/user/ros2_ws/install/turtlebot3_gazebo/lib/python3.10/site-packages'
[3.634s] Level 1:colcon.colcon_core.environment:checking '/home/user/ros2_ws/install/turtlebot3_gazebo/bin'
[3.635s] INFO:colcon.colcon_core.shell:Creating package script '/home/user/ros2_ws/install/turtlebot3_gazebo/share/turtlebot3_gazebo/package.ps1'
[3.636s] INFO:colcon.colcon_core.shell:Creating package descriptor '/home/user/ros2_ws/install/turtlebot3_gazebo/share/turtlebot3_gazebo/package.dsv'
[3.636s] INFO:colcon.colcon_core.shell:Creating package script '/home/user/ros2_ws/install/turtlebot3_gazebo/share/turtlebot3_gazebo/package.sh'
[3.637s] INFO:colcon.colcon_core.shell:Creating package script '/home/user/ros2_ws/install/turtlebot3_gazebo/share/turtlebot3_gazebo/package.bash'
[3.638s] INFO:colcon.colcon_core.shell:Creating package script '/home/user/ros2_ws/install/turtlebot3_gazebo/share/turtlebot3_gazebo/package.zsh'
[3.639s] Level 1:colcon.colcon_core.environment:create_file_with_runtime_dependencies(/home/user/ros2_ws/install/turtlebot3_gazebo/share/colcon-core/packages/turtlebot3_gazebo)
[3.886s] DEBUG:colcon.colcon_core.event_handler.log_command:Invoking command in '/home/user/ros2_ws/src/robot_python': PYTHONPATH=/home/user/ros2_ws/build/robot_python/prefix_override:/home/user/ros2_ws/install/robot_python/lib/python3.10/site-packages:${PYTHONPATH} _=/usr/bin/env /usr/bin/python3 setup.py egg_info --egg-base ../../build/robot_python build --build-base /home/user/ros2_ws/build/robot_python/build install --record /home/user/ros2_ws/build/robot_python/install.log --single-version-externally-managed
[4.580s] Level 1:colcon.colcon_core.environment:checking '/home/user/ros2_ws/install/robot_python' for CMake module files
[4.581s] DEBUG:colcon.colcon_core.event_handler.log_command:Invoked command in '/home/user/ros2_ws/src/robot_python' returned '0': PYTHONPATH=/home/user/ros2_ws/build/robot_python/prefix_override:/home/user/ros2_ws/install/robot_python/lib/python3.10/site-packages:${PYTHONPATH} _=/usr/bin/env /usr/bin/python3 setup.py egg_info --egg-base ../../build/robot_python build --build-base /home/user/ros2_ws/build/robot_python/build install --record /home/user/ros2_ws/build/robot_python/install.log --single-version-externally-managed
[4.581s] Level 1:colcon.colcon_core.environment:checking '/home/user/ros2_ws/install/robot_python' for CMake config files
[4.583s] Level 1:colcon.colcon_core.environment:checking '/home/user/ros2_ws/install/robot_python/lib'
[4.583s] Level 1:colcon.colcon_core.environment:checking '/home/user/ros2_ws/install/robot_python/bin'
[4.583s] Level 1:colcon.colcon_core.environment:checking '/home/user/ros2_ws/install/robot_python/lib/pkgconfig/robot_python.pc'
[4.583s] Level 1:colcon.colcon_core.environment:checking '/home/user/ros2_ws/install/robot_python/lib/python3.10/site-packages'
[4.583s] Level 1:colcon.colcon_core.shell:create_environment_hook('robot_python', 'pythonpath')
[4.586s] INFO:colcon.colcon_core.shell:Creating environment hook '/home/user/ros2_ws/install/robot_python/share/robot_python/hook/pythonpath.ps1'
[4.587s] INFO:colcon.colcon_core.shell:Creating environment descriptor '/home/user/ros2_ws/install/robot_python/share/robot_python/hook/pythonpath.dsv'
[4.588s] INFO:colcon.colcon_core.shell:Creating environment hook '/home/user/ros2_ws/install/robot_python/share/robot_python/hook/pythonpath.sh'
[4.589s] Level 1:colcon.colcon_core.environment:checking '/home/user/ros2_ws/install/robot_python/bin'
[4.589s] Level 1:colcon.colcon_core.environment:create_environment_scripts_only(robot_python)
[4.592s] INFO:colcon.colcon_core.shell:Creating package script '/home/user/ros2_ws/install/robot_python/share/robot_python/package.ps1'
[4.593s] INFO:colcon.colcon_core.shell:Creating package descriptor '/home/user/ros2_ws/install/robot_python/share/robot_python/package.dsv'
[4.593s] INFO:colcon.colcon_core.shell:Creating package script '/home/user/ros2_ws/install/robot_python/share/robot_python/package.sh'
[4.594s] INFO:colcon.colcon_core.shell:Creating package script '/home/user/ros2_ws/install/robot_python/share/robot_python/package.bash'
[4.595s] INFO:colcon.colcon_core.shell:Creating package script '/home/user/ros2_ws/install/robot_python/share/robot_python/package.zsh'
[4.595s] Level 1:colcon.colcon_core.environment:create_file_with_runtime_dependencies(/home/user/ros2_ws/install/robot_python/share/colcon-core/packages/robot_python)
[7.680s] DEBUG:colcon.colcon_core.event_handler.log_command:Invoked command in '/home/user/ros2_ws/build/robot_cpp' returned '2': CMAKE_PREFIX_PATH=${CMAKE_PREFIX_PATH}:/home/user/ros2_ws/install/robot_test:/home/user/ros2_ws/install/robot_python:/home/user/ros2_ws/install/my_cpp_py_pkg:/opt/ros/iron _=/usr/bin/env /usr/bin/cmake --build /home/user/ros2_ws/build/robot_cpp -- -j8 -l8
[7.729s] Level 1:colcon.colcon_core.environment:create_environment_scripts_only(robot_cpp)
[7.733s] Level 1:colcon.colcon_core.environment:checking '/home/user/ros2_ws/install/robot_cpp' for CMake module files
[7.734s] Level 1:colcon.colcon_core.environment:checking '/home/user/ros2_ws/install/robot_cpp' for CMake config files
[7.734s] Level 1:colcon.colcon_core.shell:create_environment_hook('robot_cpp', 'cmake_prefix_path')
[7.737s] INFO:colcon.colcon_core.shell:Creating environment hook '/home/user/ros2_ws/install/robot_cpp/share/robot_cpp/hook/cmake_prefix_path.ps1'
[7.738s] INFO:colcon.colcon_core.shell:Creating environment descriptor '/home/user/ros2_ws/install/robot_cpp/share/robot_cpp/hook/cmake_prefix_path.dsv'
[7.739s] INFO:colcon.colcon_core.shell:Creating environment hook '/home/user/ros2_ws/install/robot_cpp/share/robot_cpp/hook/cmake_prefix_path.sh'
[7.739s] Level 1:colcon.colcon_core.environment:checking '/home/user/ros2_ws/install/robot_cpp/lib'
[7.740s] Level 1:colcon.colcon_core.environment:checking '/home/user/ros2_ws/install/robot_cpp/bin'
[7.740s] Level 1:colcon.colcon_core.environment:checking '/home/user/ros2_ws/install/robot_cpp/lib/pkgconfig/robot_cpp.pc'
[7.740s] Level 1:colcon.colcon_core.environment:checking '/home/user/ros2_ws/install/robot_cpp/lib/python3.10/site-packages'
[7.741s] Level 1:colcon.colcon_core.environment:checking '/home/user/ros2_ws/install/robot_cpp/bin'
[7.744s] INFO:colcon.colcon_core.shell:Creating package script '/home/user/ros2_ws/install/robot_cpp/share/robot_cpp/package.ps1'
[7.744s] INFO:colcon.colcon_core.shell:Creating package descriptor '/home/user/ros2_ws/install/robot_cpp/share/robot_cpp/package.dsv'
[7.745s] INFO:colcon.colcon_core.shell:Creating package script '/home/user/ros2_ws/install/robot_cpp/share/robot_cpp/package.sh'
[7.746s] INFO:colcon.colcon_core.shell:Creating package script '/home/user/ros2_ws/install/robot_cpp/share/robot_cpp/package.bash'
[7.747s] INFO:colcon.colcon_core.shell:Creating package script '/home/user/ros2_ws/install/robot_cpp/share/robot_cpp/package.zsh'
[7.747s] Level 1:colcon.colcon_core.environment:create_file_with_runtime_dependencies(/home/user/ros2_ws/install/robot_cpp/share/colcon-core/packages/robot_cpp)
[7.758s] DEBUG:colcon.colcon_parallel_executor.executor.parallel:closing loop
[7.758s] DEBUG:colcon.colcon_parallel_executor.executor.parallel:loop closed
[7.758s] DEBUG:colcon.colcon_parallel_executor.executor.parallel:run_until_complete finished with '2'
[7.759s] DEBUG:colcon.colcon_core.event_reactor:joining thread
[7.766s] INFO:colcon.colcon_core.plugin_system:Skipping extension 'colcon_notification.desktop_notification.notify_send': Could not find 'notify-send'
[7.766s] INFO:colcon.colcon_core.plugin_system:Skipping extension 'colcon_notification.desktop_notification.terminal_notifier': Not used on non-Darwin systems
[7.766s] INFO:colcon.colcon_core.plugin_system:Skipping extension 'colcon_notification.desktop_notification.win32': Not used on non-Windows systems
[7.766s] INFO:colcon.colcon_notification.desktop_notification:Sending desktop notification using 'notify2'
[7.768s] DEBUG:colcon.colcon_notification.desktop_notification.notify2:Failed to initialize notify2: org.freedesktop.DBus.Error.Spawn.ExecFailed: /usr/bin/dbus-launch terminated abnormally without any error message
[7.768s] DEBUG:colcon.colcon_core.event_reactor:joined thread
[7.771s] INFO:colcon.colcon_core.shell:Creating prefix script '/home/user/ros2_ws/install/local_setup.ps1'
[7.773s] INFO:colcon.colcon_core.shell:Creating prefix util module '/home/user/ros2_ws/install/_local_setup_util_ps1.py'
[7.776s] INFO:colcon.colcon_core.shell:Creating prefix chain script '/home/user/ros2_ws/install/setup.ps1'
[7.779s] INFO:colcon.colcon_core.shell:Creating prefix script '/home/user/ros2_ws/install/local_setup.sh'
[7.780s] INFO:colcon.colcon_core.shell:Creating prefix util module '/home/user/ros2_ws/install/_local_setup_util_sh.py'
[7.781s] INFO:colcon.colcon_core.shell:Creating prefix chain script '/home/user/ros2_ws/install/setup.sh'
[7.784s] INFO:colcon.colcon_core.shell:Creating prefix script '/home/user/ros2_ws/install/local_setup.bash'
[7.785s] INFO:colcon.colcon_core.shell:Creating prefix chain script '/home/user/ros2_ws/install/setup.bash'
[7.788s] INFO:colcon.colcon_core.shell:Creating prefix script '/home/user/ros2_ws/install/local_setup.zsh'
[7.789s] INFO:colcon.colcon_core.shell:Creating prefix chain script '/home/user/ros2_ws/install/setup.zsh'
