[0.058s] Invoking command in '/home/user/ros2_ws/build/robot_cpp': CMAKE_PREFIX_PATH=${CMAKE_PREFIX_PATH}:/home/user/ros2_ws/install/robot_python:/opt/ros/iron _=/usr/bin/env /usr/bin/cmake --build /home/user/ros2_ws/build/robot_cpp -- -j8 -l8
[0.804s] [ 50%] Built target publisher
[0.805s] [100%] Built target LaserScan
[0.853s] Invoked command in '/home/user/ros2_ws/build/robot_cpp' returned '0': CMAKE_PREFIX_PATH=${CMAKE_PREFIX_PATH}:/home/user/ros2_ws/install/robot_python:/opt/ros/iron _=/usr/bin/env /usr/bin/cmake --build /home/user/ros2_ws/build/robot_cpp -- -j8 -l8
[1.155s] Invoking command in '/home/user/ros2_ws/build/robot_cpp': CMAKE_PREFIX_PATH=${CMAKE_PREFIX_PATH}:/home/user/ros2_ws/install/robot_python:/opt/ros/iron _=/usr/bin/env /usr/bin/cmake --install /home/user/ros2_ws/build/robot_cpp
[1.168s] -- Install configuration: ""
[1.168s] -- Up-to-date: /home/user/ros2_ws/install/robot_cpp/lib/robot_cpp/publisher
[1.170s] -- Up-to-date: /home/user/ros2_ws/install/robot_cpp/lib/robot_cpp/LaserScan
[1.172s] -- Up-to-date: /home/user/ros2_ws/install/robot_cpp/share/ament_index/resource_index/package_run_dependencies/robot_cpp
[1.253s] -- Up-to-date: /home/user/ros2_ws/install/robot_cpp/share/ament_index/resource_index/parent_prefix_path/robot_cpp
[1.254s] -- Up-to-date: /home/user/ros2_ws/install/robot_cpp/share/robot_cpp/environment/ament_prefix_path.sh
[1.256s] -- Up-to-date: /home/user/ros2_ws/install/robot_cpp/share/robot_cpp/environment/ament_prefix_path.dsv
[1.257s] -- Up-to-date: /home/user/ros2_ws/install/robot_cpp/share/robot_cpp/environment/path.sh
[1.257s] -- Up-to-date: /home/user/ros2_ws/install/robot_cpp/share/robot_cpp/environment/path.dsv
[1.258s] -- Up-to-date: /home/user/ros2_ws/install/robot_cpp/share/robot_cpp/local_setup.bash
[1.258s] -- Up-to-date: /home/user/ros2_ws/install/robot_cpp/share/robot_cpp/local_setup.sh
[1.258s] -- Up-to-date: /home/user/ros2_ws/install/robot_cpp/share/robot_cpp/local_setup.zsh
[1.258s] -- Up-to-date: /home/user/ros2_ws/install/robot_cpp/share/robot_cpp/local_setup.dsv
[1.258s] -- Installing: /home/user/ros2_ws/install/robot_cpp/share/robot_cpp/package.dsv
[1.259s] -- Up-to-date: /home/user/ros2_ws/install/robot_cpp/share/ament_index/resource_index/packages/robot_cpp
[1.260s] -- Up-to-date: /home/user/ros2_ws/install/robot_cpp/share/robot_cpp/cmake/robot_cppConfig.cmake
[1.262s] -- Up-to-date: /home/user/ros2_ws/install/robot_cpp/share/robot_cpp/cmake/robot_cppConfig-version.cmake
[1.262s] -- Up-to-date: /home/user/ros2_ws/install/robot_cpp/share/robot_cpp/package.xml
[1.279s] Invoked command in '/home/user/ros2_ws/build/robot_cpp' returned '0': CMAKE_PREFIX_PATH=${CMAKE_PREFIX_PATH}:/home/user/ros2_ws/install/robot_python:/opt/ros/iron _=/usr/bin/env /usr/bin/cmake --install /home/user/ros2_ws/build/robot_cpp
