[0.024s] Invoking command in '/home/user/ros2_ws/build/my_interface': CMAKE_PREFIX_PATH=${CMAKE_PREFIX_PATH}:/home/user/ros2_ws/install/robot_python:/opt/ros/iron _=/usr/bin/env /usr/bin/cmake --build /home/user/ros2_ws/build/my_interface -- -j8 -l8
[0.085s] [  2%] [34m[1mGenerating type hashes for ROS interfaces[0m
[0.095s] [  2%] Built target ament_cmake_python_copy_my_interface
[0.348s] Traceback (most recent call last):
[0.349s]   File "/opt/ros/iron/lib/rosidl_generator_type_description/rosidl_generator_type_description", line 50, in <module>
[0.349s]     sys.exit(main())
[0.349s]   File "/opt/ros/iron/lib/rosidl_generator_type_description/rosidl_generator_type_description", line 46, in main
[0.349s]     generate_type_hash(args.generator_arguments_file)
[0.349s]   File "/opt/ros/iron/lib/python3.10/site-packages/rosidl_generator_type_description/__init__.py", line 160, in generate_type_hash
[0.350s]     pkg_dir = include_map[pkg]
[0.350s] KeyError: 'geometry_msgs'
[0.366s] gmake[2]: *** [CMakeFiles/my_interface__rosidl_generator_type_description.dir/build.make:75: rosidl_generator_type_description/my_interface/msg/Targetcoordinate.json] Error 1
[0.366s] gmake[1]: *** [CMakeFiles/Makefile2:215: CMakeFiles/my_interface__rosidl_generator_type_description.dir/all] Error 2
[0.366s] gmake[1]: *** Waiting for unfinished jobs....
[0.562s] running egg_info
[0.563s] writing my_interface.egg-info/PKG-INFO
[0.563s] writing dependency_links to my_interface.egg-info/dependency_links.txt
[0.563s] writing top-level names to my_interface.egg-info/top_level.txt
[0.566s] reading manifest file 'my_interface.egg-info/SOURCES.txt'
[0.567s] writing manifest file 'my_interface.egg-info/SOURCES.txt'
[0.599s] [  2%] Built target ament_cmake_python_build_my_interface_egg
[0.599s] gmake: *** [Makefile:146: all] Error 2
[0.603s] Invoked command in '/home/user/ros2_ws/build/my_interface' returned '2': CMAKE_PREFIX_PATH=${CMAKE_PREFIX_PATH}:/home/user/ros2_ws/install/robot_python:/opt/ros/iron _=/usr/bin/env /usr/bin/cmake --build /home/user/ros2_ws/build/my_interface -- -j8 -l8
