[0.063s] Invoking command in '/home/user/ros2_ws/build/robot_cpp': CMAKE_PREFIX_PATH=${CMAKE_PREFIX_PATH}:/home/user/ros2_ws/install/robot_python:/opt/ros/iron _=/usr/bin/env /usr/bin/cmake --build /home/user/ros2_ws/build/robot_cpp -- -j8 -l8
[0.900s] [35m[1mConsolidate compiler generated dependencies of target publisher[0m
[0.900s] [100%] Built target publisher
[0.922s] Invoked command in '/home/user/ros2_ws/build/robot_cpp' returned '0': CMAKE_PREFIX_PATH=${CMAKE_PREFIX_PATH}:/home/user/ros2_ws/install/robot_python:/opt/ros/iron _=/usr/bin/env /usr/bin/cmake --build /home/user/ros2_ws/build/robot_cpp -- -j8 -l8
[1.220s] Invoking command in '/home/user/ros2_ws/build/robot_cpp': CMAKE_PREFIX_PATH=${CMAKE_PREFIX_PATH}:/home/user/ros2_ws/install/robot_python:/opt/ros/iron _=/usr/bin/env /usr/bin/cmake --install /home/user/ros2_ws/build/robot_cpp
[1.292s] -- Install configuration: ""
[1.292s] -- Up-to-date: /home/user/ros2_ws/install/robot_cpp/lib/robot_cpp/publisher
[1.292s] -- Up-to-date: /home/user/ros2_ws/install/robot_cpp/share/ament_index/resource_index/package_run_dependencies/robot_cpp
[1.293s] -- Up-to-date: /home/user/ros2_ws/install/robot_cpp/share/ament_index/resource_index/parent_prefix_path/robot_cpp
[1.294s] -- Up-to-date: /home/user/ros2_ws/install/robot_cpp/share/robot_cpp/environment/ament_prefix_path.sh
[1.294s] -- Up-to-date: /home/user/ros2_ws/install/robot_cpp/share/robot_cpp/environment/ament_prefix_path.dsv
[1.294s] -- Up-to-date: /home/user/ros2_ws/install/robot_cpp/share/robot_cpp/environment/path.sh
[1.295s] -- Up-to-date: /home/user/ros2_ws/install/robot_cpp/share/robot_cpp/environment/path.dsv
[1.295s] -- Up-to-date: /home/user/ros2_ws/install/robot_cpp/share/robot_cpp/local_setup.bash
[1.295s] -- Up-to-date: /home/user/ros2_ws/install/robot_cpp/share/robot_cpp/local_setup.sh
[1.295s] -- Up-to-date: /home/user/ros2_ws/install/robot_cpp/share/robot_cpp/local_setup.zsh
[1.296s] -- Up-to-date: /home/user/ros2_ws/install/robot_cpp/share/robot_cpp/local_setup.dsv
[1.296s] -- Installing: /home/user/ros2_ws/install/robot_cpp/share/robot_cpp/package.dsv
[1.296s] -- Up-to-date: /home/user/ros2_ws/install/robot_cpp/share/ament_index/resource_index/packages/robot_cpp
[1.305s] -- Up-to-date: /home/user/ros2_ws/install/robot_cpp/share/robot_cpp/cmake/robot_cppConfig.cmake
[1.305s] -- Up-to-date: /home/user/ros2_ws/install/robot_cpp/share/robot_cpp/cmake/robot_cppConfig-version.cmake
[1.307s] -- Up-to-date: /home/user/ros2_ws/install/robot_cpp/share/robot_cpp/package.xml
[1.393s] Invoked command in '/home/user/ros2_ws/build/robot_cpp' returned '0': CMAKE_PREFIX_PATH=${CMAKE_PREFIX_PATH}:/home/user/ros2_ws/install/robot_python:/opt/ros/iron _=/usr/bin/env /usr/bin/cmake --install /home/user/ros2_ws/build/robot_cpp
