[0.533s] DEBUG:colcon:Command line arguments: ['/usr/bin/colcon', 'build']
[0.533s] DEBUG:colcon:Parsed command line arguments: Namespace(log_base=None, log_level=None, verb_name='build', build_base='build', install_base='install', merge_install=False, symlink_install=False, test_result_base=None, continue_on_error=False, executor='parallel', parallel_workers=8, event_handlers=None, ignore_user_meta=False, metas=['./colcon.meta'], base_paths=['.'], packages_ignore=None, packages_ignore_regex=None, paths=None, packages_up_to=None, packages_up_to_regex=None, packages_above=None, packages_above_and_dependencies=None, packages_above_depth=None, packages_select_by_dep=None, packages_skip_by_dep=None, packages_skip_up_to=None, packages_select_build_failed=False, packages_skip_build_finished=False, packages_select_test_failures=False, packages_skip_test_passed=False, packages_select=None, packages_skip=None, packages_select_regex=None, packages_skip_regex=None, packages_start=None, packages_end=None, cmake_args=None, cmake_target=None, cmake_target_skip_unavailable=False, cmake_clean_cache=False, cmake_clean_first=False, cmake_force_configure=False, ament_cmake_args=None, catkin_cmake_args=None, catkin_skip_building_tests=False, mixin_files=None, mixin=None, verb_parser=<colcon_mixin.mixin.mixin_argument.MixinArgumentDecorator object at 0x7f35cfc50d60>, verb_extension=<colcon_core.verb.build.BuildVerb object at 0x7f35d05b0d90>, main=<bound method BuildVerb.main of <colcon_core.verb.build.BuildVerb object at 0x7f35d05b0d90>>, mixin_verb=('build',))
[0.566s] Level 1:colcon.colcon_core.package_discovery:discover_packages(colcon_meta) check parameters
[0.566s] Level 1:colcon.colcon_core.package_discovery:discover_packages(recursive) check parameters
[0.566s] Level 1:colcon.colcon_core.package_discovery:discover_packages(ignore) check parameters
[0.567s] Level 1:colcon.colcon_core.package_discovery:discover_packages(path) check parameters
[0.567s] Level 1:colcon.colcon_core.package_discovery:discover_packages(colcon_meta) discover
[0.567s] Level 1:colcon.colcon_core.package_discovery:discover_packages(recursive) discover
[0.567s] INFO:colcon.colcon_core.package_discovery:Crawling recursively for packages in '/home/user/ros2_ws'
[0.567s] Level 1:colcon.colcon_core.package_identification:_identify(.) by extensions ['ignore', 'ignore_ament_install']
[0.567s] Level 1:colcon.colcon_core.package_identification:_identify(.) by extension 'ignore'
[0.567s] Level 1:colcon.colcon_core.package_identification:_identify(.) by extension 'ignore_ament_install'
[0.567s] Level 1:colcon.colcon_core.package_identification:_identify(.) by extensions ['colcon_pkg']
[0.567s] Level 1:colcon.colcon_core.package_identification:_identify(.) by extension 'colcon_pkg'
[0.567s] Level 1:colcon.colcon_core.package_identification:_identify(.) by extensions ['colcon_meta']
[0.567s] Level 1:colcon.colcon_core.package_identification:_identify(.) by extension 'colcon_meta'
[0.568s] Level 1:colcon.colcon_core.package_identification:_identify(.) by extensions ['ros']
[0.568s] Level 1:colcon.colcon_core.package_identification:_identify(.) by extension 'ros'
[0.584s] Level 1:colcon.colcon_core.package_identification:_identify(.) by extensions ['cmake', 'python']
[0.584s] Level 1:colcon.colcon_core.package_identification:_identify(.) by extension 'cmake'
[0.584s] Level 1:colcon.colcon_core.package_identification:_identify(.) by extension 'python'
[0.584s] Level 1:colcon.colcon_core.package_identification:_identify(.) by extensions ['python_setup_py']
[0.584s] Level 1:colcon.colcon_core.package_identification:_identify(.) by extension 'python_setup_py'
[0.584s] Level 1:colcon.colcon_core.package_identification:_identify(build) by extensions ['ignore', 'ignore_ament_install']
[0.584s] Level 1:colcon.colcon_core.package_identification:_identify(build) by extension 'ignore'
[0.584s] Level 1:colcon.colcon_core.package_identification:_identify(build) ignored
[0.585s] Level 1:colcon.colcon_core.package_identification:_identify(install) by extensions ['ignore', 'ignore_ament_install']
[0.585s] Level 1:colcon.colcon_core.package_identification:_identify(install) by extension 'ignore'
[0.585s] Level 1:colcon.colcon_core.package_identification:_identify(install) ignored
[0.585s] Level 1:colcon.colcon_core.package_identification:_identify(log) by extensions ['ignore', 'ignore_ament_install']
[0.585s] Level 1:colcon.colcon_core.package_identification:_identify(log) by extension 'ignore'
[0.585s] Level 1:colcon.colcon_core.package_identification:_identify(log) ignored
[0.585s] Level 1:colcon.colcon_core.package_identification:_identify(src) by extensions ['ignore', 'ignore_ament_install']
[0.586s] Level 1:colcon.colcon_core.package_identification:_identify(src) by extension 'ignore'
[0.586s] Level 1:colcon.colcon_core.package_identification:_identify(src) by extension 'ignore_ament_install'
[0.586s] Level 1:colcon.colcon_core.package_identification:_identify(src) by extensions ['colcon_pkg']
[0.586s] Level 1:colcon.colcon_core.package_identification:_identify(src) by extension 'colcon_pkg'
[0.586s] Level 1:colcon.colcon_core.package_identification:_identify(src) by extensions ['colcon_meta']
[0.586s] Level 1:colcon.colcon_core.package_identification:_identify(src) by extension 'colcon_meta'
[0.586s] Level 1:colcon.colcon_core.package_identification:_identify(src) by extensions ['ros']
[0.586s] Level 1:colcon.colcon_core.package_identification:_identify(src) by extension 'ros'
[0.586s] Level 1:colcon.colcon_core.package_identification:_identify(src) by extensions ['cmake', 'python']
[0.586s] Level 1:colcon.colcon_core.package_identification:_identify(src) by extension 'cmake'
[0.586s] Level 1:colcon.colcon_core.package_identification:_identify(src) by extension 'python'
[0.587s] Level 1:colcon.colcon_core.package_identification:_identify(src) by extensions ['python_setup_py']
[0.587s] Level 1:colcon.colcon_core.package_identification:_identify(src) by extension 'python_setup_py'
[0.587s] Level 1:colcon.colcon_core.package_identification:_identify(src/my_cpp_py_pkg) by extensions ['ignore', 'ignore_ament_install']
[0.587s] Level 1:colcon.colcon_core.package_identification:_identify(src/my_cpp_py_pkg) by extension 'ignore'
[0.587s] Level 1:colcon.colcon_core.package_identification:_identify(src/my_cpp_py_pkg) by extension 'ignore_ament_install'
[0.587s] Level 1:colcon.colcon_core.package_identification:_identify(src/my_cpp_py_pkg) by extensions ['colcon_pkg']
[0.587s] Level 1:colcon.colcon_core.package_identification:_identify(src/my_cpp_py_pkg) by extension 'colcon_pkg'
[0.587s] Level 1:colcon.colcon_core.package_identification:_identify(src/my_cpp_py_pkg) by extensions ['colcon_meta']
[0.587s] Level 1:colcon.colcon_core.package_identification:_identify(src/my_cpp_py_pkg) by extension 'colcon_meta'
[0.587s] Level 1:colcon.colcon_core.package_identification:_identify(src/my_cpp_py_pkg) by extensions ['ros']
[0.587s] Level 1:colcon.colcon_core.package_identification:_identify(src/my_cpp_py_pkg) by extension 'ros'
[0.591s] DEBUG:colcon.colcon_core.package_identification:Package 'src/my_cpp_py_pkg' with type 'ros.ament_cmake' and name 'my_cpp_py_pkg'
[0.591s] Level 1:colcon.colcon_core.package_identification:_identify(src/navigation_tb3) by extensions ['ignore', 'ignore_ament_install']
[0.591s] Level 1:colcon.colcon_core.package_identification:_identify(src/navigation_tb3) by extension 'ignore'
[0.591s] Level 1:colcon.colcon_core.package_identification:_identify(src/navigation_tb3) by extension 'ignore_ament_install'
[0.591s] Level 1:colcon.colcon_core.package_identification:_identify(src/navigation_tb3) by extensions ['colcon_pkg']
[0.591s] Level 1:colcon.colcon_core.package_identification:_identify(src/navigation_tb3) by extension 'colcon_pkg'
[0.591s] Level 1:colcon.colcon_core.package_identification:_identify(src/navigation_tb3) by extensions ['colcon_meta']
[0.591s] Level 1:colcon.colcon_core.package_identification:_identify(src/navigation_tb3) by extension 'colcon_meta'
[0.591s] Level 1:colcon.colcon_core.package_identification:_identify(src/navigation_tb3) by extensions ['ros']
[0.591s] Level 1:colcon.colcon_core.package_identification:_identify(src/navigation_tb3) by extension 'ros'
[0.592s] DEBUG:colcon.colcon_core.package_identification:Package 'src/navigation_tb3' with type 'ros.ament_cmake' and name 'navigation_tb3'
[0.592s] Level 1:colcon.colcon_core.package_identification:_identify(src/robot_control) by extensions ['ignore', 'ignore_ament_install']
[0.593s] Level 1:colcon.colcon_core.package_identification:_identify(src/robot_control) by extension 'ignore'
[0.593s] Level 1:colcon.colcon_core.package_identification:_identify(src/robot_control) by extension 'ignore_ament_install'
[0.593s] Level 1:colcon.colcon_core.package_identification:_identify(src/robot_control) by extensions ['colcon_pkg']
[0.593s] Level 1:colcon.colcon_core.package_identification:_identify(src/robot_control) by extension 'colcon_pkg'
[0.593s] Level 1:colcon.colcon_core.package_identification:_identify(src/robot_control) by extensions ['colcon_meta']
[0.593s] Level 1:colcon.colcon_core.package_identification:_identify(src/robot_control) by extension 'colcon_meta'
[0.593s] Level 1:colcon.colcon_core.package_identification:_identify(src/robot_control) by extensions ['ros']
[0.593s] Level 1:colcon.colcon_core.package_identification:_identify(src/robot_control) by extension 'ros'
[0.594s] DEBUG:colcon.colcon_core.package_identification:Package 'src/robot_control' with type 'ros.ament_cmake' and name 'robot_control'
[0.594s] Level 1:colcon.colcon_core.package_identification:_identify(src/robot_python) by extensions ['ignore', 'ignore_ament_install']
[0.594s] Level 1:colcon.colcon_core.package_identification:_identify(src/robot_python) by extension 'ignore'
[0.594s] Level 1:colcon.colcon_core.package_identification:_identify(src/robot_python) by extension 'ignore_ament_install'
[0.595s] Level 1:colcon.colcon_core.package_identification:_identify(src/robot_python) by extensions ['colcon_pkg']
[0.595s] Level 1:colcon.colcon_core.package_identification:_identify(src/robot_python) by extension 'colcon_pkg'
[0.595s] Level 1:colcon.colcon_core.package_identification:_identify(src/robot_python) by extensions ['colcon_meta']
[0.595s] Level 1:colcon.colcon_core.package_identification:_identify(src/robot_python) by extension 'colcon_meta'
[0.595s] Level 1:colcon.colcon_core.package_identification:_identify(src/robot_python) by extensions ['ros']
[0.595s] Level 1:colcon.colcon_core.package_identification:_identify(src/robot_python) by extension 'ros'
[0.596s] DEBUG:colcon.colcon_core.package_identification:Package 'src/robot_python' with type 'ros.ament_python' and name 'robot_python'
[0.596s] Level 1:colcon.colcon_core.package_identification:_identify(src/robot_test) by extensions ['ignore', 'ignore_ament_install']
[0.596s] Level 1:colcon.colcon_core.package_identification:_identify(src/robot_test) by extension 'ignore'
[0.596s] Level 1:colcon.colcon_core.package_identification:_identify(src/robot_test) by extension 'ignore_ament_install'
[0.596s] Level 1:colcon.colcon_core.package_identification:_identify(src/robot_test) by extensions ['colcon_pkg']
[0.596s] Level 1:colcon.colcon_core.package_identification:_identify(src/robot_test) by extension 'colcon_pkg'
[0.596s] Level 1:colcon.colcon_core.package_identification:_identify(src/robot_test) by extensions ['colcon_meta']
[0.596s] Level 1:colcon.colcon_core.package_identification:_identify(src/robot_test) by extension 'colcon_meta'
[0.597s] Level 1:colcon.colcon_core.package_identification:_identify(src/robot_test) by extensions ['ros']
[0.597s] Level 1:colcon.colcon_core.package_identification:_identify(src/robot_test) by extension 'ros'
[0.597s] DEBUG:colcon.colcon_core.package_identification:Package 'src/robot_test' with type 'ros.ament_cmake' and name 'robot_test'
[0.597s] Level 1:colcon.colcon_core.package_identification:_identify(src/turtlebot3_gazebo) by extensions ['ignore', 'ignore_ament_install']
[0.597s] Level 1:colcon.colcon_core.package_identification:_identify(src/turtlebot3_gazebo) by extension 'ignore'
[0.598s] Level 1:colcon.colcon_core.package_identification:_identify(src/turtlebot3_gazebo) by extension 'ignore_ament_install'
[0.598s] Level 1:colcon.colcon_core.package_identification:_identify(src/turtlebot3_gazebo) by extensions ['colcon_pkg']
[0.598s] Level 1:colcon.colcon_core.package_identification:_identify(src/turtlebot3_gazebo) by extension 'colcon_pkg'
[0.598s] Level 1:colcon.colcon_core.package_identification:_identify(src/turtlebot3_gazebo) by extensions ['colcon_meta']
[0.598s] Level 1:colcon.colcon_core.package_identification:_identify(src/turtlebot3_gazebo) by extension 'colcon_meta'
[0.598s] Level 1:colcon.colcon_core.package_identification:_identify(src/turtlebot3_gazebo) by extensions ['ros']
[0.598s] Level 1:colcon.colcon_core.package_identification:_identify(src/turtlebot3_gazebo) by extension 'ros'
[0.599s] DEBUG:colcon.colcon_core.package_identification:Package 'src/turtlebot3_gazebo' with type 'ros.ament_cmake' and name 'turtlebot3_gazebo'
[0.599s] Level 1:colcon.colcon_core.package_discovery:discover_packages(recursive) using defaults
[0.599s] Level 1:colcon.colcon_core.package_discovery:discover_packages(ignore) discover
[0.599s] Level 1:colcon.colcon_core.package_discovery:discover_packages(ignore) using defaults
[0.599s] Level 1:colcon.colcon_core.package_discovery:discover_packages(path) discover
[0.599s] Level 1:colcon.colcon_core.package_discovery:discover_packages(path) using defaults
[0.633s] Level 5:colcon.colcon_core.verb:set package 'my_cpp_py_pkg' build argument 'cmake_args' from command line to 'None'
[0.633s] Level 5:colcon.colcon_core.verb:set package 'my_cpp_py_pkg' build argument 'cmake_target' from command line to 'None'
[0.633s] Level 5:colcon.colcon_core.verb:set package 'my_cpp_py_pkg' build argument 'cmake_target_skip_unavailable' from command line to 'False'
[0.633s] Level 5:colcon.colcon_core.verb:set package 'my_cpp_py_pkg' build argument 'cmake_clean_cache' from command line to 'False'
[0.633s] Level 5:colcon.colcon_core.verb:set package 'my_cpp_py_pkg' build argument 'cmake_clean_first' from command line to 'False'
[0.633s] Level 5:colcon.colcon_core.verb:set package 'my_cpp_py_pkg' build argument 'cmake_force_configure' from command line to 'False'
[0.633s] Level 5:colcon.colcon_core.verb:set package 'my_cpp_py_pkg' build argument 'ament_cmake_args' from command line to 'None'
[0.633s] Level 5:colcon.colcon_core.verb:set package 'my_cpp_py_pkg' build argument 'catkin_cmake_args' from command line to 'None'
[0.633s] Level 5:colcon.colcon_core.verb:set package 'my_cpp_py_pkg' build argument 'catkin_skip_building_tests' from command line to 'False'
[0.633s] DEBUG:colcon.colcon_core.verb:Building package 'my_cpp_py_pkg' with the following arguments: {'ament_cmake_args': None, 'build_base': '/home/user/ros2_ws/build/my_cpp_py_pkg', 'catkin_cmake_args': None, 'catkin_skip_building_tests': False, 'cmake_args': None, 'cmake_clean_cache': False, 'cmake_clean_first': False, 'cmake_force_configure': False, 'cmake_target': None, 'cmake_target_skip_unavailable': False, 'install_base': '/home/user/ros2_ws/install/my_cpp_py_pkg', 'merge_install': False, 'path': '/home/user/ros2_ws/src/my_cpp_py_pkg', 'symlink_install': False, 'test_result_base': None}
[0.635s] Level 5:colcon.colcon_core.verb:set package 'navigation_tb3' build argument 'cmake_args' from command line to 'None'
[0.635s] Level 5:colcon.colcon_core.verb:set package 'navigation_tb3' build argument 'cmake_target' from command line to 'None'
[0.635s] Level 5:colcon.colcon_core.verb:set package 'navigation_tb3' build argument 'cmake_target_skip_unavailable' from command line to 'False'
[0.635s] Level 5:colcon.colcon_core.verb:set package 'navigation_tb3' build argument 'cmake_clean_cache' from command line to 'False'
[0.635s] Level 5:colcon.colcon_core.verb:set package 'navigation_tb3' build argument 'cmake_clean_first' from command line to 'False'
[0.635s] Level 5:colcon.colcon_core.verb:set package 'navigation_tb3' build argument 'cmake_force_configure' from command line to 'False'
[0.635s] Level 5:colcon.colcon_core.verb:set package 'navigation_tb3' build argument 'ament_cmake_args' from command line to 'None'
[0.635s] Level 5:colcon.colcon_core.verb:set package 'navigation_tb3' build argument 'catkin_cmake_args' from command line to 'None'
[0.635s] Level 5:colcon.colcon_core.verb:set package 'navigation_tb3' build argument 'catkin_skip_building_tests' from command line to 'False'
[0.635s] DEBUG:colcon.colcon_core.verb:Building package 'navigation_tb3' with the following arguments: {'ament_cmake_args': None, 'build_base': '/home/user/ros2_ws/build/navigation_tb3', 'catkin_cmake_args': None, 'catkin_skip_building_tests': False, 'cmake_args': None, 'cmake_clean_cache': False, 'cmake_clean_first': False, 'cmake_force_configure': False, 'cmake_target': None, 'cmake_target_skip_unavailable': False, 'install_base': '/home/user/ros2_ws/install/navigation_tb3', 'merge_install': False, 'path': '/home/user/ros2_ws/src/navigation_tb3', 'symlink_install': False, 'test_result_base': None}
[0.636s] Level 5:colcon.colcon_core.verb:set package 'robot_control' build argument 'cmake_args' from command line to 'None'
[0.637s] Level 5:colcon.colcon_core.verb:set package 'robot_control' build argument 'cmake_target' from command line to 'None'
[0.637s] Level 5:colcon.colcon_core.verb:set package 'robot_control' build argument 'cmake_target_skip_unavailable' from command line to 'False'
[0.637s] Level 5:colcon.colcon_core.verb:set package 'robot_control' build argument 'cmake_clean_cache' from command line to 'False'
[0.637s] Level 5:colcon.colcon_core.verb:set package 'robot_control' build argument 'cmake_clean_first' from command line to 'False'
[0.637s] Level 5:colcon.colcon_core.verb:set package 'robot_control' build argument 'cmake_force_configure' from command line to 'False'
[0.637s] Level 5:colcon.colcon_core.verb:set package 'robot_control' build argument 'ament_cmake_args' from command line to 'None'
[0.637s] Level 5:colcon.colcon_core.verb:set package 'robot_control' build argument 'catkin_cmake_args' from command line to 'None'
[0.637s] Level 5:colcon.colcon_core.verb:set package 'robot_control' build argument 'catkin_skip_building_tests' from command line to 'False'
[0.637s] DEBUG:colcon.colcon_core.verb:Building package 'robot_control' with the following arguments: {'ament_cmake_args': None, 'build_base': '/home/user/ros2_ws/build/robot_control', 'catkin_cmake_args': None, 'catkin_skip_building_tests': False, 'cmake_args': None, 'cmake_clean_cache': False, 'cmake_clean_first': False, 'cmake_force_configure': False, 'cmake_target': None, 'cmake_target_skip_unavailable': False, 'install_base': '/home/user/ros2_ws/install/robot_control', 'merge_install': False, 'path': '/home/user/ros2_ws/src/robot_control', 'symlink_install': False, 'test_result_base': None}
[0.638s] Level 5:colcon.colcon_core.verb:set package 'robot_python' build argument 'cmake_args' from command line to 'None'
[0.638s] Level 5:colcon.colcon_core.verb:set package 'robot_python' build argument 'cmake_target' from command line to 'None'
[0.638s] Level 5:colcon.colcon_core.verb:set package 'robot_python' build argument 'cmake_target_skip_unavailable' from command line to 'False'
[0.638s] Level 5:colcon.colcon_core.verb:set package 'robot_python' build argument 'cmake_clean_cache' from command line to 'False'
[0.639s] Level 5:colcon.colcon_core.verb:set package 'robot_python' build argument 'cmake_clean_first' from command line to 'False'
[0.639s] Level 5:colcon.colcon_core.verb:set package 'robot_python' build argument 'cmake_force_configure' from command line to 'False'
[0.639s] Level 5:colcon.colcon_core.verb:set package 'robot_python' build argument 'ament_cmake_args' from command line to 'None'
[0.639s] Level 5:colcon.colcon_core.verb:set package 'robot_python' build argument 'catkin_cmake_args' from command line to 'None'
[0.639s] Level 5:colcon.colcon_core.verb:set package 'robot_python' build argument 'catkin_skip_building_tests' from command line to 'False'
[0.639s] DEBUG:colcon.colcon_core.verb:Building package 'robot_python' with the following arguments: {'ament_cmake_args': None, 'build_base': '/home/user/ros2_ws/build/robot_python', 'catkin_cmake_args': None, 'catkin_skip_building_tests': False, 'cmake_args': None, 'cmake_clean_cache': False, 'cmake_clean_first': False, 'cmake_force_configure': False, 'cmake_target': None, 'cmake_target_skip_unavailable': False, 'install_base': '/home/user/ros2_ws/install/robot_python', 'merge_install': False, 'path': '/home/user/ros2_ws/src/robot_python', 'symlink_install': False, 'test_result_base': None}
[0.640s] Level 5:colcon.colcon_core.verb:set package 'robot_test' build argument 'cmake_args' from command line to 'None'
[0.640s] Level 5:colcon.colcon_core.verb:set package 'robot_test' build argument 'cmake_target' from command line to 'None'
[0.640s] Level 5:colcon.colcon_core.verb:set package 'robot_test' build argument 'cmake_target_skip_unavailable' from command line to 'False'
[0.640s] Level 5:colcon.colcon_core.verb:set package 'robot_test' build argument 'cmake_clean_cache' from command line to 'False'
[0.640s] Level 5:colcon.colcon_core.verb:set package 'robot_test' build argument 'cmake_clean_first' from command line to 'False'
[0.640s] Level 5:colcon.colcon_core.verb:set package 'robot_test' build argument 'cmake_force_configure' from command line to 'False'
[0.640s] Level 5:colcon.colcon_core.verb:set package 'robot_test' build argument 'ament_cmake_args' from command line to 'None'
[0.640s] Level 5:colcon.colcon_core.verb:set package 'robot_test' build argument 'catkin_cmake_args' from command line to 'None'
[0.640s] Level 5:colcon.colcon_core.verb:set package 'robot_test' build argument 'catkin_skip_building_tests' from command line to 'False'
[0.641s] DEBUG:colcon.colcon_core.verb:Building package 'robot_test' with the following arguments: {'ament_cmake_args': None, 'build_base': '/home/user/ros2_ws/build/robot_test', 'catkin_cmake_args': None, 'catkin_skip_building_tests': False, 'cmake_args': None, 'cmake_clean_cache': False, 'cmake_clean_first': False, 'cmake_force_configure': False, 'cmake_target': None, 'cmake_target_skip_unavailable': False, 'install_base': '/home/user/ros2_ws/install/robot_test', 'merge_install': False, 'path': '/home/user/ros2_ws/src/robot_test', 'symlink_install': False, 'test_result_base': None}
[0.642s] Level 5:colcon.colcon_core.verb:set package 'turtlebot3_gazebo' build argument 'cmake_args' from command line to 'None'
[0.642s] Level 5:colcon.colcon_core.verb:set package 'turtlebot3_gazebo' build argument 'cmake_target' from command line to 'None'
[0.642s] Level 5:colcon.colcon_core.verb:set package 'turtlebot3_gazebo' build argument 'cmake_target_skip_unavailable' from command line to 'False'
[0.642s] Level 5:colcon.colcon_core.verb:set package 'turtlebot3_gazebo' build argument 'cmake_clean_cache' from command line to 'False'
[0.642s] Level 5:colcon.colcon_core.verb:set package 'turtlebot3_gazebo' build argument 'cmake_clean_first' from command line to 'False'
[0.642s] Level 5:colcon.colcon_core.verb:set package 'turtlebot3_gazebo' build argument 'cmake_force_configure' from command line to 'False'
[0.642s] Level 5:colcon.colcon_core.verb:set package 'turtlebot3_gazebo' build argument 'ament_cmake_args' from command line to 'None'
[0.642s] Level 5:colcon.colcon_core.verb:set package 'turtlebot3_gazebo' build argument 'catkin_cmake_args' from command line to 'None'
[0.642s] Level 5:colcon.colcon_core.verb:set package 'turtlebot3_gazebo' build argument 'catkin_skip_building_tests' from command line to 'False'
[0.642s] DEBUG:colcon.colcon_core.verb:Building package 'turtlebot3_gazebo' with the following arguments: {'ament_cmake_args': None, 'build_base': '/home/user/ros2_ws/build/turtlebot3_gazebo', 'catkin_cmake_args': None, 'catkin_skip_building_tests': False, 'cmake_args': None, 'cmake_clean_cache': False, 'cmake_clean_first': False, 'cmake_force_configure': False, 'cmake_target': None, 'cmake_target_skip_unavailable': False, 'install_base': '/home/user/ros2_ws/install/turtlebot3_gazebo', 'merge_install': False, 'path': '/home/user/ros2_ws/src/turtlebot3_gazebo', 'symlink_install': False, 'test_result_base': None}
[0.643s] INFO:colcon.colcon_core.executor:Executing jobs using 'parallel' executor
[0.647s] DEBUG:colcon.colcon_parallel_executor.executor.parallel:run_until_complete
[0.648s] INFO:colcon.colcon_ros.task.ament_cmake.build:Building ROS package in '/home/user/ros2_ws/src/my_cpp_py_pkg' with build type 'ament_cmake'
[0.648s] INFO:colcon.colcon_cmake.task.cmake.build:Building CMake package in '/home/user/ros2_ws/src/my_cpp_py_pkg'
[0.654s] INFO:colcon.colcon_core.plugin_system:Skipping extension 'colcon_core.shell.bat': Not used on non-Windows systems
[0.654s] INFO:colcon.colcon_core.shell:Skip shell extension 'powershell' for command environment: Not usable outside of PowerShell
[0.654s] DEBUG:colcon.colcon_core.shell:Skip shell extension 'dsv' for command environment
[0.666s] INFO:colcon.colcon_ros.task.ament_cmake.build:Building ROS package in '/home/user/ros2_ws/src/navigation_tb3' with build type 'ament_cmake'
[0.666s] INFO:colcon.colcon_cmake.task.cmake.build:Building CMake package in '/home/user/ros2_ws/src/navigation_tb3'
[0.668s] INFO:colcon.colcon_core.shell:Skip shell extension 'powershell' for command environment: Not usable outside of PowerShell
[0.669s] DEBUG:colcon.colcon_core.shell:Skip shell extension 'dsv' for command environment
[0.677s] INFO:colcon.colcon_ros.task.ament_cmake.build:Building ROS package in '/home/user/ros2_ws/src/robot_control' with build type 'ament_cmake'
[0.677s] INFO:colcon.colcon_cmake.task.cmake.build:Building CMake package in '/home/user/ros2_ws/src/robot_control'
[0.679s] INFO:colcon.colcon_core.shell:Skip shell extension 'powershell' for command environment: Not usable outside of PowerShell
[0.679s] DEBUG:colcon.colcon_core.shell:Skip shell extension 'dsv' for command environment
[0.688s] INFO:colcon.colcon_ros.task.ament_python.build:Building ROS package in '/home/user/ros2_ws/src/robot_python' with build type 'ament_python'
[0.688s] Level 1:colcon.colcon_core.shell:create_environment_hook('robot_python', 'ament_prefix_path')
[0.690s] INFO:colcon.colcon_core.shell:Creating environment hook '/home/user/ros2_ws/install/robot_python/share/robot_python/hook/ament_prefix_path.ps1'
[0.691s] INFO:colcon.colcon_core.shell:Creating environment descriptor '/home/user/ros2_ws/install/robot_python/share/robot_python/hook/ament_prefix_path.dsv'
[0.692s] INFO:colcon.colcon_core.shell:Creating environment hook '/home/user/ros2_ws/install/robot_python/share/robot_python/hook/ament_prefix_path.sh'
[0.694s] INFO:colcon.colcon_core.shell:Skip shell extension 'powershell' for command environment: Not usable outside of PowerShell
[0.694s] DEBUG:colcon.colcon_core.shell:Skip shell extension 'dsv' for command environment
[0.702s] INFO:colcon.colcon_ros.task.ament_cmake.build:Building ROS package in '/home/user/ros2_ws/src/robot_test' with build type 'ament_cmake'
[0.702s] INFO:colcon.colcon_cmake.task.cmake.build:Building CMake package in '/home/user/ros2_ws/src/robot_test'
[0.705s] INFO:colcon.colcon_core.shell:Skip shell extension 'powershell' for command environment: Not usable outside of PowerShell
[0.705s] DEBUG:colcon.colcon_core.shell:Skip shell extension 'dsv' for command environment
[0.713s] INFO:colcon.colcon_ros.task.ament_cmake.build:Building ROS package in '/home/user/ros2_ws/src/turtlebot3_gazebo' with build type 'ament_cmake'
[0.713s] INFO:colcon.colcon_cmake.task.cmake.build:Building CMake package in '/home/user/ros2_ws/src/turtlebot3_gazebo'
[0.715s] INFO:colcon.colcon_core.shell:Skip shell extension 'powershell' for command environment: Not usable outside of PowerShell
[0.715s] DEBUG:colcon.colcon_core.shell:Skip shell extension 'dsv' for command environment
[0.729s] DEBUG:colcon.colcon_core.event_handler.log_command:Invoking command in '/home/user/ros2_ws/build/my_cpp_py_pkg': CMAKE_PREFIX_PATH=${CMAKE_PREFIX_PATH}:/home/user/ros2_ws/install/robot_python:/opt/ros/iron _=/usr/bin/env /usr/bin/cmake --build /home/user/ros2_ws/build/my_cpp_py_pkg -- -j8 -l8
[0.734s] DEBUG:colcon.colcon_core.event_handler.log_command:Invoking command in '/home/user/ros2_ws/build/navigation_tb3': CMAKE_PREFIX_PATH=${CMAKE_PREFIX_PATH}:/home/user/ros2_ws/install/robot_python:/opt/ros/iron _=/usr/bin/env /usr/bin/cmake --build /home/user/ros2_ws/build/navigation_tb3 -- -j8 -l8
[0.737s] DEBUG:colcon.colcon_core.event_handler.log_command:Invoking command in '/home/user/ros2_ws/build/robot_control': CMAKE_PREFIX_PATH=${CMAKE_PREFIX_PATH}:/home/user/ros2_ws/install/robot_python:/opt/ros/iron _=/usr/bin/env /usr/bin/cmake --build /home/user/ros2_ws/build/robot_control -- -j8 -l8
[1.485s] INFO:colcon.colcon_core.task.python.build:Building Python package in '/home/user/ros2_ws/src/robot_python'
[1.488s] INFO:colcon.colcon_core.shell:Skip shell extension 'powershell' for command environment: Not usable outside of PowerShell
[1.488s] DEBUG:colcon.colcon_core.shell:Skip shell extension 'dsv' for command environment
[1.508s] DEBUG:colcon.colcon_core.event_handler.log_command:Invoking command in '/home/user/ros2_ws/build/robot_test': CMAKE_PREFIX_PATH=${CMAKE_PREFIX_PATH}:/home/user/ros2_ws/install/robot_python:/opt/ros/iron _=/usr/bin/env /usr/bin/cmake --build /home/user/ros2_ws/build/robot_test -- -j8 -l8
[1.533s] DEBUG:colcon.colcon_core.event_handler.log_command:Invoking command in '/home/user/ros2_ws/build/turtlebot3_gazebo': CMAKE_PREFIX_PATH=${CMAKE_PREFIX_PATH}:/home/user/ros2_ws/install/robot_python:/opt/ros/iron _=/usr/bin/env /usr/bin/cmake --build /home/user/ros2_ws/build/turtlebot3_gazebo -- -j8 -l8
[1.585s] DEBUG:colcon.colcon_core.event_handler.log_command:Invoked command in '/home/user/ros2_ws/build/robot_control' returned '0': CMAKE_PREFIX_PATH=${CMAKE_PREFIX_PATH}:/home/user/ros2_ws/install/robot_python:/opt/ros/iron _=/usr/bin/env /usr/bin/cmake --build /home/user/ros2_ws/build/robot_control -- -j8 -l8
[1.615s] DEBUG:colcon.colcon_core.event_handler.log_command:Invoked command in '/home/user/ros2_ws/build/robot_test' returned '0': CMAKE_PREFIX_PATH=${CMAKE_PREFIX_PATH}:/home/user/ros2_ws/install/robot_python:/opt/ros/iron _=/usr/bin/env /usr/bin/cmake --build /home/user/ros2_ws/build/robot_test -- -j8 -l8
[1.808s] DEBUG:colcon.colcon_core.event_handler.log_command:Invoking command in '/home/user/ros2_ws/build/robot_test': CMAKE_PREFIX_PATH=${CMAKE_PREFIX_PATH}:/home/user/ros2_ws/install/robot_python:/opt/ros/iron _=/usr/bin/env /usr/bin/cmake --install /home/user/ros2_ws/build/robot_test
[1.887s] Level 1:colcon.colcon_core.environment:create_environment_scripts_only(robot_test)
[1.890s] DEBUG:colcon.colcon_core.event_handler.log_command:Invoked command in '/home/user/ros2_ws/build/robot_test' returned '0': CMAKE_PREFIX_PATH=${CMAKE_PREFIX_PATH}:/home/user/ros2_ws/install/robot_python:/opt/ros/iron _=/usr/bin/env /usr/bin/cmake --install /home/user/ros2_ws/build/robot_test
[1.902s] Level 1:colcon.colcon_core.environment:checking '/home/user/ros2_ws/install/robot_test' for CMake module files
[1.903s] Level 1:colcon.colcon_core.environment:checking '/home/user/ros2_ws/install/robot_test' for CMake config files
[1.904s] Level 1:colcon.colcon_core.shell:create_environment_hook('robot_test', 'cmake_prefix_path')
[1.908s] INFO:colcon.colcon_core.shell:Creating environment hook '/home/user/ros2_ws/install/robot_test/share/robot_test/hook/cmake_prefix_path.ps1'
[1.909s] INFO:colcon.colcon_core.shell:Creating environment descriptor '/home/user/ros2_ws/install/robot_test/share/robot_test/hook/cmake_prefix_path.dsv'
[1.909s] INFO:colcon.colcon_core.shell:Creating environment hook '/home/user/ros2_ws/install/robot_test/share/robot_test/hook/cmake_prefix_path.sh'
[1.910s] Level 1:colcon.colcon_core.environment:checking '/home/user/ros2_ws/install/robot_test/bin'
[1.911s] Level 1:colcon.colcon_core.environment:checking '/home/user/ros2_ws/install/robot_test/lib/pkgconfig/robot_test.pc'
[1.911s] Level 1:colcon.colcon_core.environment:checking '/home/user/ros2_ws/install/robot_test/lib/python3.10/site-packages'
[1.911s] Level 1:colcon.colcon_core.environment:checking '/home/user/ros2_ws/install/robot_test/bin'
[1.914s] INFO:colcon.colcon_core.shell:Creating package script '/home/user/ros2_ws/install/robot_test/share/robot_test/package.ps1'
[1.915s] INFO:colcon.colcon_core.shell:Creating package descriptor '/home/user/ros2_ws/install/robot_test/share/robot_test/package.dsv'
[1.916s] INFO:colcon.colcon_core.shell:Creating package script '/home/user/ros2_ws/install/robot_test/share/robot_test/package.sh'
[1.917s] INFO:colcon.colcon_core.shell:Creating package script '/home/user/ros2_ws/install/robot_test/share/robot_test/package.bash'
[1.919s] INFO:colcon.colcon_core.shell:Creating package script '/home/user/ros2_ws/install/robot_test/share/robot_test/package.zsh'
[1.919s] Level 1:colcon.colcon_core.environment:create_file_with_runtime_dependencies(/home/user/ros2_ws/install/robot_test/share/colcon-core/packages/robot_test)
[1.985s] DEBUG:colcon.colcon_core.event_handler.log_command:Invoking command in '/home/user/ros2_ws/build/robot_control': CMAKE_PREFIX_PATH=${CMAKE_PREFIX_PATH}:/home/user/ros2_ws/install/robot_python:/opt/ros/iron _=/usr/bin/env /usr/bin/cmake --install /home/user/ros2_ws/build/robot_control
[1.989s] DEBUG:colcon.colcon_core.event_handler.log_command:Invoked command in '/home/user/ros2_ws/build/my_cpp_py_pkg' returned '0': CMAKE_PREFIX_PATH=${CMAKE_PREFIX_PATH}:/home/user/ros2_ws/install/robot_python:/opt/ros/iron _=/usr/bin/env /usr/bin/cmake --build /home/user/ros2_ws/build/my_cpp_py_pkg -- -j8 -l8
[1.992s] DEBUG:colcon.colcon_core.event_handler.log_command:Invoked command in '/home/user/ros2_ws/build/navigation_tb3' returned '0': CMAKE_PREFIX_PATH=${CMAKE_PREFIX_PATH}:/home/user/ros2_ws/install/robot_python:/opt/ros/iron _=/usr/bin/env /usr/bin/cmake --build /home/user/ros2_ws/build/navigation_tb3 -- -j8 -l8
[2.003s] Level 1:colcon.colcon_core.environment:create_environment_scripts_only(robot_control)
[2.006s] Level 1:colcon.colcon_core.environment:checking '/home/user/ros2_ws/install/robot_control' for CMake module files
[2.007s] DEBUG:colcon.colcon_core.event_handler.log_command:Invoked command in '/home/user/ros2_ws/build/robot_control' returned '0': CMAKE_PREFIX_PATH=${CMAKE_PREFIX_PATH}:/home/user/ros2_ws/install/robot_python:/opt/ros/iron _=/usr/bin/env /usr/bin/cmake --install /home/user/ros2_ws/build/robot_control
[2.008s] Level 1:colcon.colcon_core.environment:checking '/home/user/ros2_ws/install/robot_control' for CMake config files
[2.008s] Level 1:colcon.colcon_core.shell:create_environment_hook('robot_control', 'cmake_prefix_path')
[2.010s] INFO:colcon.colcon_core.shell:Creating environment hook '/home/user/ros2_ws/install/robot_control/share/robot_control/hook/cmake_prefix_path.ps1'
[2.012s] INFO:colcon.colcon_core.shell:Creating environment descriptor '/home/user/ros2_ws/install/robot_control/share/robot_control/hook/cmake_prefix_path.dsv'
[2.012s] INFO:colcon.colcon_core.shell:Creating environment hook '/home/user/ros2_ws/install/robot_control/share/robot_control/hook/cmake_prefix_path.sh'
[2.014s] Level 1:colcon.colcon_core.environment:checking '/home/user/ros2_ws/install/robot_control/lib'
[2.014s] Level 1:colcon.colcon_core.environment:checking '/home/user/ros2_ws/install/robot_control/bin'
[2.014s] Level 1:colcon.colcon_core.environment:checking '/home/user/ros2_ws/install/robot_control/lib/pkgconfig/robot_control.pc'
[2.015s] Level 1:colcon.colcon_core.environment:checking '/home/user/ros2_ws/install/robot_control/lib/python3.10/site-packages'
[2.015s] Level 1:colcon.colcon_core.environment:checking '/home/user/ros2_ws/install/robot_control/bin'
[2.018s] INFO:colcon.colcon_core.shell:Creating package script '/home/user/ros2_ws/install/robot_control/share/robot_control/package.ps1'
[2.019s] INFO:colcon.colcon_core.shell:Creating package descriptor '/home/user/ros2_ws/install/robot_control/share/robot_control/package.dsv'
[2.020s] INFO:colcon.colcon_core.shell:Creating package script '/home/user/ros2_ws/install/robot_control/share/robot_control/package.sh'
[2.021s] INFO:colcon.colcon_core.shell:Creating package script '/home/user/ros2_ws/install/robot_control/share/robot_control/package.bash'
[2.022s] INFO:colcon.colcon_core.shell:Creating package script '/home/user/ros2_ws/install/robot_control/share/robot_control/package.zsh'
[2.022s] Level 1:colcon.colcon_core.environment:create_file_with_runtime_dependencies(/home/user/ros2_ws/install/robot_control/share/colcon-core/packages/robot_control)
[2.027s] Level 1:colcon.colcon_core.environment:create_environment_scripts_only(robot_test)
[2.032s] Level 1:colcon.colcon_core.environment:checking '/home/user/ros2_ws/install/robot_test' for CMake module files
[2.033s] Level 1:colcon.colcon_core.environment:checking '/home/user/ros2_ws/install/robot_test' for CMake config files
[2.033s] Level 1:colcon.colcon_core.shell:create_environment_hook('robot_test', 'cmake_prefix_path')
[2.036s] INFO:colcon.colcon_core.shell:Creating environment hook '/home/user/ros2_ws/install/robot_test/share/robot_test/hook/cmake_prefix_path.ps1'
[2.084s] INFO:colcon.colcon_core.shell:Creating environment descriptor '/home/user/ros2_ws/install/robot_test/share/robot_test/hook/cmake_prefix_path.dsv'
[2.085s] INFO:colcon.colcon_core.shell:Creating environment hook '/home/user/ros2_ws/install/robot_test/share/robot_test/hook/cmake_prefix_path.sh'
[2.086s] Level 1:colcon.colcon_core.environment:checking '/home/user/ros2_ws/install/robot_test/bin'
[2.086s] Level 1:colcon.colcon_core.environment:checking '/home/user/ros2_ws/install/robot_test/lib/pkgconfig/robot_test.pc'
[2.086s] Level 1:colcon.colcon_core.environment:checking '/home/user/ros2_ws/install/robot_test/lib/python3.10/site-packages'
[2.086s] Level 1:colcon.colcon_core.environment:checking '/home/user/ros2_ws/install/robot_test/bin'
[2.089s] INFO:colcon.colcon_core.shell:Creating package script '/home/user/ros2_ws/install/robot_test/share/robot_test/package.ps1'
[2.089s] INFO:colcon.colcon_core.shell:Creating package descriptor '/home/user/ros2_ws/install/robot_test/share/robot_test/package.dsv'
[2.090s] INFO:colcon.colcon_core.shell:Creating package script '/home/user/ros2_ws/install/robot_test/share/robot_test/package.sh'
[2.091s] INFO:colcon.colcon_core.shell:Creating package script '/home/user/ros2_ws/install/robot_test/share/robot_test/package.bash'
[2.091s] INFO:colcon.colcon_core.shell:Creating package script '/home/user/ros2_ws/install/robot_test/share/robot_test/package.zsh'
[2.092s] Level 1:colcon.colcon_core.environment:create_file_with_runtime_dependencies(/home/user/ros2_ws/install/robot_test/share/colcon-core/packages/robot_test)
[2.095s] DEBUG:colcon.colcon_core.event_handler.log_command:Invoked command in '/home/user/ros2_ws/build/turtlebot3_gazebo' returned '0': CMAKE_PREFIX_PATH=${CMAKE_PREFIX_PATH}:/home/user/ros2_ws/install/robot_python:/opt/ros/iron _=/usr/bin/env /usr/bin/cmake --build /home/user/ros2_ws/build/turtlebot3_gazebo -- -j8 -l8
[2.184s] DEBUG:colcon.colcon_core.event_handler.log_command:Invoking command in '/home/user/ros2_ws/build/my_cpp_py_pkg': CMAKE_PREFIX_PATH=${CMAKE_PREFIX_PATH}:/home/user/ros2_ws/install/robot_python:/opt/ros/iron _=/usr/bin/env /usr/bin/cmake --install /home/user/ros2_ws/build/my_cpp_py_pkg
[2.186s] DEBUG:colcon.colcon_core.event_handler.log_command:Invoking command in '/home/user/ros2_ws/build/navigation_tb3': CMAKE_PREFIX_PATH=${CMAKE_PREFIX_PATH}:/home/user/ros2_ws/install/robot_python:/opt/ros/iron _=/usr/bin/env /usr/bin/cmake --install /home/user/ros2_ws/build/navigation_tb3
[2.193s] Level 1:colcon.colcon_core.environment:create_environment_scripts_only(robot_control)
[2.196s] Level 1:colcon.colcon_core.environment:checking '/home/user/ros2_ws/install/robot_control' for CMake module files
[2.200s] Level 1:colcon.colcon_core.environment:checking '/home/user/ros2_ws/install/robot_control' for CMake config files
[2.205s] Level 1:colcon.colcon_core.shell:create_environment_hook('robot_control', 'cmake_prefix_path')
[2.208s] INFO:colcon.colcon_core.shell:Creating environment hook '/home/user/ros2_ws/install/robot_control/share/robot_control/hook/cmake_prefix_path.ps1'
[2.209s] INFO:colcon.colcon_core.shell:Creating environment descriptor '/home/user/ros2_ws/install/robot_control/share/robot_control/hook/cmake_prefix_path.dsv'
[2.209s] INFO:colcon.colcon_core.shell:Creating environment hook '/home/user/ros2_ws/install/robot_control/share/robot_control/hook/cmake_prefix_path.sh'
[2.210s] Level 1:colcon.colcon_core.environment:checking '/home/user/ros2_ws/install/robot_control/lib'
[2.210s] Level 1:colcon.colcon_core.environment:checking '/home/user/ros2_ws/install/robot_control/bin'
[2.210s] Level 1:colcon.colcon_core.environment:checking '/home/user/ros2_ws/install/robot_control/lib/pkgconfig/robot_control.pc'
[2.211s] Level 1:colcon.colcon_core.environment:checking '/home/user/ros2_ws/install/robot_control/lib/python3.10/site-packages'
[2.211s] Level 1:colcon.colcon_core.environment:checking '/home/user/ros2_ws/install/robot_control/bin'
[2.214s] INFO:colcon.colcon_core.shell:Creating package script '/home/user/ros2_ws/install/robot_control/share/robot_control/package.ps1'
[2.215s] INFO:colcon.colcon_core.shell:Creating package descriptor '/home/user/ros2_ws/install/robot_control/share/robot_control/package.dsv'
[2.215s] INFO:colcon.colcon_core.shell:Creating package script '/home/user/ros2_ws/install/robot_control/share/robot_control/package.sh'
[2.216s] INFO:colcon.colcon_core.shell:Creating package script '/home/user/ros2_ws/install/robot_control/share/robot_control/package.bash'
[2.217s] INFO:colcon.colcon_core.shell:Creating package script '/home/user/ros2_ws/install/robot_control/share/robot_control/package.zsh'
[2.217s] Level 1:colcon.colcon_core.environment:create_file_with_runtime_dependencies(/home/user/ros2_ws/install/robot_control/share/colcon-core/packages/robot_control)
[2.291s] DEBUG:colcon.colcon_core.event_handler.log_command:Invoking command in '/home/user/ros2_ws/build/turtlebot3_gazebo': CMAKE_PREFIX_PATH=${CMAKE_PREFIX_PATH}:/home/user/ros2_ws/install/robot_python:/opt/ros/iron _=/usr/bin/env /usr/bin/cmake --install /home/user/ros2_ws/build/turtlebot3_gazebo
[2.306s] Level 1:colcon.colcon_core.environment:create_environment_scripts_only(my_cpp_py_pkg)
[2.310s] Level 1:colcon.colcon_core.environment:checking '/home/user/ros2_ws/install/my_cpp_py_pkg' for CMake module files
[2.317s] Level 1:colcon.colcon_core.environment:checking '/home/user/ros2_ws/install/my_cpp_py_pkg' for CMake config files
[2.318s] Level 1:colcon.colcon_core.shell:create_environment_hook('my_cpp_py_pkg', 'cmake_prefix_path')
[2.320s] INFO:colcon.colcon_core.shell:Creating environment hook '/home/user/ros2_ws/install/my_cpp_py_pkg/share/my_cpp_py_pkg/hook/cmake_prefix_path.ps1'
[2.322s] INFO:colcon.colcon_core.shell:Creating environment descriptor '/home/user/ros2_ws/install/my_cpp_py_pkg/share/my_cpp_py_pkg/hook/cmake_prefix_path.dsv'
[2.322s] INFO:colcon.colcon_core.shell:Creating environment hook '/home/user/ros2_ws/install/my_cpp_py_pkg/share/my_cpp_py_pkg/hook/cmake_prefix_path.sh'
[2.324s] Level 1:colcon.colcon_core.environment:checking '/home/user/ros2_ws/install/my_cpp_py_pkg/lib'
[2.324s] Level 1:colcon.colcon_core.environment:checking '/home/user/ros2_ws/install/my_cpp_py_pkg/bin'
[2.324s] Level 1:colcon.colcon_core.environment:checking '/home/user/ros2_ws/install/my_cpp_py_pkg/lib/pkgconfig/my_cpp_py_pkg.pc'
[2.325s] Level 1:colcon.colcon_core.environment:checking '/home/user/ros2_ws/install/my_cpp_py_pkg/lib/python3.10/site-packages'
[2.325s] Level 1:colcon.colcon_core.shell:create_environment_hook('my_cpp_py_pkg', 'pythonpath')
[2.327s] INFO:colcon.colcon_core.shell:Creating environment hook '/home/user/ros2_ws/install/my_cpp_py_pkg/share/my_cpp_py_pkg/hook/pythonpath.ps1'
[2.328s] INFO:colcon.colcon_core.shell:Creating environment descriptor '/home/user/ros2_ws/install/my_cpp_py_pkg/share/my_cpp_py_pkg/hook/pythonpath.dsv'
[2.333s] INFO:colcon.colcon_core.shell:Creating environment hook '/home/user/ros2_ws/install/my_cpp_py_pkg/share/my_cpp_py_pkg/hook/pythonpath.sh'
[2.333s] DEBUG:colcon.colcon_core.event_handler.log_command:Invoked command in '/home/user/ros2_ws/build/my_cpp_py_pkg' returned '0': CMAKE_PREFIX_PATH=${CMAKE_PREFIX_PATH}:/home/user/ros2_ws/install/robot_python:/opt/ros/iron _=/usr/bin/env /usr/bin/cmake --install /home/user/ros2_ws/build/my_cpp_py_pkg
[2.334s] Level 1:colcon.colcon_core.environment:checking '/home/user/ros2_ws/install/my_cpp_py_pkg/bin'
[2.336s] INFO:colcon.colcon_core.shell:Creating package script '/home/user/ros2_ws/install/my_cpp_py_pkg/share/my_cpp_py_pkg/package.ps1'
[2.338s] INFO:colcon.colcon_core.shell:Creating package descriptor '/home/user/ros2_ws/install/my_cpp_py_pkg/share/my_cpp_py_pkg/package.dsv'
[2.339s] INFO:colcon.colcon_core.shell:Creating package script '/home/user/ros2_ws/install/my_cpp_py_pkg/share/my_cpp_py_pkg/package.sh'
[2.341s] INFO:colcon.colcon_core.shell:Creating package script '/home/user/ros2_ws/install/my_cpp_py_pkg/share/my_cpp_py_pkg/package.bash'
[2.343s] INFO:colcon.colcon_core.shell:Creating package script '/home/user/ros2_ws/install/my_cpp_py_pkg/share/my_cpp_py_pkg/package.zsh'
[2.344s] Level 1:colcon.colcon_core.environment:create_file_with_runtime_dependencies(/home/user/ros2_ws/install/my_cpp_py_pkg/share/colcon-core/packages/my_cpp_py_pkg)
[2.347s] Level 1:colcon.colcon_core.environment:create_environment_scripts_only(navigation_tb3)
[2.350s] Level 1:colcon.colcon_core.environment:checking '/home/user/ros2_ws/install/navigation_tb3' for CMake module files
[2.385s] Level 1:colcon.colcon_core.environment:checking '/home/user/ros2_ws/install/navigation_tb3' for CMake config files
[2.386s] Level 1:colcon.colcon_core.shell:create_environment_hook('navigation_tb3', 'cmake_prefix_path')
[2.389s] INFO:colcon.colcon_core.shell:Creating environment hook '/home/user/ros2_ws/install/navigation_tb3/share/navigation_tb3/hook/cmake_prefix_path.ps1'
[2.390s] INFO:colcon.colcon_core.shell:Creating environment descriptor '/home/user/ros2_ws/install/navigation_tb3/share/navigation_tb3/hook/cmake_prefix_path.dsv'
[2.390s] INFO:colcon.colcon_core.shell:Creating environment hook '/home/user/ros2_ws/install/navigation_tb3/share/navigation_tb3/hook/cmake_prefix_path.sh'
[2.391s] Level 1:colcon.colcon_core.environment:checking '/home/user/ros2_ws/install/navigation_tb3/lib'
[2.391s] Level 1:colcon.colcon_core.environment:checking '/home/user/ros2_ws/install/navigation_tb3/bin'
[2.391s] Level 1:colcon.colcon_core.environment:checking '/home/user/ros2_ws/install/navigation_tb3/lib/pkgconfig/navigation_tb3.pc'
[2.392s] Level 1:colcon.colcon_core.environment:checking '/home/user/ros2_ws/install/navigation_tb3/lib/python3.10/site-packages'
[2.392s] Level 1:colcon.colcon_core.shell:create_environment_hook('navigation_tb3', 'pythonpath')
[2.395s] INFO:colcon.colcon_core.shell:Creating environment hook '/home/user/ros2_ws/install/navigation_tb3/share/navigation_tb3/hook/pythonpath.ps1'
[2.395s] INFO:colcon.colcon_core.shell:Creating environment descriptor '/home/user/ros2_ws/install/navigation_tb3/share/navigation_tb3/hook/pythonpath.dsv'
[2.396s] INFO:colcon.colcon_core.shell:Creating environment hook '/home/user/ros2_ws/install/navigation_tb3/share/navigation_tb3/hook/pythonpath.sh'
[2.397s] Level 1:colcon.colcon_core.environment:checking '/home/user/ros2_ws/install/navigation_tb3/bin'
[2.400s] INFO:colcon.colcon_core.shell:Creating package script '/home/user/ros2_ws/install/navigation_tb3/share/navigation_tb3/package.ps1'
[2.401s] INFO:colcon.colcon_core.shell:Creating package descriptor '/home/user/ros2_ws/install/navigation_tb3/share/navigation_tb3/package.dsv'
[2.401s] INFO:colcon.colcon_core.shell:Creating package script '/home/user/ros2_ws/install/navigation_tb3/share/navigation_tb3/package.sh'
[2.402s] INFO:colcon.colcon_core.shell:Creating package script '/home/user/ros2_ws/install/navigation_tb3/share/navigation_tb3/package.bash'
[2.403s] INFO:colcon.colcon_core.shell:Creating package script '/home/user/ros2_ws/install/navigation_tb3/share/navigation_tb3/package.zsh'
[2.403s] Level 1:colcon.colcon_core.environment:create_file_with_runtime_dependencies(/home/user/ros2_ws/install/navigation_tb3/share/colcon-core/packages/navigation_tb3)
[2.407s] DEBUG:colcon.colcon_core.event_handler.log_command:Invoked command in '/home/user/ros2_ws/build/navigation_tb3' returned '0': CMAKE_PREFIX_PATH=${CMAKE_PREFIX_PATH}:/home/user/ros2_ws/install/robot_python:/opt/ros/iron _=/usr/bin/env /usr/bin/cmake --install /home/user/ros2_ws/build/navigation_tb3
[2.408s] Level 1:colcon.colcon_core.environment:create_environment_scripts_only(turtlebot3_gazebo)
[2.411s] Level 1:colcon.colcon_core.environment:checking '/home/user/ros2_ws/install/turtlebot3_gazebo' for CMake module files
[2.412s] DEBUG:colcon.colcon_core.event_handler.log_command:Invoked command in '/home/user/ros2_ws/build/turtlebot3_gazebo' returned '0': CMAKE_PREFIX_PATH=${CMAKE_PREFIX_PATH}:/home/user/ros2_ws/install/robot_python:/opt/ros/iron _=/usr/bin/env /usr/bin/cmake --install /home/user/ros2_ws/build/turtlebot3_gazebo
[2.413s] Level 1:colcon.colcon_core.environment:checking '/home/user/ros2_ws/install/turtlebot3_gazebo' for CMake config files
[2.414s] Level 1:colcon.colcon_core.shell:create_environment_hook('turtlebot3_gazebo', 'cmake_prefix_path')
[2.416s] INFO:colcon.colcon_core.shell:Creating environment hook '/home/user/ros2_ws/install/turtlebot3_gazebo/share/turtlebot3_gazebo/hook/cmake_prefix_path.ps1'
[2.416s] INFO:colcon.colcon_core.shell:Creating environment descriptor '/home/user/ros2_ws/install/turtlebot3_gazebo/share/turtlebot3_gazebo/hook/cmake_prefix_path.dsv'
[2.417s] INFO:colcon.colcon_core.shell:Creating environment hook '/home/user/ros2_ws/install/turtlebot3_gazebo/share/turtlebot3_gazebo/hook/cmake_prefix_path.sh'
[2.417s] Level 1:colcon.colcon_core.environment:checking '/home/user/ros2_ws/install/turtlebot3_gazebo/lib'
[2.418s] Level 1:colcon.colcon_core.environment:checking '/home/user/ros2_ws/install/turtlebot3_gazebo/bin'
[2.418s] Level 1:colcon.colcon_core.environment:checking '/home/user/ros2_ws/install/turtlebot3_gazebo/lib/pkgconfig/turtlebot3_gazebo.pc'
[2.418s] Level 1:colcon.colcon_core.environment:checking '/home/user/ros2_ws/install/turtlebot3_gazebo/lib/python3.10/site-packages'
[2.419s] Level 1:colcon.colcon_core.environment:checking '/home/user/ros2_ws/install/turtlebot3_gazebo/bin'
[2.421s] INFO:colcon.colcon_core.shell:Creating package script '/home/user/ros2_ws/install/turtlebot3_gazebo/share/turtlebot3_gazebo/package.ps1'
[2.422s] INFO:colcon.colcon_core.shell:Creating package descriptor '/home/user/ros2_ws/install/turtlebot3_gazebo/share/turtlebot3_gazebo/package.dsv'
[2.422s] INFO:colcon.colcon_core.shell:Creating package script '/home/user/ros2_ws/install/turtlebot3_gazebo/share/turtlebot3_gazebo/package.sh'
[2.423s] INFO:colcon.colcon_core.shell:Creating package script '/home/user/ros2_ws/install/turtlebot3_gazebo/share/turtlebot3_gazebo/package.bash'
[2.423s] INFO:colcon.colcon_core.shell:Creating package script '/home/user/ros2_ws/install/turtlebot3_gazebo/share/turtlebot3_gazebo/package.zsh'
[2.424s] Level 1:colcon.colcon_core.environment:create_file_with_runtime_dependencies(/home/user/ros2_ws/install/turtlebot3_gazebo/share/colcon-core/packages/turtlebot3_gazebo)
[2.484s] Level 1:colcon.colcon_core.environment:create_environment_scripts_only(my_cpp_py_pkg)
[2.487s] Level 1:colcon.colcon_core.environment:checking '/home/user/ros2_ws/install/my_cpp_py_pkg' for CMake module files
[2.488s] Level 1:colcon.colcon_core.environment:checking '/home/user/ros2_ws/install/my_cpp_py_pkg' for CMake config files
[2.489s] Level 1:colcon.colcon_core.shell:create_environment_hook('my_cpp_py_pkg', 'cmake_prefix_path')
[2.491s] INFO:colcon.colcon_core.shell:Creating environment hook '/home/user/ros2_ws/install/my_cpp_py_pkg/share/my_cpp_py_pkg/hook/cmake_prefix_path.ps1'
[2.491s] INFO:colcon.colcon_core.shell:Creating environment descriptor '/home/user/ros2_ws/install/my_cpp_py_pkg/share/my_cpp_py_pkg/hook/cmake_prefix_path.dsv'
[2.492s] INFO:colcon.colcon_core.shell:Creating environment hook '/home/user/ros2_ws/install/my_cpp_py_pkg/share/my_cpp_py_pkg/hook/cmake_prefix_path.sh'
[2.492s] Level 1:colcon.colcon_core.environment:checking '/home/user/ros2_ws/install/my_cpp_py_pkg/lib'
[2.493s] Level 1:colcon.colcon_core.environment:checking '/home/user/ros2_ws/install/my_cpp_py_pkg/bin'
[2.493s] Level 1:colcon.colcon_core.environment:checking '/home/user/ros2_ws/install/my_cpp_py_pkg/lib/pkgconfig/my_cpp_py_pkg.pc'
[2.493s] Level 1:colcon.colcon_core.environment:checking '/home/user/ros2_ws/install/my_cpp_py_pkg/lib/python3.10/site-packages'
[2.493s] Level 1:colcon.colcon_core.shell:create_environment_hook('my_cpp_py_pkg', 'pythonpath')
[2.495s] INFO:colcon.colcon_core.shell:Creating environment hook '/home/user/ros2_ws/install/my_cpp_py_pkg/share/my_cpp_py_pkg/hook/pythonpath.ps1'
[2.495s] INFO:colcon.colcon_core.shell:Creating environment descriptor '/home/user/ros2_ws/install/my_cpp_py_pkg/share/my_cpp_py_pkg/hook/pythonpath.dsv'
[2.496s] INFO:colcon.colcon_core.shell:Creating environment hook '/home/user/ros2_ws/install/my_cpp_py_pkg/share/my_cpp_py_pkg/hook/pythonpath.sh'
[2.497s] Level 1:colcon.colcon_core.environment:checking '/home/user/ros2_ws/install/my_cpp_py_pkg/bin'
[2.499s] INFO:colcon.colcon_core.shell:Creating package script '/home/user/ros2_ws/install/my_cpp_py_pkg/share/my_cpp_py_pkg/package.ps1'
[2.500s] INFO:colcon.colcon_core.shell:Creating package descriptor '/home/user/ros2_ws/install/my_cpp_py_pkg/share/my_cpp_py_pkg/package.dsv'
[2.500s] INFO:colcon.colcon_core.shell:Creating package script '/home/user/ros2_ws/install/my_cpp_py_pkg/share/my_cpp_py_pkg/package.sh'
[2.501s] INFO:colcon.colcon_core.shell:Creating package script '/home/user/ros2_ws/install/my_cpp_py_pkg/share/my_cpp_py_pkg/package.bash'
[2.502s] INFO:colcon.colcon_core.shell:Creating package script '/home/user/ros2_ws/install/my_cpp_py_pkg/share/my_cpp_py_pkg/package.zsh'
[2.502s] Level 1:colcon.colcon_core.environment:create_file_with_runtime_dependencies(/home/user/ros2_ws/install/my_cpp_py_pkg/share/colcon-core/packages/my_cpp_py_pkg)
[2.512s] Level 1:colcon.colcon_core.environment:create_environment_scripts_only(navigation_tb3)
[2.515s] Level 1:colcon.colcon_core.environment:checking '/home/user/ros2_ws/install/navigation_tb3' for CMake module files
[2.516s] Level 1:colcon.colcon_core.environment:checking '/home/user/ros2_ws/install/navigation_tb3' for CMake config files
[2.517s] Level 1:colcon.colcon_core.shell:create_environment_hook('navigation_tb3', 'cmake_prefix_path')
[2.519s] INFO:colcon.colcon_core.shell:Creating environment hook '/home/user/ros2_ws/install/navigation_tb3/share/navigation_tb3/hook/cmake_prefix_path.ps1'
[2.519s] INFO:colcon.colcon_core.shell:Creating environment descriptor '/home/user/ros2_ws/install/navigation_tb3/share/navigation_tb3/hook/cmake_prefix_path.dsv'
[2.520s] INFO:colcon.colcon_core.shell:Creating environment hook '/home/user/ros2_ws/install/navigation_tb3/share/navigation_tb3/hook/cmake_prefix_path.sh'
[2.521s] Level 1:colcon.colcon_core.environment:checking '/home/user/ros2_ws/install/navigation_tb3/lib'
[2.521s] Level 1:colcon.colcon_core.environment:checking '/home/user/ros2_ws/install/navigation_tb3/bin'
[2.521s] Level 1:colcon.colcon_core.environment:checking '/home/user/ros2_ws/install/navigation_tb3/lib/pkgconfig/navigation_tb3.pc'
[2.521s] Level 1:colcon.colcon_core.environment:checking '/home/user/ros2_ws/install/navigation_tb3/lib/python3.10/site-packages'
[2.521s] Level 1:colcon.colcon_core.shell:create_environment_hook('navigation_tb3', 'pythonpath')
[2.523s] INFO:colcon.colcon_core.shell:Creating environment hook '/home/user/ros2_ws/install/navigation_tb3/share/navigation_tb3/hook/pythonpath.ps1'
[2.524s] INFO:colcon.colcon_core.shell:Creating environment descriptor '/home/user/ros2_ws/install/navigation_tb3/share/navigation_tb3/hook/pythonpath.dsv'
[2.524s] INFO:colcon.colcon_core.shell:Creating environment hook '/home/user/ros2_ws/install/navigation_tb3/share/navigation_tb3/hook/pythonpath.sh'
[2.525s] Level 1:colcon.colcon_core.environment:checking '/home/user/ros2_ws/install/navigation_tb3/bin'
[2.527s] INFO:colcon.colcon_core.shell:Creating package script '/home/user/ros2_ws/install/navigation_tb3/share/navigation_tb3/package.ps1'
[2.528s] INFO:colcon.colcon_core.shell:Creating package descriptor '/home/user/ros2_ws/install/navigation_tb3/share/navigation_tb3/package.dsv'
[2.529s] INFO:colcon.colcon_core.shell:Creating package script '/home/user/ros2_ws/install/navigation_tb3/share/navigation_tb3/package.sh'
[2.529s] INFO:colcon.colcon_core.shell:Creating package script '/home/user/ros2_ws/install/navigation_tb3/share/navigation_tb3/package.bash'
[2.530s] INFO:colcon.colcon_core.shell:Creating package script '/home/user/ros2_ws/install/navigation_tb3/share/navigation_tb3/package.zsh'
[2.530s] Level 1:colcon.colcon_core.environment:create_file_with_runtime_dependencies(/home/user/ros2_ws/install/navigation_tb3/share/colcon-core/packages/navigation_tb3)
[2.537s] Level 1:colcon.colcon_core.environment:create_environment_scripts_only(turtlebot3_gazebo)
[2.540s] Level 1:colcon.colcon_core.environment:checking '/home/user/ros2_ws/install/turtlebot3_gazebo' for CMake module files
[2.541s] Level 1:colcon.colcon_core.environment:checking '/home/user/ros2_ws/install/turtlebot3_gazebo' for CMake config files
[2.542s] Level 1:colcon.colcon_core.shell:create_environment_hook('turtlebot3_gazebo', 'cmake_prefix_path')
[2.544s] INFO:colcon.colcon_core.shell:Creating environment hook '/home/user/ros2_ws/install/turtlebot3_gazebo/share/turtlebot3_gazebo/hook/cmake_prefix_path.ps1'
[2.544s] INFO:colcon.colcon_core.shell:Creating environment descriptor '/home/user/ros2_ws/install/turtlebot3_gazebo/share/turtlebot3_gazebo/hook/cmake_prefix_path.dsv'
[2.545s] INFO:colcon.colcon_core.shell:Creating environment hook '/home/user/ros2_ws/install/turtlebot3_gazebo/share/turtlebot3_gazebo/hook/cmake_prefix_path.sh'
[2.546s] Level 1:colcon.colcon_core.environment:checking '/home/user/ros2_ws/install/turtlebot3_gazebo/lib'
[2.546s] Level 1:colcon.colcon_core.environment:checking '/home/user/ros2_ws/install/turtlebot3_gazebo/bin'
[2.546s] Level 1:colcon.colcon_core.environment:checking '/home/user/ros2_ws/install/turtlebot3_gazebo/lib/pkgconfig/turtlebot3_gazebo.pc'
[2.546s] Level 1:colcon.colcon_core.environment:checking '/home/user/ros2_ws/install/turtlebot3_gazebo/lib/python3.10/site-packages'
[2.547s] Level 1:colcon.colcon_core.environment:checking '/home/user/ros2_ws/install/turtlebot3_gazebo/bin'
[2.549s] INFO:colcon.colcon_core.shell:Creating package script '/home/user/ros2_ws/install/turtlebot3_gazebo/share/turtlebot3_gazebo/package.ps1'
[2.549s] INFO:colcon.colcon_core.shell:Creating package descriptor '/home/user/ros2_ws/install/turtlebot3_gazebo/share/turtlebot3_gazebo/package.dsv'
[2.550s] INFO:colcon.colcon_core.shell:Creating package script '/home/user/ros2_ws/install/turtlebot3_gazebo/share/turtlebot3_gazebo/package.sh'
[2.551s] INFO:colcon.colcon_core.shell:Creating package script '/home/user/ros2_ws/install/turtlebot3_gazebo/share/turtlebot3_gazebo/package.bash'
[2.551s] INFO:colcon.colcon_core.shell:Creating package script '/home/user/ros2_ws/install/turtlebot3_gazebo/share/turtlebot3_gazebo/package.zsh'
[2.552s] Level 1:colcon.colcon_core.environment:create_file_with_runtime_dependencies(/home/user/ros2_ws/install/turtlebot3_gazebo/share/colcon-core/packages/turtlebot3_gazebo)
[2.899s] DEBUG:colcon.colcon_core.event_handler.log_command:Invoking command in '/home/user/ros2_ws/src/robot_python': PYTHONPATH=/home/user/ros2_ws/build/robot_python/prefix_override:/home/user/ros2_ws/install/robot_python/lib/python3.10/site-packages:${PYTHONPATH} _=/usr/bin/env /usr/bin/python3 setup.py egg_info --egg-base ../../build/robot_python build --build-base /home/user/ros2_ws/build/robot_python/build install --record /home/user/ros2_ws/build/robot_python/install.log --single-version-externally-managed
[3.432s] Level 1:colcon.colcon_core.environment:checking '/home/user/ros2_ws/install/robot_python' for CMake module files
[3.433s] DEBUG:colcon.colcon_core.event_handler.log_command:Invoked command in '/home/user/ros2_ws/src/robot_python' returned '0': PYTHONPATH=/home/user/ros2_ws/build/robot_python/prefix_override:/home/user/ros2_ws/install/robot_python/lib/python3.10/site-packages:${PYTHONPATH} _=/usr/bin/env /usr/bin/python3 setup.py egg_info --egg-base ../../build/robot_python build --build-base /home/user/ros2_ws/build/robot_python/build install --record /home/user/ros2_ws/build/robot_python/install.log --single-version-externally-managed
[3.434s] Level 1:colcon.colcon_core.environment:checking '/home/user/ros2_ws/install/robot_python' for CMake config files
[3.434s] Level 1:colcon.colcon_core.environment:checking '/home/user/ros2_ws/install/robot_python/lib'
[3.435s] Level 1:colcon.colcon_core.environment:checking '/home/user/ros2_ws/install/robot_python/bin'
[3.435s] Level 1:colcon.colcon_core.environment:checking '/home/user/ros2_ws/install/robot_python/lib/pkgconfig/robot_python.pc'
[3.435s] Level 1:colcon.colcon_core.environment:checking '/home/user/ros2_ws/install/robot_python/lib/python3.10/site-packages'
[3.435s] Level 1:colcon.colcon_core.shell:create_environment_hook('robot_python', 'pythonpath')
[3.437s] INFO:colcon.colcon_core.shell:Creating environment hook '/home/user/ros2_ws/install/robot_python/share/robot_python/hook/pythonpath.ps1'
[3.438s] INFO:colcon.colcon_core.shell:Creating environment descriptor '/home/user/ros2_ws/install/robot_python/share/robot_python/hook/pythonpath.dsv'
[3.438s] INFO:colcon.colcon_core.shell:Creating environment hook '/home/user/ros2_ws/install/robot_python/share/robot_python/hook/pythonpath.sh'
[3.439s] Level 1:colcon.colcon_core.environment:checking '/home/user/ros2_ws/install/robot_python/bin'
[3.439s] Level 1:colcon.colcon_core.environment:create_environment_scripts_only(robot_python)
[3.441s] INFO:colcon.colcon_core.shell:Creating package script '/home/user/ros2_ws/install/robot_python/share/robot_python/package.ps1'
[3.442s] INFO:colcon.colcon_core.shell:Creating package descriptor '/home/user/ros2_ws/install/robot_python/share/robot_python/package.dsv'
[3.442s] INFO:colcon.colcon_core.shell:Creating package script '/home/user/ros2_ws/install/robot_python/share/robot_python/package.sh'
[3.443s] INFO:colcon.colcon_core.shell:Creating package script '/home/user/ros2_ws/install/robot_python/share/robot_python/package.bash'
[3.443s] INFO:colcon.colcon_core.shell:Creating package script '/home/user/ros2_ws/install/robot_python/share/robot_python/package.zsh'
[3.444s] Level 1:colcon.colcon_core.environment:create_file_with_runtime_dependencies(/home/user/ros2_ws/install/robot_python/share/colcon-core/packages/robot_python)
[3.444s] DEBUG:colcon.colcon_parallel_executor.executor.parallel:closing loop
[3.445s] DEBUG:colcon.colcon_parallel_executor.executor.parallel:loop closed
[3.445s] DEBUG:colcon.colcon_parallel_executor.executor.parallel:run_until_complete finished with '0'
[3.445s] DEBUG:colcon.colcon_core.event_reactor:joining thread
[3.454s] INFO:colcon.colcon_core.plugin_system:Skipping extension 'colcon_notification.desktop_notification.notify_send': Could not find 'notify-send'
[3.454s] INFO:colcon.colcon_core.plugin_system:Skipping extension 'colcon_notification.desktop_notification.terminal_notifier': Not used on non-Darwin systems
[3.454s] INFO:colcon.colcon_core.plugin_system:Skipping extension 'colcon_notification.desktop_notification.win32': Not used on non-Windows systems
[3.454s] INFO:colcon.colcon_notification.desktop_notification:Sending desktop notification using 'notify2'
[3.456s] DEBUG:colcon.colcon_notification.desktop_notification.notify2:Failed to initialize notify2: org.freedesktop.DBus.Error.Spawn.ExecFailed: /usr/bin/dbus-launch terminated abnormally without any error message
[3.456s] DEBUG:colcon.colcon_core.event_reactor:joined thread
[3.459s] INFO:colcon.colcon_core.shell:Creating prefix script '/home/user/ros2_ws/install/local_setup.ps1'
[3.460s] INFO:colcon.colcon_core.shell:Creating prefix util module '/home/user/ros2_ws/install/_local_setup_util_ps1.py'
[3.462s] INFO:colcon.colcon_core.shell:Creating prefix chain script '/home/user/ros2_ws/install/setup.ps1'
[3.464s] INFO:colcon.colcon_core.shell:Creating prefix script '/home/user/ros2_ws/install/local_setup.sh'
[3.465s] INFO:colcon.colcon_core.shell:Creating prefix util module '/home/user/ros2_ws/install/_local_setup_util_sh.py'
[3.465s] INFO:colcon.colcon_core.shell:Creating prefix chain script '/home/user/ros2_ws/install/setup.sh'
[3.467s] INFO:colcon.colcon_core.shell:Creating prefix script '/home/user/ros2_ws/install/local_setup.bash'
[3.468s] INFO:colcon.colcon_core.shell:Creating prefix chain script '/home/user/ros2_ws/install/setup.bash'
[3.470s] INFO:colcon.colcon_core.shell:Creating prefix script '/home/user/ros2_ws/install/local_setup.zsh'
[3.471s] INFO:colcon.colcon_core.shell:Creating prefix chain script '/home/user/ros2_ws/install/setup.zsh'
