[ 50%] Built target listener
[100%] Built target publisher_member_function.cpp
-- Install configuration: ""
-- Up-to-date: /home/user/ros2_ws/install/robot_control/lib/robot_control/publisher_member_function.cpp
-- Up-to-date: /home/user/ros2_ws/install/robot_control/lib/robot_control/listener
-- Up-to-date: /home/user/ros2_ws/install/robot_control/share/ament_index/resource_index/package_run_dependencies/robot_control
-- Up-to-date: /home/user/ros2_ws/install/robot_control/share/ament_index/resource_index/parent_prefix_path/robot_control
-- Up-to-date: /home/user/ros2_ws/install/robot_control/share/robot_control/environment/ament_prefix_path.sh
-- Up-to-date: /home/user/ros2_ws/install/robot_control/share/robot_control/environment/ament_prefix_path.dsv
-- Up-to-date: /home/user/ros2_ws/install/robot_control/share/robot_control/environment/path.sh
-- Up-to-date: /home/user/ros2_ws/install/robot_control/share/robot_control/environment/path.dsv
-- Up-to-date: /home/user/ros2_ws/install/robot_control/share/robot_control/local_setup.bash
-- Up-to-date: /home/user/ros2_ws/install/robot_control/share/robot_control/local_setup.sh
-- Up-to-date: /home/user/ros2_ws/install/robot_control/share/robot_control/local_setup.zsh
-- Up-to-date: /home/user/ros2_ws/install/robot_control/share/robot_control/local_setup.dsv
-- Installing: /home/user/ros2_ws/install/robot_control/share/robot_control/package.dsv
-- Up-to-date: /home/user/ros2_ws/install/robot_control/share/ament_index/resource_index/packages/robot_control
-- Up-to-date: /home/user/ros2_ws/install/robot_control/share/robot_control/cmake/robot_controlConfig.cmake
-- Up-to-date: /home/user/ros2_ws/install/robot_control/share/robot_control/cmake/robot_controlConfig-version.cmake
-- Up-to-date: /home/user/ros2_ws/install/robot_control/share/robot_control/package.xml
