[0.123s] Invoking command in '/home/user/ros2_ws/build/my_cpp_py_pkg': CMAKE_PREFIX_PATH=${CMAKE_PREFIX_PATH}:/home/user/ros2_ws/install/robot_test:/home/user/ros2_ws/install/robot_python:/home/user/ros2_ws/install/my_cpp_py_pkg:/opt/ros/iron _=/usr/bin/env /usr/bin/cmake --build /home/user/ros2_ws/build/my_cpp_py_pkg -- -j8 -l8
[4.379s] [  0%] Built target ament_cmake_python_copy_my_cpp_py_pkg
[5.074s] running egg_info
[5.075s] writing my_cpp_py_pkg.egg-info/PKG-INFO
[5.075s] writing dependency_links to my_cpp_py_pkg.egg-info/dependency_links.txt
[5.083s] writing top-level names to my_cpp_py_pkg.egg-info/top_level.txt
[5.088s] reading manifest file 'my_cpp_py_pkg.egg-info/SOURCES.txt'
[5.089s] writing manifest file 'my_cpp_py_pkg.egg-info/SOURCES.txt'
[5.122s] [  0%] Built target ament_cmake_python_build_my_cpp_py_pkg_egg
[5.305s] [100%] Built target cpp_exe
[5.322s] Invoked command in '/home/user/ros2_ws/build/my_cpp_py_pkg' returned '0': CMAKE_PREFIX_PATH=${CMAKE_PREFIX_PATH}:/home/user/ros2_ws/install/robot_test:/home/user/ros2_ws/install/robot_python:/home/user/ros2_ws/install/my_cpp_py_pkg:/opt/ros/iron _=/usr/bin/env /usr/bin/cmake --build /home/user/ros2_ws/build/my_cpp_py_pkg -- -j8 -l8
[5.392s] Invoking command in '/home/user/ros2_ws/build/my_cpp_py_pkg': CMAKE_PREFIX_PATH=${CMAKE_PREFIX_PATH}:/home/user/ros2_ws/install/robot_test:/home/user/ros2_ws/install/robot_python:/home/user/ros2_ws/install/my_cpp_py_pkg:/opt/ros/iron _=/usr/bin/env /usr/bin/cmake --install /home/user/ros2_ws/build/my_cpp_py_pkg
[5.403s] -- Install configuration: ""
[5.406s] -- Up-to-date: /home/user/ros2_ws/install/my_cpp_py_pkg/lib/my_cpp_py_pkg/cpp_exe
[5.406s] -- Up-to-date: /home/user/ros2_ws/install/my_cpp_py_pkg/share/my_cpp_py_pkg/environment/pythonpath.sh
[5.407s] -- Up-to-date: /home/user/ros2_ws/install/my_cpp_py_pkg/share/my_cpp_py_pkg/environment/pythonpath.dsv
[5.407s] -- Up-to-date: /home/user/ros2_ws/install/my_cpp_py_pkg/lib/python3.10/site-packages/my_cpp_py_pkg-0.0.0-py3.10.egg-info
[5.407s] -- Installing: /home/user/ros2_ws/install/my_cpp_py_pkg/lib/python3.10/site-packages/my_cpp_py_pkg-0.0.0-py3.10.egg-info/PKG-INFO
[5.407s] -- Installing: /home/user/ros2_ws/install/my_cpp_py_pkg/lib/python3.10/site-packages/my_cpp_py_pkg-0.0.0-py3.10.egg-info/top_level.txt
[5.407s] -- Installing: /home/user/ros2_ws/install/my_cpp_py_pkg/lib/python3.10/site-packages/my_cpp_py_pkg-0.0.0-py3.10.egg-info/SOURCES.txt
[5.407s] -- Installing: /home/user/ros2_ws/install/my_cpp_py_pkg/lib/python3.10/site-packages/my_cpp_py_pkg-0.0.0-py3.10.egg-info/dependency_links.txt
[5.408s] -- Up-to-date: /home/user/ros2_ws/install/my_cpp_py_pkg/lib/python3.10/site-packages/my_cpp_py_pkg
[5.408s] -- Up-to-date: /home/user/ros2_ws/install/my_cpp_py_pkg/lib/python3.10/site-packages/my_cpp_py_pkg/__init__.py
[5.408s] -- Up-to-date: /home/user/ros2_ws/install/my_cpp_py_pkg/lib/python3.10/site-packages/my_cpp_py_pkg/module_to_import.py
[5.505s] Listing '/home/user/ros2_ws/install/my_cpp_py_pkg/lib/python3.10/site-packages/my_cpp_py_pkg'...
[5.560s] -- Up-to-date: /home/user/ros2_ws/install/my_cpp_py_pkg/lib/my_cpp_py_pkg/py_node.py
[5.560s] -- Up-to-date: /home/user/ros2_ws/install/my_cpp_py_pkg/share/ament_index/resource_index/package_run_dependencies/my_cpp_py_pkg
[5.560s] -- Up-to-date: /home/user/ros2_ws/install/my_cpp_py_pkg/share/ament_index/resource_index/parent_prefix_path/my_cpp_py_pkg
[5.562s] -- Up-to-date: /home/user/ros2_ws/install/my_cpp_py_pkg/share/my_cpp_py_pkg/environment/ament_prefix_path.sh
[5.563s] -- Up-to-date: /home/user/ros2_ws/install/my_cpp_py_pkg/share/my_cpp_py_pkg/environment/ament_prefix_path.dsv
[5.563s] -- Up-to-date: /home/user/ros2_ws/install/my_cpp_py_pkg/share/my_cpp_py_pkg/environment/path.sh
[5.564s] -- Up-to-date: /home/user/ros2_ws/install/my_cpp_py_pkg/share/my_cpp_py_pkg/environment/path.dsv
[5.564s] -- Up-to-date: /home/user/ros2_ws/install/my_cpp_py_pkg/share/my_cpp_py_pkg/local_setup.bash
[5.566s] -- Up-to-date: /home/user/ros2_ws/install/my_cpp_py_pkg/share/my_cpp_py_pkg/local_setup.sh
[5.566s] -- Up-to-date: /home/user/ros2_ws/install/my_cpp_py_pkg/share/my_cpp_py_pkg/local_setup.zsh
[5.566s] -- Up-to-date: /home/user/ros2_ws/install/my_cpp_py_pkg/share/my_cpp_py_pkg/local_setup.dsv
[5.569s] -- Up-to-date: /home/user/ros2_ws/install/my_cpp_py_pkg/share/my_cpp_py_pkg/package.dsv
[5.570s] -- Up-to-date: /home/user/ros2_ws/install/my_cpp_py_pkg/share/ament_index/resource_index/packages/my_cpp_py_pkg
[5.570s] -- Up-to-date: /home/user/ros2_ws/install/my_cpp_py_pkg/share/my_cpp_py_pkg/cmake/my_cpp_py_pkgConfig.cmake
[5.571s] -- Up-to-date: /home/user/ros2_ws/install/my_cpp_py_pkg/share/my_cpp_py_pkg/cmake/my_cpp_py_pkgConfig-version.cmake
[5.571s] -- Up-to-date: /home/user/ros2_ws/install/my_cpp_py_pkg/share/my_cpp_py_pkg/package.xml
[5.606s] Invoked command in '/home/user/ros2_ws/build/my_cpp_py_pkg' returned '0': CMAKE_PREFIX_PATH=${CMAKE_PREFIX_PATH}:/home/user/ros2_ws/install/robot_test:/home/user/ros2_ws/install/robot_python:/home/user/ros2_ws/install/my_cpp_py_pkg:/opt/ros/iron _=/usr/bin/env /usr/bin/cmake --install /home/user/ros2_ws/build/my_cpp_py_pkg
