[2.552s] Invoking command in '/home/user/ros2_ws/src/robot_python': PYTHONPATH=/home/user/ros2_ws/build/robot_python/prefix_override:/home/user/ros2_ws/install/robot_python/lib/python3.10/site-packages:${PYTHONPATH} _=/usr/bin/env /usr/bin/python3 setup.py egg_info --egg-base ../../build/robot_python build --build-base /home/user/ros2_ws/build/robot_python/build install --record /home/user/ros2_ws/build/robot_python/install.log --single-version-externally-managed
[3.142s] running egg_info
[3.143s] writing ../../build/robot_python/robot_python.egg-info/PKG-INFO
[3.144s] writing dependency_links to ../../build/robot_python/robot_python.egg-info/dependency_links.txt
[3.144s] writing entry points to ../../build/robot_python/robot_python.egg-info/entry_points.txt
[3.145s] writing requirements to ../../build/robot_python/robot_python.egg-info/requires.txt
[3.145s] writing top-level names to ../../build/robot_python/robot_python.egg-info/top_level.txt
[3.148s] reading manifest file '../../build/robot_python/robot_python.egg-info/SOURCES.txt'
[3.149s] writing manifest file '../../build/robot_python/robot_python.egg-info/SOURCES.txt'
[3.152s] running build
[3.152s] running build_py
[3.153s] copying robot_python/my_subscriber.py -> /home/user/ros2_ws/build/robot_python/build/lib/robot_python
[3.153s] running install
[3.154s] /usr/lib/python3/dist-packages/setuptools/command/install.py:34: SetuptoolsDeprecationWarning: setup.py install is deprecated. Use build and pip and other standards-based tools.
[3.154s]   warnings.warn(
[3.154s] running install_lib
[3.154s] copying /home/user/ros2_ws/build/robot_python/build/lib/robot_python/my_subscriber.py -> /home/user/ros2_ws/install/robot_python/lib/python3.10/site-packages/robot_python
[3.154s] byte-compiling /home/user/ros2_ws/install/robot_python/lib/python3.10/site-packages/robot_python/my_subscriber.py to my_subscriber.cpython-310.pyc
[3.156s] running install_data
[3.156s] running install_egg_info
[3.158s] removing '/home/user/ros2_ws/install/robot_python/lib/python3.10/site-packages/robot_python-0.0.0-py3.10.egg-info' (and everything under it)
[3.158s] Copying ../../build/robot_python/robot_python.egg-info to /home/user/ros2_ws/install/robot_python/lib/python3.10/site-packages/robot_python-0.0.0-py3.10.egg-info
[3.160s] running install_scripts
[3.198s] Installing my_publisher script to /home/user/ros2_ws/install/robot_python/lib/robot_python
[3.198s] Installing my_subscriber script to /home/user/ros2_ws/install/robot_python/lib/robot_python
[3.198s] Installing test_node script to /home/user/ros2_ws/install/robot_python/lib/robot_python
[3.199s] writing list of installed files to '/home/user/ros2_ws/build/robot_python/install.log'
[3.251s] Invoked command in '/home/user/ros2_ws/src/robot_python' returned '0': PYTHONPATH=/home/user/ros2_ws/build/robot_python/prefix_override:/home/user/ros2_ws/install/robot_python/lib/python3.10/site-packages:${PYTHONPATH} _=/usr/bin/env /usr/bin/python3 setup.py egg_info --egg-base ../../build/robot_python build --build-base /home/user/ros2_ws/build/robot_python/build install --record /home/user/ros2_ws/build/robot_python/install.log --single-version-externally-managed
