[0.118s] Invoking command in '/home/user/ros2_ws/build/my_cpp_py_pkg': CMAKE_PREFIX_PATH=${CMAKE_PREFIX_PATH}:/home/user/ros2_ws/install/robot_test:/home/user/ros2_ws/install/robot_python:/home/user/ros2_ws/install/my_cpp_py_pkg:/opt/ros/iron _=/usr/bin/env /usr/bin/cmake --build /home/user/ros2_ws/build/my_cpp_py_pkg -- -j8 -l8
[0.935s] [100%] Built target cpp_exe
[0.936s] [100%] Built target ament_cmake_python_copy_my_cpp_py_pkg
[0.937s] running egg_info
[0.937s] writing my_cpp_py_pkg.egg-info/PKG-INFO
[0.937s] writing dependency_links to my_cpp_py_pkg.egg-info/dependency_links.txt
[0.937s] writing top-level names to my_cpp_py_pkg.egg-info/top_level.txt
[0.939s] reading manifest file 'my_cpp_py_pkg.egg-info/SOURCES.txt'
[0.939s] writing manifest file 'my_cpp_py_pkg.egg-info/SOURCES.txt'
[1.015s] [100%] Built target ament_cmake_python_build_my_cpp_py_pkg_egg
[1.056s] Invoked command in '/home/user/ros2_ws/build/my_cpp_py_pkg' returned '0': CMAKE_PREFIX_PATH=${CMAKE_PREFIX_PATH}:/home/user/ros2_ws/install/robot_test:/home/user/ros2_ws/install/robot_python:/home/user/ros2_ws/install/my_cpp_py_pkg:/opt/ros/iron _=/usr/bin/env /usr/bin/cmake --build /home/user/ros2_ws/build/my_cpp_py_pkg -- -j8 -l8
[1.437s] Invoking command in '/home/user/ros2_ws/build/my_cpp_py_pkg': CMAKE_PREFIX_PATH=${CMAKE_PREFIX_PATH}:/home/user/ros2_ws/install/robot_test:/home/user/ros2_ws/install/robot_python:/home/user/ros2_ws/install/my_cpp_py_pkg:/opt/ros/iron _=/usr/bin/env /usr/bin/cmake --install /home/user/ros2_ws/build/my_cpp_py_pkg
[1.527s] -- Install configuration: ""
[1.528s] -- Up-to-date: /home/user/ros2_ws/install/my_cpp_py_pkg/lib/my_cpp_py_pkg/cpp_exe
[1.528s] -- Up-to-date: /home/user/ros2_ws/install/my_cpp_py_pkg/share/my_cpp_py_pkg/environment/pythonpath.sh
[1.528s] -- Up-to-date: /home/user/ros2_ws/install/my_cpp_py_pkg/share/my_cpp_py_pkg/environment/pythonpath.dsv
[1.528s] -- Up-to-date: /home/user/ros2_ws/install/my_cpp_py_pkg/lib/python3.10/site-packages/my_cpp_py_pkg-0.0.0-py3.10.egg-info
[1.529s] -- Installing: /home/user/ros2_ws/install/my_cpp_py_pkg/lib/python3.10/site-packages/my_cpp_py_pkg-0.0.0-py3.10.egg-info/PKG-INFO
[1.529s] -- Installing: /home/user/ros2_ws/install/my_cpp_py_pkg/lib/python3.10/site-packages/my_cpp_py_pkg-0.0.0-py3.10.egg-info/top_level.txt
[1.529s] -- Installing: /home/user/ros2_ws/install/my_cpp_py_pkg/lib/python3.10/site-packages/my_cpp_py_pkg-0.0.0-py3.10.egg-info/SOURCES.txt
[1.529s] -- Installing: /home/user/ros2_ws/install/my_cpp_py_pkg/lib/python3.10/site-packages/my_cpp_py_pkg-0.0.0-py3.10.egg-info/dependency_links.txt
[1.529s] -- Up-to-date: /home/user/ros2_ws/install/my_cpp_py_pkg/lib/python3.10/site-packages/my_cpp_py_pkg
[1.530s] -- Up-to-date: /home/user/ros2_ws/install/my_cpp_py_pkg/lib/python3.10/site-packages/my_cpp_py_pkg/__init__.py
[1.530s] -- Up-to-date: /home/user/ros2_ws/install/my_cpp_py_pkg/lib/python3.10/site-packages/my_cpp_py_pkg/module_to_import.py
[1.718s] Listing '/home/user/ros2_ws/install/my_cpp_py_pkg/lib/python3.10/site-packages/my_cpp_py_pkg'...
[1.727s] -- Up-to-date: /home/user/ros2_ws/install/my_cpp_py_pkg/lib/my_cpp_py_pkg/py_node.py
[1.729s] -- Up-to-date: /home/user/ros2_ws/install/my_cpp_py_pkg/share/ament_index/resource_index/package_run_dependencies/my_cpp_py_pkg
[1.729s] -- Up-to-date: /home/user/ros2_ws/install/my_cpp_py_pkg/share/ament_index/resource_index/parent_prefix_path/my_cpp_py_pkg
[1.730s] -- Up-to-date: /home/user/ros2_ws/install/my_cpp_py_pkg/share/my_cpp_py_pkg/environment/ament_prefix_path.sh
[1.731s] -- Up-to-date: /home/user/ros2_ws/install/my_cpp_py_pkg/share/my_cpp_py_pkg/environment/ament_prefix_path.dsv
[1.732s] -- Up-to-date: /home/user/ros2_ws/install/my_cpp_py_pkg/share/my_cpp_py_pkg/environment/path.sh
[1.732s] -- Up-to-date: /home/user/ros2_ws/install/my_cpp_py_pkg/share/my_cpp_py_pkg/environment/path.dsv
[1.733s] -- Up-to-date: /home/user/ros2_ws/install/my_cpp_py_pkg/share/my_cpp_py_pkg/local_setup.bash
[1.734s] -- Up-to-date: /home/user/ros2_ws/install/my_cpp_py_pkg/share/my_cpp_py_pkg/local_setup.sh
[1.738s] -- Up-to-date: /home/user/ros2_ws/install/my_cpp_py_pkg/share/my_cpp_py_pkg/local_setup.zsh
[1.739s] -- Up-to-date: /home/user/ros2_ws/install/my_cpp_py_pkg/share/my_cpp_py_pkg/local_setup.dsv
[1.739s] -- Installing: /home/user/ros2_ws/install/my_cpp_py_pkg/share/my_cpp_py_pkg/package.dsv
[1.740s] -- Up-to-date: /home/user/ros2_ws/install/my_cpp_py_pkg/share/ament_index/resource_index/packages/my_cpp_py_pkg
[1.740s] -- Up-to-date: /home/user/ros2_ws/install/my_cpp_py_pkg/share/my_cpp_py_pkg/cmake/my_cpp_py_pkgConfig.cmake
[1.741s] -- Up-to-date: /home/user/ros2_ws/install/my_cpp_py_pkg/share/my_cpp_py_pkg/cmake/my_cpp_py_pkgConfig-version.cmake
[1.742s] -- Up-to-date: /home/user/ros2_ws/install/my_cpp_py_pkg/share/my_cpp_py_pkg/package.xml
[1.835s] Invoked command in '/home/user/ros2_ws/build/my_cpp_py_pkg' returned '0': CMAKE_PREFIX_PATH=${CMAKE_PREFIX_PATH}:/home/user/ros2_ws/install/robot_test:/home/user/ros2_ws/install/robot_python:/home/user/ros2_ws/install/my_cpp_py_pkg:/opt/ros/iron _=/usr/bin/env /usr/bin/cmake --install /home/user/ros2_ws/build/my_cpp_py_pkg
