[0.458s] DEBUG:colcon:Command line arguments: ['/usr/bin/colcon', 'build']
[0.458s] DEBUG:colcon:Parsed command line arguments: Namespace(log_base=None, log_level=None, verb_name='build', build_base='build', install_base='install', merge_install=False, symlink_install=False, test_result_base=None, continue_on_error=False, executor='parallel', parallel_workers=8, event_handlers=None, ignore_user_meta=False, metas=['./colcon.meta'], base_paths=['.'], packages_ignore=None, packages_ignore_regex=None, paths=None, packages_up_to=None, packages_up_to_regex=None, packages_above=None, packages_above_and_dependencies=None, packages_above_depth=None, packages_select_by_dep=None, packages_skip_by_dep=None, packages_skip_up_to=None, packages_select_build_failed=False, packages_skip_build_finished=False, packages_select_test_failures=False, packages_skip_test_passed=False, packages_select=None, packages_skip=None, packages_select_regex=None, packages_skip_regex=None, packages_start=None, packages_end=None, cmake_args=None, cmake_target=None, cmake_target_skip_unavailable=False, cmake_clean_cache=False, cmake_clean_first=False, cmake_force_configure=False, ament_cmake_args=None, catkin_cmake_args=None, catkin_skip_building_tests=False, mixin_files=None, mixin=None, verb_parser=<colcon_mixin.mixin.mixin_argument.MixinArgumentDecorator object at 0x7f364804cd90>, verb_extension=<colcon_core.verb.build.BuildVerb object at 0x7f36489ab970>, main=<bound method BuildVerb.main of <colcon_core.verb.build.BuildVerb object at 0x7f36489ab970>>, mixin_verb=('build',))
[0.487s] Level 1:colcon.colcon_core.package_discovery:discover_packages(colcon_meta) check parameters
[0.487s] Level 1:colcon.colcon_core.package_discovery:discover_packages(recursive) check parameters
[0.487s] Level 1:colcon.colcon_core.package_discovery:discover_packages(ignore) check parameters
[0.487s] Level 1:colcon.colcon_core.package_discovery:discover_packages(path) check parameters
[0.487s] Level 1:colcon.colcon_core.package_discovery:discover_packages(colcon_meta) discover
[0.487s] Level 1:colcon.colcon_core.package_discovery:discover_packages(recursive) discover
[0.487s] INFO:colcon.colcon_core.package_discovery:Crawling recursively for packages in '/home/user/ros2_ws'
[0.488s] Level 1:colcon.colcon_core.package_identification:_identify(.) by extensions ['ignore', 'ignore_ament_install']
[0.488s] Level 1:colcon.colcon_core.package_identification:_identify(.) by extension 'ignore'
[0.488s] Level 1:colcon.colcon_core.package_identification:_identify(.) by extension 'ignore_ament_install'
[0.488s] Level 1:colcon.colcon_core.package_identification:_identify(.) by extensions ['colcon_pkg']
[0.488s] Level 1:colcon.colcon_core.package_identification:_identify(.) by extension 'colcon_pkg'
[0.488s] Level 1:colcon.colcon_core.package_identification:_identify(.) by extensions ['colcon_meta']
[0.488s] Level 1:colcon.colcon_core.package_identification:_identify(.) by extension 'colcon_meta'
[0.488s] Level 1:colcon.colcon_core.package_identification:_identify(.) by extensions ['ros']
[0.488s] Level 1:colcon.colcon_core.package_identification:_identify(.) by extension 'ros'
[0.502s] Level 1:colcon.colcon_core.package_identification:_identify(.) by extensions ['cmake', 'python']
[0.502s] Level 1:colcon.colcon_core.package_identification:_identify(.) by extension 'cmake'
[0.502s] Level 1:colcon.colcon_core.package_identification:_identify(.) by extension 'python'
[0.502s] Level 1:colcon.colcon_core.package_identification:_identify(.) by extensions ['python_setup_py']
[0.503s] Level 1:colcon.colcon_core.package_identification:_identify(.) by extension 'python_setup_py'
[0.503s] Level 1:colcon.colcon_core.package_identification:_identify(build) by extensions ['ignore', 'ignore_ament_install']
[0.503s] Level 1:colcon.colcon_core.package_identification:_identify(build) by extension 'ignore'
[0.503s] Level 1:colcon.colcon_core.package_identification:_identify(build) ignored
[0.503s] Level 1:colcon.colcon_core.package_identification:_identify(install) by extensions ['ignore', 'ignore_ament_install']
[0.503s] Level 1:colcon.colcon_core.package_identification:_identify(install) by extension 'ignore'
[0.503s] Level 1:colcon.colcon_core.package_identification:_identify(install) ignored
[0.503s] Level 1:colcon.colcon_core.package_identification:_identify(log) by extensions ['ignore', 'ignore_ament_install']
[0.503s] Level 1:colcon.colcon_core.package_identification:_identify(log) by extension 'ignore'
[0.504s] Level 1:colcon.colcon_core.package_identification:_identify(log) ignored
[0.504s] Level 1:colcon.colcon_core.package_identification:_identify(src) by extensions ['ignore', 'ignore_ament_install']
[0.504s] Level 1:colcon.colcon_core.package_identification:_identify(src) by extension 'ignore'
[0.504s] Level 1:colcon.colcon_core.package_identification:_identify(src) by extension 'ignore_ament_install'
[0.504s] Level 1:colcon.colcon_core.package_identification:_identify(src) by extensions ['colcon_pkg']
[0.504s] Level 1:colcon.colcon_core.package_identification:_identify(src) by extension 'colcon_pkg'
[0.504s] Level 1:colcon.colcon_core.package_identification:_identify(src) by extensions ['colcon_meta']
[0.504s] Level 1:colcon.colcon_core.package_identification:_identify(src) by extension 'colcon_meta'
[0.504s] Level 1:colcon.colcon_core.package_identification:_identify(src) by extensions ['ros']
[0.504s] Level 1:colcon.colcon_core.package_identification:_identify(src) by extension 'ros'
[0.504s] Level 1:colcon.colcon_core.package_identification:_identify(src) by extensions ['cmake', 'python']
[0.504s] Level 1:colcon.colcon_core.package_identification:_identify(src) by extension 'cmake'
[0.505s] Level 1:colcon.colcon_core.package_identification:_identify(src) by extension 'python'
[0.505s] Level 1:colcon.colcon_core.package_identification:_identify(src) by extensions ['python_setup_py']
[0.505s] Level 1:colcon.colcon_core.package_identification:_identify(src) by extension 'python_setup_py'
[0.505s] Level 1:colcon.colcon_core.package_identification:_identify(src/my_cpp_py_pkg) by extensions ['ignore', 'ignore_ament_install']
[0.505s] Level 1:colcon.colcon_core.package_identification:_identify(src/my_cpp_py_pkg) by extension 'ignore'
[0.505s] Level 1:colcon.colcon_core.package_identification:_identify(src/my_cpp_py_pkg) by extension 'ignore_ament_install'
[0.505s] Level 1:colcon.colcon_core.package_identification:_identify(src/my_cpp_py_pkg) by extensions ['colcon_pkg']
[0.505s] Level 1:colcon.colcon_core.package_identification:_identify(src/my_cpp_py_pkg) by extension 'colcon_pkg'
[0.505s] Level 1:colcon.colcon_core.package_identification:_identify(src/my_cpp_py_pkg) by extensions ['colcon_meta']
[0.505s] Level 1:colcon.colcon_core.package_identification:_identify(src/my_cpp_py_pkg) by extension 'colcon_meta'
[0.505s] Level 1:colcon.colcon_core.package_identification:_identify(src/my_cpp_py_pkg) by extensions ['ros']
[0.505s] Level 1:colcon.colcon_core.package_identification:_identify(src/my_cpp_py_pkg) by extension 'ros'
[0.508s] DEBUG:colcon.colcon_core.package_identification:Package 'src/my_cpp_py_pkg' with type 'ros.ament_cmake' and name 'my_cpp_py_pkg'
[0.508s] Level 1:colcon.colcon_core.package_identification:_identify(src/navigation_tb3) by extensions ['ignore', 'ignore_ament_install']
[0.508s] Level 1:colcon.colcon_core.package_identification:_identify(src/navigation_tb3) by extension 'ignore'
[0.508s] Level 1:colcon.colcon_core.package_identification:_identify(src/navigation_tb3) by extension 'ignore_ament_install'
[0.509s] Level 1:colcon.colcon_core.package_identification:_identify(src/navigation_tb3) by extensions ['colcon_pkg']
[0.509s] Level 1:colcon.colcon_core.package_identification:_identify(src/navigation_tb3) by extension 'colcon_pkg'
[0.509s] Level 1:colcon.colcon_core.package_identification:_identify(src/navigation_tb3) by extensions ['colcon_meta']
[0.509s] Level 1:colcon.colcon_core.package_identification:_identify(src/navigation_tb3) by extension 'colcon_meta'
[0.509s] Level 1:colcon.colcon_core.package_identification:_identify(src/navigation_tb3) by extensions ['ros']
[0.509s] Level 1:colcon.colcon_core.package_identification:_identify(src/navigation_tb3) by extension 'ros'
[0.510s] DEBUG:colcon.colcon_core.package_identification:Package 'src/navigation_tb3' with type 'ros.ament_cmake' and name 'navigation_tb3'
[0.510s] Level 1:colcon.colcon_core.package_identification:_identify(src/robot_control) by extensions ['ignore', 'ignore_ament_install']
[0.510s] Level 1:colcon.colcon_core.package_identification:_identify(src/robot_control) by extension 'ignore'
[0.510s] Level 1:colcon.colcon_core.package_identification:_identify(src/robot_control) by extension 'ignore_ament_install'
[0.510s] Level 1:colcon.colcon_core.package_identification:_identify(src/robot_control) by extensions ['colcon_pkg']
[0.510s] Level 1:colcon.colcon_core.package_identification:_identify(src/robot_control) by extension 'colcon_pkg'
[0.510s] Level 1:colcon.colcon_core.package_identification:_identify(src/robot_control) by extensions ['colcon_meta']
[0.510s] Level 1:colcon.colcon_core.package_identification:_identify(src/robot_control) by extension 'colcon_meta'
[0.510s] Level 1:colcon.colcon_core.package_identification:_identify(src/robot_control) by extensions ['ros']
[0.510s] Level 1:colcon.colcon_core.package_identification:_identify(src/robot_control) by extension 'ros'
[0.511s] DEBUG:colcon.colcon_core.package_identification:Package 'src/robot_control' with type 'ros.ament_cmake' and name 'robot_control'
[0.511s] Level 1:colcon.colcon_core.package_identification:_identify(src/robot_cpp) by extensions ['ignore', 'ignore_ament_install']
[0.511s] Level 1:colcon.colcon_core.package_identification:_identify(src/robot_cpp) by extension 'ignore'
[0.511s] Level 1:colcon.colcon_core.package_identification:_identify(src/robot_cpp) by extension 'ignore_ament_install'
[0.512s] Level 1:colcon.colcon_core.package_identification:_identify(src/robot_cpp) by extensions ['colcon_pkg']
[0.512s] Level 1:colcon.colcon_core.package_identification:_identify(src/robot_cpp) by extension 'colcon_pkg'
[0.512s] Level 1:colcon.colcon_core.package_identification:_identify(src/robot_cpp) by extensions ['colcon_meta']
[0.512s] Level 1:colcon.colcon_core.package_identification:_identify(src/robot_cpp) by extension 'colcon_meta'
[0.512s] Level 1:colcon.colcon_core.package_identification:_identify(src/robot_cpp) by extensions ['ros']
[0.512s] Level 1:colcon.colcon_core.package_identification:_identify(src/robot_cpp) by extension 'ros'
[0.513s] DEBUG:colcon.colcon_core.package_identification:Package 'src/robot_cpp' with type 'ros.ament_cmake' and name 'robot_cpp'
[0.513s] Level 1:colcon.colcon_core.package_identification:_identify(src/robot_python) by extensions ['ignore', 'ignore_ament_install']
[0.513s] Level 1:colcon.colcon_core.package_identification:_identify(src/robot_python) by extension 'ignore'
[0.513s] Level 1:colcon.colcon_core.package_identification:_identify(src/robot_python) by extension 'ignore_ament_install'
[0.513s] Level 1:colcon.colcon_core.package_identification:_identify(src/robot_python) by extensions ['colcon_pkg']
[0.513s] Level 1:colcon.colcon_core.package_identification:_identify(src/robot_python) by extension 'colcon_pkg'
[0.513s] Level 1:colcon.colcon_core.package_identification:_identify(src/robot_python) by extensions ['colcon_meta']
[0.513s] Level 1:colcon.colcon_core.package_identification:_identify(src/robot_python) by extension 'colcon_meta'
[0.513s] Level 1:colcon.colcon_core.package_identification:_identify(src/robot_python) by extensions ['ros']
[0.513s] Level 1:colcon.colcon_core.package_identification:_identify(src/robot_python) by extension 'ros'
[0.514s] DEBUG:colcon.colcon_core.package_identification:Package 'src/robot_python' with type 'ros.ament_python' and name 'robot_python'
[0.514s] Level 1:colcon.colcon_core.package_identification:_identify(src/robot_test) by extensions ['ignore', 'ignore_ament_install']
[0.514s] Level 1:colcon.colcon_core.package_identification:_identify(src/robot_test) by extension 'ignore'
[0.514s] Level 1:colcon.colcon_core.package_identification:_identify(src/robot_test) by extension 'ignore_ament_install'
[0.514s] Level 1:colcon.colcon_core.package_identification:_identify(src/robot_test) by extensions ['colcon_pkg']
[0.514s] Level 1:colcon.colcon_core.package_identification:_identify(src/robot_test) by extension 'colcon_pkg'
[0.514s] Level 1:colcon.colcon_core.package_identification:_identify(src/robot_test) by extensions ['colcon_meta']
[0.515s] Level 1:colcon.colcon_core.package_identification:_identify(src/robot_test) by extension 'colcon_meta'
[0.515s] Level 1:colcon.colcon_core.package_identification:_identify(src/robot_test) by extensions ['ros']
[0.515s] Level 1:colcon.colcon_core.package_identification:_identify(src/robot_test) by extension 'ros'
[0.515s] DEBUG:colcon.colcon_core.package_identification:Package 'src/robot_test' with type 'ros.ament_cmake' and name 'robot_test'
[0.515s] Level 1:colcon.colcon_core.package_identification:_identify(src/turtlebot3_gazebo) by extensions ['ignore', 'ignore_ament_install']
[0.515s] Level 1:colcon.colcon_core.package_identification:_identify(src/turtlebot3_gazebo) by extension 'ignore'
[0.516s] Level 1:colcon.colcon_core.package_identification:_identify(src/turtlebot3_gazebo) by extension 'ignore_ament_install'
[0.516s] Level 1:colcon.colcon_core.package_identification:_identify(src/turtlebot3_gazebo) by extensions ['colcon_pkg']
[0.516s] Level 1:colcon.colcon_core.package_identification:_identify(src/turtlebot3_gazebo) by extension 'colcon_pkg'
[0.516s] Level 1:colcon.colcon_core.package_identification:_identify(src/turtlebot3_gazebo) by extensions ['colcon_meta']
[0.516s] Level 1:colcon.colcon_core.package_identification:_identify(src/turtlebot3_gazebo) by extension 'colcon_meta'
[0.516s] Level 1:colcon.colcon_core.package_identification:_identify(src/turtlebot3_gazebo) by extensions ['ros']
[0.516s] Level 1:colcon.colcon_core.package_identification:_identify(src/turtlebot3_gazebo) by extension 'ros'
[0.517s] DEBUG:colcon.colcon_core.package_identification:Package 'src/turtlebot3_gazebo' with type 'ros.ament_cmake' and name 'turtlebot3_gazebo'
[0.517s] Level 1:colcon.colcon_core.package_discovery:discover_packages(recursive) using defaults
[0.517s] Level 1:colcon.colcon_core.package_discovery:discover_packages(ignore) discover
[0.517s] Level 1:colcon.colcon_core.package_discovery:discover_packages(ignore) using defaults
[0.517s] Level 1:colcon.colcon_core.package_discovery:discover_packages(path) discover
[0.517s] Level 1:colcon.colcon_core.package_discovery:discover_packages(path) using defaults
[0.544s] Level 5:colcon.colcon_core.verb:set package 'my_cpp_py_pkg' build argument 'cmake_args' from command line to 'None'
[0.544s] Level 5:colcon.colcon_core.verb:set package 'my_cpp_py_pkg' build argument 'cmake_target' from command line to 'None'
[0.544s] Level 5:colcon.colcon_core.verb:set package 'my_cpp_py_pkg' build argument 'cmake_target_skip_unavailable' from command line to 'False'
[0.544s] Level 5:colcon.colcon_core.verb:set package 'my_cpp_py_pkg' build argument 'cmake_clean_cache' from command line to 'False'
[0.544s] Level 5:colcon.colcon_core.verb:set package 'my_cpp_py_pkg' build argument 'cmake_clean_first' from command line to 'False'
[0.544s] Level 5:colcon.colcon_core.verb:set package 'my_cpp_py_pkg' build argument 'cmake_force_configure' from command line to 'False'
[0.544s] Level 5:colcon.colcon_core.verb:set package 'my_cpp_py_pkg' build argument 'ament_cmake_args' from command line to 'None'
[0.544s] Level 5:colcon.colcon_core.verb:set package 'my_cpp_py_pkg' build argument 'catkin_cmake_args' from command line to 'None'
[0.544s] Level 5:colcon.colcon_core.verb:set package 'my_cpp_py_pkg' build argument 'catkin_skip_building_tests' from command line to 'False'
[0.544s] DEBUG:colcon.colcon_core.verb:Building package 'my_cpp_py_pkg' with the following arguments: {'ament_cmake_args': None, 'build_base': '/home/user/ros2_ws/build/my_cpp_py_pkg', 'catkin_cmake_args': None, 'catkin_skip_building_tests': False, 'cmake_args': None, 'cmake_clean_cache': False, 'cmake_clean_first': False, 'cmake_force_configure': False, 'cmake_target': None, 'cmake_target_skip_unavailable': False, 'install_base': '/home/user/ros2_ws/install/my_cpp_py_pkg', 'merge_install': False, 'path': '/home/user/ros2_ws/src/my_cpp_py_pkg', 'symlink_install': False, 'test_result_base': None}
[0.545s] Level 5:colcon.colcon_core.verb:set package 'navigation_tb3' build argument 'cmake_args' from command line to 'None'
[0.545s] Level 5:colcon.colcon_core.verb:set package 'navigation_tb3' build argument 'cmake_target' from command line to 'None'
[0.545s] Level 5:colcon.colcon_core.verb:set package 'navigation_tb3' build argument 'cmake_target_skip_unavailable' from command line to 'False'
[0.545s] Level 5:colcon.colcon_core.verb:set package 'navigation_tb3' build argument 'cmake_clean_cache' from command line to 'False'
[0.545s] Level 5:colcon.colcon_core.verb:set package 'navigation_tb3' build argument 'cmake_clean_first' from command line to 'False'
[0.545s] Level 5:colcon.colcon_core.verb:set package 'navigation_tb3' build argument 'cmake_force_configure' from command line to 'False'
[0.545s] Level 5:colcon.colcon_core.verb:set package 'navigation_tb3' build argument 'ament_cmake_args' from command line to 'None'
[0.545s] Level 5:colcon.colcon_core.verb:set package 'navigation_tb3' build argument 'catkin_cmake_args' from command line to 'None'
[0.546s] Level 5:colcon.colcon_core.verb:set package 'navigation_tb3' build argument 'catkin_skip_building_tests' from command line to 'False'
[0.546s] DEBUG:colcon.colcon_core.verb:Building package 'navigation_tb3' with the following arguments: {'ament_cmake_args': None, 'build_base': '/home/user/ros2_ws/build/navigation_tb3', 'catkin_cmake_args': None, 'catkin_skip_building_tests': False, 'cmake_args': None, 'cmake_clean_cache': False, 'cmake_clean_first': False, 'cmake_force_configure': False, 'cmake_target': None, 'cmake_target_skip_unavailable': False, 'install_base': '/home/user/ros2_ws/install/navigation_tb3', 'merge_install': False, 'path': '/home/user/ros2_ws/src/navigation_tb3', 'symlink_install': False, 'test_result_base': None}
[0.547s] Level 5:colcon.colcon_core.verb:set package 'robot_control' build argument 'cmake_args' from command line to 'None'
[0.547s] Level 5:colcon.colcon_core.verb:set package 'robot_control' build argument 'cmake_target' from command line to 'None'
[0.547s] Level 5:colcon.colcon_core.verb:set package 'robot_control' build argument 'cmake_target_skip_unavailable' from command line to 'False'
[0.547s] Level 5:colcon.colcon_core.verb:set package 'robot_control' build argument 'cmake_clean_cache' from command line to 'False'
[0.547s] Level 5:colcon.colcon_core.verb:set package 'robot_control' build argument 'cmake_clean_first' from command line to 'False'
[0.547s] Level 5:colcon.colcon_core.verb:set package 'robot_control' build argument 'cmake_force_configure' from command line to 'False'
[0.547s] Level 5:colcon.colcon_core.verb:set package 'robot_control' build argument 'ament_cmake_args' from command line to 'None'
[0.547s] Level 5:colcon.colcon_core.verb:set package 'robot_control' build argument 'catkin_cmake_args' from command line to 'None'
[0.547s] Level 5:colcon.colcon_core.verb:set package 'robot_control' build argument 'catkin_skip_building_tests' from command line to 'False'
[0.547s] DEBUG:colcon.colcon_core.verb:Building package 'robot_control' with the following arguments: {'ament_cmake_args': None, 'build_base': '/home/user/ros2_ws/build/robot_control', 'catkin_cmake_args': None, 'catkin_skip_building_tests': False, 'cmake_args': None, 'cmake_clean_cache': False, 'cmake_clean_first': False, 'cmake_force_configure': False, 'cmake_target': None, 'cmake_target_skip_unavailable': False, 'install_base': '/home/user/ros2_ws/install/robot_control', 'merge_install': False, 'path': '/home/user/ros2_ws/src/robot_control', 'symlink_install': False, 'test_result_base': None}
[0.548s] Level 5:colcon.colcon_core.verb:set package 'robot_cpp' build argument 'cmake_args' from command line to 'None'
[0.548s] Level 5:colcon.colcon_core.verb:set package 'robot_cpp' build argument 'cmake_target' from command line to 'None'
[0.548s] Level 5:colcon.colcon_core.verb:set package 'robot_cpp' build argument 'cmake_target_skip_unavailable' from command line to 'False'
[0.548s] Level 5:colcon.colcon_core.verb:set package 'robot_cpp' build argument 'cmake_clean_cache' from command line to 'False'
[0.548s] Level 5:colcon.colcon_core.verb:set package 'robot_cpp' build argument 'cmake_clean_first' from command line to 'False'
[0.548s] Level 5:colcon.colcon_core.verb:set package 'robot_cpp' build argument 'cmake_force_configure' from command line to 'False'
[0.549s] Level 5:colcon.colcon_core.verb:set package 'robot_cpp' build argument 'ament_cmake_args' from command line to 'None'
[0.549s] Level 5:colcon.colcon_core.verb:set package 'robot_cpp' build argument 'catkin_cmake_args' from command line to 'None'
[0.549s] Level 5:colcon.colcon_core.verb:set package 'robot_cpp' build argument 'catkin_skip_building_tests' from command line to 'False'
[0.549s] DEBUG:colcon.colcon_core.verb:Building package 'robot_cpp' with the following arguments: {'ament_cmake_args': None, 'build_base': '/home/user/ros2_ws/build/robot_cpp', 'catkin_cmake_args': None, 'catkin_skip_building_tests': False, 'cmake_args': None, 'cmake_clean_cache': False, 'cmake_clean_first': False, 'cmake_force_configure': False, 'cmake_target': None, 'cmake_target_skip_unavailable': False, 'install_base': '/home/user/ros2_ws/install/robot_cpp', 'merge_install': False, 'path': '/home/user/ros2_ws/src/robot_cpp', 'symlink_install': False, 'test_result_base': None}
[0.550s] Level 5:colcon.colcon_core.verb:set package 'robot_python' build argument 'cmake_args' from command line to 'None'
[0.550s] Level 5:colcon.colcon_core.verb:set package 'robot_python' build argument 'cmake_target' from command line to 'None'
[0.550s] Level 5:colcon.colcon_core.verb:set package 'robot_python' build argument 'cmake_target_skip_unavailable' from command line to 'False'
[0.550s] Level 5:colcon.colcon_core.verb:set package 'robot_python' build argument 'cmake_clean_cache' from command line to 'False'
[0.550s] Level 5:colcon.colcon_core.verb:set package 'robot_python' build argument 'cmake_clean_first' from command line to 'False'
[0.550s] Level 5:colcon.colcon_core.verb:set package 'robot_python' build argument 'cmake_force_configure' from command line to 'False'
[0.550s] Level 5:colcon.colcon_core.verb:set package 'robot_python' build argument 'ament_cmake_args' from command line to 'None'
[0.550s] Level 5:colcon.colcon_core.verb:set package 'robot_python' build argument 'catkin_cmake_args' from command line to 'None'
[0.550s] Level 5:colcon.colcon_core.verb:set package 'robot_python' build argument 'catkin_skip_building_tests' from command line to 'False'
[0.550s] DEBUG:colcon.colcon_core.verb:Building package 'robot_python' with the following arguments: {'ament_cmake_args': None, 'build_base': '/home/user/ros2_ws/build/robot_python', 'catkin_cmake_args': None, 'catkin_skip_building_tests': False, 'cmake_args': None, 'cmake_clean_cache': False, 'cmake_clean_first': False, 'cmake_force_configure': False, 'cmake_target': None, 'cmake_target_skip_unavailable': False, 'install_base': '/home/user/ros2_ws/install/robot_python', 'merge_install': False, 'path': '/home/user/ros2_ws/src/robot_python', 'symlink_install': False, 'test_result_base': None}
[0.551s] Level 5:colcon.colcon_core.verb:set package 'robot_test' build argument 'cmake_args' from command line to 'None'
[0.551s] Level 5:colcon.colcon_core.verb:set package 'robot_test' build argument 'cmake_target' from command line to 'None'
[0.551s] Level 5:colcon.colcon_core.verb:set package 'robot_test' build argument 'cmake_target_skip_unavailable' from command line to 'False'
[0.551s] Level 5:colcon.colcon_core.verb:set package 'robot_test' build argument 'cmake_clean_cache' from command line to 'False'
[0.552s] Level 5:colcon.colcon_core.verb:set package 'robot_test' build argument 'cmake_clean_first' from command line to 'False'
[0.552s] Level 5:colcon.colcon_core.verb:set package 'robot_test' build argument 'cmake_force_configure' from command line to 'False'
[0.552s] Level 5:colcon.colcon_core.verb:set package 'robot_test' build argument 'ament_cmake_args' from command line to 'None'
[0.552s] Level 5:colcon.colcon_core.verb:set package 'robot_test' build argument 'catkin_cmake_args' from command line to 'None'
[0.552s] Level 5:colcon.colcon_core.verb:set package 'robot_test' build argument 'catkin_skip_building_tests' from command line to 'False'
[0.552s] DEBUG:colcon.colcon_core.verb:Building package 'robot_test' with the following arguments: {'ament_cmake_args': None, 'build_base': '/home/user/ros2_ws/build/robot_test', 'catkin_cmake_args': None, 'catkin_skip_building_tests': False, 'cmake_args': None, 'cmake_clean_cache': False, 'cmake_clean_first': False, 'cmake_force_configure': False, 'cmake_target': None, 'cmake_target_skip_unavailable': False, 'install_base': '/home/user/ros2_ws/install/robot_test', 'merge_install': False, 'path': '/home/user/ros2_ws/src/robot_test', 'symlink_install': False, 'test_result_base': None}
[0.553s] Level 5:colcon.colcon_core.verb:set package 'turtlebot3_gazebo' build argument 'cmake_args' from command line to 'None'
[0.553s] Level 5:colcon.colcon_core.verb:set package 'turtlebot3_gazebo' build argument 'cmake_target' from command line to 'None'
[0.553s] Level 5:colcon.colcon_core.verb:set package 'turtlebot3_gazebo' build argument 'cmake_target_skip_unavailable' from command line to 'False'
[0.553s] Level 5:colcon.colcon_core.verb:set package 'turtlebot3_gazebo' build argument 'cmake_clean_cache' from command line to 'False'
[0.553s] Level 5:colcon.colcon_core.verb:set package 'turtlebot3_gazebo' build argument 'cmake_clean_first' from command line to 'False'
[0.553s] Level 5:colcon.colcon_core.verb:set package 'turtlebot3_gazebo' build argument 'cmake_force_configure' from command line to 'False'
[0.553s] Level 5:colcon.colcon_core.verb:set package 'turtlebot3_gazebo' build argument 'ament_cmake_args' from command line to 'None'
[0.553s] Level 5:colcon.colcon_core.verb:set package 'turtlebot3_gazebo' build argument 'catkin_cmake_args' from command line to 'None'
[0.553s] Level 5:colcon.colcon_core.verb:set package 'turtlebot3_gazebo' build argument 'catkin_skip_building_tests' from command line to 'False'
[0.554s] DEBUG:colcon.colcon_core.verb:Building package 'turtlebot3_gazebo' with the following arguments: {'ament_cmake_args': None, 'build_base': '/home/user/ros2_ws/build/turtlebot3_gazebo', 'catkin_cmake_args': None, 'catkin_skip_building_tests': False, 'cmake_args': None, 'cmake_clean_cache': False, 'cmake_clean_first': False, 'cmake_force_configure': False, 'cmake_target': None, 'cmake_target_skip_unavailable': False, 'install_base': '/home/user/ros2_ws/install/turtlebot3_gazebo', 'merge_install': False, 'path': '/home/user/ros2_ws/src/turtlebot3_gazebo', 'symlink_install': False, 'test_result_base': None}
[0.554s] INFO:colcon.colcon_core.executor:Executing jobs using 'parallel' executor
[0.558s] DEBUG:colcon.colcon_parallel_executor.executor.parallel:run_until_complete
[0.559s] INFO:colcon.colcon_ros.task.ament_cmake.build:Building ROS package in '/home/user/ros2_ws/src/my_cpp_py_pkg' with build type 'ament_cmake'
[0.559s] INFO:colcon.colcon_cmake.task.cmake.build:Building CMake package in '/home/user/ros2_ws/src/my_cpp_py_pkg'
[0.565s] INFO:colcon.colcon_core.plugin_system:Skipping extension 'colcon_core.shell.bat': Not used on non-Windows systems
[0.565s] INFO:colcon.colcon_core.shell:Skip shell extension 'powershell' for command environment: Not usable outside of PowerShell
[0.565s] DEBUG:colcon.colcon_core.shell:Skip shell extension 'dsv' for command environment
[0.576s] INFO:colcon.colcon_ros.task.ament_cmake.build:Building ROS package in '/home/user/ros2_ws/src/navigation_tb3' with build type 'ament_cmake'
[0.576s] INFO:colcon.colcon_cmake.task.cmake.build:Building CMake package in '/home/user/ros2_ws/src/navigation_tb3'
[0.578s] INFO:colcon.colcon_core.shell:Skip shell extension 'powershell' for command environment: Not usable outside of PowerShell
[0.578s] DEBUG:colcon.colcon_core.shell:Skip shell extension 'dsv' for command environment
[0.585s] INFO:colcon.colcon_ros.task.ament_cmake.build:Building ROS package in '/home/user/ros2_ws/src/robot_control' with build type 'ament_cmake'
[0.586s] INFO:colcon.colcon_cmake.task.cmake.build:Building CMake package in '/home/user/ros2_ws/src/robot_control'
[0.587s] INFO:colcon.colcon_core.shell:Skip shell extension 'powershell' for command environment: Not usable outside of PowerShell
[0.587s] DEBUG:colcon.colcon_core.shell:Skip shell extension 'dsv' for command environment
[0.595s] INFO:colcon.colcon_ros.task.ament_cmake.build:Building ROS package in '/home/user/ros2_ws/src/robot_cpp' with build type 'ament_cmake'
[0.595s] INFO:colcon.colcon_cmake.task.cmake.build:Building CMake package in '/home/user/ros2_ws/src/robot_cpp'
[0.597s] INFO:colcon.colcon_core.shell:Skip shell extension 'powershell' for command environment: Not usable outside of PowerShell
[0.597s] DEBUG:colcon.colcon_core.shell:Skip shell extension 'dsv' for command environment
[0.605s] INFO:colcon.colcon_ros.task.ament_python.build:Building ROS package in '/home/user/ros2_ws/src/robot_python' with build type 'ament_python'
[0.605s] Level 1:colcon.colcon_core.shell:create_environment_hook('robot_python', 'ament_prefix_path')
[0.606s] INFO:colcon.colcon_core.shell:Creating environment hook '/home/user/ros2_ws/install/robot_python/share/robot_python/hook/ament_prefix_path.ps1'
[0.607s] INFO:colcon.colcon_core.shell:Creating environment descriptor '/home/user/ros2_ws/install/robot_python/share/robot_python/hook/ament_prefix_path.dsv'
[0.608s] INFO:colcon.colcon_core.shell:Creating environment hook '/home/user/ros2_ws/install/robot_python/share/robot_python/hook/ament_prefix_path.sh'
[0.610s] INFO:colcon.colcon_core.shell:Skip shell extension 'powershell' for command environment: Not usable outside of PowerShell
[0.610s] DEBUG:colcon.colcon_core.shell:Skip shell extension 'dsv' for command environment
[0.617s] INFO:colcon.colcon_ros.task.ament_cmake.build:Building ROS package in '/home/user/ros2_ws/src/robot_test' with build type 'ament_cmake'
[0.618s] INFO:colcon.colcon_cmake.task.cmake.build:Building CMake package in '/home/user/ros2_ws/src/robot_test'
[0.620s] INFO:colcon.colcon_core.shell:Skip shell extension 'powershell' for command environment: Not usable outside of PowerShell
[0.621s] DEBUG:colcon.colcon_core.shell:Skip shell extension 'dsv' for command environment
[0.634s] INFO:colcon.colcon_ros.task.ament_cmake.build:Building ROS package in '/home/user/ros2_ws/src/turtlebot3_gazebo' with build type 'ament_cmake'
[0.634s] INFO:colcon.colcon_cmake.task.cmake.build:Building CMake package in '/home/user/ros2_ws/src/turtlebot3_gazebo'
[0.637s] INFO:colcon.colcon_core.shell:Skip shell extension 'powershell' for command environment: Not usable outside of PowerShell
[0.637s] DEBUG:colcon.colcon_core.shell:Skip shell extension 'dsv' for command environment
[0.662s] DEBUG:colcon.colcon_core.event_handler.log_command:Invoking command in '/home/user/ros2_ws/build/my_cpp_py_pkg': CMAKE_PREFIX_PATH=${CMAKE_PREFIX_PATH}:/home/user/ros2_ws/install/robot_test:/home/user/ros2_ws/install/robot_python:/home/user/ros2_ws/install/my_cpp_py_pkg:/opt/ros/iron _=/usr/bin/env /usr/bin/cmake --build /home/user/ros2_ws/build/my_cpp_py_pkg -- -j8 -l8
[0.665s] DEBUG:colcon.colcon_core.event_handler.log_command:Invoking command in '/home/user/ros2_ws/build/navigation_tb3': CMAKE_PREFIX_PATH=${CMAKE_PREFIX_PATH}:/home/user/ros2_ws/install/robot_test:/home/user/ros2_ws/install/robot_python:/home/user/ros2_ws/install/my_cpp_py_pkg:/opt/ros/iron _=/usr/bin/env /usr/bin/cmake --build /home/user/ros2_ws/build/navigation_tb3 -- -j8 -l8
[0.668s] DEBUG:colcon.colcon_core.event_handler.log_command:Invoking command in '/home/user/ros2_ws/build/robot_control': CMAKE_PREFIX_PATH=${CMAKE_PREFIX_PATH}:/home/user/ros2_ws/install/robot_test:/home/user/ros2_ws/install/robot_python:/home/user/ros2_ws/install/my_cpp_py_pkg:/opt/ros/iron _=/usr/bin/env /usr/bin/cmake --build /home/user/ros2_ws/build/robot_control -- -j8 -l8
[0.678s] DEBUG:colcon.colcon_core.event_handler.log_command:Invoking command in '/home/user/ros2_ws/build/robot_cpp': CMAKE_PREFIX_PATH=${CMAKE_PREFIX_PATH}:/home/user/ros2_ws/install/robot_test:/home/user/ros2_ws/install/robot_python:/home/user/ros2_ws/install/my_cpp_py_pkg:/opt/ros/iron _=/usr/bin/env /usr/bin/cmake --build /home/user/ros2_ws/build/robot_cpp -- -j8 -l8
[1.875s] INFO:colcon.colcon_core.task.python.build:Building Python package in '/home/user/ros2_ws/src/robot_python'
[1.877s] INFO:colcon.colcon_core.shell:Skip shell extension 'powershell' for command environment: Not usable outside of PowerShell
[1.877s] DEBUG:colcon.colcon_core.shell:Skip shell extension 'dsv' for command environment
[1.938s] DEBUG:colcon.colcon_core.event_handler.log_command:Invoking command in '/home/user/ros2_ws/build/robot_test': CMAKE_PREFIX_PATH=${CMAKE_PREFIX_PATH}:/home/user/ros2_ws/install/robot_test:/home/user/ros2_ws/install/robot_python:/home/user/ros2_ws/install/my_cpp_py_pkg:/opt/ros/iron _=/usr/bin/env /usr/bin/cmake --build /home/user/ros2_ws/build/robot_test -- -j8 -l8
[1.944s] DEBUG:colcon.colcon_core.event_handler.log_command:Invoking command in '/home/user/ros2_ws/build/turtlebot3_gazebo': CMAKE_PREFIX_PATH=${CMAKE_PREFIX_PATH}:/home/user/ros2_ws/install/robot_test:/home/user/ros2_ws/install/robot_python:/home/user/ros2_ws/install/my_cpp_py_pkg:/opt/ros/iron _=/usr/bin/env /usr/bin/cmake --build /home/user/ros2_ws/build/turtlebot3_gazebo -- -j8 -l8
[2.056s] DEBUG:colcon.colcon_core.event_handler.log_command:Invoked command in '/home/user/ros2_ws/build/robot_control' returned '0': CMAKE_PREFIX_PATH=${CMAKE_PREFIX_PATH}:/home/user/ros2_ws/install/robot_test:/home/user/ros2_ws/install/robot_python:/home/user/ros2_ws/install/my_cpp_py_pkg:/opt/ros/iron _=/usr/bin/env /usr/bin/cmake --build /home/user/ros2_ws/build/robot_control -- -j8 -l8
[2.138s] DEBUG:colcon.colcon_core.event_handler.log_command:Invoked command in '/home/user/ros2_ws/build/robot_test' returned '0': CMAKE_PREFIX_PATH=${CMAKE_PREFIX_PATH}:/home/user/ros2_ws/install/robot_test:/home/user/ros2_ws/install/robot_python:/home/user/ros2_ws/install/my_cpp_py_pkg:/opt/ros/iron _=/usr/bin/env /usr/bin/cmake --build /home/user/ros2_ws/build/robot_test -- -j8 -l8
[2.436s] DEBUG:colcon.colcon_core.event_handler.log_command:Invoked command in '/home/user/ros2_ws/build/my_cpp_py_pkg' returned '0': CMAKE_PREFIX_PATH=${CMAKE_PREFIX_PATH}:/home/user/ros2_ws/install/robot_test:/home/user/ros2_ws/install/robot_python:/home/user/ros2_ws/install/my_cpp_py_pkg:/opt/ros/iron _=/usr/bin/env /usr/bin/cmake --build /home/user/ros2_ws/build/my_cpp_py_pkg -- -j8 -l8
[2.444s] DEBUG:colcon.colcon_core.event_handler.log_command:Invoked command in '/home/user/ros2_ws/build/navigation_tb3' returned '0': CMAKE_PREFIX_PATH=${CMAKE_PREFIX_PATH}:/home/user/ros2_ws/install/robot_test:/home/user/ros2_ws/install/robot_python:/home/user/ros2_ws/install/my_cpp_py_pkg:/opt/ros/iron _=/usr/bin/env /usr/bin/cmake --build /home/user/ros2_ws/build/navigation_tb3 -- -j8 -l8
[2.540s] DEBUG:colcon.colcon_core.event_handler.log_command:Invoking command in '/home/user/ros2_ws/build/robot_test': CMAKE_PREFIX_PATH=${CMAKE_PREFIX_PATH}:/home/user/ros2_ws/install/robot_test:/home/user/ros2_ws/install/robot_python:/home/user/ros2_ws/install/my_cpp_py_pkg:/opt/ros/iron _=/usr/bin/env /usr/bin/cmake --install /home/user/ros2_ws/build/robot_test
[2.544s] DEBUG:colcon.colcon_core.event_handler.log_command:Invoked command in '/home/user/ros2_ws/build/turtlebot3_gazebo' returned '0': CMAKE_PREFIX_PATH=${CMAKE_PREFIX_PATH}:/home/user/ros2_ws/install/robot_test:/home/user/ros2_ws/install/robot_python:/home/user/ros2_ws/install/my_cpp_py_pkg:/opt/ros/iron _=/usr/bin/env /usr/bin/cmake --build /home/user/ros2_ws/build/turtlebot3_gazebo -- -j8 -l8
[2.559s] DEBUG:colcon.colcon_core.event_handler.log_command:Invoking command in '/home/user/ros2_ws/build/robot_control': CMAKE_PREFIX_PATH=${CMAKE_PREFIX_PATH}:/home/user/ros2_ws/install/robot_test:/home/user/ros2_ws/install/robot_python:/home/user/ros2_ws/install/my_cpp_py_pkg:/opt/ros/iron _=/usr/bin/env /usr/bin/cmake --install /home/user/ros2_ws/build/robot_control
[2.628s] Level 1:colcon.colcon_core.environment:create_environment_scripts_only(robot_test)
[2.639s] Level 1:colcon.colcon_core.environment:checking '/home/user/ros2_ws/install/robot_test' for CMake module files
[2.646s] DEBUG:colcon.colcon_core.event_handler.log_command:Invoked command in '/home/user/ros2_ws/build/robot_test' returned '0': CMAKE_PREFIX_PATH=${CMAKE_PREFIX_PATH}:/home/user/ros2_ws/install/robot_test:/home/user/ros2_ws/install/robot_python:/home/user/ros2_ws/install/my_cpp_py_pkg:/opt/ros/iron _=/usr/bin/env /usr/bin/cmake --install /home/user/ros2_ws/build/robot_test
[2.646s] Level 1:colcon.colcon_core.environment:checking '/home/user/ros2_ws/install/robot_test' for CMake config files
[2.647s] Level 1:colcon.colcon_core.shell:create_environment_hook('robot_test', 'cmake_prefix_path')
[2.649s] INFO:colcon.colcon_core.shell:Creating environment hook '/home/user/ros2_ws/install/robot_test/share/robot_test/hook/cmake_prefix_path.ps1'
[2.650s] INFO:colcon.colcon_core.shell:Creating environment descriptor '/home/user/ros2_ws/install/robot_test/share/robot_test/hook/cmake_prefix_path.dsv'
[2.651s] INFO:colcon.colcon_core.shell:Creating environment hook '/home/user/ros2_ws/install/robot_test/share/robot_test/hook/cmake_prefix_path.sh'
[2.652s] Level 1:colcon.colcon_core.environment:checking '/home/user/ros2_ws/install/robot_test/bin'
[2.652s] Level 1:colcon.colcon_core.environment:checking '/home/user/ros2_ws/install/robot_test/lib/pkgconfig/robot_test.pc'
[2.652s] Level 1:colcon.colcon_core.environment:checking '/home/user/ros2_ws/install/robot_test/lib/python3.10/site-packages'
[2.653s] Level 1:colcon.colcon_core.environment:checking '/home/user/ros2_ws/install/robot_test/bin'
[2.656s] INFO:colcon.colcon_core.shell:Creating package script '/home/user/ros2_ws/install/robot_test/share/robot_test/package.ps1'
[2.657s] INFO:colcon.colcon_core.shell:Creating package descriptor '/home/user/ros2_ws/install/robot_test/share/robot_test/package.dsv'
[2.658s] INFO:colcon.colcon_core.shell:Creating package script '/home/user/ros2_ws/install/robot_test/share/robot_test/package.sh'
[2.659s] INFO:colcon.colcon_core.shell:Creating package script '/home/user/ros2_ws/install/robot_test/share/robot_test/package.bash'
[2.661s] INFO:colcon.colcon_core.shell:Creating package script '/home/user/ros2_ws/install/robot_test/share/robot_test/package.zsh'
[2.662s] Level 1:colcon.colcon_core.environment:create_file_with_runtime_dependencies(/home/user/ros2_ws/install/robot_test/share/colcon-core/packages/robot_test)
[2.670s] Level 1:colcon.colcon_core.environment:create_environment_scripts_only(robot_control)
[2.671s] DEBUG:colcon.colcon_core.event_handler.log_command:Invoked command in '/home/user/ros2_ws/build/robot_control' returned '0': CMAKE_PREFIX_PATH=${CMAKE_PREFIX_PATH}:/home/user/ros2_ws/install/robot_test:/home/user/ros2_ws/install/robot_python:/home/user/ros2_ws/install/my_cpp_py_pkg:/opt/ros/iron _=/usr/bin/env /usr/bin/cmake --install /home/user/ros2_ws/build/robot_control
[2.676s] Level 1:colcon.colcon_core.environment:checking '/home/user/ros2_ws/install/robot_control' for CMake module files
[2.677s] Level 1:colcon.colcon_core.environment:checking '/home/user/ros2_ws/install/robot_control' for CMake config files
[2.678s] Level 1:colcon.colcon_core.shell:create_environment_hook('robot_control', 'cmake_prefix_path')
[2.682s] INFO:colcon.colcon_core.shell:Creating environment hook '/home/user/ros2_ws/install/robot_control/share/robot_control/hook/cmake_prefix_path.ps1'
[2.682s] INFO:colcon.colcon_core.shell:Creating environment descriptor '/home/user/ros2_ws/install/robot_control/share/robot_control/hook/cmake_prefix_path.dsv'
[2.727s] INFO:colcon.colcon_core.shell:Creating environment hook '/home/user/ros2_ws/install/robot_control/share/robot_control/hook/cmake_prefix_path.sh'
[2.728s] Level 1:colcon.colcon_core.environment:checking '/home/user/ros2_ws/install/robot_control/lib'
[2.729s] Level 1:colcon.colcon_core.environment:checking '/home/user/ros2_ws/install/robot_control/bin'
[2.729s] Level 1:colcon.colcon_core.environment:checking '/home/user/ros2_ws/install/robot_control/lib/pkgconfig/robot_control.pc'
[2.729s] Level 1:colcon.colcon_core.environment:checking '/home/user/ros2_ws/install/robot_control/lib/python3.10/site-packages'
[2.730s] Level 1:colcon.colcon_core.environment:checking '/home/user/ros2_ws/install/robot_control/bin'
[2.733s] INFO:colcon.colcon_core.shell:Creating package script '/home/user/ros2_ws/install/robot_control/share/robot_control/package.ps1'
[2.734s] INFO:colcon.colcon_core.shell:Creating package descriptor '/home/user/ros2_ws/install/robot_control/share/robot_control/package.dsv'
[2.735s] INFO:colcon.colcon_core.shell:Creating package script '/home/user/ros2_ws/install/robot_control/share/robot_control/package.sh'
[2.736s] INFO:colcon.colcon_core.shell:Creating package script '/home/user/ros2_ws/install/robot_control/share/robot_control/package.bash'
[2.737s] INFO:colcon.colcon_core.shell:Creating package script '/home/user/ros2_ws/install/robot_control/share/robot_control/package.zsh'
[2.737s] Level 1:colcon.colcon_core.environment:create_file_with_runtime_dependencies(/home/user/ros2_ws/install/robot_control/share/colcon-core/packages/robot_control)
[2.744s] DEBUG:colcon.colcon_core.event_handler.log_command:Invoking command in '/home/user/ros2_ws/build/navigation_tb3': CMAKE_PREFIX_PATH=${CMAKE_PREFIX_PATH}:/home/user/ros2_ws/install/robot_test:/home/user/ros2_ws/install/robot_python:/home/user/ros2_ws/install/my_cpp_py_pkg:/opt/ros/iron _=/usr/bin/env /usr/bin/cmake --install /home/user/ros2_ws/build/navigation_tb3
[2.750s] DEBUG:colcon.colcon_core.event_handler.log_command:Invoking command in '/home/user/ros2_ws/build/my_cpp_py_pkg': CMAKE_PREFIX_PATH=${CMAKE_PREFIX_PATH}:/home/user/ros2_ws/install/robot_test:/home/user/ros2_ws/install/robot_python:/home/user/ros2_ws/install/my_cpp_py_pkg:/opt/ros/iron _=/usr/bin/env /usr/bin/cmake --install /home/user/ros2_ws/build/my_cpp_py_pkg
[2.851s] DEBUG:colcon.colcon_core.event_handler.log_command:Invoking command in '/home/user/ros2_ws/build/turtlebot3_gazebo': CMAKE_PREFIX_PATH=${CMAKE_PREFIX_PATH}:/home/user/ros2_ws/install/robot_test:/home/user/ros2_ws/install/robot_python:/home/user/ros2_ws/install/my_cpp_py_pkg:/opt/ros/iron _=/usr/bin/env /usr/bin/cmake --install /home/user/ros2_ws/build/turtlebot3_gazebo
[2.870s] Level 1:colcon.colcon_core.environment:create_environment_scripts_only(robot_test)
[2.931s] Level 1:colcon.colcon_core.environment:checking '/home/user/ros2_ws/install/robot_test' for CMake module files
[2.941s] Level 1:colcon.colcon_core.environment:checking '/home/user/ros2_ws/install/robot_test' for CMake config files
[2.942s] Level 1:colcon.colcon_core.shell:create_environment_hook('robot_test', 'cmake_prefix_path')
[2.945s] INFO:colcon.colcon_core.shell:Creating environment hook '/home/user/ros2_ws/install/robot_test/share/robot_test/hook/cmake_prefix_path.ps1'
[2.946s] INFO:colcon.colcon_core.shell:Creating environment descriptor '/home/user/ros2_ws/install/robot_test/share/robot_test/hook/cmake_prefix_path.dsv'
[2.951s] INFO:colcon.colcon_core.shell:Creating environment hook '/home/user/ros2_ws/install/robot_test/share/robot_test/hook/cmake_prefix_path.sh'
[2.953s] Level 1:colcon.colcon_core.environment:checking '/home/user/ros2_ws/install/robot_test/bin'
[2.954s] Level 1:colcon.colcon_core.environment:checking '/home/user/ros2_ws/install/robot_test/lib/pkgconfig/robot_test.pc'
[2.955s] Level 1:colcon.colcon_core.environment:checking '/home/user/ros2_ws/install/robot_test/lib/python3.10/site-packages'
[2.956s] Level 1:colcon.colcon_core.environment:checking '/home/user/ros2_ws/install/robot_test/bin'
[2.959s] INFO:colcon.colcon_core.shell:Creating package script '/home/user/ros2_ws/install/robot_test/share/robot_test/package.ps1'
[2.967s] INFO:colcon.colcon_core.shell:Creating package descriptor '/home/user/ros2_ws/install/robot_test/share/robot_test/package.dsv'
[2.967s] INFO:colcon.colcon_core.shell:Creating package script '/home/user/ros2_ws/install/robot_test/share/robot_test/package.sh'
[2.968s] INFO:colcon.colcon_core.shell:Creating package script '/home/user/ros2_ws/install/robot_test/share/robot_test/package.bash'
[2.968s] INFO:colcon.colcon_core.shell:Creating package script '/home/user/ros2_ws/install/robot_test/share/robot_test/package.zsh'
[2.969s] Level 1:colcon.colcon_core.environment:create_file_with_runtime_dependencies(/home/user/ros2_ws/install/robot_test/share/colcon-core/packages/robot_test)
[2.971s] Level 1:colcon.colcon_core.environment:create_environment_scripts_only(turtlebot3_gazebo)
[2.973s] Level 1:colcon.colcon_core.environment:checking '/home/user/ros2_ws/install/turtlebot3_gazebo' for CMake module files
[2.974s] DEBUG:colcon.colcon_core.event_handler.log_command:Invoked command in '/home/user/ros2_ws/build/turtlebot3_gazebo' returned '0': CMAKE_PREFIX_PATH=${CMAKE_PREFIX_PATH}:/home/user/ros2_ws/install/robot_test:/home/user/ros2_ws/install/robot_python:/home/user/ros2_ws/install/my_cpp_py_pkg:/opt/ros/iron _=/usr/bin/env /usr/bin/cmake --install /home/user/ros2_ws/build/turtlebot3_gazebo
[3.032s] Level 1:colcon.colcon_core.environment:checking '/home/user/ros2_ws/install/turtlebot3_gazebo' for CMake config files
[3.033s] Level 1:colcon.colcon_core.shell:create_environment_hook('turtlebot3_gazebo', 'cmake_prefix_path')
[3.036s] INFO:colcon.colcon_core.shell:Creating environment hook '/home/user/ros2_ws/install/turtlebot3_gazebo/share/turtlebot3_gazebo/hook/cmake_prefix_path.ps1'
[3.037s] INFO:colcon.colcon_core.shell:Creating environment descriptor '/home/user/ros2_ws/install/turtlebot3_gazebo/share/turtlebot3_gazebo/hook/cmake_prefix_path.dsv'
[3.038s] INFO:colcon.colcon_core.shell:Creating environment hook '/home/user/ros2_ws/install/turtlebot3_gazebo/share/turtlebot3_gazebo/hook/cmake_prefix_path.sh'
[3.039s] Level 1:colcon.colcon_core.environment:checking '/home/user/ros2_ws/install/turtlebot3_gazebo/lib'
[3.039s] Level 1:colcon.colcon_core.environment:checking '/home/user/ros2_ws/install/turtlebot3_gazebo/bin'
[3.039s] Level 1:colcon.colcon_core.environment:checking '/home/user/ros2_ws/install/turtlebot3_gazebo/lib/pkgconfig/turtlebot3_gazebo.pc'
[3.040s] Level 1:colcon.colcon_core.environment:checking '/home/user/ros2_ws/install/turtlebot3_gazebo/lib/python3.10/site-packages'
[3.040s] Level 1:colcon.colcon_core.environment:checking '/home/user/ros2_ws/install/turtlebot3_gazebo/bin'
[3.043s] INFO:colcon.colcon_core.shell:Creating package script '/home/user/ros2_ws/install/turtlebot3_gazebo/share/turtlebot3_gazebo/package.ps1'
[3.047s] INFO:colcon.colcon_core.shell:Creating package descriptor '/home/user/ros2_ws/install/turtlebot3_gazebo/share/turtlebot3_gazebo/package.dsv'
[3.048s] INFO:colcon.colcon_core.shell:Creating package script '/home/user/ros2_ws/install/turtlebot3_gazebo/share/turtlebot3_gazebo/package.sh'
[3.049s] INFO:colcon.colcon_core.shell:Creating package script '/home/user/ros2_ws/install/turtlebot3_gazebo/share/turtlebot3_gazebo/package.bash'
[3.049s] INFO:colcon.colcon_core.shell:Creating package script '/home/user/ros2_ws/install/turtlebot3_gazebo/share/turtlebot3_gazebo/package.zsh'
[3.050s] Level 1:colcon.colcon_core.environment:create_file_with_runtime_dependencies(/home/user/ros2_ws/install/turtlebot3_gazebo/share/colcon-core/packages/turtlebot3_gazebo)
[3.066s] Level 1:colcon.colcon_core.environment:create_environment_scripts_only(my_cpp_py_pkg)
[3.067s] DEBUG:colcon.colcon_core.event_handler.log_command:Invoked command in '/home/user/ros2_ws/build/my_cpp_py_pkg' returned '0': CMAKE_PREFIX_PATH=${CMAKE_PREFIX_PATH}:/home/user/ros2_ws/install/robot_test:/home/user/ros2_ws/install/robot_python:/home/user/ros2_ws/install/my_cpp_py_pkg:/opt/ros/iron _=/usr/bin/env /usr/bin/cmake --install /home/user/ros2_ws/build/my_cpp_py_pkg
[3.071s] Level 1:colcon.colcon_core.environment:checking '/home/user/ros2_ws/install/my_cpp_py_pkg' for CMake module files
[3.072s] Level 1:colcon.colcon_core.environment:checking '/home/user/ros2_ws/install/my_cpp_py_pkg' for CMake config files
[3.073s] Level 1:colcon.colcon_core.shell:create_environment_hook('my_cpp_py_pkg', 'cmake_prefix_path')
[3.083s] INFO:colcon.colcon_core.shell:Creating environment hook '/home/user/ros2_ws/install/my_cpp_py_pkg/share/my_cpp_py_pkg/hook/cmake_prefix_path.ps1'
[3.084s] INFO:colcon.colcon_core.shell:Creating environment descriptor '/home/user/ros2_ws/install/my_cpp_py_pkg/share/my_cpp_py_pkg/hook/cmake_prefix_path.dsv'
[3.085s] INFO:colcon.colcon_core.shell:Creating environment hook '/home/user/ros2_ws/install/my_cpp_py_pkg/share/my_cpp_py_pkg/hook/cmake_prefix_path.sh'
[3.086s] Level 1:colcon.colcon_core.environment:checking '/home/user/ros2_ws/install/my_cpp_py_pkg/lib'
[3.086s] Level 1:colcon.colcon_core.environment:checking '/home/user/ros2_ws/install/my_cpp_py_pkg/bin'
[3.086s] Level 1:colcon.colcon_core.environment:checking '/home/user/ros2_ws/install/my_cpp_py_pkg/lib/pkgconfig/my_cpp_py_pkg.pc'
[3.086s] Level 1:colcon.colcon_core.environment:checking '/home/user/ros2_ws/install/my_cpp_py_pkg/lib/python3.10/site-packages'
[3.087s] Level 1:colcon.colcon_core.shell:create_environment_hook('my_cpp_py_pkg', 'pythonpath')
[3.090s] INFO:colcon.colcon_core.shell:Creating environment hook '/home/user/ros2_ws/install/my_cpp_py_pkg/share/my_cpp_py_pkg/hook/pythonpath.ps1'
[3.090s] INFO:colcon.colcon_core.shell:Creating environment descriptor '/home/user/ros2_ws/install/my_cpp_py_pkg/share/my_cpp_py_pkg/hook/pythonpath.dsv'
[3.091s] INFO:colcon.colcon_core.shell:Creating environment hook '/home/user/ros2_ws/install/my_cpp_py_pkg/share/my_cpp_py_pkg/hook/pythonpath.sh'
[3.092s] Level 1:colcon.colcon_core.environment:checking '/home/user/ros2_ws/install/my_cpp_py_pkg/bin'
[3.127s] INFO:colcon.colcon_core.shell:Creating package script '/home/user/ros2_ws/install/my_cpp_py_pkg/share/my_cpp_py_pkg/package.ps1'
[3.128s] INFO:colcon.colcon_core.shell:Creating package descriptor '/home/user/ros2_ws/install/my_cpp_py_pkg/share/my_cpp_py_pkg/package.dsv'
[3.129s] INFO:colcon.colcon_core.shell:Creating package script '/home/user/ros2_ws/install/my_cpp_py_pkg/share/my_cpp_py_pkg/package.sh'
[3.130s] INFO:colcon.colcon_core.shell:Creating package script '/home/user/ros2_ws/install/my_cpp_py_pkg/share/my_cpp_py_pkg/package.bash'
[3.130s] INFO:colcon.colcon_core.shell:Creating package script '/home/user/ros2_ws/install/my_cpp_py_pkg/share/my_cpp_py_pkg/package.zsh'
[3.131s] Level 1:colcon.colcon_core.environment:create_file_with_runtime_dependencies(/home/user/ros2_ws/install/my_cpp_py_pkg/share/colcon-core/packages/my_cpp_py_pkg)
[3.141s] Level 1:colcon.colcon_core.environment:create_environment_scripts_only(navigation_tb3)
[3.141s] DEBUG:colcon.colcon_core.event_handler.log_command:Invoked command in '/home/user/ros2_ws/build/navigation_tb3' returned '0': CMAKE_PREFIX_PATH=${CMAKE_PREFIX_PATH}:/home/user/ros2_ws/install/robot_test:/home/user/ros2_ws/install/robot_python:/home/user/ros2_ws/install/my_cpp_py_pkg:/opt/ros/iron _=/usr/bin/env /usr/bin/cmake --install /home/user/ros2_ws/build/navigation_tb3
[3.146s] Level 1:colcon.colcon_core.environment:checking '/home/user/ros2_ws/install/navigation_tb3' for CMake module files
[3.148s] Level 1:colcon.colcon_core.environment:checking '/home/user/ros2_ws/install/navigation_tb3' for CMake config files
[3.149s] Level 1:colcon.colcon_core.shell:create_environment_hook('navigation_tb3', 'cmake_prefix_path')
[3.153s] INFO:colcon.colcon_core.shell:Creating environment hook '/home/user/ros2_ws/install/navigation_tb3/share/navigation_tb3/hook/cmake_prefix_path.ps1'
[3.153s] INFO:colcon.colcon_core.shell:Creating environment descriptor '/home/user/ros2_ws/install/navigation_tb3/share/navigation_tb3/hook/cmake_prefix_path.dsv'
[3.154s] INFO:colcon.colcon_core.shell:Creating environment hook '/home/user/ros2_ws/install/navigation_tb3/share/navigation_tb3/hook/cmake_prefix_path.sh'
[3.169s] Level 1:colcon.colcon_core.environment:checking '/home/user/ros2_ws/install/navigation_tb3/lib'
[3.170s] Level 1:colcon.colcon_core.environment:checking '/home/user/ros2_ws/install/navigation_tb3/bin'
[3.170s] Level 1:colcon.colcon_core.environment:checking '/home/user/ros2_ws/install/navigation_tb3/lib/pkgconfig/navigation_tb3.pc'
[3.170s] Level 1:colcon.colcon_core.environment:checking '/home/user/ros2_ws/install/navigation_tb3/lib/python3.10/site-packages'
[3.170s] Level 1:colcon.colcon_core.shell:create_environment_hook('navigation_tb3', 'pythonpath')
[3.187s] INFO:colcon.colcon_core.shell:Creating environment hook '/home/user/ros2_ws/install/navigation_tb3/share/navigation_tb3/hook/pythonpath.ps1'
[3.190s] INFO:colcon.colcon_core.shell:Creating environment descriptor '/home/user/ros2_ws/install/navigation_tb3/share/navigation_tb3/hook/pythonpath.dsv'
[3.191s] INFO:colcon.colcon_core.shell:Creating environment hook '/home/user/ros2_ws/install/navigation_tb3/share/navigation_tb3/hook/pythonpath.sh'
[3.192s] Level 1:colcon.colcon_core.environment:checking '/home/user/ros2_ws/install/navigation_tb3/bin'
[3.200s] INFO:colcon.colcon_core.shell:Creating package script '/home/user/ros2_ws/install/navigation_tb3/share/navigation_tb3/package.ps1'
[3.201s] INFO:colcon.colcon_core.shell:Creating package descriptor '/home/user/ros2_ws/install/navigation_tb3/share/navigation_tb3/package.dsv'
[3.201s] INFO:colcon.colcon_core.shell:Creating package script '/home/user/ros2_ws/install/navigation_tb3/share/navigation_tb3/package.sh'
[3.202s] INFO:colcon.colcon_core.shell:Creating package script '/home/user/ros2_ws/install/navigation_tb3/share/navigation_tb3/package.bash'
[3.227s] INFO:colcon.colcon_core.shell:Creating package script '/home/user/ros2_ws/install/navigation_tb3/share/navigation_tb3/package.zsh'
[3.227s] Level 1:colcon.colcon_core.environment:create_file_with_runtime_dependencies(/home/user/ros2_ws/install/navigation_tb3/share/colcon-core/packages/navigation_tb3)
[3.234s] Level 1:colcon.colcon_core.environment:create_environment_scripts_only(robot_control)
[3.238s] Level 1:colcon.colcon_core.environment:checking '/home/user/ros2_ws/install/robot_control' for CMake module files
[3.239s] Level 1:colcon.colcon_core.environment:checking '/home/user/ros2_ws/install/robot_control' for CMake config files
[3.240s] Level 1:colcon.colcon_core.shell:create_environment_hook('robot_control', 'cmake_prefix_path')
[3.243s] INFO:colcon.colcon_core.shell:Creating environment hook '/home/user/ros2_ws/install/robot_control/share/robot_control/hook/cmake_prefix_path.ps1'
[3.244s] INFO:colcon.colcon_core.shell:Creating environment descriptor '/home/user/ros2_ws/install/robot_control/share/robot_control/hook/cmake_prefix_path.dsv'
[3.244s] INFO:colcon.colcon_core.shell:Creating environment hook '/home/user/ros2_ws/install/robot_control/share/robot_control/hook/cmake_prefix_path.sh'
[3.245s] Level 1:colcon.colcon_core.environment:checking '/home/user/ros2_ws/install/robot_control/lib'
[3.246s] Level 1:colcon.colcon_core.environment:checking '/home/user/ros2_ws/install/robot_control/bin'
[3.246s] Level 1:colcon.colcon_core.environment:checking '/home/user/ros2_ws/install/robot_control/lib/pkgconfig/robot_control.pc'
[3.246s] Level 1:colcon.colcon_core.environment:checking '/home/user/ros2_ws/install/robot_control/lib/python3.10/site-packages'
[3.247s] Level 1:colcon.colcon_core.environment:checking '/home/user/ros2_ws/install/robot_control/bin'
[3.251s] INFO:colcon.colcon_core.shell:Creating package script '/home/user/ros2_ws/install/robot_control/share/robot_control/package.ps1'
[3.253s] INFO:colcon.colcon_core.shell:Creating package descriptor '/home/user/ros2_ws/install/robot_control/share/robot_control/package.dsv'
[3.254s] INFO:colcon.colcon_core.shell:Creating package script '/home/user/ros2_ws/install/robot_control/share/robot_control/package.sh'
[3.255s] INFO:colcon.colcon_core.shell:Creating package script '/home/user/ros2_ws/install/robot_control/share/robot_control/package.bash'
[3.255s] INFO:colcon.colcon_core.shell:Creating package script '/home/user/ros2_ws/install/robot_control/share/robot_control/package.zsh'
[3.256s] Level 1:colcon.colcon_core.environment:create_file_with_runtime_dependencies(/home/user/ros2_ws/install/robot_control/share/colcon-core/packages/robot_control)
[3.333s] Level 1:colcon.colcon_core.environment:create_environment_scripts_only(turtlebot3_gazebo)
[3.337s] Level 1:colcon.colcon_core.environment:checking '/home/user/ros2_ws/install/turtlebot3_gazebo' for CMake module files
[3.338s] Level 1:colcon.colcon_core.environment:checking '/home/user/ros2_ws/install/turtlebot3_gazebo' for CMake config files
[3.338s] Level 1:colcon.colcon_core.shell:create_environment_hook('turtlebot3_gazebo', 'cmake_prefix_path')
[3.340s] INFO:colcon.colcon_core.shell:Creating environment hook '/home/user/ros2_ws/install/turtlebot3_gazebo/share/turtlebot3_gazebo/hook/cmake_prefix_path.ps1'
[3.341s] INFO:colcon.colcon_core.shell:Creating environment descriptor '/home/user/ros2_ws/install/turtlebot3_gazebo/share/turtlebot3_gazebo/hook/cmake_prefix_path.dsv'
[3.341s] INFO:colcon.colcon_core.shell:Creating environment hook '/home/user/ros2_ws/install/turtlebot3_gazebo/share/turtlebot3_gazebo/hook/cmake_prefix_path.sh'
[3.342s] Level 1:colcon.colcon_core.environment:checking '/home/user/ros2_ws/install/turtlebot3_gazebo/lib'
[3.342s] Level 1:colcon.colcon_core.environment:checking '/home/user/ros2_ws/install/turtlebot3_gazebo/bin'
[3.342s] Level 1:colcon.colcon_core.environment:checking '/home/user/ros2_ws/install/turtlebot3_gazebo/lib/pkgconfig/turtlebot3_gazebo.pc'
[3.343s] Level 1:colcon.colcon_core.environment:checking '/home/user/ros2_ws/install/turtlebot3_gazebo/lib/python3.10/site-packages'
[3.343s] Level 1:colcon.colcon_core.environment:checking '/home/user/ros2_ws/install/turtlebot3_gazebo/bin'
[3.345s] INFO:colcon.colcon_core.shell:Creating package script '/home/user/ros2_ws/install/turtlebot3_gazebo/share/turtlebot3_gazebo/package.ps1'
[3.345s] INFO:colcon.colcon_core.shell:Creating package descriptor '/home/user/ros2_ws/install/turtlebot3_gazebo/share/turtlebot3_gazebo/package.dsv'
[3.346s] INFO:colcon.colcon_core.shell:Creating package script '/home/user/ros2_ws/install/turtlebot3_gazebo/share/turtlebot3_gazebo/package.sh'
[3.346s] INFO:colcon.colcon_core.shell:Creating package script '/home/user/ros2_ws/install/turtlebot3_gazebo/share/turtlebot3_gazebo/package.bash'
[3.347s] INFO:colcon.colcon_core.shell:Creating package script '/home/user/ros2_ws/install/turtlebot3_gazebo/share/turtlebot3_gazebo/package.zsh'
[3.347s] Level 1:colcon.colcon_core.environment:create_file_with_runtime_dependencies(/home/user/ros2_ws/install/turtlebot3_gazebo/share/colcon-core/packages/turtlebot3_gazebo)
[3.350s] Level 1:colcon.colcon_core.environment:create_environment_scripts_only(my_cpp_py_pkg)
[3.354s] Level 1:colcon.colcon_core.environment:checking '/home/user/ros2_ws/install/my_cpp_py_pkg' for CMake module files
[3.355s] Level 1:colcon.colcon_core.environment:checking '/home/user/ros2_ws/install/my_cpp_py_pkg' for CMake config files
[3.356s] Level 1:colcon.colcon_core.shell:create_environment_hook('my_cpp_py_pkg', 'cmake_prefix_path')
[3.360s] INFO:colcon.colcon_core.shell:Creating environment hook '/home/user/ros2_ws/install/my_cpp_py_pkg/share/my_cpp_py_pkg/hook/cmake_prefix_path.ps1'
[3.360s] INFO:colcon.colcon_core.shell:Creating environment descriptor '/home/user/ros2_ws/install/my_cpp_py_pkg/share/my_cpp_py_pkg/hook/cmake_prefix_path.dsv'
[3.361s] INFO:colcon.colcon_core.shell:Creating environment hook '/home/user/ros2_ws/install/my_cpp_py_pkg/share/my_cpp_py_pkg/hook/cmake_prefix_path.sh'
[3.362s] Level 1:colcon.colcon_core.environment:checking '/home/user/ros2_ws/install/my_cpp_py_pkg/lib'
[3.362s] Level 1:colcon.colcon_core.environment:checking '/home/user/ros2_ws/install/my_cpp_py_pkg/bin'
[3.362s] Level 1:colcon.colcon_core.environment:checking '/home/user/ros2_ws/install/my_cpp_py_pkg/lib/pkgconfig/my_cpp_py_pkg.pc'
[3.362s] Level 1:colcon.colcon_core.environment:checking '/home/user/ros2_ws/install/my_cpp_py_pkg/lib/python3.10/site-packages'
[3.362s] Level 1:colcon.colcon_core.shell:create_environment_hook('my_cpp_py_pkg', 'pythonpath')
[3.364s] INFO:colcon.colcon_core.shell:Creating environment hook '/home/user/ros2_ws/install/my_cpp_py_pkg/share/my_cpp_py_pkg/hook/pythonpath.ps1'
[3.364s] INFO:colcon.colcon_core.shell:Creating environment descriptor '/home/user/ros2_ws/install/my_cpp_py_pkg/share/my_cpp_py_pkg/hook/pythonpath.dsv'
[3.365s] INFO:colcon.colcon_core.shell:Creating environment hook '/home/user/ros2_ws/install/my_cpp_py_pkg/share/my_cpp_py_pkg/hook/pythonpath.sh'
[3.365s] Level 1:colcon.colcon_core.environment:checking '/home/user/ros2_ws/install/my_cpp_py_pkg/bin'
[3.370s] INFO:colcon.colcon_core.shell:Creating package script '/home/user/ros2_ws/install/my_cpp_py_pkg/share/my_cpp_py_pkg/package.ps1'
[3.371s] INFO:colcon.colcon_core.shell:Creating package descriptor '/home/user/ros2_ws/install/my_cpp_py_pkg/share/my_cpp_py_pkg/package.dsv'
[3.372s] INFO:colcon.colcon_core.shell:Creating package script '/home/user/ros2_ws/install/my_cpp_py_pkg/share/my_cpp_py_pkg/package.sh'
[3.372s] INFO:colcon.colcon_core.shell:Creating package script '/home/user/ros2_ws/install/my_cpp_py_pkg/share/my_cpp_py_pkg/package.bash'
[3.373s] INFO:colcon.colcon_core.shell:Creating package script '/home/user/ros2_ws/install/my_cpp_py_pkg/share/my_cpp_py_pkg/package.zsh'
[3.373s] Level 1:colcon.colcon_core.environment:create_file_with_runtime_dependencies(/home/user/ros2_ws/install/my_cpp_py_pkg/share/colcon-core/packages/my_cpp_py_pkg)
[3.376s] Level 1:colcon.colcon_core.environment:create_environment_scripts_only(navigation_tb3)
[3.378s] Level 1:colcon.colcon_core.environment:checking '/home/user/ros2_ws/install/navigation_tb3' for CMake module files
[3.380s] Level 1:colcon.colcon_core.environment:checking '/home/user/ros2_ws/install/navigation_tb3' for CMake config files
[3.381s] Level 1:colcon.colcon_core.shell:create_environment_hook('navigation_tb3', 'cmake_prefix_path')
[3.384s] INFO:colcon.colcon_core.shell:Creating environment hook '/home/user/ros2_ws/install/navigation_tb3/share/navigation_tb3/hook/cmake_prefix_path.ps1'
[3.385s] INFO:colcon.colcon_core.shell:Creating environment descriptor '/home/user/ros2_ws/install/navigation_tb3/share/navigation_tb3/hook/cmake_prefix_path.dsv'
[3.385s] INFO:colcon.colcon_core.shell:Creating environment hook '/home/user/ros2_ws/install/navigation_tb3/share/navigation_tb3/hook/cmake_prefix_path.sh'
[3.386s] Level 1:colcon.colcon_core.environment:checking '/home/user/ros2_ws/install/navigation_tb3/lib'
[3.386s] Level 1:colcon.colcon_core.environment:checking '/home/user/ros2_ws/install/navigation_tb3/bin'
[3.386s] Level 1:colcon.colcon_core.environment:checking '/home/user/ros2_ws/install/navigation_tb3/lib/pkgconfig/navigation_tb3.pc'
[3.427s] Level 1:colcon.colcon_core.environment:checking '/home/user/ros2_ws/install/navigation_tb3/lib/python3.10/site-packages'
[3.427s] Level 1:colcon.colcon_core.shell:create_environment_hook('navigation_tb3', 'pythonpath')
[3.430s] INFO:colcon.colcon_core.shell:Creating environment hook '/home/user/ros2_ws/install/navigation_tb3/share/navigation_tb3/hook/pythonpath.ps1'
[3.431s] INFO:colcon.colcon_core.shell:Creating environment descriptor '/home/user/ros2_ws/install/navigation_tb3/share/navigation_tb3/hook/pythonpath.dsv'
[3.431s] INFO:colcon.colcon_core.shell:Creating environment hook '/home/user/ros2_ws/install/navigation_tb3/share/navigation_tb3/hook/pythonpath.sh'
[3.432s] Level 1:colcon.colcon_core.environment:checking '/home/user/ros2_ws/install/navigation_tb3/bin'
[3.435s] INFO:colcon.colcon_core.shell:Creating package script '/home/user/ros2_ws/install/navigation_tb3/share/navigation_tb3/package.ps1'
[3.437s] INFO:colcon.colcon_core.shell:Creating package descriptor '/home/user/ros2_ws/install/navigation_tb3/share/navigation_tb3/package.dsv'
[3.438s] INFO:colcon.colcon_core.shell:Creating package script '/home/user/ros2_ws/install/navigation_tb3/share/navigation_tb3/package.sh'
[3.438s] INFO:colcon.colcon_core.shell:Creating package script '/home/user/ros2_ws/install/navigation_tb3/share/navigation_tb3/package.bash'
[3.439s] INFO:colcon.colcon_core.shell:Creating package script '/home/user/ros2_ws/install/navigation_tb3/share/navigation_tb3/package.zsh'
[3.440s] Level 1:colcon.colcon_core.environment:create_file_with_runtime_dependencies(/home/user/ros2_ws/install/navigation_tb3/share/colcon-core/packages/navigation_tb3)
[3.754s] DEBUG:colcon.colcon_core.event_handler.log_command:Invoking command in '/home/user/ros2_ws/src/robot_python': PYTHONPATH=/home/user/ros2_ws/build/robot_python/prefix_override:/home/user/ros2_ws/install/robot_python/lib/python3.10/site-packages:${PYTHONPATH} _=/usr/bin/env /usr/bin/python3 setup.py egg_info --egg-base ../../build/robot_python build --build-base /home/user/ros2_ws/build/robot_python/build install --record /home/user/ros2_ws/build/robot_python/install.log --single-version-externally-managed
[4.166s] Level 1:colcon.colcon_core.environment:checking '/home/user/ros2_ws/install/robot_python' for CMake module files
[4.167s] DEBUG:colcon.colcon_core.event_handler.log_command:Invoked command in '/home/user/ros2_ws/src/robot_python' returned '0': PYTHONPATH=/home/user/ros2_ws/build/robot_python/prefix_override:/home/user/ros2_ws/install/robot_python/lib/python3.10/site-packages:${PYTHONPATH} _=/usr/bin/env /usr/bin/python3 setup.py egg_info --egg-base ../../build/robot_python build --build-base /home/user/ros2_ws/build/robot_python/build install --record /home/user/ros2_ws/build/robot_python/install.log --single-version-externally-managed
[4.168s] Level 1:colcon.colcon_core.environment:checking '/home/user/ros2_ws/install/robot_python' for CMake config files
[4.168s] Level 1:colcon.colcon_core.environment:checking '/home/user/ros2_ws/install/robot_python/lib'
[4.168s] Level 1:colcon.colcon_core.environment:checking '/home/user/ros2_ws/install/robot_python/bin'
[4.169s] Level 1:colcon.colcon_core.environment:checking '/home/user/ros2_ws/install/robot_python/lib/pkgconfig/robot_python.pc'
[4.169s] Level 1:colcon.colcon_core.environment:checking '/home/user/ros2_ws/install/robot_python/lib/python3.10/site-packages'
[4.169s] Level 1:colcon.colcon_core.shell:create_environment_hook('robot_python', 'pythonpath')
[4.170s] INFO:colcon.colcon_core.shell:Creating environment hook '/home/user/ros2_ws/install/robot_python/share/robot_python/hook/pythonpath.ps1'
[4.171s] INFO:colcon.colcon_core.shell:Creating environment descriptor '/home/user/ros2_ws/install/robot_python/share/robot_python/hook/pythonpath.dsv'
[4.171s] INFO:colcon.colcon_core.shell:Creating environment hook '/home/user/ros2_ws/install/robot_python/share/robot_python/hook/pythonpath.sh'
[4.172s] Level 1:colcon.colcon_core.environment:checking '/home/user/ros2_ws/install/robot_python/bin'
[4.172s] Level 1:colcon.colcon_core.environment:create_environment_scripts_only(robot_python)
[4.174s] INFO:colcon.colcon_core.shell:Creating package script '/home/user/ros2_ws/install/robot_python/share/robot_python/package.ps1'
[4.174s] INFO:colcon.colcon_core.shell:Creating package descriptor '/home/user/ros2_ws/install/robot_python/share/robot_python/package.dsv'
[4.175s] INFO:colcon.colcon_core.shell:Creating package script '/home/user/ros2_ws/install/robot_python/share/robot_python/package.sh'
[4.175s] INFO:colcon.colcon_core.shell:Creating package script '/home/user/ros2_ws/install/robot_python/share/robot_python/package.bash'
[4.176s] INFO:colcon.colcon_core.shell:Creating package script '/home/user/ros2_ws/install/robot_python/share/robot_python/package.zsh'
[4.176s] Level 1:colcon.colcon_core.environment:create_file_with_runtime_dependencies(/home/user/ros2_ws/install/robot_python/share/colcon-core/packages/robot_python)
[12.363s] DEBUG:colcon.colcon_core.event_handler.log_command:Invoked command in '/home/user/ros2_ws/build/robot_cpp' returned '0': CMAKE_PREFIX_PATH=${CMAKE_PREFIX_PATH}:/home/user/ros2_ws/install/robot_test:/home/user/ros2_ws/install/robot_python:/home/user/ros2_ws/install/my_cpp_py_pkg:/opt/ros/iron _=/usr/bin/env /usr/bin/cmake --build /home/user/ros2_ws/build/robot_cpp -- -j8 -l8
[12.409s] DEBUG:colcon.colcon_core.event_handler.log_command:Invoking command in '/home/user/ros2_ws/build/robot_cpp': CMAKE_PREFIX_PATH=${CMAKE_PREFIX_PATH}:/home/user/ros2_ws/install/robot_test:/home/user/ros2_ws/install/robot_python:/home/user/ros2_ws/install/my_cpp_py_pkg:/opt/ros/iron _=/usr/bin/env /usr/bin/cmake --install /home/user/ros2_ws/build/robot_cpp
[12.420s] Level 1:colcon.colcon_core.environment:create_environment_scripts_only(robot_cpp)
[12.425s] Level 1:colcon.colcon_core.environment:checking '/home/user/ros2_ws/install/robot_cpp' for CMake module files
[12.427s] Level 1:colcon.colcon_core.environment:checking '/home/user/ros2_ws/install/robot_cpp' for CMake config files
[12.428s] DEBUG:colcon.colcon_core.event_handler.log_command:Invoked command in '/home/user/ros2_ws/build/robot_cpp' returned '0': CMAKE_PREFIX_PATH=${CMAKE_PREFIX_PATH}:/home/user/ros2_ws/install/robot_test:/home/user/ros2_ws/install/robot_python:/home/user/ros2_ws/install/my_cpp_py_pkg:/opt/ros/iron _=/usr/bin/env /usr/bin/cmake --install /home/user/ros2_ws/build/robot_cpp
[12.429s] Level 1:colcon.colcon_core.shell:create_environment_hook('robot_cpp', 'cmake_prefix_path')
[12.432s] INFO:colcon.colcon_core.shell:Creating environment hook '/home/user/ros2_ws/install/robot_cpp/share/robot_cpp/hook/cmake_prefix_path.ps1'
[12.432s] INFO:colcon.colcon_core.shell:Creating environment descriptor '/home/user/ros2_ws/install/robot_cpp/share/robot_cpp/hook/cmake_prefix_path.dsv'
[12.433s] INFO:colcon.colcon_core.shell:Creating environment hook '/home/user/ros2_ws/install/robot_cpp/share/robot_cpp/hook/cmake_prefix_path.sh'
[12.434s] Level 1:colcon.colcon_core.environment:checking '/home/user/ros2_ws/install/robot_cpp/lib'
[12.434s] Level 1:colcon.colcon_core.environment:checking '/home/user/ros2_ws/install/robot_cpp/bin'
[12.434s] Level 1:colcon.colcon_core.environment:checking '/home/user/ros2_ws/install/robot_cpp/lib/pkgconfig/robot_cpp.pc'
[12.435s] Level 1:colcon.colcon_core.environment:checking '/home/user/ros2_ws/install/robot_cpp/lib/python3.10/site-packages'
[12.435s] Level 1:colcon.colcon_core.environment:checking '/home/user/ros2_ws/install/robot_cpp/bin'
[12.438s] INFO:colcon.colcon_core.shell:Creating package script '/home/user/ros2_ws/install/robot_cpp/share/robot_cpp/package.ps1'
[12.439s] INFO:colcon.colcon_core.shell:Creating package descriptor '/home/user/ros2_ws/install/robot_cpp/share/robot_cpp/package.dsv'
[12.440s] INFO:colcon.colcon_core.shell:Creating package script '/home/user/ros2_ws/install/robot_cpp/share/robot_cpp/package.sh'
[12.440s] INFO:colcon.colcon_core.shell:Creating package script '/home/user/ros2_ws/install/robot_cpp/share/robot_cpp/package.bash'
[12.441s] INFO:colcon.colcon_core.shell:Creating package script '/home/user/ros2_ws/install/robot_cpp/share/robot_cpp/package.zsh'
[12.442s] Level 1:colcon.colcon_core.environment:create_file_with_runtime_dependencies(/home/user/ros2_ws/install/robot_cpp/share/colcon-core/packages/robot_cpp)
[12.492s] Level 1:colcon.colcon_core.environment:create_environment_scripts_only(robot_cpp)
[12.494s] Level 1:colcon.colcon_core.environment:checking '/home/user/ros2_ws/install/robot_cpp' for CMake module files
[12.495s] Level 1:colcon.colcon_core.environment:checking '/home/user/ros2_ws/install/robot_cpp' for CMake config files
[12.495s] Level 1:colcon.colcon_core.shell:create_environment_hook('robot_cpp', 'cmake_prefix_path')
[12.497s] INFO:colcon.colcon_core.shell:Creating environment hook '/home/user/ros2_ws/install/robot_cpp/share/robot_cpp/hook/cmake_prefix_path.ps1'
[12.498s] INFO:colcon.colcon_core.shell:Creating environment descriptor '/home/user/ros2_ws/install/robot_cpp/share/robot_cpp/hook/cmake_prefix_path.dsv'
[12.498s] INFO:colcon.colcon_core.shell:Creating environment hook '/home/user/ros2_ws/install/robot_cpp/share/robot_cpp/hook/cmake_prefix_path.sh'
[12.500s] Level 1:colcon.colcon_core.environment:checking '/home/user/ros2_ws/install/robot_cpp/lib'
[12.500s] Level 1:colcon.colcon_core.environment:checking '/home/user/ros2_ws/install/robot_cpp/bin'
[12.500s] Level 1:colcon.colcon_core.environment:checking '/home/user/ros2_ws/install/robot_cpp/lib/pkgconfig/robot_cpp.pc'
[12.500s] Level 1:colcon.colcon_core.environment:checking '/home/user/ros2_ws/install/robot_cpp/lib/python3.10/site-packages'
[12.501s] Level 1:colcon.colcon_core.environment:checking '/home/user/ros2_ws/install/robot_cpp/bin'
[12.504s] INFO:colcon.colcon_core.shell:Creating package script '/home/user/ros2_ws/install/robot_cpp/share/robot_cpp/package.ps1'
[12.504s] INFO:colcon.colcon_core.shell:Creating package descriptor '/home/user/ros2_ws/install/robot_cpp/share/robot_cpp/package.dsv'
[12.505s] INFO:colcon.colcon_core.shell:Creating package script '/home/user/ros2_ws/install/robot_cpp/share/robot_cpp/package.sh'
[12.506s] INFO:colcon.colcon_core.shell:Creating package script '/home/user/ros2_ws/install/robot_cpp/share/robot_cpp/package.bash'
[12.507s] INFO:colcon.colcon_core.shell:Creating package script '/home/user/ros2_ws/install/robot_cpp/share/robot_cpp/package.zsh'
[12.508s] Level 1:colcon.colcon_core.environment:create_file_with_runtime_dependencies(/home/user/ros2_ws/install/robot_cpp/share/colcon-core/packages/robot_cpp)
[12.508s] DEBUG:colcon.colcon_parallel_executor.executor.parallel:closing loop
[12.509s] DEBUG:colcon.colcon_parallel_executor.executor.parallel:loop closed
[12.509s] DEBUG:colcon.colcon_parallel_executor.executor.parallel:run_until_complete finished with '0'
[12.509s] DEBUG:colcon.colcon_core.event_reactor:joining thread
[12.519s] INFO:colcon.colcon_core.plugin_system:Skipping extension 'colcon_notification.desktop_notification.notify_send': Could not find 'notify-send'
[12.520s] INFO:colcon.colcon_core.plugin_system:Skipping extension 'colcon_notification.desktop_notification.terminal_notifier': Not used on non-Darwin systems
[12.520s] INFO:colcon.colcon_core.plugin_system:Skipping extension 'colcon_notification.desktop_notification.win32': Not used on non-Windows systems
[12.520s] INFO:colcon.colcon_notification.desktop_notification:Sending desktop notification using 'notify2'
[12.523s] DEBUG:colcon.colcon_notification.desktop_notification.notify2:Failed to initialize notify2: org.freedesktop.DBus.Error.Spawn.ExecFailed: /usr/bin/dbus-launch terminated abnormally without any error message
[12.523s] DEBUG:colcon.colcon_core.event_reactor:joined thread
[12.525s] INFO:colcon.colcon_core.shell:Creating prefix script '/home/user/ros2_ws/install/local_setup.ps1'
[12.526s] INFO:colcon.colcon_core.shell:Creating prefix util module '/home/user/ros2_ws/install/_local_setup_util_ps1.py'
[12.528s] INFO:colcon.colcon_core.shell:Creating prefix chain script '/home/user/ros2_ws/install/setup.ps1'
[12.530s] INFO:colcon.colcon_core.shell:Creating prefix script '/home/user/ros2_ws/install/local_setup.sh'
[12.530s] INFO:colcon.colcon_core.shell:Creating prefix util module '/home/user/ros2_ws/install/_local_setup_util_sh.py'
[12.531s] INFO:colcon.colcon_core.shell:Creating prefix chain script '/home/user/ros2_ws/install/setup.sh'
[12.533s] INFO:colcon.colcon_core.shell:Creating prefix script '/home/user/ros2_ws/install/local_setup.bash'
[12.534s] INFO:colcon.colcon_core.shell:Creating prefix chain script '/home/user/ros2_ws/install/setup.bash'
[12.535s] INFO:colcon.colcon_core.shell:Creating prefix script '/home/user/ros2_ws/install/local_setup.zsh'
[12.536s] INFO:colcon.colcon_core.shell:Creating prefix chain script '/home/user/ros2_ws/install/setup.zsh'
