[0.102s] Invoking command in '/home/user/ros2_ws/build/my_cpp_py_pkg': CMAKE_PREFIX_PATH=${CMAKE_PREFIX_PATH}:/home/user/ros2_ws/install/robot_python:/opt/ros/iron _=/usr/bin/env /usr/bin/cmake --build /home/user/ros2_ws/build/my_cpp_py_pkg -- -j8 -l8
[1.007s] [35m[1mConsolidate compiler generated dependencies of target cpp_exe[0m
[1.009s] [  0%] Built target ament_cmake_python_copy_my_cpp_py_pkg
[1.049s] [100%] Built target cpp_exe
[1.081s] running egg_info
[1.149s] writing my_cpp_py_pkg.egg-info/PKG-INFO
[1.149s] writing dependency_links to my_cpp_py_pkg.egg-info/dependency_links.txt
[1.149s] writing top-level names to my_cpp_py_pkg.egg-info/top_level.txt
[1.150s] reading manifest file 'my_cpp_py_pkg.egg-info/SOURCES.txt'
[1.150s] writing manifest file 'my_cpp_py_pkg.egg-info/SOURCES.txt'
[1.191s] [100%] Built target ament_cmake_python_build_my_cpp_py_pkg_egg
[1.267s] Invoked command in '/home/user/ros2_ws/build/my_cpp_py_pkg' returned '0': CMAKE_PREFIX_PATH=${CMAKE_PREFIX_PATH}:/home/user/ros2_ws/install/robot_python:/opt/ros/iron _=/usr/bin/env /usr/bin/cmake --build /home/user/ros2_ws/build/my_cpp_py_pkg -- -j8 -l8
[1.556s] Invoking command in '/home/user/ros2_ws/build/my_cpp_py_pkg': CMAKE_PREFIX_PATH=${CMAKE_PREFIX_PATH}:/home/user/ros2_ws/install/robot_python:/opt/ros/iron _=/usr/bin/env /usr/bin/cmake --install /home/user/ros2_ws/build/my_cpp_py_pkg
[1.568s] -- Install configuration: ""
[1.568s] -- Up-to-date: /home/user/ros2_ws/install/my_cpp_py_pkg/lib/my_cpp_py_pkg/cpp_exe
[1.568s] -- Up-to-date: /home/user/ros2_ws/install/my_cpp_py_pkg/share/my_cpp_py_pkg/environment/pythonpath.sh
[1.568s] -- Up-to-date: /home/user/ros2_ws/install/my_cpp_py_pkg/share/my_cpp_py_pkg/environment/pythonpath.dsv
[1.569s] -- Up-to-date: /home/user/ros2_ws/install/my_cpp_py_pkg/lib/python3.10/site-packages/my_cpp_py_pkg-0.0.0-py3.10.egg-info
[1.569s] -- Installing: /home/user/ros2_ws/install/my_cpp_py_pkg/lib/python3.10/site-packages/my_cpp_py_pkg-0.0.0-py3.10.egg-info/PKG-INFO
[1.569s] -- Installing: /home/user/ros2_ws/install/my_cpp_py_pkg/lib/python3.10/site-packages/my_cpp_py_pkg-0.0.0-py3.10.egg-info/top_level.txt
[1.569s] -- Installing: /home/user/ros2_ws/install/my_cpp_py_pkg/lib/python3.10/site-packages/my_cpp_py_pkg-0.0.0-py3.10.egg-info/SOURCES.txt
[1.570s] -- Installing: /home/user/ros2_ws/install/my_cpp_py_pkg/lib/python3.10/site-packages/my_cpp_py_pkg-0.0.0-py3.10.egg-info/dependency_links.txt
[1.570s] -- Up-to-date: /home/user/ros2_ws/install/my_cpp_py_pkg/lib/python3.10/site-packages/my_cpp_py_pkg
[1.570s] -- Up-to-date: /home/user/ros2_ws/install/my_cpp_py_pkg/lib/python3.10/site-packages/my_cpp_py_pkg/__init__.py
[1.570s] -- Up-to-date: /home/user/ros2_ws/install/my_cpp_py_pkg/lib/python3.10/site-packages/my_cpp_py_pkg/module_to_import.py
[1.671s] Listing '/home/user/ros2_ws/install/my_cpp_py_pkg/lib/python3.10/site-packages/my_cpp_py_pkg'...
[1.680s] -- Up-to-date: /home/user/ros2_ws/install/my_cpp_py_pkg/lib/my_cpp_py_pkg/py_node.py
[1.681s] -- Up-to-date: /home/user/ros2_ws/install/my_cpp_py_pkg/share/ament_index/resource_index/package_run_dependencies/my_cpp_py_pkg
[1.681s] -- Up-to-date: /home/user/ros2_ws/install/my_cpp_py_pkg/share/ament_index/resource_index/parent_prefix_path/my_cpp_py_pkg
[1.681s] -- Up-to-date: /home/user/ros2_ws/install/my_cpp_py_pkg/share/my_cpp_py_pkg/environment/ament_prefix_path.sh
[1.681s] -- Up-to-date: /home/user/ros2_ws/install/my_cpp_py_pkg/share/my_cpp_py_pkg/environment/ament_prefix_path.dsv
[1.682s] -- Up-to-date: /home/user/ros2_ws/install/my_cpp_py_pkg/share/my_cpp_py_pkg/environment/path.sh
[1.682s] -- Up-to-date: /home/user/ros2_ws/install/my_cpp_py_pkg/share/my_cpp_py_pkg/environment/path.dsv
[1.682s] -- Up-to-date: /home/user/ros2_ws/install/my_cpp_py_pkg/share/my_cpp_py_pkg/local_setup.bash
[1.683s] -- Up-to-date: /home/user/ros2_ws/install/my_cpp_py_pkg/share/my_cpp_py_pkg/local_setup.sh
[1.683s] -- Up-to-date: /home/user/ros2_ws/install/my_cpp_py_pkg/share/my_cpp_py_pkg/local_setup.zsh
[1.683s] -- Up-to-date: /home/user/ros2_ws/install/my_cpp_py_pkg/share/my_cpp_py_pkg/local_setup.dsv
[1.684s] -- Installing: /home/user/ros2_ws/install/my_cpp_py_pkg/share/my_cpp_py_pkg/package.dsv
[1.684s] -- Up-to-date: /home/user/ros2_ws/install/my_cpp_py_pkg/share/ament_index/resource_index/packages/my_cpp_py_pkg
[1.684s] -- Up-to-date: /home/user/ros2_ws/install/my_cpp_py_pkg/share/my_cpp_py_pkg/cmake/my_cpp_py_pkgConfig.cmake
[1.690s] -- Up-to-date: /home/user/ros2_ws/install/my_cpp_py_pkg/share/my_cpp_py_pkg/cmake/my_cpp_py_pkgConfig-version.cmake
[1.690s] -- Up-to-date: /home/user/ros2_ws/install/my_cpp_py_pkg/share/my_cpp_py_pkg/package.xml
[1.767s] Invoked command in '/home/user/ros2_ws/build/my_cpp_py_pkg' returned '0': CMAKE_PREFIX_PATH=${CMAKE_PREFIX_PATH}:/home/user/ros2_ws/install/robot_python:/opt/ros/iron _=/usr/bin/env /usr/bin/cmake --install /home/user/ros2_ws/build/my_cpp_py_pkg
